2 8890 4557
3 8773 8571 89
3 7013 8402 2376
3 2384 4868 6993
2 8670 9360
15 4679 6744 693 8417 6637 2792 5634 4771 8341 7476 1574 8463 6623 5784 5399
21 719 39 1716 9192 7296 11 2479 2431 7402 2451 4529 5518 5190 7385 2182 31 8452 7105 7943 6113 1948
18 6252 7152 2270 7629 9324 4340 26 8903 6137 4122 548 54 3280 4054 662 6676 5334 3883
14 1178 8245 5658 9361 1882 2242 5339 551 5945 570 6889 6207 4476 4338
23 7109 6293 2984 7903 3173 586 2561 4582 2903 6785 1926 5383 274 806 5231 5030 4492 2820 6158 3656 343 6934 3402
5 563 5914 6495 6129 3367
20 6031 6647 6197 10 2923 8299 6977 8359 7997 165 3600 5246 2723 4463 6770 4760 8507 6819 465 1134
7 3696 3694 894 3828 7124 8679 7432
3 1135 8330 8572
21 2015 1970 5674 4503 9232 7749 6839 2151 7560 9780 7528 8704 4576 6022 5549 1878 1663 4273 3903 3626 8154
24 6403 5593 5426 2388 8481 3753 7790 8749 4902 8336 7272 6167 577 500 3331 988 75 2822 9861 9668 9024 7201 900 5065
20 9913 9289 1474 6946 1297 716 1203 5559 2501 7510 4632 9665 5255 3515 8753 5410 9608 2550 7789 2530
22 1105 2825 6132 3099 4828 52 2505 320 3536 924 5729 4289 4166 9258 5492 5432 8467 9606 9792 5588 1813 7601
3 3654 8599 6143
26 8878 318 3119 9647 1110 9516 9849 6181 6462 2994 1538 4262 6180 356 2719 4389 5772 6781 6501 7839 4192 7359 1377 7011 4145 9766
20 311 977 3970 1098 7143 2021 3699 9378 8141 5639 745 2890 7218 712 4931 3819 3684 1823 2586 5407
22 7913 2981 2693 5583 1045 6772 1720 456 556 8668 752 9903 1484 5676 8457 9622 4199 8724 6112 913 8308 939
31 549 7849 9011 6765 69 5668 5539 8042 4171 1733 2652 1859 4105 5008 4012 1905 6083 5705 6382 7491 6100 6599 2363 3884 5685 6070 7165 685 307 5697 3458
33 2735 9901 3826 109 8548 9890 1628 3414 9538 2105 7643 2741 6737 272 2078 8705 5122 6387 256 5389 8922 5850 7367 9699 2098 6477 6080 5476 1950 5270 1822 406 7681
23 4948 1363 3875 57 2639 9135 4713 4415 2977 4486 6262 3748 2268 1446 3832 2380 3223 1397 5905 4753 8349 9765 5646
29 8758 854 381 2952 4063 7456 9440 5567 7680 1123 8307 2633 1277 2413 8006 8221 9201 7547 571 9885 2195 944 2962 3945 2152 5647 4424 8744 8556
29 768 1090 7000 1460 9949 4017 8220 6243 4209 4125 3077 3221 1259 1342 733 731 195 9688 9895 1258 5781 3063 2529 16 3184 7348 8898 1261 7795
3 3578 1922 8000
26 3580 6843 2426 2963 8040 2167 9065 942 6013 5116 6319 594 7250 9969 2282 7771 2469 5229 3143 3797 6365 265 587 2441 8499 1043
30 3090 2912 1384 5358 2293 4630 6711 5957 1723 596 2181 6089 7315 5995 3211 8072 592 5350 4082 264 8483 2902 5867 1014 5760 3838 5666 6715 6685 9334
27 1560 1332 6004 530 1260 8747 5751 7636 5838 8851 3621 6451 6064 2154 5904 1566 4152 3081 5828 3056 7669 8080 3848 5942 20 6872 1547
30 1209 6633 19 4546 3910 1804 8133 9002 4645 9392 8617 1710 1417 7987 4628 7757 4135 9867 1925 1765 3206 7593 5423 9986 1174 8943 1614 2200 383 3994
31 9313 8029 3148 3396 1054 4973 8795 7245 300 5695 9284 2122 7898 5219 9879 1953 5396 2936 503 5114 9664 6109 3151 8423 6954 6553 3792 3665 9703 9176 4622
29 5934 1228 7319 6206 3632 5156 6244 8272 2680 7659 7077 8646 1818 9843 6267 2876 3649 3587 5989 3716 7514 3886 7590 6632 5144 82 2492 616 5726
21 3055 6361 7553 6669 9320 1908 3938 4938 3232 9836 5451 294 5452 6036 3593 6830 5877 7328 8496 8340 3638
3 6321 5975 9569
18 9550 7113 4853 9810 2959 9479 173 4925 589 3642 9841 747 1899 5894 1607 1633 1327 8947
29 4435 8213 6547 3490 7737 172 3036 5799 3949 1415 5465 1934 7806 2535 5872 3450 4712 9848 1712 5638 8358 407 3695 7667 5623 4697 8008 3975 9430
28 9563 9698 8699 2230 5089 7249 8554 1102 8379 6719 9101 3124 1016 5317 7189 6131 7583 5448 8052 7240 7775 9600 6817 3224 7391 7356 2100 1207
22 9449 2112 9527 2240 524 1176 2722 2478 1286 9295 574 6175 9124 3658 2747 1536 2961 6840 1887 3335 6458 5672
31 8292 7186 9246 1489 5748 6220 3885 3542 6357 6380 6716 8038 6898 4768 8755 9862 1444 5220 1124 5128 1936 269 8144 2647 7869 3350 7305 8265 955 9700 9796
29 1273 6900 3575 4200 245 4482 4704 7856 1106 8585 1561 2933 257 5763 9870 6754 3059 6759 8907 5609 8714 9271 2629 1479 5661 8424 9673 4160 8012
30 4078 1883 2006 3424 5829 6316 1729 1835 6570 5994 9710 1912 8830 1513 4660 877 7099 7921 5645 1243 7815 8663 1495 9615 4918 5047 5499 3279 557 8941
31 6381 1227 5743 5856 9602 5554 2973 6186 9179 7692 8116 7988 1480 1476 1264 5801 1914 1395 5180 1782 1409 9076 4757 8276 2836 4554 5591 6853 7603 8211 7058
5 4758 3564 8253 1037 4325
35 474 3249 9128 661 3403 975 989 5477 9562 9738 9375 7595 5803 7837 1872 6582 8901 4204 3550 6020 1827 3178 9924 5612 6278 9674 6096 7087 5119 7035 3928 4568 3812 480 8897
30 8950 6849 4112 4863 9071 633 8094 674 1048 9837 5635 7259 8416 22 7646 3013 6608 7095 6006 9415 7688 8734 3978 9323 3745 9507 3787 8152 8910 4243
22 7657 9020 7453 636 2272 1428 5004 3447 8565 5257 8381 2494 7895 1659 420 3125 9057 9781 6944 2318 2211 4177
30 6541 1013 5500 825 6474 7382 5503 9068 4384 8782 9809 5123 6769 8431 3101 5692 5360 1493 5035 8443 3363 7736 5264 8765 7617 9875 5718 5978 7393 2664
23 1867 1815 4301 8028 1715 1603 6298 3511 6915 96 8914 2873 4956 652 9059 9373 5735 3000 4820 9614 2410 9354 2163
20 5018 5341 1421 5466 128 780 266 2352 2178 6213 1862 3531 6280 5160 4211 1461 6085 4378 2308 4949
26 6822 4984 4781 5517 608 8536 6029 1863 9497 895 3867 6297 1861 5140 9193 7397 4191 7966 539 8999 6005 8364 9747 7977 4040 3631
22 1992 1773 1630 493 6202 9104 1503 9620 3879 7203 8151 9159 377 4824 8064 9072 9490 4754 6667 4118 1713 2448
20 5717 4208 8774 3188 7580 7226 6856 6119 2119 8909 8687 987 9000 6422 8916 7573 2153 684 1789 3861
26 4309 5381 8557 9109 9487 6340 8191 2673 3532 2126 1979 8760 3285 3992 4985 7403 1806 9682 1732 5762 2096 7878 9058 6933 7881 464
32 6466 4495 554 8566 7117 1313 7554 9524 8155 657 7762 3133 9553 2209 9987 9376 4232 4565 8526 8828 2201 9597 1877 7833 1552 5130 669 8726 759 5944 2818 7855
30 7561 2233 2928 4164 4228 378 5724 4477 2290 8023 897 8334 581 5217 5607 4333 4745 8394 7694 7644 810 60 3140 9454 5494 4728 8612 4951 6490 1653
31 7957 6269 315 5112 7406 5732 8995 127 9458 6587 2035 9238 3210 4073 279 2956 2299 6397 6432 9413 2354 287 2490 6731 7126 9711 3836 3860 8098 5029 270
12 1776 8698 8596 7483 1885 5993 5677 6846 2812 1586 9736 7036
31 5868 6780 7314 3461 284 5054 6739 8368 1232 8742 8860 1768 7498 4654 6713 7650 6855 3659 9122 7607 5365 4375 9266 593 2564 401 4911 1483 4446 2770 8091
21 2247 3410 5727 3176 2495 6942 3666 9511 3807 4587 3169 4089 9655 4858 3570 2034 3847 7999 7454 2269 835
24 5693 1407 5377 150 951 4656 2781 9276 1182 1700 6367 2630 1736 9798 6928 1711 9865 6464 4005 8251 579 2816 3723 59
35 187 4066 7993 8629 7648 4153 3594 6101 8273 5082 7558 115 5879 2057 7796 9592 7288 6773 7331 1265 9275 7932 3198 1091 8977 1380 9802 4269 4242 1185 9198 392 1084 8775 5266
17 5970 3103 2939 4523 9509 8389 9063 8515 2301 5204 525 2623 1514 9993 2227 9131 3115
33 2695 9935 1372 9768 5369 9078 5205 6718 9947 9625 7492 1496 6274 9975 8970 7501 776 7743 9175 9318 9170 71 4316 8619 3837 5419 630 8249 4445 8797 8877 3069 3985
34 3629 5971 5359 2520 3017 7867 9450 4297 1222 3026 708 4274 6331 2048 8293 3308 4443 4688 9043 1501 9630 7622 8241 7517 3777 2779 5776 411 7820 6019 9878 590 2691 4795
29 6670 6044 8104 5818 4815 1830 3114 5650 832 2291 9972 3258 1930 576 9919 543 7265 9293 7887 4425 1268 6037 79 1086 868 7485 5248 329 1646
31 5324 585 1447 9852 7357 2539 2440 7884 8421 8806 3839 4880 3469 9322 8624 7192 5502 8971 3142 3118 7478 8066 9417 4923 4222 4402 6958 1456 9558 971 8712
34 6412 7455 5387 4706 8370 47 5756 6078 1311 5193 5550 2898 6443 6059 9103 1383 9331 4322 1167 2137 3896 6530 1890 6918 4943 440 5884 1570 679 8939 6931 6011 2073 8684
29 7070 9187 8630 5393 2957 9586 8766 2731 1884 7448 7729 2525 7145 2395 4111 5486 6602 7635 6802 4438 7892 1740 3048 8836 2604 1095 3417 2032 3204
30 1757 3257 2788 6786 6409 1797 7759 6251 6172 8956 5933 4353 4718 6082 9498 9941 3973 4407 9423 6860 7566 2481 6520 3954 5542 9146 3480 472 9577 2224
27 9084 6208 9412 6255 2537 9345 9182 4396 4485 156 6659 2156 3476 9388 2710 3359 1262 1375 1901 3320 4412 9148 3106 8279 7069 5508 3528
17 568 9824 613 8954 8039 217 6705 7961 5261 1764 4174 4510 3014 8327 3128 5714 3618
25 3442 3049 9495 6168 9631 8823 3058 665 2754 3468 7693 6333 698 8344 7798 1217 6612 8632 4361 7258 9555 5774 6470 3043 8350
5 2519 4346 6753 3161 1545
19 303 4528 6173 883 6596 5101 9462 1743 9835 2405 609 5152 1481 1726 7183 3644 3033 4057 9831
19 2465 2576 8792 2106 8784 497 4205 1245 3524 2969 76 819 793 9939 5258 2682 9621 3187 6834
2 7468 5886
25 9847 1529 767 5764 3782 680 6184 1982 670 1618 6555 5706 9955 6505 9529 3355 9772 5096 6291 1287 2888 6210 5149 4861 4725
29 4379 3546 5307 9385 1430 3940 7697 1595 8597 2054 7167 4009 1471 238 2837 9460 8829 8201 2579 3551 7639 5683 8849 8707 107 2094 7565 4978 1009
26 4494 3430 8902 7255 267 9100 6652 97 8973 7931 8814 6211 7935 5715 8627 283 1229 4722 9367 6894 8608 7826 3298 3134 1244 1300
23 8731 3540 3579 9595 4833 6450 2896 9138 5260 7614 959 5314 6540 9732 450 3019 351 8441 1249 360 8641 1805 231
28 6901 2531 5954 9274 1221 3605 7312 8093 9130 5124 6850 6391 2229 8460 732 9470 7978 5292 5590 5346 4148 6999 6445 1147 3423 6007 6465 6170
33 1138 7293 7846 3865 9543 1200 4202 7567 9190 2409 6638 9394 8780 2393 8063 3 1781 9783 1316 3955 6347 5826 534 8032 7242 6614 6285 9499 3497 1758 4908 2130 1929
33 9619 6418 7156 2899 2784 4848 5621 1175 5036 6809 1256 3165 4497 7770 4159 2909 2694 5929 2861 1338 6813 8016 7071 9126 6233 4488 5185 4994 9484 7436 7166 1242 8171
21 4071 7709 7210 1984 1142 533 3840 3502 3477 3435 629 7513 8237 1458 736 7599 1622 4831 7408 5281 6152
2 9121 7061
30 3607 8587 7398 4184 2681 7637 4225 7085 9795 4409 5628 1494 9505 249 7610 6513 9978 5106 8215 2549 5754 1582 8861 1636 7374 6079 3690 3064 144 1247
31 3167 864 4959 8224 4107 2651 9610 2585 9564 7457 5064 4734 4711 4851 8917 964 8360 2256 2091 9253 6055 6761 8716 2697 3762 7772 5854 3576 3172 4509 3275
3 2418 8422 8490
24 8477 2166 8978 7927 565 8940 161 9833 6248 8097 1071 9029 4647 2685 6511 1706 879 6482 7888 7228 3535 1003 7509 8942
2 2176 9515
3 6039 6610 1284
27 1515 9046 699 2335 4673 6021 3537 6313 7425 6344 138 3722 8911 3027 5349 7538 2854 114 6945 5325 3481 2886 8216 702 6051 1202 3825
3 7227 2620 7568
3 3321 9740 8119
35 375 9733 8425 6304 502 7236 4705 5678 5351 9209 2385 1511 5899 2292 1166 6883 6165 1668 3930 9335 1941 3967 7420 2087 981 7181 182 9365 2638 2310 110 7042 9635 3478 2252
22 8184 3778 5298 833 1466 6571 3292 6604 5793 2381 9704 4234 5509 5151 746 7859 3715 4501 7985 70 5125 6185
33 2917 4536 8020 7451 5006 5996 7975 7086 6710 4613 6526 9761 3993 5579 7532 3775 5201 2599 8576 8476 1945 1119 5103 4631 5066 6335 5146 9210 770 6242 910 5150 2090
29 2883 5402 9405 7224 9255 2904 3105 2497 1272 6141 9127 6896 9156 8486 7609 8031 4265 6117 4218 9663 7023 4599 4516 5207 3971 9876 5443 8718 6448
29 3549 789 8848 1121 2056 1913 66 5238 9652 1282 9604 5770 6375 8904 6414 7735 815 7500 5863 8356 6668 5469 7540 5811 2289 6136 2113 6919 4319
31 6198 3758 5948 9087 3317 718 640 7434 8298 7933 671 8694 4638 7764 4104 6253 9475 3946 7627 5098 3004 687 3630 4817 3868 6914 1452 9250 2618 7641 9637
26 3253 3245 8262 3196 4154 3073 8614 9341 5766 1250 3482 6593 4965 8743 8767 740 4591 2631 3351 8129 2093 6707 2340 2336 3890 240
31 4839 6965 5027 1689 3510 8915 5888 6575 5287 5279 8266 365 2802 280 6292 2546 6897 8545 7072 198 8126 9108 5022 1808 5272 4447 5294 3698 4091 7112 4803
21 7956 4469 8815 4997 3763 689 875 6675 8852 3399 7979 7053 8124 3670 1935 5817 8333 6533 6266 4545 6127
37 4525 2559 7198 8484 6329 8713 720 9633 4020 7628 6182 1557 4585 8030 8938 5100 1309 5907 4642 9141 4456 4701 7062 7006 1741 7046 7486 7591 9587 5506 3015 466 7880 7487 3571 2203 5225
34 7399 6139 2147 6804 41 9297 5182 7172 5234 1910 9202 1537 6703 1942 3798 5959 4213 2713 5042 2921 78 2859 363 6509 4612 9791 4859 6976 8096 3214 9749 6539 994 4750
20 7862 4830 7438 9731 3981 5619 6562 7164 1034 4881 9686 3801 5997 8056 5580 4310 5198 3080 7459 3120
25 9752 8675 9019 4744 6416 5356 8918 8935 3406 7708 7832 7914 3796 3599 1130 1413 3023 4726 7054 9389 9714 9220 623 8210 4393
31 8329 726 4455 9806 5626 6356 8937 3721 9062 1152 1051 2835 9785 5372 7570 5233 1291 7216 803 9697 8318 5633 2943 3087 8880 5787 2474 4823 5876 3218 8331
34 700 477 4648 9691 933 3615 8796 2140 1346 6657 6956 2842 9889 9566 275 8105 8291 5097 1371 7414 467 5 6315 7371 51 7241 3274 58 6631 7906 2819 8163 8138 5586
25 3307 3311 739 2422 3603 3717 6903 9712 4639 531 5405 8953 3271 9436 7153 8972 8900 6516 3020 6349 7214 2847 4606 9915 8847
31 713 2296 8055 6924 2782 4404 6454 4016 6425 100 5088 8300 8542 1944 235 3574 5992 2175 2567 2214 3158 5223 8436 1070 6895 8195 4968 1939 7335 1510 9850
4 6831 8824 9489 1546
21 9140 7122 584 2796 5073 9671 517 9239 9998 3337 2510 1155 2517 3273 7416 5551 4563 9931 980 1136 966
30 5192 3667 7320 1251 9469 168 4920 9696 830 6523 6261 6062 2187 5792 6681 9574 7587 9716 2364 5851 7280 620 3109 4116 705 1812 2998 5758 2158 2845
22 4829 379 6301 4515 6406 3392 1389 4454 116 5000 6949 3920 8084 1661 4284 9525 9567 8451 6978 3238 8196 4929
21 5649 9702 120 2220 4939 2534 5172 3141 122 7106 5880 4517 9667 2894 4548 3297 4998 7051 7784 6644 3871
3 7716 7773 2038
28 1315 4877 3596 4635 9282 6922 6771 982 8854 3958 9262 8737 7274 137 2439 5072 50 2443 6314 5330 3911 2002 390 3914 5836 9596 5376 5501
22 8640 9346 2343 7234 2601 7339 1420 3277 4168 5512 905 4175 6371 6525 8050 1825 1585 1173 535 7138 8517 8921
30 5440 61 7114 6155 2511 8309 6012 7787 761 4595 4990 6962 7727 9038 1368 5117 9821 8473 8975 995 5463 6991 2583 6981 906 2030 9196 4916 8535 757
29 9976 5902 8073 4437 4794 9105 7579 7019 241 1081 2565 2397 402 6452 6730 1854 8297 8643 7942 7518 8114 6725 5037 3042 1892 4315 4156 4374 9005
27 1097 3655 9347 7704 2711 8198 2518 2916 753 5660 1985 8018 4594 8662 6306 8268 9403 9755 6309 7247 2487 7854 6717 4157 2839 398 6467
5 3647 3824 8397 7302 626
18 8578 7239 4532 8988 8099 7615 4906 3980 4370 9053 3711 9750 3720 5845 9007 1540 6087 9304
15 9003 741 3341 3767 8200 3246 706 2855 3071 6348 2609 3984 6273 5538 2658
5 5235 5406 1555 5919 1998
33 5445 2327 6485 4885 1530 1955 9805 802 3783 9492 8831 6512 8079 2790 1943 3372 6386 918 2109 4060 4620 8470 6077 4762 5412 362 6653 2993 831 9391 9088 8120 1569
3 8227 7655 8235
29 5300 4098 6135 9851 8573 3050 4602 4481 2217 7633 9639 9229 6581 6176 3374 8478 9034 3634 4963 4288 8405 3872 7717 1801 7696 5637 5127 638 8543
18 1335 2278 3334 7428 7430 856 4854 3685 8820 9968 2319 3186 3356 1035 9653 6142 6388 1018
22 6263 1353 9249 7068 285 912 5730 1296 4567 7871 3509 5802 6545 804 2823 8569 1280 2698 2704 6257 9906 4185
30 6277 7799 4873 7585 3601 4299 2338 6985 102 6597 5910 6389 9333 1783 5561 1539 8689 3545 9643 5053 4146 4766 2450 2005 5775 1848 1641 9977 8870 9938
23 2720 7318 7075 454 6921 1429 4533 151 4690 4251 9661 6572 9961 3001 8206 7705 6661 5435 3035 5973 7017 7089 7252
27 423 4894 5858 3384 8786 6567 6729 7096 6279 4857 4834 8746 255 4698 9337 8584 2283 3472 1793 1390 5141 7863 2786 3107 8770 566 1343
30 7429 113 3104 5487 8832 4807 1508 9872 9273 46 4270 5043 6218 6864 2383 3039 3222 4237 2461 125 5911 6351 1894 5461 6964 4504 899 4416 1642 5108
23 6663 7088 8736 3329 2690 6360 5757 1580 8085 3583 7479 3205 3624 7267 7630 2596 1289 7354 4932 3960 9973 3705 8019
21 9325 3729 494 9912 5608 4426 1747 8748 405 6798 3628 6234 1337 5165 3730 564 495 3252 6911 7133 8217
35 9409 7141 3651 1625 7248 3544 8991 9681 6842 2776 7745 1846 8869 6374 6746 4832 7205 4212 8383 2793 8525 1171 4748 7157 4640 6528 5831 1662 6986 5659 4901 1962 2322 8717 8054
29 2135 7379 1524 6413 1792 2250 4652 4403 7642 4326 6677 3135 5391 7016 201 6847 5761 2800 1526 2968 7251 9069 3180 1350 4962 2294 9940 6288 7281
29 7929 5615 9452 2791 4196 5025 448 9871 9064 8188 5576 6081 5221 7271 9230 7368 7782 1666 1906 914 7897 4600 4542 8685 5613 6576 3679 9887 5939
33 9514 7911 7140 7373 5636 9640 3966 7685 9419 1994 9576 2011 7971 6106 1638 6728 2506 9355 7461 6838 2447 9422 750 3179 2616 9568 6411 2730 2905 6782 2238 8552 5723
29 8175 9799 2324 4255 1869 1527 6634 7994 2919 2706 8058 7843 5302 4617 2444 7009 1435 2433 7699 2932 8315 9206 3964 5348 4741 6241 840 8123 7311
32 2061 219 1651 5990 7638 1276 3108 3680 2551 5622 3829 1062 1431 6641 1069 9225 3489 9877 3360 7160 5987 651 4367 9339 1144 983 4759 4399 6227 9834 1164 3185
33 88 4618 8189 7612 1852 7372 7465 5777 8856 2992 3701 6024 8412 9944 397 2885 9106 9789 3909 991 8304 6249 2350 6937 9244 2868 7721 9580 3427 9013 188 1204 4432
3 7948 5742 807
14 2571 7640 7909 2359 8048 3376 2334 6867 7022 5916 8929 8606 9227 7049
17 8703 9920 6658 1030 7446 507 8682 8876 9357 1779 121 1709 9784 9056 6617 2582 4321
32 7965 2774 817 9191 481 5090 8637 5158 7364 572 691 254 2760 4221 6726 5002 7179 7800 9188 6532 3736 3504 171 4095 2114 1987 5077 2456 690 7702 9759 2597
35 4090 5721 2838 2401 4207 8219 7323 3051 8353 8804 4356 7309 2394 1348 1639 5208 3661 9278 2016 8345 814 2396 9762 3525 2127 6194 8781 7390 5044 7039 8859 729 8838 3586 8480
33 6815 1528 2026 5744 9401 2881 3915 4245 3732 9033 7135 6630 9624 6683 8562 7021 8881 4335 3045 1388 3810 345 9308 276 6624 5749 7660 6294 1312 8802 3858 8723 7527
6 7325 9049 4181 1961 9215 1020
30 2949 9626 6200 1674 3541 439 3602 4285 5662 4764 1902 3393 7812 352 6103 8051 1424 5268 2237 3774 6791 7980 9197 1868 7427 9960 8959 9374 6828 4783
3 3708 8111 7522
17 1543 2346 3986 3428 8650 7352 5326 9788 673 2849 5707 3703 5024 1052 5616 2964 3289
30 6807 8024 9473 6455 3426 2382 922 6216 751 6346 2404 826 715 5074 6699 1907 1047 7195 7262 2990 2085 2785 3582 3237 9352 7511 1940 1077 1652 8147
29 9707 6794 3197 1100 4867 1655 9464 4659 2482 1181 9070 5070 8160 65 1591 1236 453 512 8081 2587 605 1849 4230 2843 3718 811 3302 4077 1150
25 1563 935 7732 7411 876 4989 4236 7967 7998 1283 1073 4715 1769 2672 1648 8633 8676 2980 2807 6621 9338 7496 4383 8113 1410
30 5299 6529 4583 3029 5282 2305 3554 4957 8955 3082 6698 1937 4433 355 5092 134 7734 2947 7536 7767 3864 2987 7606 2750 5745 2010 8255 4909 9317 5273
3 8965 6591 1022
36 7928 9649 9636 6307 5535 7876 782 419 5012 7209 4366 1583 5014 9612 5105 8534 946 149 1116 2414 5768 1990 9828 3344 1895 9098 6302 1665 8269 598 6586 3804 9396 3255 8185 2824
22 2432 157 23 2954 7516 9298 9222 2042 1307 1154 42 3503 3526 6812 5197 4061 1213 302 8622 7257 3652 8414
33 672 1735 567 7180 7546 8588 3022 4914 1294 9561 4355 4653 6114 8721 9026 6953 510 850 1886 4694 3900 3407 3248 8205 2628 3010 6368 2625 424 1001 8884 2521 8022
12 4644 4450 7778 4937 5864 9709 9269 9943 3881 6075 1216 3288
27 606 5424 4836 965 6475 1977 8671 2745 3609 2164 1541 9221 7004 6873 8074 2834 4468 9312 1007 393 291 9898 911 5322 3113 4799 1006
23 8708 3025 2603 1959 5887 7934 475 5409 4872 8610 777 2125 1416 2309 5167 7720 4900 9999 2806 4778 4332 2814 2049
3 3358 9868 3749
13 5335 961 978 1670 7056 5392 191 4983 4700 7307 948 962 6260
33 84 6740 2748 6536 3200 4250 32 2570 6814 5366 2128 4347 6094 9160 8446 9163 9863 5032 4876 3674 7238 2416 1385 3301 4610 9808 49 4354 4448 7959 4133 124 5848
3 5991 4420 5296
3 2736 5573 3791
31 3869 2313 4693 627 3989 8835 9705 2934 4940 1324 2368 1521 509 3305 6157 3959 970 3556 3127 3266 9957 4524 9883 8387 3728 4589 438 1599 9721 5179 247
30 4058 4882 7196 6245 6615 1281 4930 3952 7187 1198 4086 5582 5104 77 6204 974 973 7121 3725 588 4934 6311 7951 3522 2853 5434 7481 8519 1139 7441
31 3371 2828 8586 3160 4910 7557 9743 5428 8642 9364 5962 7316 1774 2498 1302 9894 2749 7797 63 7822 829 7858 9531 1028 1334 763 1191 1120 298 6595 6364
30 7861 610 1406 2742 6741 7102 4869 8128 7922 8259 9742 2966 3155 9379 2063 2844 1964 7917 5427 4381 9099 9437 9342 555 7544 1172 7814 3688 5790 4241
25 1040 7864 5808 6493 4575 4502 9575 2333 6969 4786 2075 4068 3145 5284 3242 7032 9081 6214 1285 1691 9552 7244 5855 1115 4292
2 3202 7678
34 3156 1512 2738 6851 9627 9286 9680 6749 8681 5495 7665 1443 4278 6865 7334 4971 5704 5810 9092 4351 2222 8015 3171 5493 8913 5946 4308 6569 7123 4216 9390 296 5592 4729
3 8967 6600 5578
30 4059 3527 2512 8203 3821 4826 1201 7686 8615 4344 382 7924 8502 1688 8958 9447 8347 1770 2097 2655 5420 2666 140 1398 7739 3390 9214 4305 5390 2225
34 6706 7329 3208 3368 5285 135 4782 7190 2041 92 1565 1725 8827 9089 2104 4472 4964 7707 9153 8469 5068 5918 179 6701 4598 4650 7268 3002 12 8363 321 4723 1336 8375
33 1305 1993 4387 6123 513 8574 9815 8419 6438 7211 2653 6805 6832 979 484 1612 2765 2850 8109 7462 1671 5164 8065 861 9051 1616 2925 9443 8538 2516 818 3880 1403
24 2356 9820 3230 8373 7149 8140 7907 6042 3547 9431 3182 5181 5505 5741 5338 5671 6524 1127 3383 7851 1704 2610 795 2840
3 9459 3827 6650
19 9305 3168 8932 1785 3507 5664 4950 9708 5687 7703 3771 5521 2815 2326 4129 2221 7950 5055 2627
4 1192 1956 6665 7182
23 6002 5343 1170 8447 5049 6430 2207 1263 9165 159 2753 595 6904 1756 7879 887 4626 8810 7960 3610 9399 3324 3870
26 1269 2123 5771 5347 1046 2527 2415 6041 4453 4625 2024 9456 5950 2255 5930 45 6074 9591 6177 7057 1698 8267 1931 6390 1210 758
30 6912 3566 7912 5701 8176 5702 4227 7830 6223 9272 1330 6974 5625 3660 4578 1179 6376 3365 9807 860 1788 1361 1694 1064 6959 790 8352 5275 44 5504
19 2297 7534 9822 2547 5134 4046 5587 5305 7132 5216 2739 8845 7623 4169 5935 2372 1751 6 142
28 3817 4307 6662 5213 8274 4080 2031 7246 1762 2771 3434 286 9496 2557 2374 1980 8693 6682 9366 487 1298 2757 6499 4337 1141 5312 5485 3378
33 6783 2589 1605 6875 9012 3866 5120 4410 1963 8194 8785 2817 374 9288 3466 3904 319 1470 5026 4992 4982 28 6224 4678 3385 2522 1506 4864 4946 5147 7146 8594 452
32 1978 3294 7082 200 3066 9634 1627 7253 1613 853 8800 4397 8843 2670 2740 6975 7237 547 3234 305 9119 3034 8409 1329 4261 7264 6990 7185 9004 3284 3664 6700
25 666 6645 3181 2613 9264 2467 9678 194 5470 6859 3844 9594 5336 5236 4952 1360 4534 3189 5311 7300 1573 3929 3781 9776 1972
30 7119 3697 271 5425 6836 3375 3220 6402 3345 3190 4552 4871 7080 6680 4330 4235 9929 3598 3361 8887 4674 9491 8837 2262 5404 1093 2540 1898 9172 9786
3 3608 7809 3207
14 9393 2288 3751 6363 8177 7958 4210 4500 6792 9439 3702 8070 7533 7173
3 7575 8788 2709
23 7952 6656 6199 6164 8410 8653 9819 9645 8998 3901 4314 6678 8284 3738 6225 2584 4732 416 7584 1893 0 1088 2508
2 9927 4793
30 4214 1860 8435 4233 3991 95 656 4024 907 8378 9151 6907 9659 5353 4398 7440 1790 3438 2398 4960 1187 8805 4751 6616 5460 9129 8083 1677 4158 3286
17 4601 2941 2866 1459 8026 7142 7125 2084 2254 3805 2155 4763 4303 2298 9650 3347 4592
3 6377 7147 2669
20 8310 8420 4838 5557 4944 3278 6622 7130 2197 3342 4238 9991 5842 5531 9932 2196 1579 430 7349 6342
32 5497 583 9166 2074 1995 8816 7668 3493 7811 2115 1504 2023 9607 6231 4279 293 7273 4974 7047 2810 784 143 5924 1881 6153 8468 9782 9309 7163 7670 8874 2210
4 5983 174 7600 8046
21 8962 2751 4709 7037 5901 8150 7363 8153 3339 9966 3516 4380 4702 4530 6384 6789 7395 1951 9971 2307 8925
31 1833 6735 7677 9874 417 2856 6352 8772 4544 7785 9242 1864 2330 9001 3079 4473 889 7944 3395 1351 9047 7291 4721 4945 5834 7437 1581 3853 1437 792 7825
6 5480 8605 4052 3012 1304 7223
29 7475 6694 5491 1734 3459 7631 199 1550 4137 8609 5952 4328 5684 2910 5556 1042 695 4804 1535 8170 8839 7426 8456 2976 2389 8923 4844 9970 3950
25 8711 3325 5457 6121 9701 9823 4550 1396 6038 1314 5778 3682 8067 5288 9605 5357 3982 1928 4401 5895 7154 443 7219 1454 5953
4 7804 7972 9451 4865
31 3693 7687 8277 6192 1986 4246 8989 3789 7901 3290 6784 3793 7829 6925 2901 8218 8108 3052 8061 2619 7139 336 418 5897 3681 9277 246 6559 7766 6750 3617
38 4150 3333 2436 2143 2626 697 1518 2261 3420 5291 6967 2831 5267 9539 7548 3247 2648 2082 9240 6312 8242 8532 528 3076 8354 7634 1076 7175 5454 7577 9922 3727 7649 6258 2606 7539 3287 8850
2 2573 2951
28 6689 4855 8509 4511 3951 6410 839 3740 5830 8243 4331 7014 8819 5725 7090 8432 214 1649 6105 6303 2524 9502 7836 2145 5839 9061 5819 2897
18 3147 4065 1433 8598 278 7260 8314 2995 339 4239 4051 1225 7136 5536 5874 1230 2773 7404
23 7108 6076 8667 1568 4470 3752 9080 6810 3650 1623 7545 2889 8393 7084 4926 5731 1731 2421 1488 2019 4277 6997 4955
27 5245 3640 2975 2780 3199 1634 5656 529 2857 4101 8510 9644 5133 5385 1519 5577 5589 6687 87 2392 9893 8825 9690 9123 5361 1923 224
30 8518 9411 190 4537 5710 5214 601 2967 9457 3215 5374 8809 6104 3710 4096 5785 9739 1606 2712 2772 8944 2965 4972 1356 4220 371 2321 136 5449 8957
4 2718 1140 3388 5244
28 1005 1113 9685 5540 210 6023 8665 2245 7777 147 7078 2373 3282 1702 4746 3455 1853 8872 8936 4004 9181 2069 9854 1303 2165 8677 7410 5571
24 4742 8395 1246 7535 1168 2192 4892 4263 9358 7788 7651 6940 5401 5648 785 3835 460 2251 5889 3671 4695 325 3589 3021
23 1803 8348 6066 9028 2315 5094 4569 6891 4076 3700 4961 2342 619 4928 8264 4189 8100 8090 3543 7831 8169 2280 6479
2 306 180
30 8204 3236 2642 4421 1223 3445 2937 5050 2160 9964 6460 342 6120 6696 1814 5039 9079 5738 2462 8946 1915 410 5175 9599 5896 8607 2671 3500 9860 263
26 4094 8728 6884 8209 4194 8346 655 8868 8768 6009 867 5610 8326 8343 8863 3567 3979 9435 2701 4022 2491 5596 9120 1602 5825 7700
4 4637 4646 1695 7621
31 7499 3149 3138 9137 6159 6420 4003 6498 823 8403 4119 7503 2867 3231 936 5379 7361 1235 5747 4692 2045 4362 7295 6691 7358 9787 301 4479 3987 4013 8618
34 4008 4475 1609 5034 4170 2566 1233 7690 5783 2059 1487 1746 949 8316 8987 6806 5670 6920 5976 2062 83 7753 1836 6568 603 7378 2452 7452 73 4162 207 3153 7586 7115
3 1399 2445 7713
20 2920 9581 4588 8996 4074 774 7100 2634 6679 4188 5789 647 7919 2811 9301 5653 6573 1619 2878 6063
34 9679 4143 2717 6327 4658 9037 646 292 2044 4034 1523 8214 4045 821 1981 7341 4777 3999 866 1918 5475 931 2331 3484 4193 1153 4769 6627 8321 5057 5931 5857 7834 2554
2 4887 7482
4 8088 2099 2007 9203
23 734 394 8323 9306 4349 290 5719 8575 5135 8882 5837 7679 4773 9157 2513 8475 694 5102 288 2371 9236 2050 9359
3 476 5979 3111
28 2944 6877 8440 9549 2982 9171 3802 91 105 6161 1393 15 8289 4899 7351 5640 4936 6154 3820 5490 8625 3934 6330 7954 5937 6093 4790 2509
2 3539 9723
32 9675 8271 1637 9544 892 5516 3083 2470 7682 5045 2072 4318 1193 3085 8661 9152 8437 1358 9588 1851 632 7308 8002 9074 4102 1366 9067 756 6187 522 455 8740
25 5332 1949 3565 7477 3338 9896 1791 202 3597 129 8228 9185 6483 7982 7299 5736 5084 6766 6099 5515 9956 5773 7725 295 4846
35 8840 5881 2714 9556 8803 615 3972 1667 9832 7162 990 3657 3790 546 2906 7592 6605 2595 6866 333 6801 7031 4290 6049 3941 5429 312 6045 3369 9669 1161 2312 6271 1966 8700
3 7110 923 5618
20 2869 4006 3530 6910 8540 126 742 5733 6588 5893 451 8771 8818 6065 4691 4976 1473 7008 5063 8069
33 8102 3005 8449 277 8157 9485 483 5511 330 2852 2362 1412 659 9482 2248 9724 9268 9205 2768 5484 7012 94 7306 9356 2826 9855 7852 6535 7261 6417 1295 9829 4987
27 6745 9267 8464 7174 2473 8595 444 4491 2052 2931 2580 1320 985 8778 8060 7786 781 6787 1811 4917 7756 103 9775 9446 6461 5652 7472
28 622 3239 5295 3024 3475 9557 9477 5228 6336 7808 2702 8864 2402 3163 6995 5136 5496 9726 4774 2946 1044 2080 4904 6246 6492 8260 4484 9916
2 5982 9530
33 3855 7711 9052 1697 1267 9144 3191 9769 152 2323 871 8695 8164 2799 993 1364 2645 458 6281 5166 8335 6827 1596 9725 7137 4573 8982 9764 7723 9311 3857 5798 7111
24 499 1326 772 7941 5031 1679 2332 714 3505 8004 9548 888 7470 1462 6355 4967 9467 7338 3533 5269 8132 8089 2746 7824
29 5769 6952 6404 6053 2198 9353 6984 1365 4636 5394 4651 7529 9911 9963 1976 654 6043 2752 5085 9174 4707 1080 9660 7310 8613 2908 7938 5408 976
2 2591 8727
22 1066 222 7684 4913 2556 8620 9826 1525 1690 9183 5186 3523 2092 532 7992 1549 185 8888 6723 2929 2223 2755
3 5091 6090 9642
4 2660 9914 2463 1288
20 1778 5920 7816 3746 8288 4406 5380 6692 67 3448 9989 7200 4275 6606 9773 6401 6690 2329 3712 7467
3 4011 8553 8994
21 7401 8406 1323 2357 1588 1904 7337 7442 5453 9158 6359 9478 21 1819 8590 1310 470 4001 6229 6936 4604
30 5885 9463 4414 3354 1240 164 3112 4372 4007 2320 7916 9077 2246 3216 516 2139 242 2263 7923 1333 7989 5644 5162 8879 8156 2257 1082 4348 4531 1507
26 297 233 1111 8445 6643 617 6026 9900 4300 4623 9054 2989 5154 2370 9480 8822 2756 4579 5570 9501 2120 9540 8581 2926 8057 2273
31 7040 9090 9406 328 6003 5816 5303 2999 645 7344 6902 9729 4776 1960 8148 4608 5384 1094 5739 7168 1131 1085 755 1367 5342 4641 7742 6400 4047 8301 8690
21 3030 8489 1143 6484 8493 4121 3776 4988 8127 9113 2615 558 6551 8579 1611 3563 7489 2594 1301 805 2117
32 117 5716 1414 1438 7768 2455 7574 4657 2235 7034 9410 3439 2407 8193 1255 3645 1448 614 8115 7419 8516 3437 8600 6145 4462 5960 5048 7673 6481 7758 170 4538
5 9954 7990 3028 9827 6434
23 7355 8173 425 1891 5062 282 9110 5313 399 2884 1832 809 4505 4252 9040 6972 1149 204 4041 3741 6487 7731 4662
21 7346 2132 3054 5241 7041 886 6727 1271 5534 880 688 7741 4032 8885 8528 1426 2879 5926 6300 4069 7733
19 1874 7662 9897 9741 9838 7222 518 6578 1322 5980 3431 3132 33 6144 9984 1074 5797 6518 7937
33 7463 8086 2538 9974 206 326 950 4953 8951 2304 461 8945 808 2882 4942 4430 3154 7939 9218 2676 340 7029 2871 858 4737 8238 9590 4540 7719 6433 8311 8001 3569
3 1880 5513 7343
3 4027 4736 5471
20 368 1676 7176 8741 6423 5005 3404 8729 2632 441 3794 167 4108 3440 1128 8948 4614 526 6721 6494
3 364 3086 4483
22 1973 3833 6601 921 5844 1752 281 1464 6203 1871 7520 9683 9945 7835 8875 6688 3633 5159 2267 7676 6148 5859
4 8071 4138 6441 181
30 9864 6239 4088 8791 354 7276 3047 2640 9684 7515 6178 8014 2089 215 434 6778 1786 4850 5430 9582 5319 6295 7024 139 4556 8508 2349 2679 4281 9573
24 9925 1422 2107 2948 8312 3031 1876 304 4368 9142 3761 6738 8498 6564 4142 1708 1858 488 9767 7611 6151 1137 6191 8131
3 9483 6238 9520
3 4796 2265 9532
21 1208 332 81 2907 5632 3228 8906 1486 5805 8286 4341 2071 1184 6217 4459 762 1374 8106 796 2544 3517
35 5086 9979 1838 2942 945 212 6069 4376 9628 5627 376 7263 9948 709 6882 85 9319 1104 890 5033 3672 1394 4730 4560 3387 9616 7908 2027 5961 9891 2136 18 5439 5046 4120
3 4411 1061 9803
26 1194 9996 482 4733 506 986 9923 7010 6237 4244 1292 5373 9542 5168 1572 505 8680 7345 9178 8702 9585 1234 1760 6405 7375 479
4 1817 5780 1015 8654
28 873 9735 5913 3451 5835 5076 9980 2558 4787 8027 1308 800 2438 8258 1485 8495 8045 2466 5696 8053 504 6354 6323 432 4197 2103 1865 9326
3 3936 6463 218
20 6879 4493 8190 8485 7066 4224 1875 3595 686 8077 3823 5840 6935 2194 7158 3162 7722 2337 6994 5173
34 3444 2020 3990 4428 3976 1218 8285 3585 2686 6034 4064 1553 2797 6268 3496 4394 1842 7285 7543 972 5016 6072 4151 132 6592 6673 8666 5563 447 4506 5575 8036 1425 3346
3 8192 310 9693
18 3381 4405 4371 8101 2809 8182 4675 5210 7094 4915 4219 4280 3272 251 8865 4922 4311 9638
23 7779 8254 3038 348 1169 3370 3974 4559 9880 6829 5852 2500 8513 9386 5873 1157 323 2131 7625 4079 4339 8319 4186
17 2212 388 4924 2729 6102 4770 6124 8172 8068 8234 7421 5355 4508 4808 3041 2172 1705
3 1855 2177 8278
3 2053 7015 1478
5 8306 9418 389 6795 5438
2 5903 773
22 4467 9804 559 9177 3675 6491 9031 1643 9433 6146 3256 4025 7844 3283 6899 3733 8142 3637 8078 2243 749 9677
29 5860 6115 7028 3773 9965 1640 1252 1684 1693 9134 7043 4756 7169 8798 7490 9143 744 8270 6542 6697 9245 5078 1575 6046 8893 4570 4779 5293 1378
18 7444 6762 8990 6283 1820 4019 612 9534 1753 1682 723 8162 7450 5669 5949 3126 2922 2983
4 6544 3709 6521 4018
11 3291 5711 5815 353 8413 7488 6824 8745 999 4419 766
22 9251 1685 4441 2453 7278 9844 5176 4747 4682 9533 8199 9448 2454 1542 3558 1938 9465 2725 1952 1472 4490 7953
23 1664 872 3315 1004 163 3750 6926 3121 7588 9967 8651 9211 7027 4672 2637 2650 1658 1683 1829 2300 7405 794 3643
34 9216 9670 7435 8376 6951 498 5917 5263 6618 2480 3754 395 6821 9407 133 2142 3613 6429 1065 909 5414 5912 5328 7774 6108 8497 1274 8222 5459 925 9918 5631 86 3386
25 3008 8149 457 8448 1873 5240 9751 3102 4819 7940 7266 9083 4845 6790 4176 4513 1703 4298 8092 9154 1129 5148 2677 7460 2208
19 3614 5679 7194 7672 7904 6444 80 2499 2475 6091 2733 5740 5203 6092 3250 7996 7184 3850 8648
17 2316 3555 7632 1411 8905 4385 8592 1445 573 148 5138 6534 7974 3488 1718 9771 6507
24 7347 4629 1721 9228 1787 9790 7793 37 3948 8165 8512 884 6666 6408 7038 2643 8567 421 4977 3591 5682 8232 8166 1558
19 9252 2171 3905 7920 4840 9302 862 4100 5898 6230 8240 8411 7350 9307 1290 1958 3514 5547 3380
20 4717 6825 2173 9817 852 5364 4710 5080 1163 4373 8125 604 6796 5095 3957 8282 667 4140 1559 1254
18 4788 4056 2523 5746 8462 3263 5663 3116 952 7746 2477 5481 3174 3269 6378 2684 9055 4417
29 6607 8783 2079 4223 9316 8382 3816 5602 2000 9617 9381 1325 2025 3845 1800 7817 1772 6325 6226 5327 1089 5286 2070 1594 2689 9909 3422 3588 9476
34 8520 6189 2641 3067 1010 4875 6503 146 6989 6270 3366 230 7857 8551 2179 2040 9583 2148 1727 703 7313 859 334 8692 3548 7526 2249 885 6028 7044 6955 431 2188 3313
5 9888 6456 1844 384 5067
21 4352 3739 7882 3759 649 5021 7872 6880 6983 8931 600 1763 3996 855 3322 9336 2157 8384 2864 9350 6221
39 1866 7188 7287 8715 2118 9926 8146 98 7602 5107 422 5853 7698 5422 5170 178 2900 4117 929 8017 4800 4093 6774 9384 2004 9017 7531 3485 6014 1156 7290 648 8275 6339 9259 9811 2185 5415 3969
31 6228 8559 6502 8021 3891 3129 5699 3921 4029 3818 9429 7256 9858 5809 8239 2769 2636 663 5482 1604 798 1744 2801 1083 5750 3254 1696 926 1195 4042 6111
28 4377 6649 8302 3849 1564 4686 9042 6537 5433 3784 5514 2612 3075 7525 5804 836 5734 3074 1707 631 5823 3581 2022 7821 6322 7202 8044 4716
28 3362 1186 9018 9199 8338 5951 9132 1455 7984 6379 4561 9421 2437 7507 6522 5274 9363 2378 3353 4182 9398 413 2347 9147 4996 6084 5474 2134
8 5441 2486 7519 8611 7983 635 3110 8377
2 9287 8730
3 3760 3225 6018
31 8342 1492 7471 3572 428 4558 6000 4291 4139 1239 4256 3429 30 538 412 7807 3072 8450 4097 8844 6256 9760 2692 8866 1379 5657 8636 1341 8453 8178 8429
28 957 9985 6752 6125 7380 5352 4986 2979 3785 542 9438 1392 582 2715 5520 748 3419 6506 5115 6500 4178 7744 5056 2361 3612 7969 5265 737
26 920 2507 9503 6756 3830 7874 846 7494 4123 5603 3499 5700 5824 7866 5527 515 5597 471 205 322 6841 9091 3379 1427 3887 9243
26 1888 1206 1177 1 5187 3636 4607 8761 1211 9641 3044 6775 5340 1029 4912 6823 5943 7674 5118 9455 1049 3927 5788 1118 4320 9329
22 7464 313 4555 9962 2076 6426 3432 8511 9758 5023 3968 9718 2417 8886 3889 764 7571 6788 3965 5446 6350 7093
3 8563 5985 5883
31 24 1794 8459 5113 8979 9813 9830 1777 8110 9951 4099 4749 8506 8339 816 9734 1624 8010 1933 4572 7689 9618 4991 8762 7530 7079 4886 8908 3084 7714 5370
3 8303 4317 1190
4 9377 5444 229 4891
23 9349 9613 7847 6247 40 8638 8159 387 536 7823 3902 7101 4258 4336 8757 8365 5178 3091 6032 2457 2253 4883 8862
3 1159 6583 5891
35 4842 7891 7512 3947 4980 7243 511 2997 141 369 4113 8494 1008 3874 8974 3470 4809 386 3413 1058 7294 2029 2202 8197 5142 4577 1404 3070 6979 8503 9025 653 7215 6702 5841
19 268 9207 1626 6548 9593 3997 5019 7886 6755 5416 2953 1241 6428 5928 5467 13 108 7899 7986
19 519 6695 3692 5218 6515 408 9231 8294 6758 7377 3312 932 9279 3943 9145 6693 9486 5232 6060
23 1002 3557 2663 6399 1509 8505 9167 9754 3213 7474 261 8669 2215 3935 4015 1442 562 7559 7973 845 3611 9281 1212
31 6913 7810 7104 8328 2783 4115 6538 5690 3669 4147 8186 4685 9270 3300 8281 1999 727 5925 3412 735 1373 664 7283 4671 2592 9494 3559 797 234 3097 2563
30 6916 3457 1024 6110 5510 9869 8434 7683 2577 992 2732 3098 2675 2121 4884 8807 1946 3137 5320 8325 5595 5010 2858 8202 2064 8756 316 8808 2724 4023
2 1339 5968
2 7206 820
21 273 489 2412 643 9073 6868 3635 5986 6149 9212 8841 347 1036 2553 1766 5121 6193 2593 4127 2862 3780
37 677 372 9291 5227 5875 9666 4109 8351 9382 7277 2464 1587 1386 3122 1660 7103 6140 9248 6156 6820 8933 3501 9506 5767 6337 1730 1205 4436 7431 5354 8501 6489 1983 2794 5688 9753 5606
24 4586 211 5017 1755 8529 1745 8263 1299 350 8366 5908 5191 5728 5278 6905 5681 2218 5363 7828 8522 9048 6514 1701 9117
3 6527 7362 1087
22 1381 6480 2543 2875 9234 4072 4043 9547 2808 4033 6938 6869 2763 8964 289 3265 828 5318 6419 1158 8980 3032
26 6724 5222 658 6558 5060 409 6550 6966 1352 1436 4798 8407 3648 6885 7301 5041 8764 3714 9006 7726 6543 1457 2555 2493 1927 9910
3 1376 7383 1344
3 6517 8047 4811
3 4471 3088 437
3 6190 4329 7458
27 5161 9402 7129 1635 2657 3786 5686 7193 3194 7282 5847 9687 4496 2400 6708 8107 1533 7292 3822 6768 9921 738 5599 5395 9168 1439 1293
25 8179 9579 4507 849 6272 1079 4605 7761 3895 6674 2037 2851 4144 3299 220 1615 6760 9257 9648 8082 8332 7 7537 5865 4841
28 541 8458 4260 4935 435 9657 8034 6446 4862 5400 4195 5941 5708 8550 9800 9351 8603 5462 7497 9471 7706 7589 5489 3942 9434 176 1699 5020
22 445 7064 8739 3779 5507 7870 6818 984 7191 6672 1947 9513 7918 4805 2924 5548 5529 6800 8471 1554 9519 5254
30 580 6654 2536 209 5541 6058 6392 9116 5601 7342 9981 5861 544 9623 4772 928 3756 6560 3235 5703 2617 2895 2726 783 9296 1408 6334 5362 998 710
23 6961 5304 8719 5169 8500 7392 5709 1656 4014 5139 3813 9899 6174 6611 9603 2066 7059 8623 2865 1107 5900 4268 8674
23 3471 9186 5382 9441 3454 2958 1468 8593 4947 8583 3917 1197 8248 1577 3183 4755 7396 3492 5011 5110 9294 9770 4124
27 4048 2649 9180 4643 1453 74 5099 4696 8871 3846 3592 5630 9950 3856 4903 7853 1321 6988 2379 6468 4797 5202 3641 7289 1809 6613 2813
3 2758 7506 8433
2 2887 3491
2 4941 5059
21 4070 415 578 3731 1199 2345 3323 5249 1714 1597 6282 1432 6010 6557 8295 1645 2287 2411 5988 8582 9545
17 7284 8035 2602 5564 6056 3007 4856 3689 262 5483 8558 2795 8230 5813 8683 3620 2055
31 9523 3409 5654 166 4761 2605 9654 5779 607 3117 3261 9812 3691 1117 9474 9541 3962 6396 4165 1183 4590 7439 4465 1795 5524 341 4474 5224 7303 707 6870
3 5071 641 722
3 5226 5969 8139
4 492 1027 4390 3897
19 2986 1146 5437 8895 9444 5171 3061 6320 7970 6890 2624 869 3944 8626 6212 3863 7002 4392 9517
3 3560 6960 3755
25 9044 5344 4249 508 7691 6240 7626 4217 9428 2611 6431 1011 3662 2575 8759 4812 6250 1837 3898 2880 3713 7783 4203 2659 391
29 5598 8787 1784 7116 6068 4720 2036 1601 3663 6580 1686 252 6407 5998 6134 6808 3625 243 5157 3296 3809 2721 2488 4995 8602 2940 4049 8337 3264
19 8968 881 4775 2174 5878 4114 4498 2945 953 6116 3389 9933 2427 8322 4580 5812 8226 6603 5174
27 6424 696 2424 4624 730 1997 4666 9118 8037 8652 7275 5211 6447 2144 4000 2678 184 3956 9756 17 6289 1678 4226 5015 5753 9387 1562
3 1000 2430 7813
25 4520 9845 6886 5584 2406 847 8659 8926 5310 7842 2978 3977 7521 1749 1092 6577 1957 3464 1748 8934 7748 8174 7946 7597 3619
25 3193 7097 2787 6927 9263 3057 7445 7794 2355 5329 561 3494 1391 6318 6947 1056 6651 9745 4131 7225 1400 1060 4286 8122 9536
30 55 7020 1593 7792 248 5955 4028 7883 6764 6133 7555 2972 1096 5247 6722 3686 155 2003 958 4708 1103 5546 7127 3452 1728 4364 2764 8374 6439 901
25 3988 1879 902 6457 5189 3512 3398 6305 1331 4400 7150 2264 5909 4898 6469 6948 3136 1919 1126 4427 8949 1847 3229 7204 1359
33 769 8564 400 5698 3068 3411 6563 208 9537 7730 4541 7769 799 9508 3765 2504 361 4442 9946 7550 5333 3769 8751 9794 8846 6107 2133 5936 6057 8541 4324 9097 5629
19 5371 908 4802 5786 9658 9372 2088 160 1517 4240 5871 5051 7964 5791 5977 9522 1226 8371 2848
19 5562 9744 6128 2180 5375 9570 843 5642 8296 8857 8963 7197 3293 5083 1253 6709 8738 1821 1114
25 8290 3276 3170 8207 1843 4141 7663 7387 2095 611 6566 2766 624 7791 2762 4852 7330 7945 3018 1317 9601 1680 9676 2277 5821
34 7229 3918 8892 5890 7666 1500 3906 4615 704 2377 7466 8257 2206 3421 9908 1590 9859 1357 801 6478 8997 2358 5456 6626 2258 9488 8658 1354 3310 1576 7968 1306 2271 2169
3 7581 5478 2502
4 2528 943 8722 5543
3 7613 2541 4818
21 9763 3433 380 175 3157 7754 4821 6235 754 9213 940 3330 5215 9528 8891 4611 6546 3719 9719 3922 3562
28 3281 6150 7230 4661 6265 9757 3319 6398 6648 1349 3227 4163 2234 4564 4539 9299 153 6264 3926 5378 6854 7050 8777 4735 299 7524 2408 5665
34 4687 2429 5237 6747 9559 3462 2399 5212 9512 8187 2033 6589 4664 2260 3465 938 490 4055 8549 2204 5984 6086 1165 2434 9453 9713 8732 427 9010 3349 7304 9290 4683 9404
17 1319 8546 8793 3508 3060 2991 4183 3094 3456 9184 2683 8280 2170 5964 131 5111 3259
3 7433 7760 8430
24 6160 6767 7889 874 9030 5712 3453 1215 9466 189 2191 4810 7930 6531 446 2353 8454 4719 540 898 2138 2286 9990 954
22 5553 9737 967 6751 4358 7502 4198 8969 9958 8927 7675 1347 8752 5544 4363 7781 5545 8701 2914 7001 5398 3931
33 29 7877 5572 842 442 2216 7710 7208 6584 8504 9481 3326 4584 7926 5532 7718 6733 9748 8317 8986 3998 2728 4680 9746 2830 4149 6310 7751 3899 5230 7976 8013 4271
2 6686 7025
22 1067 2654 7562 7081 865 7624 6619 4272 4388 7321 6205 1654 2911 226 3852 9840 8095 5003 3687 9461 4296 9472
19 1023 6222 8244 3534 2667 8616 4464 4621 787 7388 5331 324 2970 5555 7052 5431 6073 6917 644
26 9283 3743 8158 8426 3092 9045 35 4035 7386 8523 106 9027 3062 4714 1531 4343 4357 3449 4092 1921 6561 2485 2226 2860 8568 7376
30 2008 1724 4084 2915 6473 5892 2442 2077 7840 1369 4888 969 6932 3811 9321 2086 3473 7340 1026 3519 8561 1021 2877 3243 5418 4295 4649 1055 2276 1038
