911
119 91
120 92
121 93
122 94
123 95
124 96
125 97
126 98
127 99
128 100
129 101
130 102
131 103
132 104
133 105
134 106
135 107
136 108
120 89
119 88
120 87
121 86
122 85
123 84
124 83
125 82
126 81
127 80
128 79
129 78
130 77
131 76
132 75
133 74
134 73
135 72
136 71
137 70
138 69
139 68
140 67
141 66
142 65
143 64
144 63
145 62
146 61
147 60
148 59
149 58
150 57
151 56
152 55
153 54
154 53
155 54
156 55
157 56
153 52
152 51
151 50
150 49
149 48
148 47
147 46
146 45
145 44
144 43
143 42
142 41
141 40
140 39
139 38
138 37
137 36
136 35
135 34
146 44
147 43
148 42
149 41
150 40
151 39
152 38
153 37
154 36
155 35
156 34
134 34
133 33
132 32
131 31
130 30
129 29
128 28
127 27
126 26
125 25
124 24
123 25
122 26
121 27
120 28
119 29
118 30
117 31
116 32
115 33
114 34
113 34
112 33
111 32
110 31
109 30
108 29
107 28
106 27
105 26
104 25
103 24
102 25
101 26
100 27
99 28
98 29
97 30
96 31
95 32
94 33
93 34
92 34
91 33
90 32
89 31
88 30
87 29
86 28
85 27
84 26
83 25
82 24
81 25
80 26
79 27
78 28
77 29
76 30
75 31
74 32
73 33
72 34
137 108
138 107
139 106
140 105
141 104
142 103
143 102
144 101
145 100
146 99
147 98
148 99
149 100
150 101
151 102
152 103
153 104
154 105
155 106
156 107
157 108
72 35
71 36
70 37
69 38
68 39
67 40
66 41
65 42
64 43
63 44
62 45
61 46
62 47
63 48
64 49
65 50
66 51
67 52
68 53
69 54
70 55
71 56
72 36
73 37
74 38
75 39
76 40
77 41
78 42
79 43
80 44
81 45
82 46
83 47
84 48
85 49
86 50
87 51
88 52
89 53
90 54
91 55
92 56
158 55
159 54
160 53
161 52
162 51
163 50
164 49
165 48
166 47
167 46
168 45
169 44
170 43
171 42
172 41
173 40
174 39
175 40
176 41
177 42
178 43
179 44
180 45
181 46
164 50
165 51
166 52
167 53
168 54
169 55
170 56
171 57
172 58
173 59
174 60
175 61
176 62
177 63
178 64
179 65
180 66
181 67
181 68
180 69
179 70
178 71
177 72
176 73
175 74
174 75
173 76
172 77
171 78
172 79
173 80
174 81
175 82
176 83
177 84
178 85
179 86
180 87
181 88
181 89
180 90
179 91
178 92
177 93
176 94
175 95
174 96
173 97
172 98
171 99
172 100
173 101
174 102
175 103
176 104
177 105
178 106
179 107
180 108
181 109
181 110
180 111
179 112
178 113
177 114
176 115
175 116
174 117
173 118
172 119
171 120
172 121
173 122
174 123
175 124
176 125
177 126
178 127
179 128
180 129
181 130
182 46
183 45
184 44
185 43
186 42
187 41
188 40
189 39
190 38
191 39
192 40
193 41
194 42
195 43
196 44
197 45
198 46
199 47
200 48
201 49
202 50
203 51
204 52
204 53
203 54
202 55
201 56
200 57
199 58
198 59
197 60
196 61
195 62
194 63
195 64
196 65
197 66
198 67
199 68
200 69
201 70
202 71
203 72
204 73
204 74
203 75
202 76
201 77
200 78
199 79
198 80
197 81
196 82
195 83
194 84
195 85
196 86
197 87
198 88
199 89
200 90
201 91
202 92
203 93
204 94
204 95
203 96
202 97
201 98
200 99
199 100
198 101
197 102
196 103
195 104
194 105
195 106
196 107
197 108
198 109
199 110
200 111
201 112
202 113
203 114
204 115
118 87
117 86
116 85
115 86
114 87
113 88
112 89
111 90
110 91
109 92
108 93
107 94
106 95
105 96
104 97
103 98
102 99
101 100
100 101
99 102
98 103
97 104
96 105
95 106
94 107
93 108
92 108
91 107
90 106
89 105
88 104
87 103
86 102
85 101
84 100
83 99
82 98
81 99
80 100
79 101
78 102
77 103
76 104
75 105
74 106
73 107
72 108
92 109
91 110
90 111
89 112
88 113
87 114
86 115
85 116
86 117
87 118
88 119
89 120
90 121
91 122
92 123
93 124
94 125
95 126
96 127
97 128
98 129
99 130
100 131
101 132
102 133
103 134
104 135
105 136
106 137
107 138
108 139
109 140
110 141
111 142
112 143
71 107
70 106
69 105
68 104
67 103
66 102
65 101
64 100
63 99
62 98
61 97
60 96
59 95
58 94
57 93
56 92
55 91
54 90
53 89
52 88
51 87
60 45
59 44
58 43
57 42
56 41
55 42
54 43
53 44
52 45
51 46
50 47
49 48
48 49
69 107
68 108
67 109
66 110
65 111
64 112
63 113
62 114
61 115
60 116
59 117
58 118
57 119
56 120
55 121
54 122
53 123
52 124
51 125
50 126
49 127
48 128
100 133
99 134
98 135
97 136
96 137
95 138
94 139
93 140
92 141
91 142
90 143
176 127
175 128
174 129
173 130
172 131
171 132
170 133
169 134
168 135
167 136
166 137
165 138
164 139
163 140
162 141
161 142
160 143
52 126
53 127
54 128
55 129
56 130
57 131
58 132
59 133
60 134
61 135
62 136
63 137
64 138
65 139
66 140
67 141
68 142
69 143
113 143
114 142
115 141
116 140
117 139
118 138
119 137
120 136
121 135
122 134
123 133
124 134
125 135
126 136
127 137
128 138
129 139
130 140
131 141
132 142
133 143
58 116
57 115
56 114
55 113
54 112
53 111
52 110
51 109
50 108
102 100
103 101
104 102
105 103
106 104
107 105
108 106
109 107
110 108
111 109
112 110
126 79
125 78
124 77
123 76
122 75
121 74
120 73
119 72
118 71
117 70
116 69
115 68
47 48
46 49
45 50
44 51
43 52
42 53
41 54
40 55
39 56
38 57
37 58
36 59
35 60
34 61
33 62
47 127
46 126
45 125
44 124
43 123
42 122
41 121
40 120
39 119
38 118
37 117
36 116
35 115
34 114
33 113
49 107
48 106
47 105
46 104
45 103
44 102
43 101
42 100
41 99
40 98
39 97
38 96
37 95
36 94
35 93
34 92
33 91
63 115
64 116
65 117
66 118
67 119
68 120
69 121
70 122
71 123
148 61
149 62
150 63
151 64
152 65
153 66
154 67
155 68
156 69
157 70
158 71
168 133
167 132
166 131
165 130
164 129
163 128
162 127
161 126
160 125
159 124
158 123
91 57
90 58
89 59
88 60
87 61
86 62
85 63
86 64
87 65
88 66
89 67
90 68
91 69
92 70
93 71
143 43
142 44
141 45
140 46
139 47
138 48
137 49
136 50
128 136
129 135
130 134
131 133
132 132
133 131
134 130
135 129
136 128
84 63
83 62
82 61
81 62
80 63
79 64
78 65
77 66
76 67
75 68
74 69
73 70
72 71
39 57
40 58
41 59
42 60
43 61
44 62
45 63
46 64
47 65
48 66
81 97
80 96
79 95
78 94
77 93
146 97
145 96
144 95
143 94
142 93
173 38
174 37
175 36
176 35
177 34
170 79
169 80
168 81
167 82
166 83
165 84
164 85
163 86
203 116
202 117
201 118
200 119
199 120
198 121
197 122
198 123
199 124
200 125
201 126
202 127
112 35
111 36
110 37
109 38
108 39
107 40
106 41
107 42
108 43
109 44
110 45
111 46
112 47
119 135
118 134
117 133
116 132
115 131
170 134
171 135
172 136
173 137
174 138
175 139
176 140
177 141
178 142
179 143
102 97
101 96
100 95
99 94
98 93
38 120
37 121
36 122
35 123
34 124
33 125
32 126
56 40
55 39
54 38
53 37
54 36
55 35
37 56
36 55
35 54
34 53
33 52
32 51
33 63
32 64
31 65
30 66
29 67
28 68
27 69
28 70
134 142
135 141
136 140
137 141
138 142
139 143
60 136
59 137
58 138
57 139
56 140
55 141
203 127
204 126
205 125
205 51
205 72
205 93
91 143
182 130
183 129
184 128
185 129
186 130
187 131
188 132
32 92
71 71
93 55
137 71
137 127
158 107
205 114
45 48
44 47
47 129
46 130
54 142
55 143
55 34
86
136 108
136 71
157 56
135 34
156 34
114 34
93 34
72 34
157 108
71 56
92 56
181 46
181 67
181 88
181 109
181 130
204 52
204 73
204 94
204 115
93 108
72 108
112 143
51 87
48 49
48 128
112 89
90 143
160 143
69 143
133 143
50 108
112 110
115 68
33 62
33 113
33 91
71 123
158 71
158 123
93 71
92 123
136 50
136 128
72 71
48 66
77 93
142 93
177 34
163 86
202 127
112 47
115 131
179 143
98 93
32 126
55 35
32 51
28 70
121 86
139 143
55 141
56 92
194 42
205 125
205 51
205 72
205 93
91 143
188 132
32 92
66 102
93 124
158 55
71 71
93 55
137 71
137 127
158 107
205 114
44 47
46 130
55 143
185 43
55 34
51 46
