10216
332 269
331 268
330 267
329 266
328 265
327 264
326 263
325 262
324 261
323 260
322 259
321 258
320 257
319 256
318 255
324 263
323 264
322 265
321 266
320 267
319 268
318 269
317 270
326 261
327 260
328 259
329 258
330 257
331 256
332 255
333 254
316 269
315 268
314 267
313 266
312 265
311 264
310 263
309 262
308 261
307 260
306 259
305 258
304 257
303 256
302 255
308 263
307 264
306 265
305 266
304 267
303 268
302 269
301 270
300 269
299 268
298 267
297 266
296 265
295 264
294 263
293 262
292 261
291 260
290 259
289 258
288 257
287 256
286 255
292 263
291 264
290 265
289 266
288 267
287 268
286 269
285 270
284 269
283 268
282 267
281 266
280 265
279 264
278 263
277 262
276 261
275 260
274 259
273 258
272 257
271 256
270 255
276 263
275 264
274 265
273 266
272 267
271 268
270 269
269 270
268 269
267 268
266 267
265 266
264 265
263 264
262 263
261 262
260 261
259 260
258 259
257 258
256 257
255 256
254 255
260 263
259 264
258 265
257 266
256 267
255 268
254 269
253 270
252 269
251 268
250 267
249 266
248 265
247 264
246 263
245 262
244 261
243 260
242 259
241 258
240 257
239 256
238 255
244 263
243 264
242 265
241 266
240 267
239 268
238 269
237 270
236 269
235 268
234 267
233 266
232 265
231 264
230 263
229 262
228 261
227 260
226 259
225 258
224 257
223 256
222 255
228 263
227 264
226 265
225 266
224 267
223 268
222 269
221 270
220 269
219 268
218 267
217 266
216 265
215 264
214 263
213 262
212 261
211 260
210 259
209 258
208 257
207 256
206 255
212 263
211 264
210 265
209 266
208 267
207 268
206 269
205 270
204 269
203 268
202 267
201 266
200 265
199 264
198 263
197 262
196 261
195 260
194 259
193 258
192 257
191 256
190 255
196 263
195 264
194 265
193 266
192 267
191 268
190 269
189 270
188 270
187 269
186 268
185 267
184 266
183 265
182 264
181 263
180 262
179 261
178 260
177 259
176 258
175 257
174 256
180 264
179 265
178 266
177 267
176 268
175 269
174 270
173 271
172 270
171 269
170 268
169 267
168 266
167 265
166 264
165 263
164 262
163 261
162 260
161 259
160 258
159 257
158 256
164 264
163 265
162 266
161 267
160 268
159 269
158 270
157 271
156 271
155 270
154 269
153 268
152 267
151 266
150 265
149 264
148 263
147 262
146 261
145 260
144 259
143 260
142 261
150 267
149 268
148 269
147 270
146 271
145 272
144 273
143 274
142 275
141 276
144 274
145 275
146 276
147 277
148 278
149 279
150 280
151 281
152 282
153 283
154 284
155 285
156 286
147 279
146 280
145 281
144 282
143 283
142 284
141 285
140 286
139 287
138 288
137 289
136 290
135 291
137 287
136 286
135 285
134 284
133 283
132 282
131 281
130 280
129 279
128 278
127 277
126 276
125 275
124 274
123 273
122 272
121 271
120 270
119 269
118 268
117 267
116 266
115 265
114 264
113 263
112 262
111 261
117 269
116 270
115 271
114 272
113 273
112 274
111 275
110 276
119 267
120 266
121 265
122 264
123 263
124 262
125 261
126 260
109 275
108 274
107 273
106 272
105 271
104 270
103 269
102 268
101 267
100 266
99 265
98 264
97 263
96 262
95 261
101 269
100 270
99 271
98 272
97 273
96 274
95 275
94 276
94 277
93 278
92 279
91 280
90 281
89 282
88 283
87 284
86 285
87 286
88 287
89 288
90 289
91 290
92 291
140 287
141 288
142 289
143 290
144 291
145 292
146 293
147 294
148 295
149 296
150 297
151 298
152 299
153 300
154 301
150 299
149 300
148 301
147 302
146 303
145 304
144 305
143 306
142 307
141 308
140 309
139 310
144 306
145 307
146 308
147 309
148 310
149 311
150 312
151 313
152 314
153 315
154 316
138 310
137 309
136 308
135 307
134 306
133 305
132 304
131 303
130 304
129 305
128 306
127 307
126 308
125 309
124 310
123 310
122 309
121 308
120 307
119 306
118 305
117 304
116 303
115 304
114 305
113 306
112 307
111 308
110 309
109 310
108 310
107 309
106 308
105 307
104 306
103 305
102 304
101 303
100 304
99 305
98 306
97 307
96 308
95 309
94 310
153 317
152 318
151 319
150 320
149 321
148 322
147 323
146 324
147 325
148 326
149 327
150 328
151 329
152 330
153 331
148 328
147 329
146 330
145 331
144 332
143 333
142 334
141 335
140 336
139 337
138 338
137 339
136 340
135 341
134 342
140 338
141 339
142 340
143 341
144 342
145 343
146 344
147 345
148 346
149 347
150 348
151 349
150 350
149 351
148 352
147 353
146 354
145 355
144 356
145 357
146 358
147 359
148 360
149 361
150 362
151 363
152 364
147 361
146 362
145 363
144 364
143 365
142 366
141 367
140 368
139 369
138 370
137 371
136 372
135 373
134 374
133 375
141 368
142 369
143 370
144 371
145 372
146 373
147 374
148 375
149 376
150 377
151 378
152 379
148 377
147 378
146 379
145 380
144 381
143 382
142 383
141 384
140 385
139 386
138 387
137 388
136 389
135 390
142 384
143 385
144 386
145 387
146 388
147 389
148 390
149 391
150 392
151 393
152 394
157 255
156 254
155 253
154 252
153 251
152 250
151 249
150 248
149 247
150 246
151 245
152 244
153 243
154 242
155 241
154 240
153 239
152 238
151 237
150 236
149 235
148 234
147 233
146 232
147 231
148 230
149 229
150 228
151 227
152 226
145 232
144 231
143 230
142 229
141 228
140 227
139 226
138 225
137 224
136 223
135 222
134 221
139 224
140 223
141 222
142 221
143 220
144 219
145 218
146 217
147 216
148 215
149 214
150 213
151 212
152 211
133 220
132 219
131 218
130 217
129 216
128 215
127 214
126 213
125 214
124 215
123 216
122 217
121 218
120 219
119 220
118 219
117 218
116 217
115 216
114 215
113 214
112 213
111 214
110 215
109 216
108 217
107 218
106 219
105 220
104 221
112 212
111 211
110 210
109 209
108 208
107 207
106 206
105 205
104 204
103 203
102 202
152 210
151 209
150 208
149 207
148 206
147 205
146 204
145 203
146 202
147 201
148 200
149 199
150 198
151 197
152 196
148 198
147 197
146 196
145 195
144 194
143 193
142 192
141 191
140 190
139 189
138 188
137 187
136 186
135 185
134 184
144 192
145 191
146 190
147 189
148 188
149 187
150 186
151 185
152 184
153 183
154 182
155 181
156 180
133 183
132 182
131 181
130 180
129 179
128 178
127 177
126 176
125 177
124 178
123 179
122 180
121 181
120 182
119 183
125 175
124 174
123 173
122 172
121 171
120 170
119 169
118 168
117 167
125 173
126 172
127 171
128 170
129 169
130 168
131 167
132 166
116 166
115 165
114 164
113 163
112 162
111 161
110 160
109 159
108 158
107 157
106 156
105 155
104 154
103 153
104 152
111 159
112 158
113 157
114 156
115 155
116 154
117 153
118 152
119 151
118 170
117 171
116 172
115 173
114 174
113 175
112 176
111 177
110 178
109 179
108 180
107 181
106 182
105 183
104 184
119 150
118 149
117 148
116 147
115 146
114 145
113 144
112 143
111 142
112 141
113 140
114 139
115 138
116 137
117 136
116 135
115 134
114 133
113 132
112 131
111 130
110 129
109 128
108 127
109 126
110 125
111 124
112 123
113 122
114 121
113 120
112 119
111 118
110 117
109 116
110 115
111 114
112 113
113 112
114 111
115 110
116 109
117 108
118 107
119 106
120 150
121 149
122 148
123 147
124 146
125 145
126 144
127 143
128 142
129 141
130 142
131 143
132 144
133 145
134 146
156 179
155 178
154 177
153 176
152 175
151 174
150 173
149 172
150 171
151 170
152 169
153 168
154 167
155 166
156 165
156 164
155 163
154 162
153 161
152 160
151 159
150 158
149 157
150 156
151 155
152 154
153 153
154 152
155 151
156 150
155 301
156 300
157 301
158 302
159 303
160 304
161 305
162 306
163 307
164 308
165 309
166 310
167 311
168 312
169 313
159 301
160 300
161 299
162 298
163 297
164 296
165 295
166 294
167 293
168 292
169 291
170 290
171 289
171 291
172 292
173 293
174 294
175 295
176 296
177 297
178 298
179 299
180 300
181 301
182 302
183 303
184 304
178 296
179 295
180 294
181 293
182 292
183 291
184 290
185 289
186 288
186 290
187 291
188 292
189 293
190 294
191 295
192 296
193 297
194 298
195 299
196 300
197 301
198 302
199 303
193 295
194 294
195 293
196 292
197 291
198 290
199 289
200 288
201 287
201 289
202 290
203 291
204 292
205 293
206 294
207 295
208 296
209 297
210 298
211 299
212 300
213 301
214 302
208 294
209 293
210 292
211 291
212 290
213 289
214 288
215 287
216 286
216 288
217 289
218 290
219 291
220 292
221 293
222 294
223 295
224 296
225 297
226 298
227 299
228 300
229 301
223 293
224 292
225 291
226 290
227 289
228 288
229 287
230 286
231 285
231 287
232 288
233 289
234 290
235 291
236 292
237 293
238 294
239 295
240 296
241 297
242 298
243 299
244 300
238 293
239 292
240 291
241 290
242 289
243 288
244 287
245 286
246 285
246 287
247 288
248 289
249 290
250 291
251 292
252 293
253 294
254 295
255 296
256 297
257 298
258 299
259 300
253 293
254 292
255 291
256 290
257 289
258 288
259 287
260 286
261 285
261 287
262 288
263 289
264 290
265 291
266 292
267 293
268 294
269 295
270 296
271 297
272 298
273 299
274 300
268 293
269 292
270 291
271 290
272 289
273 288
274 287
275 286
276 285
276 287
277 288
278 289
279 290
280 291
281 292
282 293
283 294
284 295
285 296
286 297
287 298
288 299
289 300
283 293
284 292
285 291
286 290
287 289
288 288
289 287
290 286
291 285
291 287
292 288
293 289
294 290
295 291
296 292
297 293
298 294
299 295
300 296
301 297
302 298
303 299
304 300
298 293
299 292
300 291
301 290
302 289
303 288
304 287
305 286
306 285
306 287
307 288
308 289
309 290
310 291
311 292
312 293
313 294
314 295
315 296
316 297
317 298
318 299
319 300
313 293
314 292
315 291
316 290
317 289
318 288
319 287
320 286
321 285
321 287
322 288
323 289
324 290
325 291
326 292
327 293
328 294
329 295
330 296
331 297
332 298
333 299
334 300
328 293
329 292
330 291
331 290
332 289
333 288
334 287
335 286
336 285
336 287
337 288
338 289
339 290
340 291
341 292
342 293
343 294
344 295
345 296
346 297
347 298
348 299
349 300
343 292
344 291
345 290
346 289
347 288
348 287
349 286
350 285
351 284
351 286
352 287
353 288
354 289
355 290
356 291
357 292
358 293
359 294
360 295
361 296
362 297
363 298
364 299
358 291
359 290
360 289
361 288
362 287
363 286
364 285
365 284
366 283
366 285
367 286
368 287
369 288
370 289
371 290
372 291
373 292
374 293
375 294
376 295
377 296
378 297
379 298
373 290
374 289
375 288
376 287
377 286
378 285
379 284
380 283
381 282
381 284
382 285
383 286
384 287
385 288
386 289
387 290
388 291
389 292
390 293
391 294
392 295
393 296
394 297
388 289
389 288
390 287
391 286
392 285
393 284
394 283
395 282
396 281
396 283
397 284
398 285
399 286
400 287
401 288
402 289
403 290
404 291
405 292
406 293
407 294
408 295
409 296
403 288
404 287
405 286
406 285
407 284
408 283
409 282
410 281
411 280
189 254
188 253
187 252
186 251
185 250
184 249
183 248
182 247
181 246
180 245
179 244
178 243
179 242
180 241
181 240
186 249
187 248
188 247
189 246
190 245
191 244
192 243
193 242
194 241
195 240
196 239
180 239
179 238
178 237
177 236
176 235
175 234
174 233
173 232
174 231
175 230
176 229
177 228
178 227
179 226
180 225
179 224
178 223
177 222
176 221
175 220
174 219
175 218
176 217
177 216
178 215
179 214
180 213
181 212
182 211
183 210
182 209
181 208
180 207
179 206
178 205
177 204
176 203
177 202
178 201
179 200
180 199
181 198
182 197
183 196
184 195
184 194
183 193
182 192
181 191
180 190
179 189
178 188
177 187
178 186
179 185
180 184
181 183
182 182
183 181
184 180
170 313
171 312
172 311
173 310
174 309
175 310
176 311
177 312
178 313
179 314
180 315
181 316
182 317
183 318
184 319
184 320
183 321
182 322
181 323
180 324
179 325
178 326
177 327
178 328
179 329
180 330
181 331
182 332
183 333
184 334
183 335
182 336
181 337
180 338
179 339
178 340
177 341
176 342
177 343
178 344
179 345
180 346
181 347
182 348
183 349
183 350
182 351
181 352
180 353
179 354
178 355
177 356
176 357
175 358
176 359
177 360
178 361
179 362
180 363
181 364
184 196
185 197
186 198
187 199
188 200
189 201
190 202
191 203
192 204
193 205
194 206
195 207
196 208
197 209
198 210
185 304
186 305
187 306
188 307
189 308
190 309
191 310
192 311
193 312
194 313
195 314
196 315
197 316
198 317
199 318
185 319
186 320
187 321
188 322
189 323
190 324
191 325
192 326
193 327
194 328
195 329
196 330
197 331
198 332
199 333
197 211
198 212
199 213
200 214
201 215
202 216
203 217
204 218
205 219
206 220
207 221
208 222
209 223
210 224
211 225
205 217
206 216
207 215
208 214
209 213
210 212
211 211
212 210
213 209
213 211
214 212
215 213
216 214
217 215
218 216
219 217
220 218
221 219
222 220
223 221
224 222
225 223
226 224
220 216
221 215
222 214
223 213
224 212
225 211
226 210
227 209
228 208
228 210
229 211
230 212
231 213
232 214
233 215
234 216
235 217
236 218
237 219
238 220
239 221
240 222
241 223
235 215
236 214
237 213
238 212
239 211
240 210
241 209
242 208
243 207
243 209
244 210
245 211
246 212
247 213
248 214
249 215
250 216
251 217
252 218
253 219
254 220
255 221
256 222
250 214
251 213
252 212
253 211
254 210
255 209
256 208
257 207
258 206
258 208
259 209
260 210
261 211
262 212
263 213
264 214
265 215
266 216
267 217
268 218
269 219
270 220
271 221
265 213
266 212
267 211
268 210
269 209
270 208
271 207
272 206
273 205
197 238
198 237
199 236
200 235
201 234
202 233
203 232
204 233
205 234
206 235
207 236
208 237
209 238
210 239
211 240
200 303
201 304
202 305
203 306
204 307
205 308
206 309
207 310
208 311
209 312
210 313
211 314
212 315
213 316
214 317
200 318
201 319
202 320
203 321
204 322
205 323
206 324
207 325
208 326
209 327
210 328
211 329
212 330
213 331
214 332
212 225
213 226
214 227
215 228
216 229
217 230
218 231
219 232
220 233
221 234
222 235
223 236
224 237
225 238
226 239
215 302
216 303
217 304
218 305
219 306
220 307
221 308
222 309
223 310
224 311
225 312
226 313
227 314
228 315
229 316
215 317
216 318
217 319
218 320
219 321
220 322
221 323
222 324
223 325
224 326
225 327
226 328
227 329
228 330
229 331
228 332
227 333
226 334
227 335
228 336
229 337
230 338
231 339
232 340
233 341
234 342
235 343
236 344
237 345
238 346
234 340
235 339
236 338
237 337
238 336
239 335
240 334
241 333
242 332
243 331
244 330
242 334
243 335
244 336
245 337
246 338
247 339
248 340
249 341
250 342
251 343
252 344
253 345
249 339
250 338
251 337
252 336
253 335
254 334
255 333
256 332
257 331
258 330
259 329
257 333
258 334
259 335
260 336
261 337
262 338
263 339
264 340
265 341
266 342
267 343
268 344
264 338
265 337
266 336
267 335
268 334
269 333
270 332
271 331
272 330
273 329
274 328
238 347
237 348
236 349
235 350
234 351
233 352
232 353
231 354
232 355
233 356
234 357
235 358
236 359
237 360
238 361
227 224
228 225
229 226
230 227
231 228
232 229
233 230
234 231
235 232
236 233
237 234
238 235
239 236
240 237
241 238
230 301
231 302
232 303
233 304
234 305
235 306
236 307
237 308
238 309
239 310
240 311
241 312
242 313
243 314
244 315
242 223
243 224
244 225
245 226
246 227
247 228
248 229
249 230
250 231
251 232
252 233
253 234
254 235
255 236
256 237
273 204
272 203
271 202
270 201
269 200
268 199
267 198
266 197
265 196
264 195
263 194
262 193
261 192
260 191
261 190
257 222
258 223
259 224
260 225
261 226
262 227
263 228
264 229
265 230
266 231
267 232
268 233
269 234
270 235
271 236
268 345
267 346
268 347
269 348
270 349
271 350
272 351
273 352
274 353
275 354
276 355
277 356
278 357
279 358
280 359
272 220
273 221
274 222
275 223
276 224
277 225
278 226
279 227
280 228
281 229
282 230
283 231
284 232
285 233
286 234
286 232
287 231
288 230
289 229
290 228
291 227
292 226
293 225
294 224
295 223
296 222
297 221
298 220
299 219
300 218
294 226
295 227
296 228
297 229
298 230
299 231
300 232
301 233
300 217
299 216
298 215
297 214
296 213
295 212
294 211
293 210
294 209
295 208
296 207
297 206
298 205
299 204
300 203
300 202
299 201
298 200
297 199
296 198
295 197
294 196
293 195
294 194
295 193
296 192
297 191
298 190
299 189
300 188
300 187
299 186
298 185
297 184
296 183
295 182
294 181
293 180
294 179
295 178
296 177
297 176
298 175
299 174
300 173
295 176
294 175
293 174
292 173
291 172
290 171
289 170
288 169
287 168
286 167
285 166
284 165
283 164
282 163
281 162
289 168
290 167
291 166
292 165
293 164
294 163
295 162
296 161
297 160
298 159
299 158
300 157
295 160
294 159
293 158
292 157
291 156
290 155
289 154
288 153
287 152
286 151
285 150
284 149
283 148
282 147
289 152
290 151
291 150
292 149
293 148
294 147
295 146
296 145
297 144
298 143
299 142
300 141
280 162
279 161
278 160
277 159
276 158
275 157
274 156
273 155
272 154
271 153
270 154
269 155
268 156
267 157
266 158
265 157
264 156
263 155
262 154
261 153
260 152
259 151
258 152
257 153
256 154
255 155
254 156
253 157
252 158
251 159
250 159
249 158
248 157
247 156
246 155
245 154
244 153
243 152
242 153
241 154
240 155
239 156
238 157
237 158
236 159
235 159
234 158
233 157
232 156
231 155
230 154
229 153
228 152
227 153
226 154
225 155
224 156
223 157
222 158
221 159
220 159
219 158
218 157
217 156
216 155
215 154
214 153
213 152
212 153
211 154
210 155
209 156
208 157
207 158
206 159
205 159
204 158
203 157
202 156
201 155
200 154
199 153
198 152
197 153
196 154
195 155
194 156
193 157
192 158
191 159
194 154
193 153
192 152
191 151
190 150
189 149
188 148
187 147
186 146
185 145
184 144
183 143
288 301
287 302
288 303
289 304
290 305
291 306
292 307
293 308
294 309
295 310
296 311
297 312
298 313
299 314
300 315
300 316
299 317
298 318
297 319
296 320
295 321
294 322
293 323
294 324
295 325
296 326
297 327
298 328
299 329
300 330
299 140
298 139
297 138
296 137
295 136
294 135
293 134
294 133
295 132
296 131
297 130
298 129
299 128
300 127
301 126
292 133
291 132
290 131
289 130
288 129
287 128
286 127
285 126
284 125
283 124
282 123
281 122
280 121
279 120
278 119
277 118
276 117
275 116
274 115
273 114
272 113
271 112
270 111
269 110
268 109
267 108
273 116
272 117
271 118
270 119
269 120
268 121
267 122
266 123
275 114
276 113
277 112
278 111
279 110
280 109
281 108
282 107
265 122
264 121
263 120
262 119
261 118
260 117
259 116
258 115
257 114
256 113
255 112
254 111
253 110
252 109
251 108
257 116
256 117
255 118
254 119
253 120
252 121
251 122
250 123
249 122
248 121
247 120
246 119
245 118
244 117
243 116
242 115
241 114
240 113
239 112
238 111
237 110
236 109
235 108
241 116
240 117
239 118
238 119
237 120
236 121
235 122
234 123
233 122
232 121
231 120
230 119
229 118
228 117
227 116
226 115
225 114
224 113
223 112
222 111
221 110
220 109
219 108
225 116
224 117
223 118
222 119
221 120
220 121
219 122
218 123
217 122
216 121
215 120
214 119
213 118
212 117
211 116
210 115
209 114
208 113
207 112
206 111
205 110
204 109
203 108
209 116
208 117
207 118
206 119
205 120
204 121
203 122
202 123
201 122
200 121
199 120
198 119
197 118
196 117
195 116
194 115
193 114
192 113
191 112
190 111
189 110
188 109
187 108
193 116
192 117
191 118
190 119
189 120
188 121
187 122
186 123
185 122
184 121
183 120
182 119
181 118
180 117
179 116
178 115
177 114
176 113
175 112
174 111
173 110
172 109
171 108
177 116
176 117
175 118
174 119
173 120
172 121
171 122
170 123
169 122
168 121
167 120
166 119
165 118
164 117
163 116
162 115
161 114
160 113
159 112
158 111
157 110
156 109
155 108
161 116
160 117
159 118
158 119
157 120
156 121
155 122
154 123
301 125
300 124
299 123
298 122
297 121
296 120
295 119
294 118
295 117
296 116
297 115
298 114
299 113
300 112
301 111
301 128
302 129
303 130
304 131
305 132
306 133
307 134
308 135
309 136
310 137
311 138
312 139
313 140
314 141
315 142
304 129
305 128
306 127
307 126
308 125
309 124
310 123
311 122
312 121
313 120
314 119
315 118
316 117
302 232
303 231
304 230
305 229
306 228
307 227
308 226
309 225
310 226
311 227
312 228
313 229
314 230
315 231
316 232
312 226
313 225
314 224
315 223
316 222
317 221
318 220
319 219
320 218
321 217
322 216
320 220
321 221
322 222
323 223
324 224
325 225
326 226
327 227
328 228
329 229
330 230
331 231
327 225
328 224
329 223
330 222
331 221
332 220
333 219
334 218
335 217
336 216
337 215
335 219
336 220
337 221
338 222
339 223
340 224
341 225
342 226
343 227
344 228
345 229
346 230
342 224
343 223
344 222
345 221
346 220
347 219
348 218
349 217
350 216
351 215
352 214
350 218
351 219
352 220
353 221
354 222
355 223
356 224
357 225
358 226
359 227
360 228
361 229
357 223
358 222
359 221
360 220
361 219
362 218
363 217
364 216
365 215
366 214
367 213
365 217
366 218
367 219
368 220
369 221
370 222
371 223
372 224
373 225
374 226
375 227
376 228
372 223
373 222
374 221
375 220
376 219
377 218
378 217
379 216
380 215
381 214
382 213
380 217
381 218
382 219
383 220
384 221
385 222
386 223
387 224
388 225
389 226
390 227
391 228
318 301
317 302
316 303
315 304
314 305
313 306
312 307
313 308
314 309
315 310
316 311
317 312
318 313
319 314
320 315
320 316
319 317
318 318
317 319
316 320
315 321
314 322
313 323
314 324
315 325
316 326
317 327
318 328
319 329
320 330
316 142
317 141
318 140
319 139
320 138
321 137
322 136
323 135
324 136
325 137
326 138
327 139
328 140
329 141
330 142
323 134
324 133
325 132
326 131
327 130
328 129
329 128
330 127
331 126
332 125
333 301
332 302
331 303
330 304
329 305
328 306
327 307
328 308
329 309
330 310
331 311
332 312
333 313
334 314
335 315
321 316
322 317
323 318
324 319
325 320
326 321
327 322
328 323
329 324
330 325
331 326
332 327
333 328
334 329
335 330
331 141
332 140
333 139
334 138
335 137
336 136
337 135
338 136
339 137
340 138
341 139
342 140
343 141
344 142
345 143
337 134
338 133
339 132
340 131
341 130
342 129
343 128
344 127
345 126
346 125
347 124
346 231
345 232
344 233
343 234
342 235
341 236
340 237
341 238
342 239
343 240
344 241
345 242
346 243
347 244
348 245
334 254
335 253
336 252
337 251
338 250
339 251
340 252
341 253
342 254
343 255
344 256
345 257
346 258
347 259
348 260
348 301
347 302
346 303
345 304
344 305
343 306
342 307
343 308
344 309
345 310
346 311
347 312
348 313
349 314
350 315
336 316
337 317
338 318
339 319
340 320
341 321
342 322
343 323
344 324
345 325
346 326
347 327
348 328
349 329
350 330
348 123
349 122
350 121
351 120
352 119
353 118
354 117
355 116
356 115
357 114
358 113
359 112
360 111
361 112
362 113
361 230
360 231
359 232
358 233
357 234
356 235
355 236
356 237
357 238
358 239
359 240
360 241
361 242
362 243
363 244
349 245
350 246
351 247
352 248
353 249
354 250
355 251
356 252
357 253
358 254
359 255
360 256
361 257
362 258
363 259
363 300
362 301
361 302
360 303
359 304
358 305
357 306
358 307
359 308
360 309
361 310
362 311
363 312
364 313
365 314
351 315
352 316
353 317
354 318
355 319
356 320
357 321
358 322
359 323
360 324
361 325
362 326
363 327
364 328
365 329
363 112
364 111
365 110
366 109
367 108
368 107
369 106
370 107
371 108
372 109
373 110
374 111
375 112
376 113
377 114
376 229
375 230
374 231
373 232
372 233
371 234
370 235
371 236
372 237
373 238
374 239
375 240
376 241
377 242
378 243
364 244
365 245
366 246
367 247
368 248
369 249
370 250
371 251
372 252
373 253
374 254
375 255
376 256
377 257
378 258
378 299
377 300
376 301
375 302
374 303
373 304
372 305
373 306
374 307
375 308
376 309
377 310
378 311
379 312
380 313
366 314
367 315
368 316
369 317
370 318
371 319
372 320
373 321
374 322
375 323
376 324
377 325
378 326
379 327
380 328
378 114
379 113
380 112
381 111
382 110
383 109
384 108
385 107
386 108
387 109
388 110
389 111
390 112
391 113
392 114
387 107
388 106
389 105
390 104
391 103
392 102
393 101
394 100
395 99
396 98
395 101
396 102
397 103
398 104
399 105
400 106
401 107
402 108
403 109
404 110
405 111
406 112
407 113
391 229
390 230
389 231
388 232
387 233
386 234
385 235
386 236
387 237
388 238
389 239
390 240
391 241
392 242
393 243
379 244
380 245
381 246
382 247
383 248
384 249
385 250
386 251
387 252
388 253
389 254
390 255
391 256
392 257
393 258
393 298
392 299
391 300
390 301
389 302
388 303
387 304
388 305
389 306
390 307
391 308
392 309
393 310
394 311
395 312
396 97
395 96
394 95
393 94
392 93
391 92
390 91
389 90
390 89
391 88
392 87
393 86
394 85
395 84
396 83
396 82
395 81
394 80
393 79
392 78
391 77
390 76
389 75
390 74
391 73
392 72
393 71
394 70
395 69
396 68
388 74
387 73
386 72
385 71
384 70
383 69
382 68
381 67
380 66
379 65
378 64
377 63
376 62
375 61
379 67
378 68
377 69
376 70
375 71
374 72
373 73
372 74
371 75
370 76
371 73
370 72
369 71
368 70
367 69
366 68
365 67
364 66
363 65
362 64
361 63
360 62
359 61
363 67
362 68
361 69
360 70
359 71
358 72
357 73
356 74
355 75
354 76
355 73
354 72
353 71
352 70
351 69
350 68
349 67
348 66
347 65
346 64
345 63
344 62
343 61
342 60
341 59
340 58
339 57
338 56
337 55
336 54
335 53
334 52
333 51
332 50
333 49
334 48
335 47
336 46
340 56
341 55
342 54
343 53
344 52
345 51
346 50
347 49
348 48
349 47
350 46
351 45
352 45
353 44
354 43
355 42
356 41
357 40
358 39
359 38
360 37
361 36
362 35
363 36
364 37
365 38
366 39
396 67
395 66
394 65
393 64
392 63
393 62
394 61
395 60
396 59
397 58
398 57
399 56
400 55
401 54
402 53
400 57
401 58
402 59
403 60
404 61
405 62
406 63
407 64
408 65
409 66
410 67
411 68
407 62
408 61
409 60
410 59
411 58
412 57
413 56
414 55
415 54
416 53
417 52
394 243
395 242
396 241
397 240
398 239
399 240
400 241
401 242
402 243
403 244
404 245
405 246
406 247
407 248
408 249
394 258
395 257
396 256
397 255
398 254
399 255
400 256
401 257
402 258
403 259
404 260
405 261
406 262
407 263
408 264
408 113
409 112
410 111
411 110
412 109
413 108
414 107
415 106
416 105
417 104
418 103
419 104
420 105
421 106
422 107
422 108
421 109
420 110
421 111
422 112
423 113
424 114
425 115
426 116
427 117
428 118
429 119
430 120
431 121
432 122
428 116
429 115
430 114
431 113
432 112
433 111
434 110
435 109
436 108
437 107
435 110
436 111
437 112
438 113
439 114
440 115
441 116
442 117
443 118
444 119
445 120
446 121
447 122
443 116
444 115
445 114
446 113
447 112
448 111
449 110
450 109
451 108
452 107
450 110
451 111
452 112
453 113
454 114
455 115
456 116
457 117
458 118
459 119
460 120
461 121
462 122
458 116
459 115
460 114
461 113
462 112
463 111
464 110
465 109
466 108
467 107
465 110
466 111
467 112
468 113
469 114
470 115
471 116
472 117
473 118
474 119
475 120
476 121
477 122
473 116
474 115
475 114
476 113
477 112
478 111
479 110
480 109
481 108
482 107
480 110
481 111
482 112
483 113
484 114
485 115
486 116
487 117
488 118
489 119
490 120
491 121
492 122
488 116
489 115
490 114
491 113
492 112
493 111
494 110
495 109
496 108
497 107
495 110
496 111
497 112
498 113
499 114
500 115
501 116
502 117
503 118
504 119
505 120
506 121
507 122
503 116
504 115
505 114
506 113
507 112
508 111
509 110
510 109
511 108
512 107
510 110
511 111
512 112
513 113
514 114
515 115
516 116
517 117
518 118
519 119
520 120
521 121
522 122
518 116
519 115
520 114
521 113
522 112
523 111
524 110
525 109
526 108
527 107
525 110
526 111
527 112
528 113
529 114
530 115
531 116
532 117
533 118
534 119
535 120
536 121
537 122
533 116
534 115
535 114
536 113
537 112
538 111
539 110
540 109
541 108
542 107
540 110
541 111
542 112
543 113
544 114
545 115
546 116
547 117
548 118
549 119
550 120
551 121
552 122
548 116
549 115
550 114
551 113
552 112
553 111
554 110
555 109
556 108
557 107
558 107
559 106
560 105
561 104
562 103
563 102
564 101
565 100
566 101
567 102
568 103
569 104
570 105
571 106
572 107
572 108
571 109
570 110
569 111
570 112
571 113
572 114
573 115
574 116
575 117
576 118
577 119
578 120
579 121
580 122
577 117
578 116
579 115
580 114
581 113
582 112
583 111
584 110
585 109
586 108
587 107
584 111
585 112
586 113
587 114
588 115
589 116
590 117
591 118
592 119
593 120
594 121
595 122
579 123
578 124
577 125
576 126
575 127
574 128
573 129
574 130
575 131
576 132
577 133
578 134
579 135
580 136
581 137
580 138
579 139
578 140
577 141
576 142
575 143
574 144
573 145
572 146
573 147
574 148
575 149
576 150
577 151
578 152
580 139
581 140
582 141
583 142
584 143
585 144
586 145
587 146
588 147
589 148
590 149
591 150
592 151
593 152
588 145
589 144
590 143
591 142
592 141
593 140
594 139
595 138
596 137
577 153
576 154
575 155
574 156
573 157
572 158
573 159
574 160
575 161
576 162
577 163
578 164
579 165
580 166
581 167
581 168
580 169
579 170
578 171
577 172
576 173
575 174
574 175
575 176
576 177
577 178
578 179
579 180
580 181
581 182
581 183
580 184
579 185
578 186
577 187
576 188
575 189
574 190
573 191
572 192
571 193
570 194
571 195
572 196
573 197
578 187
579 188
580 189
581 190
582 191
583 192
584 193
585 194
586 195
587 196
588 197
585 192
586 191
587 190
588 189
589 188
590 187
591 186
592 185
593 184
594 183
595 182
596 181
572 198
571 199
570 200
569 201
568 202
567 203
568 204
569 205
570 206
571 207
572 208
573 209
574 210
575 211
576 212
566 203
565 202
564 201
563 200
562 199
561 198
560 197
559 196
558 195
557 194
556 195
555 196
554 197
563 202
562 203
561 204
560 205
559 206
558 207
557 208
556 209
555 210
554 211
553 212
552 211
551 210
550 209
549 208
548 207
547 206
546 205
545 204
544 203
543 202
542 201
541 200
540 199
539 198
538 197
537 196
536 195
535 194
534 193
533 192
532 191
531 190
530 189
529 188
528 189
527 190
526 191
525 192
524 193
523 194
525 190
524 189
523 188
522 187
521 186
520 185
519 184
518 183
517 182
516 181
515 180
514 179
517 184
516 185
515 186
514 187
513 188
512 189
511 190
510 191
509 192
508 193
507 194
509 190
508 189
507 188
506 187
505 186
504 185
503 184
502 183
501 182
500 181
499 180
498 179
501 184
500 185
499 186
498 187
497 188
496 189
495 190
494 191
493 192
492 193
491 194
493 190
492 189
491 188
490 187
489 186
488 185
487 184
486 183
485 182
484 181
483 180
482 179
485 184
484 185
483 186
482 187
481 188
480 189
479 190
478 191
477 192
476 193
475 194
474 193
473 192
472 191
471 190
470 189
469 188
468 187
467 186
466 187
465 188
464 189
463 190
462 191
461 192
460 193
459 193
458 192
457 191
456 190
455 189
454 188
453 187
452 186
451 187
450 188
449 189
448 190
447 191
446 192
445 193
449 187
448 186
447 185
446 184
445 183
444 182
443 181
442 180
441 179
440 178
443 183
442 184
441 185
440 186
439 187
438 188
437 189
436 190
435 191
434 192
433 193
432 194
431 195
430 196
429 195
428 194
427 193
426 192
425 191
424 190
423 189
422 190
421 191
420 192
419 193
418 194
417 195
416 196
415 197
417 193
416 192
415 191
414 190
413 189
412 188
411 187
410 186
409 185
408 184
407 183
406 182
405 182
404 181
403 180
402 179
401 178
400 177
399 176
398 175
397 174
396 175
395 176
394 177
393 178
392 179
391 180
390 180
389 179
388 178
387 177
386 176
385 175
384 174
383 173
382 172
381 171
380 170
379 169
378 170
377 171
376 172
375 172
374 171
373 170
372 169
371 168
370 167
369 166
368 165
367 164
366 163
365 164
364 165
363 166
362 167
361 168
372 171
371 172
370 173
369 174
368 175
367 176
366 177
365 178
364 179
363 180
362 181
361 182
360 183
366 162
367 161
368 160
369 159
370 158
371 157
372 156
373 155
374 154
375 153
376 152
377 151
378 150
359 182
358 181
357 180
356 179
355 178
354 177
353 176
352 175
351 174
350 173
349 172
348 171
347 170
346 169
345 168
351 176
350 177
349 178
348 179
347 180
346 181
345 182
344 183
343 182
342 181
341 180
340 179
339 178
338 177
337 176
336 175
335 174
334 173
333 172
332 171
331 170
330 169
329 168
335 176
334 177
333 178
332 179
331 180
330 181
329 182
328 183
379 149
380 148
381 147
382 146
383 145
384 144
385 143
386 142
387 141
388 140
389 139
390 140
391 141
392 142
393 143
394 143
395 142
396 141
397 140
398 139
399 138
400 137
401 136
402 137
403 138
404 139
405 140
406 141
407 142
408 143
415 198
414 199
413 200
412 201
411 202
410 203
409 204
408 205
409 206
410 207
411 208
412 209
413 210
414 211
415 212
414 213
413 214
412 215
413 216
414 217
415 218
416 219
417 220
418 221
419 222
420 223
421 224
422 225
423 226
424 227
420 221
421 220
422 219
423 218
424 217
425 216
426 215
427 214
428 213
429 212
430 211
428 215
429 216
430 217
431 218
432 219
433 220
434 221
435 222
436 223
437 224
438 225
439 226
424 228
423 229
422 230
421 231
420 232
421 233
422 234
423 235
424 236
425 237
426 238
427 239
428 240
429 241
430 242
440 177
439 176
438 175
437 174
436 173
435 172
434 171
433 170
432 169
431 168
430 167
429 166
430 165
431 164
432 163
432 162
431 161
430 160
429 159
428 158
427 157
426 156
425 155
424 154
425 153
426 152
427 151
428 150
429 149
430 148
430 243
429 244
428 245
427 246
426 247
425 248
424 249
425 250
426 251
427 252
428 253
429 254
430 255
431 256
432 257
431 258
430 259
429 260
428 261
427 262
426 263
425 264
426 265
427 266
428 267
429 268
430 269
431 270
432 271
433 272
433 273
432 274
431 275
430 276
429 277
428 278
427 279
426 280
427 281
428 282
429 283
430 284
431 285
432 286
433 287
432 288
431 289
430 290
429 291
428 292
427 293
426 294
425 295
424 296
425 297
426 298
427 299
428 300
429 301
430 302
429 303
428 304
427 305
426 306
425 307
424 308
423 309
422 310
421 311
420 312
421 313
422 314
423 315
424 316
425 317
428 305
429 306
430 307
431 308
432 309
433 310
434 311
435 312
436 313
437 314
438 315
439 316
440 317
437 312
438 311
439 310
440 309
441 308
442 307
443 306
444 305
445 304
446 303
447 302
448 301
447 303
448 304
449 305
450 306
451 307
452 308
453 309
454 310
455 311
456 312
457 313
458 314
459 315
460 316
455 309
456 308
457 307
458 306
459 305
460 304
461 303
462 302
463 301
462 303
463 304
464 305
465 306
466 307
467 308
468 309
469 310
470 311
471 312
472 313
473 314
474 315
475 316
470 309
471 308
472 307
473 306
474 305
475 304
476 303
477 302
478 301
477 303
478 304
479 305
480 306
481 307
482 308
483 309
484 310
485 311
486 312
487 313
488 314
489 315
490 316
485 309
486 308
487 307
488 306
489 305
490 304
491 303
492 302
493 301
492 303
493 304
494 305
495 306
496 307
497 308
498 309
499 310
500 311
501 312
502 313
503 314
504 315
505 316
500 309
501 308
502 307
503 306
504 305
505 304
506 303
507 302
508 301
424 318
423 319
422 320
421 321
420 322
419 323
418 324
417 325
416 326
415 327
414 328
415 329
416 330
417 331
418 332
422 321
423 322
424 323
425 324
426 325
427 326
428 327
429 328
430 329
431 330
432 331
433 332
418 333
417 334
416 335
415 336
414 337
413 338
412 339
411 340
410 341
409 342
408 343
407 344
406 345
405 346
404 347
412 340
413 341
414 342
415 343
416 344
417 345
418 346
419 347
403 347
402 346
401 345
400 344
399 345
398 346
397 347
396 348
395 349
394 350
393 351
392 352
391 353
390 354
389 355
394 352
395 353
396 354
397 355
398 356
399 357
400 358
401 359
402 360
403 361
404 362
388 355
387 354
386 353
385 352
384 351
383 350
382 351
381 352
380 353
379 354
378 355
377 356
376 357
375 358
374 359
373 359
372 358
371 357
370 356
369 355
368 354
367 353
366 354
365 355
364 356
363 357
362 358
361 359
360 360
359 361
358 360
357 359
356 358
355 357
354 356
353 355
352 354
351 355
350 356
349 357
348 358
347 359
346 360
345 361
344 362
343 363
342 364
341 365
342 366
343 367
344 368
345 369
346 370
347 371
348 372
349 373
350 374
351 375
352 376
353 377
353 378
352 379
351 380
350 381
349 382
348 383
347 384
346 385
347 386
348 387
349 388
350 389
351 390
352 391
353 392
345 385
344 386
343 387
342 388
341 389
340 390
339 391
338 392
337 393
336 394
335 395
339 393
340 394
341 395
342 396
343 397
344 398
345 399
346 400
347 401
348 402
349 403
350 404
351 405
352 406
353 407
350 406
349 407
348 408
347 409
346 410
345 411
344 412
343 413
342 414
341 415
340 416
339 417
338 418
344 413
345 414
346 415
347 416
348 417
349 418
350 419
351 420
352 421
353 422
337 418
336 417
335 416
334 415
333 414
332 413
331 412
330 411
329 412
328 413
327 414
326 415
325 416
324 417
323 418
322 418
321 417
320 416
319 415
318 414
317 413
316 412
315 413
314 414
313 415
312 416
311 417
310 418
309 419
308 420
354 407
355 406
356 407
357 408
358 409
359 410
360 411
361 412
362 413
363 414
364 415
365 416
366 417
367 418
368 419
362 411
363 410
364 409
365 408
366 407
367 406
368 405
369 404
370 403
371 402
372 401
369 406
370 407
371 408
372 409
373 410
374 411
375 412
376 413
377 414
378 415
379 416
380 417
381 418
382 419
383 420
383 421
382 422
383 423
384 424
385 425
386 426
387 427
388 428
389 429
390 430
391 431
392 432
393 433
394 434
395 435
395 436
394 437
393 438
392 439
391 440
390 441
389 442
388 443
389 444
390 445
391 446
392 447
393 448
394 449
395 450
396 434
397 433
398 432
399 431
400 430
401 429
402 428
403 427
404 426
405 425
406 424
407 423
408 422
409 421
410 422
402 429
403 430
404 431
405 432
406 433
407 434
408 435
409 436
410 437
411 422
412 421
413 420
414 419
415 418
416 417
417 416
418 415
419 416
420 417
421 418
422 419
423 420
424 421
425 422
418 414
419 413
420 412
421 411
422 410
423 409
424 408
425 407
426 406
427 405
428 404
429 403
430 402
427 407
428 408
429 409
430 410
431 411
432 412
433 413
434 414
435 415
436 416
437 417
438 418
439 419
440 420
411 423
412 424
413 425
414 426
415 427
416 428
417 429
418 430
419 431
420 432
421 433
422 434
423 435
424 436
425 437
429 401
428 400
427 399
426 398
425 397
424 396
423 395
424 394
425 393
426 392
427 391
428 390
429 389
430 388
431 387
419 348
420 349
421 350
422 351
423 352
424 353
425 354
426 355
427 356
428 357
429 358
430 359
431 360
432 361
433 362
427 354
428 353
429 352
430 351
431 350
432 349
433 348
434 347
426 421
427 422
428 423
429 424
430 425
431 426
432 427
433 428
434 429
435 430
436 431
437 432
438 433
439 434
440 435
433 257
434 256
435 255
436 254
437 253
438 252
439 251
440 250
441 249
442 248
443 247
444 246
445 245
446 244
447 243
436 256
437 257
438 258
439 259
440 260
441 261
442 262
443 263
444 264
445 265
446 266
447 267
448 268
435 347
436 346
437 345
438 344
439 343
440 342
441 341
442 340
443 339
444 338
445 337
446 336
447 337
448 338
449 339
441 420
442 419
443 418
444 417
445 416
446 415
447 414
448 413
449 414
450 415
451 416
452 417
453 418
454 419
455 420
441 421
442 422
443 423
444 424
445 425
446 426
447 427
448 428
449 429
450 430
451 431
452 432
453 433
454 434
455 435
446 242
447 241
448 240
449 239
450 238
451 237
452 236
453 235
454 234
455 233
456 232
457 231
458 230
459 229
460 228
454 235
455 236
456 237
457 238
458 239
459 240
460 241
461 242
462 243
462 241
463 240
464 239
465 238
466 237
467 236
468 235
469 234
470 233
471 232
472 231
473 230
474 229
475 228
469 235
470 236
471 237
472 238
473 239
474 240
475 241
476 242
477 243
477 241
478 240
479 239
480 238
481 237
482 236
483 235
484 234
485 233
486 232
487 231
488 230
489 229
490 228
484 235
485 236
486 237
487 238
488 239
489 240
490 241
491 242
492 243
492 241
493 240
494 239
495 238
496 237
497 236
498 235
499 234
500 233
501 232
502 231
503 230
504 229
505 228
499 235
500 236
501 237
502 238
503 239
504 240
505 241
506 242
507 243
507 241
508 240
509 239
510 238
511 237
512 236
513 235
514 234
515 233
516 232
517 231
518 230
519 229
520 228
514 235
515 236
516 237
517 238
518 239
519 240
520 241
521 242
522 243
461 244
460 245
459 246
458 247
457 248
456 249
455 250
456 251
457 252
458 253
459 254
460 255
461 256
462 257
463 258
449 267
450 266
451 265
452 264
453 263
454 264
455 265
456 266
457 267
458 268
459 269
460 270
461 271
462 272
463 273
450 339
451 338
452 337
453 336
454 335
455 334
456 333
457 332
458 333
459 334
460 335
461 336
462 337
463 338
464 339
464 340
463 341
462 342
461 343
460 344
461 345
462 346
463 347
464 348
465 349
466 350
467 351
468 352
469 353
470 354
468 350
469 349
470 348
471 347
472 346
473 345
474 344
475 343
476 342
477 341
478 340
479 339
475 344
476 345
477 346
478 347
479 348
480 349
481 350
482 351
483 352
484 353
485 354
483 350
484 349
485 348
486 347
487 346
488 345
489 344
490 343
491 342
492 341
493 340
494 339
490 344
491 345
492 346
493 347
494 348
495 349
496 350
497 351
498 352
499 353
500 354
498 350
499 349
500 348
501 347
502 346
503 345
504 344
505 343
506 342
507 341
508 340
509 339
456 420
457 419
458 418
459 417
460 416
461 415
462 414
463 413
464 414
465 415
466 416
467 417
468 418
469 419
470 420
464 412
465 411
466 410
467 409
468 408
469 407
470 406
471 405
472 404
473 403
456 421
457 422
458 423
459 424
460 425
461 426
462 427
463 428
464 429
465 430
466 431
467 432
468 433
469 434
470 435
464 258
465 257
466 256
467 257
468 258
469 259
470 260
471 261
472 262
473 263
474 264
475 265
476 266
477 267
478 268
471 406
472 407
473 408
474 409
475 410
476 411
477 412
478 413
479 414
480 415
481 416
482 417
483 418
484 419
485 420
479 412
480 411
481 410
482 409
483 408
484 407
485 406
486 405
487 404
488 403
471 421
472 422
473 423
474 424
475 425
476 426
477 427
478 428
479 429
480 430
481 431
482 432
483 433
484 434
485 435
479 267
480 266
481 265
482 264
483 263
484 262
485 261
486 260
487 261
488 262
489 263
490 264
491 265
492 266
493 267
486 407
487 408
488 409
489 410
490 411
491 412
492 413
493 414
494 415
495 416
496 417
497 418
498 419
499 420
500 421
494 413
495 412
496 411
497 410
498 409
499 408
500 407
501 406
502 405
503 404
486 434
487 433
488 432
489 431
490 430
491 429
492 428
493 429
494 430
495 431
496 432
497 433
498 434
499 435
500 436
493 268
494 269
495 270
496 271
497 272
498 273
499 274
500 275
501 276
502 277
503 278
504 279
505 280
506 281
507 282
501 274
502 273
503 272
504 271
505 270
506 269
507 268
508 267
501 407
502 408
503 409
504 410
505 411
506 412
507 413
508 414
509 415
510 416
511 417
512 418
513 419
514 420
515 421
501 422
502 423
503 424
504 425
505 426
506 427
507 428
508 429
509 430
510 431
511 432
512 433
513 434
514 435
515 436
506 316
507 315
508 314
509 313
510 312
511 311
512 312
513 313
514 314
515 315
516 316
517 317
518 318
519 319
520 320
514 312
515 311
516 310
517 309
518 308
519 307
520 306
521 305
522 304
523 303
509 266
510 265
511 264
512 263
513 262
514 261
515 262
516 263
517 264
518 265
519 266
520 267
521 268
522 269
523 270
510 339
511 338
512 337
513 336
514 335
515 334
516 333
517 332
518 333
519 334
520 335
521 336
522 337
523 338
524 339
516 421
517 420
518 419
519 418
520 417
521 416
522 415
523 414
524 415
525 416
526 417
527 418
528 419
529 420
530 421
516 422
517 423
518 424
519 425
520 426
521 427
522 428
523 429
524 430
525 431
526 432
527 433
528 434
529 435
530 436
523 243
524 242
525 241
526 240
527 239
528 238
529 237
530 236
531 235
532 236
533 237
534 238
535 239
536 240
537 241
524 270
525 269
526 268
527 267
528 266
529 265
530 264
531 263
532 264
533 265
534 266
535 267
536 268
537 269
538 270
524 302
525 301
526 300
527 299
528 298
529 297
530 296
531 295
532 294
533 293
534 292
535 293
536 294
537 295
538 296
528 300
529 301
530 302
531 303
532 304
533 305
534 306
535 307
536 308
537 309
538 310
539 311
539 312
538 313
537 314
536 315
535 316
534 317
533 318
532 319
533 320
534 321
535 322
536 323
537 324
538 325
539 326
525 339
526 338
527 337
528 336
529 335
530 334
531 333
532 334
533 335
534 336
535 337
536 338
537 339
538 340
539 341
539 342
538 343
537 344
536 345
535 346
534 347
533 348
534 349
535 350
536 351
537 352
538 353
539 354
540 355
541 356
531 421
532 420
533 419
534 418
535 417
536 416
537 415
538 414
539 415
540 416
541 417
542 418
543 419
544 420
545 421
531 422
532 423
533 424
534 425
535 426
536 427
537 428
538 429
539 430
540 431
541 432
542 433
543 434
544 435
545 436
552 213
551 214
550 215
549 216
548 217
547 218
546 219
545 220
546 221
547 222
548 223
549 224
550 225
551 226
552 227
538 240
539 239
540 238
541 237
542 236
543 235
544 234
545 235
546 236
547 237
548 238
549 239
550 240
551 241
552 242
551 243
550 244
549 245
548 246
547 247
546 248
545 249
546 250
547 251
548 252
549 253
550 254
551 255
552 256
553 257
546 420
547 419
548 418
549 419
550 420
551 421
552 422
553 423
554 424
555 425
556 426
557 427
558 428
559 429
560 430
561 430
562 429
563 428
564 427
565 426
566 425
567 424
568 423
569 424
570 425
571 426
572 427
573 428
574 429
575 430
571 424
572 423
573 422
574 421
575 420
576 419
577 418
578 417
579 416
580 415
581 414
579 418
580 419
581 420
582 421
583 422
584 423
585 424
586 425
587 426
588 427
589 428
590 429
586 423
587 422
588 421
589 420
590 419
591 418
592 417
593 416
594 415
595 414
596 413
576 213
575 214
574 215
573 216
572 217
571 218
570 219
569 220
570 221
571 222
572 223
573 224
574 225
575 226
576 227
576 228
575 229
574 230
573 231
572 232
571 233
570 234
569 235
570 236
571 237
572 238
573 239
574 240
575 241
576 242
576 243
575 244
574 245
573 246
572 247
571 248
570 249
569 250
570 251
571 252
572 253
573 254
574 255
575 256
576 257
576 258
575 259
574 260
573 261
572 262
571 263
570 264
569 265
570 266
571 267
572 268
573 269
574 270
575 271
576 272
575 273
574 274
573 275
572 276
571 277
570 278
569 279
568 280
569 281
570 282
571 283
572 284
573 285
574 286
575 287
575 288
574 289
573 290
572 291
571 292
570 293
569 294
568 295
569 296
570 297
571 298
572 299
573 300
574 301
575 302
575 303
574 304
573 305
572 306
571 307
570 308
569 309
568 310
569 311
570 312
571 313
572 314
573 315
574 316
575 317
575 318
574 319
573 320
572 321
571 322
570 323
569 324
568 325
569 326
570 327
571 328
572 329
573 330
574 331
575 332
575 333
574 334
573 335
572 336
571 337
570 338
569 339
568 340
569 341
570 342
571 343
572 344
573 345
574 346
575 347
580 413
579 412
578 411
577 410
576 409
575 408
574 407
573 406
574 405
575 404
576 403
577 402
578 401
579 400
580 399
580 398
579 397
578 396
577 395
576 394
575 393
574 392
573 391
572 390
573 389
574 388
575 387
576 386
577 385
578 384
580 396
581 395
582 394
583 393
584 392
585 391
586 390
587 389
588 388
589 387
590 386
591 385
592 384
593 383
587 390
588 391
589 392
590 393
591 394
592 395
593 396
594 397
595 398
575 348
574 349
573 350
572 351
571 352
572 353
573 354
574 355
575 356
576 357
577 358
578 359
579 360
580 361
581 362
579 358
580 357
581 356
582 355
583 354
584 353
585 352
586 351
587 350
588 349
589 348
590 347
586 352
587 353
588 354
589 355
590 356
591 357
592 358
593 359
594 360
595 361
596 362
592 356
593 355
594 354
595 353
596 352
597 351
598 350
599 349
600 348
601 347
602 346
603 345
604 344
605 343
602 344
601 343
600 342
599 341
598 340
597 339
596 338
595 337
594 336
593 335
592 334
591 333
590 332
576 273
577 274
578 275
579 276
580 277
581 278
582 279
583 280
584 281
585 282
586 283
587 284
588 285
589 286
590 287
584 279
585 278
586 277
587 276
588 275
589 274
590 273
591 272
576 288
577 289
578 290
579 291
580 292
581 293
582 294
583 295
584 296
585 297
586 298
587 299
588 300
589 301
590 302
576 303
577 304
578 305
579 306
580 307
581 308
582 309
583 310
584 311
585 312
586 313
587 314
588 315
589 316
590 317
576 430
577 431
578 432
579 433
580 434
581 435
582 436
583 437
584 438
585 439
586 440
587 441
588 442
589 443
590 444
587 198
586 199
585 200
584 201
583 202
582 203
583 204
584 205
585 206
586 207
587 208
588 209
589 210
590 211
591 212
577 213
578 214
579 215
580 216
581 217
582 218
583 219
584 220
585 221
586 222
587 223
588 224
589 225
590 226
591 227
577 228
578 229
579 230
580 231
581 232
582 233
583 234
584 235
585 236
586 237
587 238
588 239
589 240
590 241
591 242
577 243
578 244
579 245
580 246
581 247
582 248
583 249
584 250
585 251
586 252
587 253
588 254
589 255
590 256
591 257
591 302
592 301
593 300
594 299
595 298
596 297
597 298
598 299
599 300
600 301
601 302
602 303
603 304
604 305
605 306
592 211
593 210
594 209
595 208
596 207
597 206
598 205
599 204
600 203
601 202
602 201
603 200
604 201
605 202
606 203
592 226
593 225
594 224
595 223
596 224
597 225
598 226
599 227
600 228
601 229
602 230
603 231
604 232
605 233
606 234
592 256
593 255
594 256
595 257
596 258
597 259
598 260
599 261
600 262
601 263
602 264
603 265
604 266
605 267
606 268
594 140
595 141
596 142
597 143
598 144
599 145
600 146
601 147
602 148
603 149
604 150
605 151
606 152
607 153
608 154
596 397
597 396
598 395
599 394
600 393
601 392
602 391
603 390
604 389
605 388
606 387
607 386
608 385
609 386
610 387
606 306
607 305
608 304
609 303
610 302
611 301
612 300
613 299
614 300
615 301
616 302
617 303
618 304
619 305
620 306
606 343
607 342
608 341
609 340
610 339
611 338
612 337
613 336
614 335
615 336
616 337
617 338
618 339
619 340
620 341
607 202
608 201
609 200
610 199
611 198
612 197
613 196
614 195
615 196
616 197
617 198
618 199
619 200
620 201
621 202
607 234
608 233
609 232
610 231
611 230
612 229
613 228
614 227
615 228
616 229
617 230
618 231
619 232
620 233
621 234
607 268
608 267
609 266
610 265
611 264
612 263
613 262
614 261
615 262
616 263
617 264
618 265
619 266
620 267
621 268
608 152
609 151
610 150
611 149
612 148
613 147
614 146
615 145
616 144
617 143
618 142
619 141
620 140
621 139
622 138
616 146
617 147
618 148
619 149
620 150
621 151
622 152
623 153
609 388
610 389
611 390
612 391
613 392
614 393
615 394
616 395
617 396
618 397
619 398
620 399
621 400
622 401
623 402
617 394
618 393
619 392
620 391
621 390
622 389
623 388
624 387
625 386
625 388
626 389
627 390
628 391
629 392
630 393
631 394
632 395
633 396
634 397
635 398
636 399
637 400
638 401
632 393
633 392
634 391
635 390
636 389
637 388
638 387
639 386
640 385
622 154
621 155
620 156
619 157
618 158
617 159
618 160
619 161
620 162
621 163
622 164
623 165
624 166
625 167
626 168
625 165
626 164
627 163
628 162
629 161
630 160
631 159
632 158
633 157
634 156
635 155
636 154
637 153
638 152
102 153
101 152
100 151
99 150
98 149
97 150
96 151
95 152
94 153
93 154
92 155
91 156
90 157
89 158
88 159
87 160
134 391
133 392
132 393
131 394
130 395
129 396
128 397
127 398
126 399
125 400
124 401
123 402
122 403
121 404
122 405
123 406
124 407
103 184
102 183
101 182
100 181
99 180
98 179
97 178
96 177
95 176
94 175
93 176
92 177
91 178
90 179
89 180
88 181
87 182
86 183
85 183
84 182
83 181
82 180
81 179
80 178
79 177
78 176
77 177
76 178
75 179
74 180
73 181
72 182
71 183
70 183
69 182
68 181
67 180
66 179
65 178
64 177
63 176
62 177
61 178
60 179
59 180
58 181
57 182
56 183
132 374
131 373
130 372
129 371
128 370
127 369
126 368
125 367
124 366
123 365
122 364
121 363
120 362
119 361
118 360
117 359
116 360
115 361
114 361
113 360
112 359
111 358
110 357
109 356
108 355
107 354
106 355
105 356
104 357
103 358
102 359
101 360
100 361
99 361
98 360
97 359
96 358
95 357
94 356
93 355
92 354
91 355
90 356
89 357
88 358
87 359
86 360
85 361
84 360
83 359
82 358
81 357
80 356
79 355
78 354
77 353
76 352
75 353
74 354
73 355
72 356
71 357
70 358
69 358
68 357
67 356
66 355
65 354
64 353
63 352
62 351
61 352
60 353
59 354
58 355
57 356
56 357
55 358
283 106
284 105
285 104
286 103
287 102
288 101
289 100
290 99
291 98
292 97
293 96
294 95
295 94
296 93
297 92
298 91
299 90
300 89
299 88
298 87
297 86
296 85
295 84
294 83
293 82
292 81
291 80
290 79
289 78
290 77
291 76
292 75
293 74
297 84
298 83
299 82
300 81
301 80
302 79
303 78
304 77
305 76
306 75
307 74
308 73
292 73
291 72
290 71
289 70
288 69
287 68
286 67
285 66
284 65
283 64
282 63
283 62
284 61
285 60
286 59
290 69
291 68
292 67
293 66
294 65
295 64
296 63
297 62
298 61
299 60
300 59
301 58
123 408
122 409
121 410
120 411
119 412
118 413
117 414
116 415
115 416
114 417
113 418
112 419
111 420
110 421
109 422
108 423
107 424
106 425
105 426
106 427
387 444
386 445
385 446
384 447
383 448
382 449
381 450
380 451
379 452
378 453
377 454
376 455
375 456
374 457
373 458
372 459
371 460
370 461
369 462
368 463
367 463
366 462
365 461
364 460
363 459
362 458
361 457
360 456
359 455
358 454
357 453
356 454
355 455
354 456
353 457
363 461
362 462
361 463
360 464
359 465
358 466
357 467
356 468
355 469
354 470
353 471
352 472
357 468
358 469
359 470
360 471
361 472
362 473
363 474
364 475
365 476
366 477
367 478
363 476
362 477
361 478
360 479
359 480
358 481
357 482
356 483
355 484
354 485
353 486
352 487
357 483
358 484
359 485
360 486
361 487
362 488
363 489
364 490
365 491
366 492
367 493
363 491
362 492
361 493
360 494
359 495
358 496
357 497
356 498
355 499
354 500
353 501
352 502
351 471
350 470
349 469
348 468
347 467
346 466
345 465
344 466
343 467
342 468
341 469
340 470
339 471
338 472
337 473
336 474
335 475
334 476
333 477
332 478
331 479
330 480
329 481
328 482
329 483
330 484
331 485
332 486
333 487
334 488
327 482
326 481
325 480
324 479
323 478
322 477
321 476
320 475
319 474
318 473
317 472
316 473
315 474
314 475
313 476
322 479
321 480
320 481
319 482
318 483
317 484
316 485
315 486
314 487
313 488
312 489
311 490
310 491
310 489
309 488
308 487
307 486
306 485
305 484
304 483
303 482
302 481
301 480
300 479
299 478
298 477
297 476
302 483
301 484
300 485
299 486
298 487
297 488
296 489
295 490
294 491
317 471
316 470
315 469
314 468
313 467
312 466
311 465
310 464
309 463
308 462
307 461
306 460
305 459
306 458
461 123
460 124
459 125
458 126
457 127
458 128
459 129
460 130
461 131
462 132
463 133
464 134
465 135
466 136
467 137
468 138
469 139
470 140
471 141
472 142
473 142
474 141
475 140
476 139
477 138
478 137
479 136
480 135
481 136
482 137
483 138
484 139
485 140
486 141
487 142
488 142
489 141
490 140
491 139
492 138
493 137
494 136
495 135
496 136
497 137
498 138
499 139
500 140
501 141
502 142
375 457
376 458
377 459
378 460
379 461
380 462
381 463
382 464
383 465
384 466
385 467
386 468
387 469
388 470
389 471
390 472
391 473
392 474
393 475
394 476
395 477
394 478
393 479
392 480
391 481
392 482
393 483
394 484
395 485
396 486
397 487
398 488
399 489
400 490
401 491
402 492
399 488
400 487
401 486
402 485
403 484
404 483
405 482
406 481
407 480
408 479
409 478
410 477
85 284
84 283
83 282
82 281
81 280
80 279
79 278
78 277
77 276
76 275
75 274
74 275
73 276
72 277
71 278
70 279
69 280
68 281
67 282
66 283
65 284
64 285
74 273
73 272
72 271
71 270
70 269
69 268
68 267
67 266
66 265
65 264
64 263
63 262
62 261
61 260
60 259
59 258
58 257
59 256
60 255
59 254
58 253
57 252
56 251
55 250
54 249
53 248
52 247
51 246
52 245
53 244
54 243
55 242
56 241
57 240
58 239
59 238
60 237
61 236
63 286
62 287
61 288
60 289
59 290
58 291
57 292
56 293
55 294
54 295
53 296
52 297
53 298
54 299
55 300
56 301
57 302
58 303
59 304
60 305
61 306
237 362
236 363
235 364
234 365
233 366
232 367
231 368
230 369
229 370
228 371
229 372
230 373
231 374
232 375
233 376
234 377
235 378
236 379
237 380
238 381
239 382
240 383
240 384
239 385
238 386
237 387
236 388
235 389
234 390
233 391
234 392
235 393
236 394
237 395
238 396
239 397
240 398
571 146
570 145
569 144
568 143
567 142
566 143
565 144
564 145
563 146
562 147
561 148
560 149
559 150
558 151
557 152
556 153
555 154
554 155
553 156
552 157
551 158
550 159
571 390
570 389
569 388
568 387
567 386
566 385
565 384
564 383
563 382
562 381
561 380
560 379
559 378
558 377
557 378
556 379
555 380
554 381
553 382
552 383
551 384
550 385
63 175
62 174
61 173
60 172
59 171
58 170
57 169
56 168
55 167
54 166
53 165
52 164
51 163
50 162
49 161
48 160
47 159
48 158
49 157
50 156
51 155
52 154
53 153
46 160
45 161
44 162
43 163
42 164
41 165
40 166
39 167
38 168
37 169
36 170
35 171
34 172
33 173
32 174
31 175
30 176
239 399
238 400
237 401
236 402
235 403
234 404
233 405
232 406
231 407
230 408
229 409
228 410
227 411
226 412
225 413
224 414
223 415
222 416
221 417
220 418
219 419
218 420
217 421
225 415
226 416
227 417
228 418
229 419
230 420
231 421
232 422
216 421
215 420
214 419
213 418
212 417
211 416
210 415
209 414
208 415
207 416
206 417
205 418
204 419
203 420
202 421
201 421
200 420
199 419
198 418
197 417
196 416
195 415
194 414
193 415
192 416
191 417
190 418
189 419
188 420
187 421
186 421
185 420
184 419
183 418
182 417
181 416
180 415
179 414
178 415
177 416
176 417
175 418
174 419
173 420
172 421
171 420
170 419
169 418
168 417
167 416
166 415
165 414
164 413
163 414
162 415
161 416
160 417
159 418
158 419
157 420
233 422
234 421
235 420
236 419
237 418
238 417
239 416
240 415
241 416
242 417
243 418
244 419
245 420
246 421
247 422
248 422
249 421
250 420
251 419
252 418
253 417
254 416
255 415
256 416
257 417
258 418
259 419
260 420
261 421
262 422
256 414
257 413
258 412
259 411
260 410
261 409
262 408
263 407
264 406
265 405
266 404
267 403
268 402
269 401
270 400
270 399
269 398
268 397
267 396
266 395
265 394
264 393
263 392
264 391
265 390
266 389
267 388
268 387
269 386
270 385
263 408
264 409
265 410
266 411
267 412
268 413
269 414
270 415
271 416
272 417
273 418
274 419
275 420
276 421
277 422
54 358
53 357
52 356
51 355
50 354
49 353
48 352
47 351
46 350
45 349
44 348
43 347
42 346
41 347
40 348
39 349
38 350
37 351
36 352
35 353
34 354
33 355
32 356
31 357
30 358
29 359
37 349
36 348
35 347
34 346
33 345
32 344
31 343
30 342
29 341
28 340
27 339
26 338
25 337
24 336
23 335
22 334
21 333
51 244
50 243
49 242
48 241
47 240
46 239
45 238
44 237
43 236
42 235
41 234
40 233
39 232
38 231
37 230
36 229
35 228
34 227
33 226
32 225
31 224
30 223
29 222
28 221
27 220
26 219
25 218
24 217
23 216
22 215
84 362
83 363
82 364
81 365
80 366
79 367
78 368
77 369
76 370
75 371
74 372
73 373
72 374
71 375
70 376
69 377
68 378
67 379
66 380
65 381
64 382
63 383
62 384
61 385
60 386
59 387
58 388
57 389
56 390
55 391
407 204
406 203
405 202
404 201
403 200
402 199
401 198
400 197
95 151
94 150
93 149
92 148
91 147
90 146
89 145
88 144
87 143
348 67
347 68
346 69
345 70
344 71
343 72
342 73
341 74
340 75
339 76
505 344
506 345
507 346
508 347
509 348
510 349
511 350
512 351
513 352
514 353
515 354
592 117
593 116
594 115
595 114
596 113
597 112
598 111
599 110
600 109
601 108
602 107
108 353
109 352
110 351
111 350
112 349
113 348
114 347
115 346
116 345
117 344
118 343
119 342
171 422
170 423
169 424
168 425
167 426
166 427
165 428
164 429
163 430
162 431
161 432
160 433
159 434
158 435
358 362
357 363
356 364
357 365
358 366
359 367
360 368
361 369
362 370
363 371
364 372
365 373
366 374
367 375
368 376
623 137
624 136
625 135
626 134
627 133
628 132
629 131
630 130
631 131
632 132
633 133
634 134
635 135
636 136
637 137
110 349
109 348
108 347
107 346
106 345
105 344
104 343
103 342
263 391
262 390
261 389
260 388
259 387
258 386
257 385
256 384
255 383
539 270
540 269
541 268
542 267
543 266
544 265
545 264
546 265
547 266
548 267
549 268
550 269
551 270
552 271
553 272
180 365
179 366
178 367
177 368
176 369
175 370
174 371
173 372
172 373
173 374
174 375
175 376
176 377
177 378
178 379
179 380
180 381
181 382
103 222
102 223
101 224
100 225
99 226
98 227
97 228
96 229
95 230
94 231
93 232
92 233
91 234
300 331
299 332
298 333
297 334
296 335
295 336
294 337
295 338
296 339
297 340
298 341
299 342
300 343
301 344
302 345
501 355
502 356
503 357
504 358
505 359
506 360
507 361
508 362
509 363
510 364
511 365
512 366
513 367
514 368
515 369
333 489
332 490
331 491
330 492
329 493
328 494
327 495
328 496
329 497
330 498
331 499
332 500
333 501
334 502
335 503
545 205
544 206
543 207
542 208
541 209
540 210
539 211
538 212
102 225
103 226
104 227
105 228
106 229
107 230
108 231
109 232
110 233
111 234
112 235
113 236
539 296
540 295
541 294
542 293
543 292
544 291
545 290
546 289
547 288
548 287
549 286
550 285
551 286
552 287
467 185
466 184
465 183
464 182
463 181
464 180
465 179
466 178
467 177
93 311
94 312
95 313
96 314
97 315
98 316
99 317
100 318
101 319
102 320
103 321
104 322
105 323
106 324
107 325
120 404
119 403
118 402
117 401
116 400
115 399
114 398
113 397
112 396
111 395
110 394
109 393
108 392
107 391
106 390
105 389
104 388
103 389
102 390
341 367
340 368
339 369
338 370
337 371
336 372
335 373
334 374
333 375
567 339
566 338
565 339
564 340
563 341
562 342
561 343
560 344
559 345
558 346
557 347
556 348
640 384
639 383
638 382
637 381
636 380
635 379
634 378
633 377
632 376
631 375
630 374
629 373
628 372
627 371
182 382
183 381
184 380
185 379
186 378
187 377
188 376
189 375
190 376
191 377
192 378
193 379
194 380
195 381
196 382
144 196
143 197
142 198
141 199
140 200
139 201
138 202
137 203
79 368
80 369
81 370
82 371
83 372
84 373
85 374
86 375
87 376
88 377
503 359
502 360
501 361
500 362
499 363
498 364
497 365
496 366
495 367
494 368
493 369
434 219
435 218
436 217
437 216
438 215
439 214
440 213
441 212
442 211
443 210
444 209
445 208
302 58
303 57
304 56
305 55
306 54
307 53
308 52
309 51
310 52
311 53
312 54
313 55
314 56
315 57
316 58
620 342
619 343
618 344
617 345
618 346
619 347
620 348
621 349
622 350
623 351
624 352
625 353
626 354
627 355
628 356
353 77
352 78
351 79
350 80
349 81
348 82
347 83
348 84
349 85
350 86
351 87
352 88
353 89
354 90
355 91
470 355
469 356
468 357
467 358
466 359
465 360
464 361
463 362
462 363
463 364
464 365
465 366
466 367
467 368
468 369
98 318
97 319
96 320
95 321
94 322
93 323
92 324
91 325
230 339
229 340
228 341
227 342
226 343
225 344
224 345
223 346
439 344
440 345
441 346
442 347
443 348
444 349
445 350
446 351
447 352
448 353
449 354
115 302
114 301
113 300
112 299
111 298
110 297
111 296
112 295
113 294
114 293
115 292
116 291
462 274
461 275
462 276
463 277
464 278
465 279
466 280
467 281
468 282
469 283
470 284
471 285
472 286
192 202
193 201
194 200
195 199
196 198
197 197
198 196
199 195
396 449
397 448
398 449
399 450
400 451
401 452
402 453
403 454
404 455
405 456
406 457
407 458
408 459
202 218
201 219
200 220
199 221
198 222
197 223
196 224
195 225
292 180
291 181
290 182
289 183
288 184
287 185
286 186
285 187
284 188
283 189
282 190
406 483
407 484
408 485
409 486
410 487
411 488
412 489
413 490
414 491
415 492
416 493
304 55
303 54
302 53
301 52
300 51
299 50
298 49
297 48
296 47
295 46
294 45
293 44
125 365
126 364
127 363
128 362
129 361
130 360
166 428
167 429
168 430
169 431
170 432
171 433
172 434
173 435
175 342
174 341
173 340
172 339
171 340
170 341
169 342
168 343
167 344
166 345
432 386
433 385
434 384
435 383
436 382
437 381
438 380
439 379
440 378
441 377
442 376
443 377
593 418
594 419
595 420
596 421
597 422
598 423
599 424
600 425
601 426
602 427
603 428
604 429
185 422
184 423
183 424
182 425
181 426
180 427
181 428
182 429
183 430
184 431
185 432
186 433
187 434
188 435
200 422
199 423
198 424
197 425
196 426
195 427
196 428
197 429
198 430
199 431
200 432
201 433
202 434
203 435
258 301
257 302
256 303
255 304
254 305
253 306
252 307
253 308
254 309
255 310
256 311
257 312
258 313
259 314
319 331
318 332
317 333
316 334
315 335
314 336
313 337
314 338
315 339
316 340
317 341
318 342
319 343
320 344
180 383
179 384
178 385
177 386
176 387
175 388
174 389
173 390
174 391
175 392
176 393
177 394
178 395
179 396
180 397
397 69
398 70
399 71
400 72
401 73
402 74
403 75
404 76
405 77
406 78
407 79
408 80
409 81
410 82
411 83
142 332
141 331
140 330
139 329
138 328
137 327
136 326
135 325
290 306
289 307
288 308
287 309
286 310
285 311
284 312
283 313
282 314
281 315
215 422
214 423
213 424
212 425
211 426
210 427
211 428
212 429
213 430
214 431
215 432
216 433
217 434
218 435
321 215
320 214
319 213
318 212
317 211
316 210
315 209
316 208
317 207
318 206
319 205
320 204
321 203
322 202
197 382
198 381
199 380
200 379
201 378
202 377
203 376
204 375
205 376
206 377
207 378
208 379
209 380
210 381
211 382
86 142
85 141
84 140
83 139
82 138
81 137
80 136
79 135
78 134
77 133
76 132
75 133
74 134
73 135
72 136
71 137
276 423
275 424
274 425
275 426
276 427
277 428
278 429
279 430
280 431
281 432
282 433
283 434
284 435
54 391
53 390
52 389
51 388
50 387
49 386
48 385
47 384
46 383
45 382
44 381
43 380
42 381
41 382
40 383
549 384
548 383
547 382
546 381
545 380
544 379
543 380
542 381
541 382
540 383
539 384
538 385
537 386
536 387
535 388
399 359
398 360
397 361
396 362
395 363
394 364
393 365
392 366
391 367
390 368
389 369
388 370
199 334
198 335
197 336
198 337
199 338
200 339
201 340
202 341
203 342
204 343
205 344
206 345
207 346
208 347
174 357
173 356
172 357
171 358
170 359
169 360
168 361
167 362
274 351
275 350
276 349
277 348
278 347
279 346
280 345
281 344
282 343
243 206
242 205
241 204
240 203
239 202
238 201
237 200
236 199
235 198
234 197
233 196
232 195
231 194
232 193
233 192
381 313
382 314
383 315
384 316
385 317
386 318
387 319
388 320
389 321
390 322
391 323
392 324
393 325
394 326
395 327
543 293
544 294
545 295
546 296
547 297
548 298
549 299
550 300
551 301
552 302
607 155
606 156
605 157
604 158
603 159
602 160
601 161
600 162
599 163
598 164
597 165
596 166
544 249
543 250
542 251
541 252
540 253
539 254
538 255
367 177
368 178
369 179
370 180
371 181
372 182
373 183
374 184
375 185
376 186
592 272
593 271
594 272
595 273
596 274
597 275
598 276
599 277
600 278
601 279
602 280
603 281
604 282
605 283
621 269
620 270
619 271
618 272
617 273
616 274
617 275
618 276
619 277
620 278
621 279
622 280
623 281
624 282
625 283
358 37
357 36
356 35
355 34
354 33
353 32
352 31
351 30
618 197
619 196
620 195
621 194
622 193
623 192
624 191
625 190
626 189
627 188
628 187
157 149
158 148
159 147
160 146
161 145
162 144
163 143
164 142
165 141
166 140
167 141
168 142
431 147
432 146
433 145
434 144
435 143
436 142
437 141
438 140
439 139
440 140
441 141
442 142
549 158
548 157
547 156
546 155
545 154
544 153
543 152
542 151
541 150
540 149
539 148
538 147
537 148
536 149
535 150
534 151
533 152
532 153
531 154
530 155
529 156
331 124
330 123
329 122
328 121
327 120
326 119
325 118
326 117
327 116
328 115
329 114
330 113
331 112
281 359
282 358
283 357
284 356
285 355
286 354
287 353
288 354
289 355
290 356
291 357
292 358
293 359
294 360
295 361
296 362
297 363
298 364
299 365
300 366
301 367
302 368
303 369
352 353
351 352
350 351
349 350
348 349
347 348
348 347
349 346
350 345
351 344
434 412
435 411
436 410
437 409
438 408
439 407
440 406
441 405
442 404
443 403
171 373
170 374
169 375
168 376
167 377
262 392
261 393
260 394
259 395
258 396
257 397
256 398
275 428
274 429
273 430
272 431
271 432
270 433
269 434
268 435
561 341
560 340
559 339
558 338
557 337
556 336
555 335
554 334
553 333
346 347
345 346
344 345
343 344
342 343
341 342
340 341
339 340
338 341
337 342
336 343
116 110
117 111
118 112
119 113
120 114
121 115
122 116
123 117
124 118
125 119
126 120
127 121
41 345
40 344
39 343
40 342
41 341
42 340
43 339
44 338
45 337
46 336
47 335
48 334
49 333
231 423
230 424
229 425
228 426
227 427
226 428
227 429
228 430
229 431
230 432
231 433
232 434
233 435
246 423
245 424
244 425
243 426
242 427
241 428
242 429
243 430
244 431
245 432
246 433
247 434
248 435
337 214
336 213
335 212
334 211
333 210
332 209
331 208
332 207
333 206
334 205
335 204
336 203
337 202
540 311
541 310
542 309
543 308
544 309
545 310
546 311
547 312
548 313
549 314
550 315
551 316
552 317
172 391
171 392
170 393
169 394
168 395
167 396
166 397
165 398
164 399
353 423
352 424
351 425
350 426
349 427
348 428
349 429
350 430
351 431
352 432
353 433
354 434
355 435
356 436
357 437
42 162
41 161
40 160
39 159
38 158
390 474
389 475
388 476
387 477
386 478
385 479
384 480
383 481
382 482
529 296
528 295
527 294
526 293
525 292
524 291
523 290
522 289
521 288
520 287
519 286
228 207
227 206
226 205
225 204
224 203
223 202
222 201
221 200
220 199
219 198
218 197
217 196
216 195
215 194
34 225
35 224
36 223
37 222
38 221
39 220
40 219
41 218
42 217
43 216
44 215
45 214
46 213
47 212
48 211
49 210
260 189
259 188
258 187
257 186
256 185
255 184
254 183
255 182
256 181
257 180
258 179
259 178
260 177
261 176
262 175
232 377
231 378
230 379
229 380
228 381
227 382
226 383
307 421
306 422
305 423
304 424
303 425
302 426
301 427
300 428
299 429
300 430
301 431
302 432
303 433
604 307
603 308
602 309
601 310
600 311
599 312
598 313
599 314
600 315
601 316
602 317
603 318
604 319
605 320
504 403
505 402
506 401
507 400
508 399
509 398
510 397
511 396
512 395
513 394
514 393
301 81
302 82
303 83
304 84
305 85
306 86
307 87
308 88
309 89
310 90
311 91
312 92
315 411
314 410
313 409
312 408
311 407
310 406
309 405
308 404
307 403
306 402
305 401
304 400
303 399
302 398
303 397
136 225
135 226
134 227
133 228
132 229
131 230
130 231
129 232
128 233
622 403
621 404
620 405
621 406
622 407
623 408
624 409
625 410
626 411
627 412
628 413
629 414
172 231
171 230
170 229
169 228
168 229
167 230
254 185
253 186
252 187
251 188
250 189
249 190
248 191
175 203
174 202
173 201
172 200
171 199
170 198
169 197
168 198
167 199
346 142
347 141
348 140
349 141
350 142
351 143
352 144
353 145
354 146
355 147
356 148
620 307
619 308
618 309
617 310
616 311
617 312
618 313
619 314
620 315
621 316
622 317
623 318
624 319
625 320
403 425
402 424
401 423
400 422
399 421
398 420
97 226
96 225
95 224
94 223
93 222
92 221
91 220
90 219
188 374
187 373
186 372
187 371
188 370
189 369
190 368
191 367
192 366
193 365
154 108
153 107
152 106
151 105
150 104
149 103
148 102
147 103
146 104
145 105
144 106
143 107
108 325
109 324
110 323
111 322
112 321
113 320
114 319
115 320
116 321
117 322
118 323
119 324
120 325
544 221
543 222
542 223
541 224
540 225
539 226
355 115
354 114
353 113
352 112
351 111
350 110
349 109
400 239
401 238
402 237
403 236
404 235
405 234
355 118
356 119
357 120
358 121
359 122
360 123
361 124
362 125
418 412
417 411
416 410
415 409
414 408
413 407
412 406
411 405
61 350
60 349
59 348
58 347
57 346
58 345
59 344
60 343
61 342
62 341
459 194
458 195
457 196
456 197
455 198
454 199
455 200
456 201
457 202
458 203
459 204
460 205
50 210
51 209
52 208
53 207
54 206
55 205
56 204
57 203
58 202
59 201
60 200
61 199
62 200
351 213
350 212
349 211
348 210
347 209
346 208
347 207
348 206
349 205
350 204
351 203
352 202
30 177
29 178
28 179
27 180
26 181
25 182
24 183
23 184
22 185
21 186
20 187
19 188
20 189
305 457
306 456
307 455
308 454
309 453
310 452
311 451
312 450
313 449
400 135
399 134
398 133
399 132
400 131
401 130
402 129
403 128
117 416
118 417
119 418
120 419
121 420
122 421
123 422
124 423
125 424
126 425
127 426
128 427
129 428
459 271
458 272
457 273
456 274
455 275
454 276
453 277
452 278
451 279
450 280
449 281
448 282
416 103
415 102
414 101
413 100
412 99
411 98
101 390
100 389
99 388
98 389
97 390
96 391
95 392
94 393
93 394
92 395
91 396
90 397
89 398
88 399
87 400
86 401
113 212
114 211
115 210
116 209
117 208
118 207
119 206
120 205
121 204
122 203
271 385
272 384
273 383
274 382
275 381
276 380
277 379
278 380
279 381
280 382
281 383
336 56
335 57
334 58
333 59
332 60
331 61
497 274
496 275
495 276
494 277
493 278
492 279
440 175
441 174
442 173
443 172
444 171
445 170
446 169
447 168
448 167
449 166
450 165
451 164
452 163
453 162
454 161
455 160
367 352
366 351
365 350
364 349
363 348
362 347
363 346
364 345
365 344
366 343
381 422
380 423
379 424
378 425
377 426
376 427
375 428
374 429
373 430
372 431
111 112
110 111
109 110
108 109
107 108
338 369
337 368
336 367
335 366
334 365
333 364
332 363
331 362
330 361
329 360
474 195
473 196
472 197
471 198
470 199
471 200
472 201
473 202
474 203
475 204
476 205
490 195
489 196
488 197
487 198
486 199
487 200
488 201
489 202
490 203
491 204
492 205
506 195
505 196
504 197
503 198
502 199
503 200
504 201
505 202
506 203
507 204
508 205
557 193
556 192
555 191
554 190
553 189
552 188
551 187
550 186
549 185
548 184
549 183
614 260
615 259
616 258
617 257
618 256
619 255
620 254
621 253
622 252
623 251
624 250
625 249
516 261
517 260
518 259
519 258
413 58
414 59
415 60
416 61
417 62
418 63
419 64
420 65
421 66
422 67
62 340
61 339
62 338
63 337
64 336
65 335
66 334
67 333
68 332
69 331
70 330
71 329
72 328
361 495
362 496
363 497
364 498
365 499
366 500
367 501
368 502
369 503
370 504
371 505
372 506
373 507
277 224
278 223
279 222
280 221
281 220
282 219
176 187
175 186
174 185
173 184
172 183
171 182
170 183
169 184
153 122
152 121
151 120
150 119
149 118
148 117
147 118
146 119
145 120
144 121
143 122
368 504
367 505
366 506
365 507
364 508
363 509
362 510
361 511
360 512
359 513
358 514
357 515
356 516
355 517
42 338
41 337
40 336
39 335
38 334
110 162
109 163
108 164
107 165
106 166
105 167
191 149
192 148
193 147
194 146
195 145
196 144
273 354
272 355
271 356
270 357
269 358
268 359
597 223
598 222
599 221
600 220
601 219
602 218
597 257
598 256
599 255
600 254
601 253
602 252
61 386
62 387
63 388
64 389
65 390
66 391
67 392
465 137
464 138
463 139
462 140
461 141
460 142
459 143
259 150
258 149
257 148
256 147
255 146
256 145
257 144
258 143
465 409
464 408
463 407
462 406
461 405
460 404
459 403
458 402
347 428
346 427
345 426
344 425
343 424
342 425
341 426
340 427
339 428
338 429
388 138
387 137
386 136
385 135
384 134
383 133
382 132
381 131
380 130
379 129
129 429
128 430
127 431
126 432
125 433
124 434
123 435
122 436
121 437
120 438
119 439
271 398
272 397
273 396
274 395
275 394
276 393
277 394
278 395
279 396
280 397
281 398
321 419
320 420
319 421
318 422
317 423
318 424
319 425
320 426
321 427
322 428
323 429
523 195
522 196
521 197
520 198
519 199
518 200
519 201
520 202
521 203
522 204
523 205
56 166
57 165
58 164
59 163
60 162
61 161
62 160
63 159
64 158
65 157
66 156
67 155
181 396
182 395
183 394
184 393
185 392
186 391
187 392
188 393
189 394
190 395
191 396
192 397
444 377
445 376
446 375
447 376
448 377
449 378
450 379
451 380
452 381
453 382
454 383
455 384
456 160
457 159
458 158
459 157
460 156
461 155
462 154
463 153
464 154
465 155
466 156
467 157
45 351
44 352
52 152
51 151
50 150
49 149
48 148
49 147
50 146
51 145
52 144
53 143
54 142
55 141
336 45
335 44
334 43
333 42
332 41
331 40
330 39
329 38
328 37
329 36
330 35
331 34
332 33
333 32
571 158
570 157
569 156
568 155
567 156
566 157
503 142
504 141
505 140
506 139
507 140
508 141
509 142
510 143
511 144
512 145
450 163
449 162
448 161
447 160
446 159
445 158
444 157
95 260
94 259
93 258
92 257
91 256
90 255
89 254
90 253
91 252
99 387
98 386
97 385
96 384
97 383
98 382
99 381
100 380
101 379
102 378
103 377
565 386
40 217
39 216
38 215
34 174
35 175
36 176
37 177
38 178
39 179
40 180
41 181
42 182
43 183
60 202
61 203
62 204
63 205
64 206
65 207
66 208
67 209
68 210
69 211
70 212
71 213
72 214
281 147
280 146
279 145
278 144
277 143
276 142
275 141
274 142
638 153
639 154
640 155
641 156
642 157
643 158
644 159
544 289
543 288
542 287
541 286
540 285
539 284
538 283
537 282
202 343
201 344
200 345
199 346
198 347
197 348
196 349
195 350
403 363
402 364
401 365
402 366
403 367
404 368
405 369
406 370
407 371
408 372
409 373
113 420
114 421
115 422
367 40
368 41
369 42
370 43
371 44
372 45
373 46
533 350
532 351
531 352
530 353
543 151
544 150
545 149
546 148
173 218
172 217
171 216
170 215
169 214
168 213
167 214
66 336
67 337
68 338
69 339
70 340
71 341
72 342
73 343
143 258
142 257
141 256
140 255
139 254
138 253
137 252
136 251
212 151
211 150
210 149
209 148
208 147
207 146
206 145
207 144
213 150
214 149
215 148
216 147
217 146
218 145
219 144
220 143
227 151
226 150
227 149
228 148
229 147
230 146
231 145
232 144
615 226
616 225
617 224
618 223
619 222
620 221
621 220
622 219
623 218
130 428
131 427
132 426
133 425
134 424
135 423
136 424
137 425
138 426
139 427
140 428
528 155
527 154
526 153
525 152
524 153
523 154
522 155
521 156
520 157
519 158
518 159
517 160
516 160
515 159
514 158
513 157
512 156
511 155
510 154
509 155
508 156
507 157
506 158
505 159
504 159
503 158
502 157
501 156
500 155
499 154
498 153
497 154
496 155
495 156
494 157
505 400
504 399
503 398
502 397
501 396
500 395
499 394
498 393
497 392
496 391
495 390
494 389
493 388
171 338
170 337
169 336
168 335
167 334
166 333
165 332
164 331
163 330
469 368
470 367
471 366
472 365
473 364
474 365
475 366
476 367
477 368
478 369
344 464
343 463
342 462
341 461
340 460
372 400
373 399
374 398
375 397
376 396
377 395
378 394
556 377
555 376
554 375
553 374
552 373
551 372
550 371
549 370
292 209
291 208
290 207
289 206
288 205
549 160
548 161
547 162
546 163
545 164
544 165
543 166
544 167
545 168
302 370
301 371
300 372
299 373
298 374
299 375
300 376
301 377
302 378
303 379
304 380
305 381
306 382
391 62
390 61
389 60
388 59
387 58
22 214
21 213
20 212
19 211
18 210
17 209
16 208
17 207
18 206
19 205
20 204
389 469
390 468
391 467
392 466
393 465
535 389
536 390
537 391
538 392
539 393
540 394
541 395
542 396
543 397
544 398
545 399
402 178
403 177
404 176
405 175
406 174
407 173
408 172
409 171
409 144
410 145
411 146
412 147
413 148
414 149
415 150
190 159
189 158
188 157
187 158
186 159
185 160
184 161
183 162
20 332
19 331
18 330
17 329
18 328
19 327
20 326
21 325
22 324
396 312
397 311
398 310
399 309
400 308
401 307
402 308
403 309
404 310
405 311
603 430
602 431
601 432
600 433
599 434
600 435
601 436
602 437
603 438
604 439
328 361
327 362
326 363
325 364
324 365
323 366
322 367
321 368
350 283
349 282
348 281
347 280
346 279
345 278
346 277
347 276
348 275
365 282
364 281
363 280
362 279
361 278
360 277
361 276
362 275
363 274
380 281
379 280
378 279
377 278
376 277
375 276
376 275
377 274
378 273
450 282
451 283
452 284
453 285
454 286
455 287
456 288
457 289
379 148
378 147
377 146
376 145
375 144
374 143
309 50
308 49
254 146
253 145
252 144
251 143
250 142
496 389
497 388
498 387
499 386
500 385
65 205
66 204
67 203
68 202
69 201
70 200
71 199
72 198
158 150
159 151
160 152
161 153
162 154
163 155
164 156
165 157
185 180
186 179
187 178
188 177
189 176
190 177
191 178
192 179
193 180
367 212
366 211
365 210
364 209
363 208
364 207
365 206
366 205
367 204
203 374
202 373
201 372
200 371
199 370
200 369
201 368
202 367
203 366
204 365
468 156
469 155
470 154
471 153
472 152
473 153
474 154
475 155
476 156
477 157
492 387
491 386
490 385
489 384
488 383
487 382
486 381
485 382
484 383
483 384
194 179
195 178
196 177
197 176
198 175
199 176
200 177
201 178
202 179
203 180
204 181
456 384
457 383
458 382
459 381
460 380
461 379
462 380
463 381
464 382
465 383
466 384
66 393
65 394
64 395
63 396
62 397
61 398
60 399
61 400
62 401
63 402
64 403
65 404
66 405
67 406
68 407
304 456
303 455
302 454
301 453
300 452
299 451
437 382
438 383
439 384
440 385
441 386
442 387
443 388
390 225
391 224
392 223
393 222
394 221
395 220
396 219
107 127
106 126
105 125
104 126
103 127
102 128
101 129
100 130
111 260
110 259
109 258
108 257
107 256
108 255
109 254
110 253
111 252
112 251
247 190
246 189
245 188
244 187
243 186
242 185
241 184
240 183
239 182
238 181
237 180
399 196
398 195
397 194
396 193
395 192
394 191
393 190
392 191
391 192
390 193
389 194
72 269
73 268
229 368
228 367
227 366
637 402
638 403
639 404
640 405
641 406
642 407
643 408
628 189
629 190
630 191
631 192
632 193
633 194
634 195
635 196
636 197
328 167
327 166
326 165
325 164
324 163
323 162
322 161
321 160
320 161
319 162
318 163
317 164
316 165
315 166
442 249
443 250
444 251
445 252
446 253
447 254
280 360
279 361
278 362
277 363
278 364
279 365
280 366
281 367
317 254
316 253
315 252
314 251
313 250
314 249
315 248
316 247
120 106
121 105
122 104
123 103
124 102
125 101
126 102
127 103
111 393
112 392
113 391
114 390
115 389
116 388
117 387
625 351
626 350
627 349
628 348
629 347
630 346
631 345
632 344
633 343
619 304
620 303
621 302
622 301
623 300
624 299
625 298
622 233
623 232
624 231
625 230
626 229
627 228
628 229
629 230
630 231
631 232
632 233
633 234
603 199
602 198
601 197
602 196
472 260
473 259
474 258
475 257
476 256
477 255
478 254
396 280
395 279
394 278
393 277
392 276
391 275
392 274
393 273
337 249
336 248
335 247
334 246
333 245
509 399
510 400
511 401
512 402
513 403
514 404
28 358
27 357
26 356
25 355
24 354
23 353
22 352
21 351
437 176
436 177
435 178
434 179
433 180
432 181
78 352
79 351
80 350
81 349
82 348
83 347
84 346
64 261
65 260
66 259
67 258
68 257
69 256
70 255
71 254
72 253
236 179
235 178
234 177
233 176
232 177
231 178
230 179
229 180
228 181
515 393
516 394
517 395
518 396
519 397
520 398
521 399
522 400
523 401
62 235
63 234
64 233
65 232
66 231
67 230
68 229
69 228
70 227
71 228
72 229
267 358
266 357
265 356
264 355
263 354
262 355
261 356
260 357
259 358
258 359
257 360
242 183
243 182
244 181
245 180
593 382
594 381
595 380
596 379
597 378
598 377
583 438
582 439
581 440
580 441
579 442
578 443
286 184
285 183
284 182
283 181
237 363
238 364
239 365
240 366
241 367
534 149
533 148
532 147
531 146
530 145
529 144
528 143
60 290
537 123
536 124
537 125
538 126
539 127
540 128
541 129
542 130
543 131
544 132
326 482
325 483
301 254
300 253
299 252
298 251
299 250
300 249
301 248
46 211
45 210
44 209
43 208
42 207
41 206
40 205
39 204
38 203
37 202
36 201
35 200
497 367
498 368
499 369
500 370
109 296
108 295
107 294
106 293
105 292
104 291
624 280
625 279
626 278
627 277
628 276
629 275
630 274
631 273
632 272
633 271
301 365
302 364
303 363
304 362
305 361
306 360
307 359
368 39
369 38
370 37
371 36
372 35
373 34
374 33
375 32
297 475
296 474
295 473
294 472
293 471
292 470
291 469
290 468
289 467
288 466
287 465
63 263
62 264
61 265
60 266
59 267
58 268
57 269
56 270
369 77
368 78
367 79
366 80
365 81
366 82
367 83
368 84
369 85
380 329
379 330
378 331
377 332
376 333
377 334
378 335
379 336
380 337
37 333
36 332
35 331
34 330
33 329
32 328
31 327
32 326
33 325
34 324
435 381
434 380
433 379
432 378
431 377
514 370
513 371
512 372
511 373
510 374
511 375
512 376
513 377
514 378
99 148
100 147
101 146
102 145
103 144
104 143
641 385
642 386
643 387
644 388
645 389
646 390
80 281
79 282
78 283
234 402
233 401
232 400
231 399
547 417
548 416
549 415
550 414
393 144
392 145
391 146
390 147
391 148
392 149
393 150
510 263
509 262
508 261
507 260
506 259
505 258
504 257
560 431
559 432
558 433
557 434
558 435
559 436
560 437
230 398
229 397
228 396
227 395
226 394
225 393
224 394
223 395
222 394
221 393
220 392
219 393
218 394
217 395
216 396
215 397
214 396
213 395
212 394
211 393
210 392
209 393
208 394
207 395
88 289
87 290
86 291
85 292
84 293
83 294
82 295
81 296
80 297
79 298
350 29
349 28
348 27
347 26
348 25
349 24
350 23
351 22
352 21
353 20
846
333 270
318 255
317 270
333 254
302 255
301 270
286 255
285 270
270 255
269 270
254 255
253 270
238 255
237 270
222 255
221 270
206 255
205 270
190 255
189 270
174 256
173 271
158 256
157 271
142 261
141 276
156 286
135 291
126 276
111 261
110 276
126 260
95 261
94 276
92 291
154 301
139 310
154 316
124 310
109 310
94 310
153 331
134 342
151 349
152 364
133 375
152 379
135 390
152 394
155 241
152 226
134 221
152 211
119 220
104 221
102 202
152 196
134 184
156 180
119 183
117 167
132 166
104 152
119 151
104 184
117 136
114 121
119 106
134 146
156 165
156 150
169 313
171 289
184 304
186 288
199 303
201 287
214 302
216 286
229 301
231 285
244 300
246 285
259 300
261 285
274 300
276 285
289 300
291 285
304 300
306 285
319 300
321 285
334 300
336 285
349 300
351 284
364 299
366 283
379 298
381 282
394 297
396 281
409 296
411 280
181 240
196 239
180 225
183 210
184 195
184 180
184 319
184 334
183 349
181 364
198 210
199 318
199 333
211 225
213 209
226 224
228 208
241 223
243 207
256 222
258 206
271 221
273 205
211 240
214 317
214 332
226 239
229 316
229 331
238 346
244 330
253 345
259 329
268 344
274 328
238 361
241 238
244 315
256 237
261 190
271 236
280 359
286 234
300 218
301 233
300 203
300 188
300 173
281 162
300 157
282 147
300 141
266 158
251 159
236 159
221 159
206 159
191 159
183 143
300 315
300 330
301 126
282 123
267 108
266 123
282 107
251 108
250 123
235 108
234 123
219 108
218 123
203 108
202 123
187 108
186 123
171 108
170 123
155 108
154 123
301 111
315 142
316 117
316 232
322 216
331 231
337 215
346 230
352 214
361 229
367 213
376 228
382 213
391 228
320 315
320 330
330 142
332 125
335 315
335 330
345 143
347 124
348 245
348 260
350 315
350 330
362 113
363 244
363 259
365 314
365 329
377 114
378 243
378 258
380 313
380 328
392 114
396 98
407 113
393 243
393 258
395 312
396 83
396 68
375 61
370 76
359 61
354 76
343 61
336 46
351 45
366 39
402 53
411 68
417 52
408 249
408 264
422 107
432 122
437 107
447 122
452 107
462 122
467 107
477 122
482 107
492 122
497 107
507 122
512 107
522 122
527 107
537 122
542 107
552 122
557 107
572 107
580 122
587 107
595 122
581 137
578 152
593 152
596 137
581 167
581 182
573 197
588 197
596 181
576 212
554 197
553 212
538 197
523 194
514 179
507 194
498 179
491 194
482 179
475 194
460 193
445 193
440 178
430 196
415 197
406 182
391 180
376 172
361 168
360 183
378 150
345 168
344 183
329 168
328 183
393 143
408 143
415 212
424 227
430 211
439 226
430 242
432 163
430 148
432 257
433 272
433 287
430 302
425 317
440 317
448 301
460 316
463 301
475 316
478 301
490 316
493 301
505 316
508 301
418 332
433 332
404 347
419 347
389 355
404 362
374 359
359 361
344 362
353 377
353 392
335 395
353 407
338 418
353 422
323 418
308 420
368 419
372 401
383 420
395 435
395 450
410 422
410 437
425 422
430 402
440 420
425 437
431 387
433 362
434 347
440 435
447 243
448 268
449 339
455 420
455 435
460 228
462 243
475 228
477 243
490 228
492 243
505 228
507 243
520 228
522 243
463 258
463 273
464 339
470 354
479 339
485 354
494 339
500 354
509 339
470 420
473 403
470 435
478 268
485 420
488 403
485 435
493 267
500 421
503 404
500 436
507 282
508 267
515 421
515 436
520 320
523 303
523 270
524 339
530 421
530 436
537 241
538 270
538 296
539 311
539 326
539 341
541 356
545 421
545 436
552 227
552 242
553 257
560 430
575 430
581 414
590 429
596 413
576 227
576 242
576 257
576 272
575 287
575 302
575 317
575 332
575 347
580 399
578 384
593 383
595 398
581 362
590 347
596 362
605 343
590 332
590 287
591 272
590 302
590 317
590 444
591 212
591 227
591 242
591 257
605 306
606 203
606 234
606 268
608 154
610 387
620 306
620 341
621 202
621 234
621 268
622 138
623 153
623 402
625 386
638 401
640 385
626 168
638 152
87 160
124 407
86 183
71 183
56 183
115 361
100 361
85 361
70 358
55 358
300 89
293 74
308 73
286 59
301 58
106 427
368 463
353 457
352 472
367 478
352 487
367 493
352 502
337 473
334 488
313 476
310 491
297 476
294 491
306 458
472 142
487 142
502 142
395 477
402 492
410 477
64 285
60 255
61 236
61 306
240 383
240 398
550 159
550 385
53 153
30 176
217 421
232 422
202 421
187 421
172 421
157 420
247 422
262 422
270 400
270 385
277 422
29 359
21 333
22 215
55 391
400 197
87 143
339 76
515 354
602 107
119 342
158 435
368 376
637 137
103 342
255 383
553 272
181 382
91 234
302 345
515 369
335 503
538 212
113 236
552 287
467 177
107 325
102 390
333 375
556 348
627 371
196 382
137 203
88 377
493 369
445 208
316 58
628 356
355 91
468 369
91 325
223 346
449 354
116 291
472 286
199 195
408 459
195 225
282 190
416 493
293 44
130 360
173 435
166 345
443 377
604 429
188 435
203 435
259 314
320 344
180 397
411 83
135 325
281 315
218 435
322 202
211 382
71 137
284 435
40 383
535 388
388 370
208 347
167 362
282 343
233 192
395 327
552 302
596 166
538 255
376 186
605 283
625 283
351 30
628 187
168 142
442 142
529 156
331 112
303 369
351 344
443 403
167 377
256 398
268 435
553 333
336 343
127 121
49 333
233 435
248 435
337 202
552 317
164 399
357 437
38 158
382 482
519 286
215 194
49 210
262 175
226 383
303 433
605 320
514 393
312 92
303 397
128 233
629 414
167 230
248 191
167 199
356 148
625 320
398 420
90 219
193 365
143 107
120 325
539 226
349 109
405 234
362 125
411 405
62 341
460 205
62 200
352 202
20 189
313 449
403 128
129 428
448 282
411 98
86 401
122 203
281 383
331 61
492 279
455 160
366 343
372 431
107 108
329 360
476 205
492 205
508 205
549 183
625 249
519 258
422 67
72 328
373 507
282 219
169 184
143 122
355 517
38 334
105 167
196 144
268 359
602 218
602 252
67 392
459 143
258 143
458 402
338 429
379 129
119 439
281 398
323 429
523 205
67 155
192 397
455 384
467 157
44 352
55 141
333 32
566 157
512 145
444 157
91 252
103 377
565 386
38 215
43 183
72 214
274 142
644 159
537 282
195 350
409 373
115 422
373 46
530 353
546 148
167 214
73 343
136 251
207 144
220 143
232 144
623 218
140 428
517 160
505 159
494 157
493 388
163 330
478 369
340 460
378 394
549 370
288 205
545 168
306 382
387 58
20 204
393 465
545 399
409 171
415 150
183 162
22 324
405 311
604 439
321 368
348 275
363 274
378 273
457 289
374 143
308 49
250 142
500 385
72 198
165 157
193 180
367 204
204 365
477 157
483 384
204 181
466 384
68 407
299 451
443 388
396 219
100 130
112 251
237 180
389 194
73 268
227 366
643 408
636 197
315 166
447 254
281 367
316 247
127 103
117 387
633 343
625 298
633 234
602 196
478 254
393 273
333 245
514 404
21 351
432 181
84 346
72 253
228 181
523 401
72 229
257 360
245 180
598 377
578 443
283 181
241 367
528 143
60 290
544 132
325 483
301 248
35 200
500 370
104 291
633 271
307 359
375 32
287 465
56 270
369 85
380 337
34 324
431 377
514 378
104 143
646 390
78 283
231 399
550 414
393 150
504 257
560 437
223 395
215 397
207 395
79 298
353 20
