2875
278 201
277 200
276 199
275 198
274 197
275 196
276 195
277 194
278 193
279 192
280 191
281 190
282 189
283 188
284 187
285 186
286 185
287 184
288 183
289 182
290 181
291 180
292 179
293 178
294 177
295 176
296 175
297 174
298 173
299 172
300 171
301 170
302 169
303 168
304 168
305 167
306 166
307 165
308 164
309 163
310 162
311 161
312 160
313 159
314 160
315 161
316 162
317 163
318 164
319 165
320 166
321 167
322 168
323 169
324 170
325 171
326 172
327 173
318 162
319 161
320 160
321 159
322 158
323 157
324 156
325 155
326 154
327 153
328 152
328 153
329 154
330 155
331 156
332 157
333 158
334 159
335 160
336 161
337 162
338 163
339 164
340 165
341 166
342 167
343 168
344 169
345 170
346 171
347 172
348 173
339 162
340 161
341 160
342 159
343 158
344 157
345 156
346 155
347 154
348 153
349 152
295 177
296 178
297 179
298 180
299 181
300 182
301 183
302 184
303 185
304 186
305 187
306 188
307 189
308 190
309 191
310 192
311 193
312 194
313 195
314 196
315 197
316 198
317 199
318 200
319 201
320 202
321 203
322 204
323 205
324 206
325 207
326 208
325 209
324 210
323 211
322 212
321 213
320 214
319 215
318 216
317 217
316 218
315 219
316 220
317 221
318 222
319 223
320 224
321 225
322 226
323 227
324 228
325 229
324 230
323 231
322 232
321 233
320 234
319 235
318 236
317 237
316 238
315 239
314 240
313 241
314 242
315 243
316 244
317 245
318 246
319 247
320 248
321 249
322 250
312 240
311 239
310 238
309 237
308 236
307 237
306 238
305 239
304 240
303 241
302 242
301 243
300 244
299 245
298 246
297 247
296 248
295 249
294 250
293 251
292 252
291 253
290 254
289 255
288 256
290 255
291 256
292 257
293 258
294 259
295 260
296 261
297 262
298 263
299 264
300 265
301 266
302 267
303 268
304 269
305 270
306 271
307 272
308 273
309 274
310 275
311 276
312 277
313 278
314 279
315 280
316 281
317 282
318 283
319 284
320 285
321 286
322 287
328 151
327 150
326 149
325 148
324 147
325 146
326 145
327 144
328 143
329 142
330 141
331 140
332 139
333 138
334 137
335 136
336 135
337 134
338 133
339 132
340 131
341 130
342 129
343 128
344 127
345 126
346 125
347 124
348 123
349 122
350 121
351 120
352 119
342 127
341 126
340 125
339 124
338 123
337 122
336 121
335 120
334 119
333 118
332 117
331 116
321 288
320 289
319 290
318 291
317 292
316 293
315 294
314 295
313 296
312 297
311 298
310 299
309 300
308 301
307 302
306 303
305 304
304 305
303 306
304 307
305 308
306 309
307 310
308 311
309 312
310 313
311 314
312 315
313 316
314 317
315 318
316 319
317 320
318 321
318 322
317 323
316 324
315 325
314 326
313 327
312 328
311 329
310 330
309 331
308 332
307 333
306 334
307 335
308 336
309 337
310 338
311 339
312 340
313 341
314 342
314 343
313 344
312 345
311 346
310 347
309 348
308 349
307 350
306 351
305 352
304 353
303 354
302 355
301 356
300 357
301 358
302 359
303 360
304 361
305 362
306 363
273 197
272 196
271 195
270 194
269 193
268 192
267 191
266 190
265 189
264 188
263 187
262 186
261 185
260 184
259 183
258 184
257 185
256 186
255 187
254 188
253 189
252 190
251 191
250 192
249 193
248 194
247 195
246 196
245 197
244 198
243 199
242 200
241 201
240 202
239 203
238 204
237 205
236 205
235 204
234 203
233 202
232 201
231 200
230 199
229 198
228 197
227 196
226 195
225 194
224 195
223 196
222 197
221 198
220 199
219 200
218 201
217 202
216 203
234 205
233 206
232 207
231 208
230 209
229 210
228 211
227 212
226 213
225 214
224 215
223 216
222 217
221 218
220 219
219 220
218 221
217 222
216 223
215 224
225 215
226 216
227 217
228 218
229 219
230 220
231 221
232 222
233 223
234 224
235 225
236 226
214 223
213 222
212 221
211 220
210 219
209 218
208 217
207 216
206 215
205 214
204 213
203 212
202 211
201 210
200 209
199 208
198 207
197 206
196 205
195 204
194 203
203 214
202 215
201 216
200 217
199 218
198 219
197 220
196 221
195 222
194 223
193 224
192 223
191 222
190 221
189 220
188 219
187 218
186 217
185 216
184 215
183 214
182 213
181 212
180 211
179 210
178 209
177 208
176 207
175 206
174 207
173 208
172 209
193 225
192 226
191 227
190 228
189 229
188 230
187 231
186 232
185 233
184 234
183 235
182 236
183 237
184 238
185 239
186 240
187 241
188 242
189 243
190 244
191 245
171 208
170 207
169 206
168 205
167 204
166 203
165 202
164 201
163 200
162 199
161 198
160 197
159 196
158 195
157 194
156 193
155 192
154 191
153 192
152 193
151 194
150 195
149 196
148 197
147 198
146 199
145 200
144 201
143 202
142 203
141 204
140 205
139 206
138 207
137 208
136 209
135 210
134 211
133 212
132 213
131 214
130 215
129 216
128 217
127 218
126 219
132 211
131 210
130 209
129 208
128 207
127 206
126 205
125 204
124 203
123 202
122 201
121 200
120 199
119 198
121 202
120 203
119 204
118 205
117 206
116 207
115 208
114 209
113 210
112 211
111 212
110 213
109 214
108 215
107 216
106 217
105 218
104 219
103 220
102 221
101 222
100 223
99 224
98 225
97 226
96 227
95 228
94 229
93 230
92 231
91 232
90 233
91 234
92 235
93 236
94 237
95 238
96 239
97 240
91 230
90 229
89 228
88 227
87 226
86 225
85 224
84 223
83 222
82 221
81 220
80 219
79 218
78 217
77 216
76 215
75 214
74 213
73 212
72 211
71 210
70 209
69 208
77 217
76 218
75 219
74 220
73 221
72 222
71 223
70 224
69 225
68 226
67 227
66 228
65 229
64 230
63 231
62 232
68 207
67 206
66 205
65 204
64 203
63 202
62 201
61 200
60 199
59 198
58 197
57 196
58 195
59 194
60 193
61 192
62 191
63 190
64 189
65 188
66 187
126 220
125 221
124 222
123 223
122 224
121 225
120 226
119 227
118 228
119 229
120 230
121 231
122 232
123 233
124 234
125 235
126 236
127 237
128 238
129 239
130 240
131 241
132 242
133 243
58 199
57 200
56 201
55 202
54 203
53 204
52 205
51 206
50 207
49 208
48 209
47 210
46 211
45 212
44 213
43 214
42 215
41 216
40 217
39 218
38 219
37 220
36 221
35 222
34 223
33 224
32 225
31 226
30 227
29 228
296 263
295 264
294 265
293 266
292 267
291 268
290 269
289 270
288 271
287 272
286 273
285 274
284 275
283 276
282 277
281 278
280 279
279 280
278 281
277 282
276 283
275 284
274 285
273 286
272 287
271 288
270 289
269 290
268 291
267 292
266 293
265 294
264 295
263 296
262 297
261 298
260 299
259 300
258 301
257 302
256 303
255 304
254 305
253 306
252 307
251 308
250 309
249 310
248 311
247 312
246 313
245 314
244 315
243 316
242 317
243 318
244 319
245 320
246 321
247 322
248 323
249 324
250 325
241 317
240 316
239 317
238 318
237 319
236 320
235 321
234 322
233 323
232 324
231 325
230 326
229 327
229 328
228 329
227 330
226 331
225 332
224 333
223 334
222 335
221 336
220 337
219 338
218 339
217 340
216 341
215 342
216 343
217 344
218 345
219 346
220 347
221 348
214 341
213 340
212 339
211 338
210 337
209 336
208 335
207 334
206 333
205 332
204 331
203 330
202 329
201 328
200 327
199 326
198 326
197 325
196 324
195 323
194 322
193 321
192 320
191 319
190 318
189 317
188 316
187 315
186 314
185 313
184 312
183 313
182 314
181 315
180 316
179 317
178 318
193 323
192 324
191 325
190 326
189 327
188 328
187 329
186 330
185 331
184 332
183 333
182 334
181 335
180 336
179 337
178 338
177 339
65 186
64 185
63 184
62 183
61 182
60 181
59 180
58 179
57 178
56 177
55 176
54 175
53 174
52 173
51 172
50 171
49 170
48 169
47 168
46 167
45 166
44 165
43 164
42 163
41 162
40 161
39 160
38 159
37 158
36 157
35 156
34 155
33 154
32 153
31 152
30 151
29 150
28 149
27 148
26 147
25 146
24 145
25 144
26 143
27 142
28 141
29 140
30 139
30 138
29 137
28 136
27 135
26 134
25 133
24 132
23 131
22 130
21 129
20 128
19 127
18 126
17 125
16 124
15 123
14 122
13 121
12 120
11 119
10 118
9 117
8 116
7 115
6 114
5 113
4 112
5 111
6 110
7 109
8 108
9 107
10 106
11 105
12 104
13 103
14 102
15 101
16 100
17 99
18 98
19 97
20 96
21 95
22 94
23 93
24 92
25 91
26 90
27 89
28 88
29 87
30 86
31 85
31 84
30 83
29 82
28 81
27 80
26 79
25 78
24 77
23 76
22 75
21 74
22 73
23 72
24 71
25 70
26 69
27 68
28 67
29 66
30 65
31 64
312 158
311 157
310 156
309 155
308 154
307 153
306 152
305 151
304 150
303 149
302 148
301 147
300 146
299 145
298 144
297 143
296 142
295 141
294 140
293 139
292 138
291 137
290 136
289 135
288 134
287 133
286 132
285 131
284 130
283 129
282 128
281 127
280 126
279 125
278 124
277 123
276 122
275 121
274 120
273 119
272 118
271 117
270 116
269 115
268 114
267 113
266 112
265 111
264 110
263 109
262 108
261 107
260 106
259 105
258 104
257 103
256 102
255 101
254 100
253 99
252 98
251 97
250 96
249 95
248 94
247 93
246 92
245 91
244 90
245 89
246 88
247 87
243 89
242 88
241 87
240 86
239 85
238 84
237 83
236 82
235 81
234 80
233 79
232 78
231 79
230 80
229 81
228 82
227 83
226 84
225 85
224 85
223 84
222 83
221 82
220 81
219 80
218 79
217 78
216 77
215 76
214 75
213 74
212 73
211 72
210 71
209 70
208 69
207 68
206 67
205 66
204 65
203 64
202 63
201 64
200 65
199 66
198 67
197 68
196 69
195 70
194 71
193 72
192 73
191 74
190 75
189 76
188 77
187 78
186 79
185 80
349 173
350 172
351 171
352 170
353 169
354 168
355 167
356 166
357 165
358 166
359 167
360 168
361 169
362 170
363 171
364 172
365 173
366 174
367 175
368 176
369 177
370 178
371 179
372 180
373 181
374 182
375 183
376 184
377 185
378 186
379 187
380 188
381 189
382 190
383 191
384 192
385 193
386 194
387 195
388 196
389 197
390 198
391 199
392 200
393 201
394 202
395 203
396 204
397 205
398 206
399 207
400 208
401 209
402 210
403 211
404 212
405 213
406 214
407 215
408 216
409 217
410 218
411 219
412 220
413 221
414 222
415 223
416 224
417 225
418 226
419 227
420 228
421 229
422 230
423 231
424 232
425 233
426 234
427 235
428 236
429 237
430 238
431 239
432 240
433 241
434 242
435 243
436 244
437 245
438 246
439 247
440 248
441 249
442 250
443 251
444 252
445 253
446 254
447 255
448 256
449 257
450 258
451 259
452 260
453 260
454 259
455 258
456 257
457 256
458 255
459 254
460 253
461 252
462 251
463 250
464 249
465 248
466 247
467 246
468 245
469 244
470 243
471 242
472 241
473 240
474 239
475 238
476 237
477 236
478 237
479 238
480 239
481 240
482 241
483 242
484 243
485 244
486 245
486 246
485 247
484 248
483 249
482 250
481 251
480 252
479 253
478 254
479 255
480 256
481 257
482 258
483 259
484 260
485 261
486 262
487 263
488 264
489 265
490 266
491 265
492 264
493 263
494 264
495 265
496 266
497 267
498 268
499 269
500 270
501 271
502 272
503 273
504 274
505 275
506 276
507 277
508 278
509 279
510 280
511 281
512 282
513 283
514 284
445 255
444 256
443 257
442 258
441 259
440 260
439 261
438 262
437 263
436 264
435 265
434 266
433 267
432 268
431 269
430 270
429 271
23 129
24 128
25 127
26 126
27 125
28 124
29 123
30 122
31 121
32 120
33 119
34 118
35 117
184 80
183 79
182 78
181 77
180 76
179 75
178 74
177 73
176 72
175 71
174 70
173 69
172 68
171 67
170 66
169 65
168 64
167 63
166 62
165 61
164 60
163 59
162 58
161 59
160 60
159 61
158 62
157 63
156 64
155 65
154 66
153 67
152 68
151 69
150 70
149 71
148 72
147 73
146 74
145 75
333 117
334 116
335 115
336 114
337 113
338 112
339 111
340 110
341 109
342 108
343 107
344 106
345 105
346 104
347 103
348 102
349 101
350 100
351 99
352 98
277 280
276 279
275 278
274 277
273 276
272 275
271 274
270 273
269 272
268 271
267 270
266 269
265 268
264 267
263 266
262 265
261 264
260 263
259 262
258 261
257 260
256 259
255 258
137 210
138 211
139 212
140 213
141 214
142 215
143 216
144 217
145 218
146 219
147 220
428 270
427 269
426 268
425 267
424 266
423 265
422 264
421 263
420 262
419 261
418 260
417 259
416 260
415 261
414 262
413 263
412 264
411 265
410 266
409 267
408 268
275 120
276 119
277 118
278 117
279 116
280 115
281 114
282 113
283 112
284 111
285 110
286 109
287 108
288 107
235 227
234 228
233 229
232 230
231 231
230 232
229 233
228 234
227 235
226 236
225 237
224 238
223 239
222 240
221 241
220 242
219 243
218 244
217 245
218 246
219 247
220 248
221 249
222 250
223 251
224 252
39 216
38 215
37 214
36 213
35 212
34 211
33 210
32 209
31 208
30 207
29 206
28 205
327 208
328 207
329 206
330 205
331 204
332 203
333 202
334 201
335 200
336 201
337 202
338 203
339 204
340 205
341 206
342 207
343 208
344 209
345 210
346 211
144 74
143 73
142 72
141 71
140 70
139 69
138 68
137 67
136 66
135 65
134 64
133 63
132 62
131 61
130 60
129 61
128 62
127 63
126 64
125 65
124 66
123 67
122 68
121 69
120 70
119 71
118 72
117 73
116 74
115 75
114 76
113 77
112 78
111 79
110 80
109 81
108 82
107 83
106 84
221 84
220 85
219 86
218 87
217 88
216 89
215 90
214 91
213 92
212 93
211 94
210 95
209 96
208 97
207 98
411 217
412 216
413 215
414 214
415 213
416 212
417 211
418 210
419 209
420 208
421 207
422 206
423 205
424 204
425 203
426 202
427 201
428 200
429 199
430 198
431 197
432 196
433 195
434 194
435 193
436 192
437 191
438 190
439 189
440 188
441 187
442 186
443 185
444 184
445 183
446 182
447 181
448 180
449 179
450 178
451 177
452 176
453 175
454 174
455 173
456 172
457 171
458 170
459 169
460 168
461 167
462 166
463 165
464 164
465 163
466 162
467 161
468 160
469 159
470 158
471 157
472 156
473 155
474 154
475 153
476 152
477 151
478 150
479 149
480 148
481 147
482 146
483 145
484 144
485 143
486 142
487 141
488 140
489 139
490 138
491 137
492 136
493 135
494 134
495 133
496 132
497 131
498 130
499 129
500 128
501 127
502 126
503 125
504 124
505 123
506 122
507 121
508 120
509 119
510 118
407 267
406 266
405 265
404 264
403 263
402 262
401 261
400 260
399 259
398 258
397 257
396 256
395 257
394 258
393 259
392 260
391 261
390 262
389 263
388 264
387 265
207 336
206 337
205 338
204 339
203 340
202 341
201 342
200 343
199 344
198 345
197 346
306 190
305 191
304 192
295 248
294 247
293 246
292 245
291 244
290 243
289 242
288 241
287 240
286 239
285 238
284 237
283 236
282 235
281 234
280 233
279 232
278 231
277 230
276 229
275 228
342 106
341 105
340 104
339 103
338 102
337 101
336 100
335 99
334 98
333 97
332 96
302 306
301 305
300 304
299 303
298 302
297 301
296 300
295 301
294 302
293 303
292 304
291 305
290 306
289 307
288 308
287 309
183 81
182 82
181 83
180 84
179 85
178 86
177 87
176 88
175 89
174 90
173 91
172 92
171 93
172 94
173 95
174 96
303 147
256 100
257 99
258 98
259 97
260 96
261 95
262 94
263 93
264 92
265 91
266 90
267 89
268 88
485 243
486 242
487 241
488 240
489 239
490 238
491 237
492 236
493 235
494 234
495 233
496 232
497 231
498 230
499 229
500 228
247 197
248 198
249 199
250 200
251 201
252 202
253 203
254 204
255 205
256 206
257 207
495 135
496 136
497 137
498 138
499 139
500 140
501 141
502 142
503 143
504 144
505 145
506 146
507 147
508 148
509 149
510 150
511 151
512 152
513 153
514 154
515 155
516 156
517 157
518 158
519 159
520 160
521 161
522 162
523 163
524 164
525 165
526 166
527 167
528 168
529 169
530 170
531 171
532 172
533 173
40 163
39 164
38 165
37 166
36 167
35 168
34 169
33 170
32 171
31 172
30 173
326 229
327 228
328 227
329 226
330 225
331 224
332 223
333 222
334 221
335 222
336 223
337 224
338 225
339 226
340 227
341 228
342 229
343 230
344 231
345 232
35 116
36 115
37 114
38 113
39 112
40 111
41 110
42 109
43 108
44 107
45 106
46 105
47 104
48 103
49 102
50 101
51 100
52 99
53 98
54 97
55 96
56 95
57 94
58 93
59 92
60 91
61 90
62 89
63 88
64 87
65 86
66 85
145 76
144 77
143 78
142 79
141 80
140 81
139 82
138 83
137 84
136 85
137 86
138 87
139 88
140 89
141 90
142 91
143 92
279 203
278 204
277 205
276 206
275 207
276 208
277 209
117 204
116 203
115 202
114 201
113 200
112 199
111 198
110 197
109 196
108 195
107 194
106 193
105 192
104 191
274 227
273 226
272 225
271 224
270 223
269 222
268 223
267 224
266 225
265 226
264 227
263 228
262 229
261 230
260 231
259 232
258 233
257 234
82 220
83 219
509 148
510 147
511 146
512 145
513 144
514 143
515 142
516 141
517 140
518 139
519 138
520 137
521 136
286 310
285 311
284 312
283 313
282 314
281 315
280 316
279 317
278 318
277 319
276 320
275 321
274 322
275 323
276 324
277 325
278 326
279 327
280 328
281 329
282 330
283 331
134 242
135 241
136 240
137 239
138 238
139 237
140 238
141 239
142 240
143 241
144 242
145 243
146 244
147 245
148 246
172 69
171 70
170 71
169 72
168 73
167 74
166 75
249 326
248 327
247 328
246 329
245 330
244 331
245 332
246 333
247 334
248 335
249 336
250 337
251 338
252 339
253 340
297 141
298 140
299 139
300 138
301 137
302 136
303 135
304 134
305 133
289 106
290 105
291 104
292 103
293 102
294 101
295 100
296 99
297 98
298 97
299 96
300 95
301 94
302 93
67 186
68 185
69 184
70 183
71 182
72 181
73 180
74 181
75 182
76 183
77 184
78 185
79 186
80 187
81 188
82 189
121 233
120 234
119 235
118 236
117 237
116 238
115 239
114 240
113 241
112 242
111 243
67 84
68 83
69 82
70 81
71 80
72 79
73 78
74 77
75 76
76 75
77 76
78 77
79 78
80 79
81 80
82 81
83 82
500 271
499 272
498 273
497 274
496 275
495 276
494 277
493 278
492 279
491 280
490 281
489 282
488 283
307 235
306 234
305 233
304 232
303 231
302 230
113 78
114 79
115 80
116 81
117 82
118 83
119 84
120 85
121 86
338 201
339 200
340 199
341 198
342 197
343 196
344 195
345 194
54 201
53 200
52 199
51 198
50 197
49 196
48 195
47 194
46 193
45 192
44 191
263 294
262 293
261 292
260 291
259 290
258 289
257 288
256 287
255 286
254 285
253 284
252 283
271 286
270 285
269 284
209 72
208 73
207 74
206 75
205 76
204 77
179 211
178 212
177 213
176 214
175 215
174 216
173 217
172 218
171 219
170 220
169 221
168 222
416 258
415 257
414 256
413 255
414 254
415 253
416 252
252 341
251 342
250 343
249 344
248 345
247 346
246 347
245 348
244 349
243 350
242 351
243 352
244 353
245 354
246 355
247 356
248 357
249 358
250 359
251 360
252 361
75 74
74 73
75 72
76 71
77 70
78 69
79 68
80 67
81 66
307 363
308 362
309 363
310 364
311 365
312 366
313 367
314 368
315 369
316 370
192 245
193 244
194 243
195 244
196 245
197 246
198 247
199 248
200 249
201 250
202 251
280 280
281 281
282 282
283 283
284 284
285 285
286 286
287 287
288 288
64 231
65 232
66 233
67 234
68 235
69 236
70 237
71 238
72 239
73 240
111 77
110 76
109 75
108 74
107 73
106 72
105 71
104 70
103 69
102 68
215 91
216 92
217 93
218 94
219 95
220 96
221 97
222 98
223 99
224 100
490 240
491 241
492 242
493 243
494 244
495 245
496 246
497 247
498 248
499 249
167 203
168 202
169 201
170 200
171 199
172 198
173 197
386 264
385 263
384 262
383 261
382 260
381 259
380 258
379 257
378 256
377 255
376 254
375 253
374 252
373 251
181 235
180 234
179 233
178 232
177 231
176 230
175 231
174 232
173 233
172 234
171 235
170 236
378 257
377 258
376 259
375 260
374 261
373 262
372 263
342 131
343 132
344 133
345 134
346 135
347 136
348 137
349 138
350 139
351 140
352 141
512 280
513 279
514 278
515 277
516 276
517 275
518 274
519 273
520 272
521 271
522 270
523 269
32 63
33 62
34 61
35 60
36 59
37 58
38 57
39 56
40 57
41 58
42 59
43 60
44 61
45 62
329 140
282 332
281 333
280 334
279 335
278 336
277 337
276 338
275 339
274 340
273 341
272 342
271 343
270 344
271 345
272 346
273 347
274 348
275 349
396 255
395 254
394 253
278 205
279 206
280 207
281 208
282 209
283 210
284 211
285 212
286 213
287 214
288 215
289 216
43 216
50 102
51 103
52 104
319 292
320 293
321 294
322 295
323 296
324 297
325 298
323 250
324 249
325 248
326 249
327 250
328 251
329 252
330 253
331 254
275 350
274 351
273 352
272 353
271 354
272 355
273 356
274 357
275 358
276 359
277 360
278 361
279 362
280 363
281 364
282 365
251 99
250 100
249 101
248 102
247 103
246 104
222 347
223 346
224 347
225 348
226 349
227 350
228 351
229 352
230 353
37 156
38 155
39 154
40 153
41 152
42 151
43 150
44 149
45 148
46 147
47 146
48 145
49 144
50 143
51 142
52 141
53 140
54 139
295 98
294 97
293 96
292 95
291 94
290 93
289 92
288 91
287 90
515 284
516 283
517 282
518 283
519 284
520 285
521 286
522 287
523 288
315 217
314 216
313 215
312 214
311 213
319 199
320 198
321 197
322 196
323 195
324 194
500 248
501 247
502 246
503 245
504 244
505 243
506 242
507 241
508 240
509 241
510 242
511 243
512 244
30 152
300 97
301 98
302 99
303 100
304 101
305 102
306 103
307 104
308 105
309 106
310 107
311 108
332 253
333 252
334 251
335 250
336 249
337 248
338 247
339 248
340 249
341 250
342 251
343 252
344 253
437 246
436 247
435 248
532 174
531 175
530 176
529 177
528 178
527 179
526 180
525 181
524 182
523 183
522 184
521 185
520 186
519 187
170 237
169 238
168 239
167 240
166 241
165 242
164 243
163 244
164 245
165 246
166 247
167 248
168 249
310 297
309 296
308 295
307 294
273 288
274 289
275 290
276 291
72 77
71 76
70 75
69 74
68 73
67 72
66 71
65 70
64 69
63 68
62 67
177 89
178 90
179 91
180 92
181 93
182 94
183 95
184 96
185 97
186 98
187 99
188 100
47 102
46 101
298 247
299 248
300 249
301 250
302 251
289 240
290 239
319 282
320 281
321 280
322 279
323 278
324 277
325 276
326 275
327 274
328 273
329 272
330 271
146 198
145 197
144 196
143 195
142 194
519 188
518 189
517 190
516 191
515 192
514 193
513 194
512 195
511 196
510 197
509 198
510 199
511 200
512 201
513 202
514 203
515 204
27 204
26 203
25 202
24 201
23 200
24 199
25 198
26 197
27 196
28 195
29 194
289 268
288 267
287 266
286 265
265 266
266 265
267 264
268 263
269 262
230 233
231 234
232 235
233 236
234 237
235 238
236 239
42 111
43 112
44 113
45 114
46 115
47 116
48 117
49 118
50 119
279 315
278 314
227 328
226 327
225 326
224 325
223 324
276 326
275 327
274 328
273 329
272 330
217 243
216 242
215 241
214 240
213 239
212 238
196 323
197 322
198 321
199 320
200 319
371 263
370 262
369 261
368 260
367 259
366 258
365 257
364 258
363 259
362 260
32 226
33 227
34 228
35 229
36 230
37 231
38 232
39 233
40 234
41 235
42 236
43 237
504 122
503 121
502 120
501 119
500 118
499 117
498 116
497 115
496 114
495 113
494 112
493 111
492 110
23 95
24 96
25 97
26 98
60 89
59 88
58 87
57 86
56 85
55 84
54 83
53 82
52 81
51 80
50 79
49 78
262 227
261 226
260 225
259 224
258 223
314 345
315 346
316 347
317 348
318 349
254 257
253 256
252 255
251 254
250 253
249 254
248 255
247 256
246 257
245 258
244 259
305 334
304 333
303 332
302 331
301 330
300 329
43 152
44 153
176 338
175 339
174 340
173 341
172 342
310 109
309 110
308 111
307 112
306 113
170 92
169 91
168 90
167 89
166 88
165 87
164 88
163 89
162 90
161 91
160 92
300 356
299 355
298 354
297 353
296 352
295 351
294 350
293 349
107 214
106 213
105 212
104 211
103 210
102 209
305 100
306 99
307 98
308 97
309 96
310 95
311 94
515 205
514 206
513 207
512 208
511 209
510 210
509 211
508 212
507 213
506 214
507 215
499 268
119 197
118 196
117 195
118 194
119 193
120 192
121 191
280 235
279 236
278 237
277 238
276 239
275 240
274 241
187
303 168
327 173
328 152
348 173
349 152
326 208
325 229
322 250
288 256
322 287
352 119
331 116
318 321
314 342
306 363
237 205
216 203
215 224
236 226
194 203
193 224
172 209
191 245
149 196
126 219
119 198
104 219
97 240
69 208
62 232
66 187
133 243
29 228
255 304
250 325
229 327
221 348
199 326
178 318
177 339
30 139
31 85
31 64
247 87
225 85
185 80
452 260
486 245
490 266
514 284
429 271
35 117
145 75
352 98
255 258
147 220
408 268
288 107
224 252
28 205
346 211
106 84
207 98
510 118
387 265
197 346
304 192
275 228
332 96
287 309
174 96
303 147
268 88
500 228
257 207
533 173
30 173
345 232
66 85
143 92
277 209
104 191
257 234
83 219
521 136
283 331
148 246
166 75
253 340
305 133
302 93
82 189
111 243
262 108
83 82
488 283
302 230
121 86
345 194
44 191
252 283
269 284
204 77
168 222
308 273
416 252
252 361
81 66
316 370
202 251
288 288
73 240
102 68
224 100
499 249
173 197
373 251
170 236
372 263
352 141
523 269
45 62
329 140
275 349
394 253
289 216
43 216
52 104
325 298
331 254
282 365
246 104
230 353
123 67
54 139
287 90
523 288
311 213
324 194
512 244
49 170
30 152
311 108
344 253
435 248
519 187
168 249
307 294
276 291
62 67
188 100
46 101
302 251
290 239
330 271
142 194
515 204
29 194
286 265
269 262
236 239
50 119
278 314
223 324
272 330
212 238
200 319
362 260
43 237
492 110
26 98
49 78
258 223
318 349
244 259
300 329
44 153
172 342
306 113
160 92
293 349
102 209
311 94
507 215
499 268
121 191
274 241
