23 45 688 6796 5128 4976 7910 7592 3069 7503 7213 600 245 9424 5631 3222 9316 7098 9318 1454 9285 1369 1150 5208
27 6428 3827 6857 3781 5148 5307 3949 6409 5843 7522 7824 4002 2720 3771 125 6438 1341 1931 7573 5745 6342 6517 3727 205 5317 9015 2504
29 9475 7566 8513 961 432 4144 9391 7777 4880 323 2030 560 9218 8015 604 4839 8773 2133 7447 246 5421 433 4463 7376 2427 5398 7411 7424 75
30 156 1492 4122 3324 817 3702 3851 2609 8577 2917 5821 893 2097 5124 9906 4603 4371 99 6078 1640 9920 8208 1234 8014 6273 7683 6867 953 1313 6217
29 4467 5837 9288 528 2228 3623 7865 6686 4017 6711 2547 9871 5438 1482 1887 1906 9345 807 6949 2361 2729 349 5764 6327 6068 5948 7772 3818 8385
27 2995 2550 5967 4458 9669 6348 1095 8494 380 111 8055 4720 778 1796 4226 7795 5394 6963 2118 6839 1859 8302 8510 262 9542 3633 2157
29 2584 773 552 874 9095 7022 9864 7316 1679 6385 5951 7282 1490 3609 8348 5485 6494 5246 8107 2827 6984 7862 8344 1277 9557 573 1655 5470 9827
25 9191 3210 6754 4784 949 4486 7840 8876 1749 2857 9135 2615 30 2237 2292 5422 1619 5715 4210 5158 8197 509 103 9573 5823
29 719 4980 2793 7329 6889 1758 6520 5166 6057 8441 6084 4293 8892 4835 2546 5752 4113 3650 5003 7578 8098 9550 7594 783 6541 7524 1682 9786 2936
29 7138 2713 8654 4114 7384 7985 2394 3019 9648 4117 1007 1688 8159 8775 6337 5732 5746 4623 8210 5672 9758 8822 9086 4816 9905 3257 1705 5361 8539
32 8141 4494 1691 7648 375 7185 4722 6395 5887 8638 8206 5064 545 2699 1467 9996 3896 9852 8217 8119 6120 9088 7193 6477 9649 808 8409 7746 396 5042 7718 9607
29 2870 1595 8781 676 7773 2053 4387 1549 2511 5904 2052 4212 8639 8807 1221 386 2327 2662 4086 3964 7302 3725 607 2302 4798 2706 2143 6142 5562
30 3016 474 5771 7581 9967 4250 1996 499 3037 2183 7847 4687 9072 1650 1936 9673 8614 1973 5038 7366 5338 7182 9680 9523 1951 5054 4517 7008 4635 1864
29 4891 2847 2069 8464 8277 8970 9585 8620 4589 2071 9857 916 6749 1137 4434 4453 6967 4405 1159 945 4620 7019 9032 3614 2393 4532 8784 7756 6491
31 8598 286 7115 8717 2578 5680 397 5433 9533 2179 472 6531 4990 4892 4090 2056 3692 7564 4232 9070 3973 2898 364 8071 5776 5719 1279 9001 7002 6264 8268
27 1566 596 4996 1835 5585 5318 1160 8812 4055 4262 4383 1701 8137 1171 4814 7218 8480 7357 8662 1129 5243 6797 8117 1943 1550 6680 6148
26 7849 5467 8903 2922 3126 3716 1639 7541 358 5142 2924 3563 567 7557 5299 6170 5640 7189 763 1775 6194 8084 79 634 9161 8470
30 2717 9727 8740 2921 3306 60 1562 4137 1064 9289 4483 161 3721 8185 3271 6321 4051 6877 5617 7398 2222 3626 1930 113 9134 6533 5711 8548 2134 9527
26 3636 9662 5740 7084 5713 1076 630 6615 7405 4641 373 7036 2826 4985 3974 7924 1173 1858 4894 9715 7224 8100 9705 2031 7966 3767
28 9392 2351 5129 9385 6973 2144 4030 9407 5163 2961 7135 8258 1708 7554 6701 5346 2015 3576 2492 1941 9512 7 8449 1297 640 8994 7362 6405
32 327 816 5973 3914 7232 1217 1542 5850 6738 1839 4542 1852 7776 5699 4179 1621 2761 9252 4072 4118 4191 3142 3638 2490 7017 1155 149 9713 6052 3962 8945 4347
29 6430 9447 3258 5153 3582 7845 5058 9565 8458 8330 6574 8145 2743 8762 9617 6396 4522 8082 8537 7632 9663 2002 3990 814 2505 9563 368 7926 9700
31 681 8504 1140 3746 6995 3238 8381 5138 6312 1810 5490 5366 4374 8335 3435 6082 8601 4368 4421 9616 2407 5605 9294 348 2180 4772 614 6241 7223 3041 6898
30 3187 8835 9940 8530 8549 7572 3625 685 7097 6705 1168 3490 2066 3568 9552 7233 2798 7438 9597 2127 2081 9298 7933 9602 2285 3219 6818 575 6737 4275
28 3440 7047 1191 8870 3618 896 1123 5867 7278 9733 1694 6954 6178 7663 5191 5730 5199 6058 6604 3475 7137 3726 4403 8672 192 1820 8353 5320
29 3353 3076 3482 7529 7060 2212 4278 3480 9853 3532 2457 9720 5249 7989 7882 2251 3961 8133 1955 2192 4854 8962 1811 9082 4646 3030 8265 2155 7264
29 9106 8339 9408 627 6554 7065 74 6037 4856 7466 564 5063 729 998 8221 7570 7510 1116 1400 3793 9193 2553 828 8520 6308 4291 3931 9860 3232
28 6570 846 656 5134 5940 2992 6299 6309 1306 5183 8466 4921 1524 9490 4294 2165 6399 9421 7626 608 8809 7113 6560 7595 8747 9423 2668 5644
27 4523 7179 6992 2012 3518 4175 2468 2782 5875 3715 3908 4898 300 5834 6811 965 367 3891 4806 6880 9374 6631 8535 2203 5548 6633 419
27 5254 3496 1407 8613 9708 5637 2499 6300 257 8760 2946 6456 71 9455 9609 9513 2333 3776 4269 6107 6467 8243 1580 5747 8305 4978 1363
25 5835 6154 7011 2940 5612 4393 6817 9808 2646 715 4290 2686 3132 264 9050 8200 6110 4861 4159 201 5184 9025 399 5507 7368
30 5482 1893 8969 3322 3992 8697 35 5446 8263 1219 5412 8347 9081 6450 6166 9292 2379 8496 976 9396 1438 4755 4485 4961 9277 3457 4580 836 7697 3748
32 2038 6543 626 2000 9632 9974 2167 4282 1149 8528 8974 7037 2943 7056 2818 1853 7200 1848 9534 847 3935 867 2199 3498 18 2340 3588 6532 3779 9650 4707 582
28 586 1125 7611 9804 4622 7721 2591 9583 9451 8025 3315 9116 9458 3983 1830 2283 1161 8461 3244 4837 4330 3862 1181 7705 3760 8816 4135 4361
25 3831 3665 5865 5461 5705 8532 3234 1228 5282 7589 1249 2220 2326 5790 2910 2362 4991 4013 5710 7583 4593 1765 4516 6776 6647
31 4611 6347 4238 5113 40 850 2253 2701 6710 4809 1609 5879 1724 6693 3356 5118 777 7431 9666 2309 6739 4208 1475 8065 6431 1728 8554 7319 2123 6498 8696
27 9180 1846 6888 7458 2755 7383 8368 1174 943 7651 9917 2382 6601 1392 8490 8667 7217 812 1823 5431 7303 7311 5359 218 5032 4037 2388
27 1999 4805 5077 1398 2358 147 1258 2601 734 2522 9502 115 9736 2006 1977 2453 1710 705 3466 6066 2317 7647 4479 2189 6235 2585 7911
22 820 3171 2506 1795 393 5218 4630 8588 594 4047 9309 5072 2216 4534 8608 3597 8252 121 47 9765 3059 9307
32 1826 5557 8952 7982 6983 2085 5783 5863 8873 6328 2595 8131 5279 9497 3685 3807 5606 3920 56 3359 8259 913 3874 6465 3352 7970 5787 7934 3161 2670 2968 7162
28 6507 6319 1734 6475 1700 919 2298 2161 5012 7925 4101 1618 2859 6137 1504 8996 3046 9174 5927 4711 7599 3093 1570 7972 8218 166 5674 9741
26 6042 1415 9747 9286 7436 8093 8649 3785 9973 1622 8507 1223 7831 8370 2702 3773 5641 7825 3969 7274 1966 6926 5527 7089 3580 2587
27 8858 7343 7014 4607 9625 3541 9044 8493 1837 8245 4515 8482 2428 4312 1819 1088 4202 7093 9142 9377 1877 7332 731 9152 6149 6587 8898
29 3491 1247 2777 9019 2141 3122 4975 9939 5838 525 3146 1034 947 7491 830 803 6124 8016 4372 9614 29 7902 9301 1786 1428 2848 5960 341 3952
24 9159 8447 4169 4279 9139 4867 8564 8920 6218 7693 7190 2502 8455 8371 1552 514 1910 9711 6064 9684 9539 3663 8244 9837
26 7277 5984 6231 6283 4314 8798 6205 5253 9658 3548 9739 3584 3646 751 7836 1231 7628 829 5807 8308 889 9148 6002 3101 3366 7577
30 7674 3247 8143 9559 4152 289 164 2238 3904 4938 4559 7122 9057 5691 1829 7344 815 6521 1537 1286 3666 2277 9610 963 8160 9112 8731 2119 4548 825
23 1717 6785 3042 1560 3744 6485 883 3130 1671 9090 1747 2404 2981 5622 5651 7333 8161 5449 8542 4927 7106 3451 7260
28 2851 5326 8386 835 8438 8234 1133 2337 5100 3336 4544 9179 8384 9024 3458 461 347 1940 944 284 9620 2498 6201 4026 3583 451 6390 2804
29 7426 4397 8850 6864 5109 4400 3009 1276 703 185 5053 4520 8558 6192 522 6119 1654 2988 7550 4982 6852 4036 1375 9221 5946 1626 2716 3328 7364
29 9413 6214 7120 2430 7158 3573 3299 7597 9760 9247 4136 8536 6471 6706 9312 7622 6009 8491 9269 7646 5684 9259 4505 4008 8018 8750 5953 4339 6422
26 4119 8121 9202 8130 6504 5126 3335 8463 9231 7815 7068 8722 6176 2617 9326 6492 5495 4886 6937 6636 3946 3906 3274 6974 6301 7414
27 3875 7337 4088 5310 6313 5144 6411 5323 1836 8122 997 7443 1870 2845 8223 4737 6400 5931 3768 7170 8382 5305 8556 5870 2850 2016 6121
30 9049 2698 4632 5387 3396 5226 8937 6105 3513 1541 6872 2100 2913 7701 5962 4471 8051 2111 1789 2173 4187 8403 3843 1529 6659 7713 3979 7764 5481 7270
29 8220 4236 1491 7636 5696 6113 2126 5229 8634 9745 4044 4579 8222 5830 3393 5716 1416 3939 4305 8380 8064 6370 7048 1017 2311 253 9476 8932 8753
28 7653 9791 42 8872 6657 7110 8642 1792 1493 9809 7877 9844 3028 5270 9483 3319 7943 4357 2458 8738 9744 1669 2282 4877 9679 3279 5988 4964
30 5832 3991 6613 9352 9790 7203 4566 3100 1971 3925 8505 4873 1126 5720 7044 3616 379 4509 7410 2402 9230 9137 3593 4624 4108 3527 1939 1615 6650 4014
23 8424 811 7253 9397 610 9078 3508 7939 1935 6338 6226 4470 7350 3900 5363 3676 543 695 2257 4682 637 6830 9882
25 7782 436 9200 6756 5448 1674 3243 9491 5425 2891 7072 7308 914 9325 5295 302 8230 2639 4537 5339 3947 2214 8574 8443 1367
30 1141 8669 7448 191 108 1756 1855 1055 7296 5748 1020 6609 5770 4599 6208 6743 5741 2485 613 326 9946 6144 5328 7520 2046 3936 3404 4556 5877 6014
30 1579 4989 7979 9811 4655 1913 8050 7441 5406 1193 2802 2656 3488 1892 4213 2110 759 8331 864 7226 7874 699 6723 876 2063 4367 4841 3308 8167 5227
25 9168 5941 6699 979 319 5878 1692 9375 1003 412 5230 4819 8034 8420 5061 4972 542 3578 7619 2197 2054 486 5789 3106 2678
29 102 9366 2715 170 6421 5224 9238 1098 6138 3035 5347 5024 2082 1452 7238 6653 645 9156 3822 8869 9225 5922 6499 4571 2510 7843 7593 6906 9478
28 2805 4349 8399 2368 3682 3391 6822 930 5177 9059 2318 5429 9815 642 8752 877 2300 2888 3231 7964 7211 890 5544 948 5702 3601 1136 5921
27 4078 9243 6046 3866 2343 7728 33 209 2064 3648 4124 6648 8691 7321 8109 9290 8757 6734 1582 6126 206 3739 4324 3135 4688 4881 3375
28 6975 314 4937 6284 7974 7239 7054 190 8874 2552 6918 6674 2262 8989 2413 6072 9047 4654 7127 9578 9062 4342 6501 826 3015 3758 9724 7540
31 7584 3235 416 8625 1600 6292 6731 6112 2541 22 987 8260 6672 1085 2657 4815 2432 222 9929 4301 3077 136 3309 7512 5341 2691 8559 8582 4552 9544 1637
30 1769 862 1746 5462 3950 1462 8651 1238 8349 5369 925 59 5584 798 5874 5075 9214 8684 72 2272 3357 959 7085 6089 809 5864 6203 4461 8132 5681
29 8078 9037 389 9984 8445 1969 3667 4273 689 7670 4941 9908 7990 7612 8864 4761 7763 2740 9405 6394 5103 6373 9108 6534 3406 4619 2594 2620 63
30 5919 3104 9157 3972 9861 3064 9268 7842 4377 409 3313 886 4988 2548 4992 9 3662 5958 8973 4023 8473 1077 9514 2284 1812 4061 2093 8928 7921 7747
30 701 3551 34 6275 1264 9242 8012 8488 1767 8316 1317 4857 5442 4295 7509 6418 7184 8900 4016 5034 1273 9402 6101 3478 9022 8708 2703 8589 2791 2659
31 9888 4057 5345 7890 1421 4408 6452 4969 7768 3724 6795 2558 3055 8844 6581 1905 2484 4706 9017 2259 1356 6118 7954 1501 8576 7306 9894 8487 6028 9968 2338
30 9601 1312 1148 1422 6278 5683 7866 6744 4348 5403 5035 9976 7355 781 8254 3888 8087 9419 5655 6314 7504 2934 9623 4369 3098 7741 448 2969 2075 1235
27 3922 5846 4481 1809 3536 2101 745 177 4396 7816 7531 7237 8345 8124 5095 6758 2700 6682 4245 4102 1447 8802 3993 2088 9109 9431 1177
29 577 7015 4904 9606 434 7980 7891 9986 9994 1883 7942 5701 5894 6772 1451 7159 9653 4389 742 9357 7920 296 3081 7074 7478 9828 3970 6804 849
30 3873 9591 5553 3763 9123 571 6125 1373 6902 6274 5401 4931 5508 7195 1960 2390 7588 6692 6530 6861 6336 8367 6043 3572 3577 2065 9788 378 1323 9204
27 8044 8934 5298 5201 5302 4885 7784 21 3986 8350 5847 9118 1553 7102 2466 6249 1903 7826 1019 8229 6579 651 4138 8658 9188 8092 655
30 175 3181 2933 9592 5181 2218 6267 1932 3678 9260 4665 7188 8332 3759 3753 6350 2727 8396 9528 2592 7821 5452 1110 7480 8823 2902 2385 6883 6842 3531
27 2209 1896 9236 3150 4286 7259 4948 2748 6389 8627 313 3194 322 4180 1146 1662 9276 8804 6199 7959 3189 7657 4336 8112 6377 224 7315
29 3766 6578 3260 7449 3707 2137 6826 6979 9314 5297 3606 2188 3819 8842 5786 9525 5463 19 7971 6259 3526 312 8716 5538 3938 1015 8236 9163 8194
31 6423 405 8356 4917 4227 4858 6752 5570 6740 615 203 1867 8855 3629 8871 6698 2889 6760 478 6792 2131 7710 410 8354 7139 1546 7154 8830 1801 6189 3708
27 6808 8472 5908 6970 7323 6000 515 964 3934 1555 5603 636 6115 5782 9712 418 2753 2806 9779 6193 8692 4968 5649 4150 1404 7817 7492
26 3709 4390 6151 7219 5855 5066 4627 9571 3195 204 4533 9187 8883 5214 2564 3615 1901 6131 7686 6122 4209 2374 6248 2925 8585 6787
27 3155 4246 188 8003 2930 3242 9622 7755 7268 5440 2080 9672 6175 9659 7829 5750 1844 9639 1984 9536 1237 2976 8247 3226 1665 966 4659
26 934 159 8297 1134 4529 8421 5706 6859 2687 1477 5601 4689 1933 345 2204 4146 1073 6417 3296 8280 4427 5536 9034 5178 6269 5638
29 4960 1573 1437 8919 2135 740 8958 9762 1759 4736 7743 3863 1915 2121 3377 838 8529 8960 4261 5043 8800 4853 160 5814 6593 5615 2533 5513 98
25 3216 3460 2599 6556 1342 6559 8877 1585 6368 9411 6048 635 8626 4595 4846 7940 6034 9210 8363 7857 4905 3607 7631 2481 9212
27 4768 9460 7309 3932 1575 3114 484 6793 2624 3743 7387 2495 4092 6298 1914 5114 4780 5340 4439 3967 7548 2588 4296 6415 3421 4540 5453
24 6424 1130 687 6363 4476 1760 4221 356 8215 2124 9279 1453 611 381 4321 2449 9807 4626 2619 2383 6008 453 1678 4644
29 526 9589 3592 9378 3291 5726 5744 8609 1440 3018 1089 8147 4657 5106 2092 9008 4139 9674 6964 8671 8525 2880 8342 1874 9878 9535 2985 5930 819
25 8946 7787 7380 5566 2746 2920 1730 4413 5407 5533 5791 9250 6670 8860 494 8269 2307 7241 7269 6619 2294 3057 1533 3913 9154
29 3387 1364 2482 4 1025 4942 513 3520 2039 4652 3484 2887 7838 8538 2811 8338 4340 449 9981 4763 748 8485 8010 4783 8606 1947 5029 2456 1690
26 3423 1038 5476 1390 3755 8417 1322 3182 8687 6256 1329 39 5162 231 6837 4094 9530 9473 4770 4920 5016 6239 7050 2059 3570 5007
29 9321 7205 9257 6664 6117 2239 768 6616 1433 5277 392 8413 9233 5048 1409 1122 6714 588 2029 6527 8997 7530 3712 897 4510 2328 321 5543 6625
28 8097 3452 5537 5117 7381 184 2322 902 6800 4375 2842 4986 8915 3495 6323 4596 1741 7003 5625 6080 5085 9953 1374 7616 3197 1522 2400 7887
29 6950 766 9459 3442 5658 3733 7488 7605 2310 5293 5055 1647 1444 5913 1838 5978 3047 7273 9144 7067 7507 3053 8126 1633 2927 8941 2431 1106 592
27 9014 9868 2604 3259 1515 4183 9380 2947 1104 9087 5689 1321 4723 7909 4164 4557 7314 646 9005 1251 1658 2751 7192 8981 677 845 7215
26 4182 1285 7230 5313 784 2642 4116 3544 3683 8573 872 3464 153 8688 6180 6957 9009 9271 7600 6911 8782 4895 1022 9555 4526 2480
24 1813 5595 9042 4034 8584 7464 9393 5071 7000 4410 7739 1535 9734 9553 100 6232 3624 658 3673 2336 3173 2895 1653 9770
25 1574 6600 5675 1597 3347 7719 8553 4194 8123 6210 9952 855 5122 1054 8029 5252 8459 1902 8181 3613 372 2618 5559 2807 5392
28 8786 8971 6250 6516 167 2313 9798 4726 7753 9821 8659 4132 5848 7167 938 756 355 5636 9944 28 7827 8863 9572 4664 426 6947 9829 8670
31 1587 8394 276 9884 7667 4313 9315 5274 7142 4263 7415 9690 521 8106 3368 2730 9931 8720 5357 5060 6333 1757 8474 7092 9879 7100 8918 8953 8374 7775 6051
29 5014 7569 5898 2305 7367 5086 220 8423 9339 3212 8889 5332 8901 4351 5758 7129 8271 2271 3976 7051 7565 298 7354 7457 8002 3652 6442 8216 5690
27 8995 8961 2890 5588 2 5151 1787 3644 8506 4446 833 4728 527 2354 4128 3897 4492 8319 3602 8138 4333 6774 9348 181 5216 7178 233
26 4466 8543 7244 3764 7621 1593 2450 9495 8783 3254 3794 3515 6085 7549 3723 9876 2462 1845 967 6071 9101 235 581 196 8037 1345
30 13 8364 563 7279 1604 1414 1802 8904 1643 1861 7771 2520 4602 6502 5479 8843 6326 7635 9401 8091 1153 506 7101 8777 8567 5809 9080 870 6173 9346
29 962 5388 2365 5472 9128 2479 8663 5522 1198 0 926 5074 8677 5963 5395 1661 3889 5378 5484 3596 7732 4879 9638 5933 5180 8685 7553 1473 2980
28 6229 6200 2813 5516 4636 1138 7028 1032 6233 5964 1630 3094 989 1726 713 214 3418 9998 4865 5444 8136 6858 7523 7463 1601 340 9354 6207
30 1572 8207 8166 1675 7519 9907 7952 5125 6215 2009 1233 2355 6206 6951 2817 9707 9893 2022 2602 5164 5267 1388 8881 9569 5873 8146 6360 2881 7820 1445
30 7914 4501 1060 1818 4717 3612 2966 1740 8913 3830 3654 6364 6893 3686 5450 1145 6841 9169 4103 3432 9509 8729 9682 5319 5819 1378 990 4699 1255 8964
31 8849 3704 1424 1067 2293 8884 9856 9183 8476 5119 6820 2255 4215 1929 7363 5775 8707 3184 5773 1480 508 7716 9938 4849 5663 5120 8527 5950 7246 7174 2386
27 78 5245 9732 9702 9428 473 4724 3545 8224 3553 4906 5451 3034 628 8732 2975 8429 9641 7685 4939 6909 4979 9766 5466 1634 8180 7649
27 9714 7781 4474 2971 1890 3275 3443 5587 266 7765 9545 8035 1147 6414 7013 7378 3960 7181 9701 9386 8397 6642 2545 6577 2105 5021 3555
27 4935 5721 2586 5116 2873 2301 975 3167 4241 9051 9287 5426 6786 7834 3113 2625 6132 401 757 9903 5017 6769 5985 8376 8387 6955 1738
29 4189 7251 3951 5400 5542 1592 2027 6553 8483 5023 8499 8943 3434 3926 6406 2171 8422 1886 1351 5989 1803 3140 7547 9167 11 6838 5173 7533 7207
32 6392 4447 3027 1983 2876 5668 3696 7715 9961 1004 311 1253 3320 9482 5828 8334 7069 1673 1584 538 9026 4668 9132 8770 50 2360 105 891 4352 1991 1551 2423
29 4804 2765 9635 8950 6922 908 941 5176 1290 9575 1163 5281 3695 9002 920 9794 7248 3824 1884 7255 3002 4449 5402 9924 9253 6435 6320 6094 3048
28 4141 4338 4099 3455 6746 7349 9240 7835 5329 5480 8721 3449 4925 4551 7558 8242 3325 3329 1087 9333 3591 5765 1443 5196 1509 2357 4354 7502
26 4052 3051 6474 1053 4181 590 2536 7483 4647 6976 5579 9381 4845 6315 4812 2045 3485 6468 1722 146 4319 7923 9991 5650 2528 9969
32 1048 7235 7689 3921 2756 9752 1677 5925 3439 5969 1132 6824 3166 5175 1436 710 4633 4855 6629 7546 583 744 9195 6349 3999 6514 2856 8902 624 3062 126 4875
32 4322 8383 3630 5349 3907 6767 8293 5353 901 2832 2286 8878 1069 2878 2463 1170 7088 95 7912 2929 7095 6023 5858 4709 4810 8388 2926 5805 9023 8978 1484 6441
33 9435 3929 8927 8797 3735 82 1239 8046 3033 7467 3489 2207 6584 4822 4945 9249 3543 2500 9256 7556 1225 801 7262 122 1107 8521 8940 3112 2627 9244 9904 371 7796
24 8099 7175 6765 422 5416 6658 4734 3158 6847 6914 6238 4423 4365 6565 3971 5899 3600 8173 1718 9642 2834 2556 7474 4111
26 9189 2785 5031 9416 9963 9329 2021 4031 3362 4168 8801 5073 7919 7853 9297 6050 3714 2787 3338 2159 6782 2667 5633 3074 7165 4087
31 9111 9957 5528 5965 7744 7144 4530 9477 6419 6535 5382 9664 9372 8661 3778 7656 2315 9683 1578 3880 3337 5623 9605 137 1646 6053 754 1305 65 7837 4300
29 746 3505 6655 7707 7482 4093 150 7468 4272 5592 5497 7104 9299 1894 7307 3740 299 9928 8199 2596 129 8411 1274 7799 4196 3710 9643 503 9784
28 152 9850 2858 3811 8966 1093 9395 2281 7024 2513 5488 8352 7973 3963 2951 9021 7023 8825 562 9275 3538 3165 3157 8736 4058 4586 4063 2107
30 3363 2607 810 5247 8829 3331 6211 3001 9439 9781 7876 7032 4582 924 5833 895 4177 5982 4043 755 9730 3445 6004 6196 8508 737 6832 3959 7537 9982
32 5057 4433 9646 1049 357 6868 3783 3040 1485 6277 7614 1557 7958 510 6941 4160 1530 492 2979 5810 9465 7634 3965 4041 6986 5785 2884 2269 9865 2371 1928 1651
27 4065 7439 4327 3524 1961 9989 9943 1127 1602 1218 2050 1948 5664 3853 6991 2043 3594 1806 3372 7669 9722 7486 1254 3196 4274 4897 7886
29 2672 1831 5209 477 3380 555 4472 4745 5343 7664 5597 5404 5405 1102 6129 1142 8283 6104 2113 7041 9125 6641 3689 821 3706 7868 287 6240 6843
29 4852 5383 9441 7042 7161 229 629 9537 6437 8377 6523 6225 54 954 7276 9177 3344 6384 6940 4924 4618 6987 3809 2025 8811 4437 3645 2789 4771
27 8057 1143 6595 9933 5968 9258 6618 2410 1871 1269 8008 4869 5080 4862 8787 9122 6953 2899 1684 3428 1514 6489 6335 2523 940 1739 85
31 1965 6062 1330 1926 3898 4587 2106 9182 4247 5059 6183 2539 7388 7298 5504 1070 8759 3301 4059 9706 5047 8059 6700 4563 2597 7220 3649 6660 9778 119 3218
32 654 8125 61 6234 1080 9096 9955 662 7927 5523 9376 9771 7935 2998 4713 7112 693 5531 8425 4653 7403 5630 9479 2669 3838 6077 8515 8637 3008 6722 7399 5885
26 9371 4944 5534 5423 3757 8500 9107 9338 3340 2509 7830 4583 8436 2671 5648 414 8866 8703 3658 7266 8045 9978 2567 2959 3422 6627
24 602 3128 2469 9484 9915 3300 4145 7703 9526 4612 4382 4420 8550 8926 9197 2445 7823 8817 2773 9950 186 2444 6279 4188
27 6197 9498 7871 1275 9120 2339 6566 4487 5769 6412 3407 2900 8142 639 7615 8276 8321 3252 1394 6645 7055 195 2638 6783 1316 7153 2497
27 207 4392 544 2037 3164 7327 8673 9954 6708 532 6862 92 6757 8990 7758 9140 6900 5271 9603 8905 5286 4584 4416 3092 6762 3540 2084
27 660 4878 6482 3268 2535 163 8111 4395 5802 4201 8755 9303 6044 2077 4727 775 3820 1213 9611 3789 3294 2953 6086 127 4224 5780 1868
28 5046 5503 1014 9073 5896 5916 6547 1897 8689 3273 1320 8509 643 5947 4676 2206 1495 5468 315 2356 5735 8179 4320 3661 5774 9100 4708 7907
27 4071 5532 1772 2323 221 4673 7675 3887 1118 1215 8666 9796 2508 3599 8837 2690 842 9516 5893 6458 1362 5316 6694 2211 1697 6161 6969
28 5062 2583 5653 130 1907 4567 1750 1302 2846 7038 2260 3631 3454 1097 1294 8908 131 985 6695 7372 9843 2764 732 8810 6921 5621 3349 496
28 7427 4671 3361 854 4966 9627 5051 971 1340 7561 8840 5781 9089 8665 909 7146 8497 6621 6938 4499 5469 3282 6536 2883 4297 4695 8501 1099
30 3590 8415 6258 4710 504 8756 6359 5512 2176 413 9654 529 3321 8650 8560 2187 3799 5419 8171 268 2172 8430 4729 1497 6011 4666 7726 3826 1185 3082
27 7937 6425 3153 2195 6966 7526 7111 9870 3078 8907 8144 3981 1458 3096 3401 3641 5037 4648 6528 6913 1617 9013 6289 8803 9748 4956 711
30 7633 8406 5889 6493 7575 7957 8375 996 6874 9457 8486 2373 2986 1934 8278 2560 4120 6802 8571 9726 8312 7140 8806 8157 9977 6943 3859 7322 511 2630
32 7662 4922 4994 2512 3659 6620 4910 5860 9909 7369 1707 565 2011 8832 55 8963 9060 1488 4970 4310 5458 3097 1534 6372 7198 9631 7517 2398 2915 3589 2829 277
31 9925 2241 6812 5751 3762 1715 4104 6007 2247 3770 1693 7950 353 7596 1280 918 3684 981 5590 4035 6827 4786 1649 3691 752 5515 2170 6013 2380 3918 6632
27 570 7511 8710 3005 8273 4933 2677 2868 4048 4457 5028 5192 7007 3798 32 254 5573 7285 3414 8030 3154 2483 8081 12 9687 3829 6942
29 7576 227 271 2252 309 81 7393 2562 6666 4223 907 1489 603 6716 917 2821 2653 7168 591 4203 1953 6702 316 6251 2866 4237 7729 7774 5723
29 2378 5097 328 3643 7516 2747 9489 541 107 7046 4900 3850 4774 4823 6721 2759 758 2387 8702 8233 3012 4022 3521 2434 7125 2731 4384 8514 7456
33 5465 1035 5197 502 6790 8693 2166 2057 7800 4950 6562 9531 3565 1309 584 4379 7846 1873 7012 733 3253 9749 4899 8705 9114 2421 3823 9342 3450 8077 8640 950 6088
30 4764 6461 3060 7976 3118 8006 956 9186 2175 7462 4504 4914 5200 2893 1866 6134 8310 5001 7975 5111 8580 8069 293 6478 1957 7617 5918 9697 9410 212
28 4753 8730 3693 3867 3954 7723 1547 690 6978 8182 83 4591 3879 3700 4417 8882 4656 3276 1246 2543 1284 1703 8633 2612 7228 5215 7885 8009
27 9488 7186 3772 8118 659 2353 605 6634 5396 4889 4292 7267 1459 664 2739 7018 2108 1502 9085 4508 5888 8929 9170 8695 4890 6404 9838
30 4760 6668 8177 1670 9930 4715 5308 9590 8176 760 7163 4095 7863 9466 7792 3801 8129 5013 3327 3419 7684 6469 5607 329 898 2392 197 574 4502 9255
27 7148 6720 5069 3519 8053 3411 2359 3079 6764 8042 6715 199 6098 8038 1719 1606 9469 3371 8827 9337 3966 1372 1878 8846 3840 6564 2994
29 1109 9538 1924 1037 3694 9076 5102 91 7981 848 5659 9842 9110 4344 6882 6735 1413 4335 6306 1743 46 579 8923 1318 6325 8895 8228 4257 2406
31 3145 3179 4660 2640 1776 2024 8594 134 2794 6944 4363 620 7209 3506 9300 7288 3026 4549 716 5567 8186 5853 5788 9472 520 7754 6717 1881 1119 7194 6061
26 9340 3492 7096 2152 6032 4248 7359 4229 9363 1889 1214 331 5600 1135 3211 1840 2708 5239 8984 4429 9840 6751 6159 5937 8619 5473
29 4661 9443 1425 2005 6961 663 304 6551 2762 9267 6860 5096 1880 6646 6878 2114 7196 5081 7961 5194 1343 1979 5088 4039 1576 5110 1486 7801 1503
24 4974 6294 5815 5910 6753 236 4350 9660 5502 6989 1292 7001 3108 7888 1611 6555 151 8456 8169 6602 6447 6074 6246 2451
32 445 352 4068 1590 4123 3722 5022 6244 4692 5556 9848 5822 8309 1683 9029 5428 7712 382 1114 7515 4946 1781 7083 6346 7627 8763 823 5140 37 860 1891 4235
27 5777 1805 8875 7867 7430 8727 7960 3341 363 1986 5983 9728 8426 7077 9453 3535 4541 9965 921 5225 6022 1333 1071 31 7965 4832 8479
29 138 4060 5959 8885 1964 9263 5883 4795 3858 7317 4500 4691 8253 4284 2017 831 5652 2224 3895 7879 9239 3787 723 9201 3559 5285 1540 9873 1627
29 7828 2795 8566 8906 4391 5682 7872 252 1248 4062 7906 4565 1303 3893 7258 234 9040 2200 6195 8457 458 8209 25 3687 3426 5907 1937 1397 537
31 1641 3937 7638 5377 2396 6718 6304 243 4864 6472 6171 6582 8448 7620 3894 6365 6644 3814 5447 8333 7292 3000 9897 6825 9789 5624 4993 5231 6495 7654 9941
29 9543 4662 4751 9966 931 5714 1222 9437 720 51 4178 123 9464 6433 7681 7155 905 5616 5923 154 6109 2089 3948 1337 8241 9710 3138 5991 2894
25 1386 9942 6778 7116 4005 6049 3997 6750 2955 1092 2184 4930 2967 6483 4125 7932 7040 1748 2486 7562 2991 616 1327 1295 3876
31 9988 1348 1751 5237 9129 3050 6016 2439 93 5772 3802 1301 8213 8294 5890 4919 4748 8578 3605 3013 912 6020 2023 5872 6420 8648 2422 1263 8298 4923 2518
30 8551 6729 5794 3410 1441 3348 8274 7455 7875 2808 5818 7429 3415 8886 3477 4488 1828 183 2070 7783 935 2688 9399 4409 2732 6688 7711 4998 5635 6835
29 3236 6671 8172 6509 1631 792 9546 4672 5434 4929 7305 4460 9222 9414 3054 5443 633 9776 9567 5754 3564 770 4121 5728 2250 9517 9580 7066 7652
32 4473 994 4773 7245 4219 8074 9980 1283 6099 4341 8040 2654 4140 1158 7059 1319 7860 6836 8621 1832 4482 1780 3162 3788 3052 728 5575 3493 9900 9615 447 7722
25 2265 1186 9755 1175 8072 1487 9406 6436 7661 7473 5309 7459 3269 1706 3470 5076 8519 6958 8021 5892 7998 894 9723 3653 9138
26 7883 450 4769 9382 294 1794 8410 800 7045 7580 4130 3310 3849 3199 3747 1052 3869 1591 7283 9331 9313 9633 6271 4561 1916 7348
30 666 7030 915 4803 4151 873 3836 5912 5506 7680 8794 7423 4952 858 3317 3441 3287 4843 1195 148 9926 2240 3497 7967 8845 2248 4913 9927 362 7049
33 4398 6897 4754 1192 350 9175 1267 5868 5693 2673 435 5739 2132 7812 7484 9689 6378 6024 4045 1494 6742 274 6353 4836 6691 4606 1569 9004 5217 1396 9841 7029 3071
34 2993 9992 3679 1278 4249 5610 365 1167 2233 2001 6015 8369 7928 4402 6829 8814 5972 2185 5248 4893 2128 6759 8795 8405 1528 217 3084 6103 4459 3734 6972 2781 5273 1635
28 3511 498 1499 4716 8462 4358 1012 1304 8325 6357 7345 3955 5108 5427 4157 7859 8999 6518 7353 9875 774 6894 5576 7339 2115 9347 4380 8819
27 1472 6770 3316 906 404 4718 9504 5742 4799 4679 2474 5441 1847 4918 4414 3343 9262 5778 3738 8998 9364 1583 3848 8712 390 6952 411
29 4077 698 1704 5881 1554 1659 7691 1368 2289 3865 1096 6460 2923 1261 8378 6362 9400 3567 4738 1164 4719 622 6047 5039 8192 6833 8516 24 2249
30 9215 4166 9492 4239 2570 9772 9540 3587 4831 5133 2735 2020 4430 7025 3514 2527 2226 1581 7373 8767 3736 7498 8739 8088 41 9576 5586 1385 937 6135
30 3123 3471 8778 5520 9874 9121 8328 9084 1074 6651 5611 6063 3461 5373 1376 2246 6685 7444 1008 885 5992 5589 4531 638 7677 4197 1446 1851 7655 1990
29 9282 554 7752 9806 2049 3731 9356 939 5376 8848 8723 8602 5327 5417 4161 3220 6147 7676 248 5078 4513 8275 2875 2778 859 415 6901 5897 6511
31 5552 1925 2954 1976 2186 6280 1151 4953 2415 4684 3431 6814 4825 7346 7586 2872 7591 7733 6853 3566 9265 8101 1208 5709 2694 2885 1958 2487 2345 3472 6732
28 5500 612 49 1863 9190 3049 402 9880 4025 9737 2799 6590 8899 2004 9501 3446 9390 2290 6039 1084 6108 3994 6569 2812 1975 8891 6332 5065
30 558 4543 3339 4436 1016 62 8679 9725 6162 4289 1039 1349 1589 6367 4011 2464 9323 5187 9624 1006 7624 8704 6558 2377 9450 1470 7738 2501 4254 5707
31 3815 5608 3302 8890 1737 2775 5901 2918 9456 3556 2403 5235 5856 8191 8824 1962 7962 2800 7778 7999 7433 9429 2605 2196 2824 8749 6503 9474 2814 9349 8618
27 6845 2090 928 9384 6681 738 2774 927 1895 3675 5578 8815 1920 8686 7692 5627 834 2684 2871 5762 5321 661 5386 5549 4683 3901 6164
29 9155 9695 747 9751 4165 2429 572 141 9178 6185 7352 6454 3134 7809 585 1496 3890 9596 3885 6505 4308 7454 3045 6260 7938 8743 8070 7978 6065
28 1577 330 26 7798 653 5210 7406 3420 1777 6515 8894 5998 249 1642 922 7053 7673 1403 2319 9911 8212 4445 2438 5275 9064 869 8629 4916
29 8346 3833 5917 429 9899 813 4298 3647 4785 7328 3392 4376 7300 8149 1358 48 8175 8336 3125 9867 6381 6095 4484 2905 6713 4615 6654 2616 202
24 993 8432 8503 4006 879 1300 5580 36 4306 5474 6252 7785 3065 1636 3837 4860 6571 3032 1663 1328 6761 9452 2719 9802
27 8709 7918 4909 9836 3671 7513 2853 5861 332 6318 5811 3121 4218 866 4538 226 2839 4842 8735 7687 9948 5665 2095 6408 8987 2623 8909
30 671 5336 5886 2772 8083 8063 7992 408 9235 2158 1519 3110 686 8605 9448 2982 2312 2181 8868 463 8452 4528 8789 5155 2491 497 4600 9731 9510 4131
31 2636 8366 6093 5112 6748 5005 2912 5525 8365 6212 8235 3086 7610 9979 5803 9216 3585 4813 4851 2125 4129 4406 244 3395 6605 2190 2655 516 5257 2809 8314
26 3902 5535 9913 8027 3139 1203 5010 5496 2892 7336 8967 2852 3806 5132 8288 1645 9016 8048 5283 7420 7250 5629 9208 8195 7861 4678
30 2452 3911 1860 5171 8954 6779 9394 1299 8154 9153 2867 1206 2408 6429 1744 9877 3437 2972 2660 535 8524 8612 1200 4155 10 9198 1834 1875 6561 3504
28 2823 1539 2332 3640 7481 8204 4252 2745 2142 4110 7727 3603 4316 2984 8489 4756 3552 8054 9432 279 5437 8427 7128 3547 6929 9918 2783 2254
28 2417 3501 3903 8540 2168 6580 4828 8911 5975 8358 5647 7560 4511 8140 5356 7898 1033 992 4932 988 6316 8326 7618 3141 8935 6542 3956 6216
31 9872 8205 4765 9227 1417 338 6794 8865 1804 6971 4521 4792 1516 1395 2780 8115 8341 8190 1876 2425 4404 3031 9237 4554 3342 1018 8836 3208 2067 5365 969
32 3256 5324 7394 2244 7442 4573 5671 8718 2950 7202 9562 7400 8734 2675 6696 3672 7124 9011 3409 5493 7848 6087 8930 9176 5380 6366 1393 2572 8893 8105 3386 3634
28 8090 6152 2384 8261 706 4903 2770 8001 8005 4158 8391 2325 2019 5761 8675 982 7563 3761 7749 8719 9945 3369 1981 2718 5256 7261 1559 9604
27 1466 8896 3701 5876 4777 4192 7016 320 2728 2303 7291 8862 9127 3453 1144 5839 669 2174 2460 4731 9245 3221 8104 20 5729 4963 5204
31 6603 4951 1139 2140 4084 2801 5759 3558 9990 7629 9056 5413 5501 5289 228 1483 3944 6426 2225 4693 8414 3718 7325 5264 1311 6916 4412 145 3697 5915 3399
28 7324 2554 540 8751 785 7408 1904 3984 3156 5121 9281 1389 7247 9824 2348 3574 3571 4054 4787 1992 2035 2784 7501 4790 2844 8744 1607 4871
28 7822 9584 6890 9699 8327 8418 3741 8645 5763 1256 1825 5768 1544 6375 1461 6968 2714 3293 5123 9028 4220 7659 8451 6784 4954 2041 7234 8311
29 601 6683 6416 273 462 171 2138 6036 9310 3780 1081 4782 5766 6388 7271 9564 4496 6962 481 490 9801 1334 7263 4270 7342 1543 4947 5736 5738
25 5798 5944 5475 5914 1505 1257 6221 793 718 1799 5352 6182 4829 7493 7499 5393 9693 6870 9849 692 4705 7807 3024 587 7187
28 6669 281 2965 4817 2295 9223 8741 8641 3487 2725 1460 9228 3730 2973 1968 7265 4080 5924 1523 9896 5929 8357 3523 4490 1790 2273 1001 6575
27 9742 3856 5185 1380 7375 7227 8389 230 1431 3825 911 7340 6457 1353 5594 4570 6850 5131 6127 4225 767 4000 2454 88 9947 3868 1508
28 7995 9131 7650 2279 1245 6747 5146 2919 2078 1723 9365 3502 2534 9547 5695 9810 2364 6678 2941 4649 6070 7897 6324 8533 5849 9987 5717 4791
26 6638 182 9470 6928 4455 8250 5167 7240 219 5068 9983 6763 8446 2704 4207 52 6689 1563 668 7567 4267 5560 1449 6041 6157 3810
29 8407 6610 8586 6910 8162 6464 456 4642 7105 3797 9964 3975 387 5135 623 101 9077 303 7963 3550 3915 5165 7254 5753 7658 9686 5280 936 6179
27 4616 2874 8547 2051 4082 343 7751 425 8912 9067 4435 5000 7312 6591 169 7437 5628 7428 1729 1384 8359 5558 2437 5276 9099 7471 7272
27 8724 8590 7358 7969 7416 678 1165 2622 8264 9854 3105 4021 4456 5909 9595 5541 5415 6054 3017 4211 6801 5571 9759 5491 4592 9403 6413
24 8315 7397 8949 5082 132 7878 2489 6230 8628 9332 239 3382 4258 3928 7143 3539 3751 1949 6733 4287 1815 1227 1270 1298
26 2182 5938 968 5258 6379 308 2266 6572 5397 753 2610 3795 6345 8796 6462 8028 9671 923 8856 727 712 7094 1995 4735 1268 7341
30 2652 5939 5555 4535 6351 589 7598 7931 1423 3402 2651 5852 6026 5540 3370 7500 1224 4742 4359 1561 3561 6243 3133 8955 1518 6012 8880 7470 9558 1921
27 8453 9031 4259 4067 7151 9165 8746 6652 5045 9812 741 683 5015 2869 9430 4838 471 6307 4285 6903 5656 1714 4681 8596 9398 9866 1773
28 8595 7216 9743 4967 8745 9520 6027 8968 1882 7374 3144 7039 6510 1103 4902 2475 1763 5186 2164 9199 7814 2575 3627 735 3841 6745 7568 6038
29 9284 3503 2205 667 9150 9322 489 9055 2574 200 5976 9173 2370 198 9010 210 2757 999 5806 1366 827 7057 6158 6355 4746 7164 1027 2532 8636
29 395 5041 1036 9039 2048 5360 3170 5760 6630 5514 5550 9750 9792 305 6998 2193 6204 7476 272 2816 1843 3469 8393 5996 7508 7214 9444 5551 4539
29 9890 94 9887 8170 3333 2573 1448 9027 2391 5315 5935 6268 6033 292 4074 533 2060 6768 8156 2831 4569 1506 6799 9524 2478 4680 5859 6133 1793
29 3233 9248 8026 16 3323 1430 6727 2738 4079 790 4443 140 6780 1314 7058 3512 6807 8041 5986 4987 4198 5172 8323 5582 7119 806 4962 8631 6172
30 1753 7695 4802 9612 7769 7637 7988 3427 4640 7671 8617 2153 9278 6114 782 2032 2324 8975 2792 1265 3255 7797 5995 4176 2079 730 9438 6806 2494 4576
27 7901 9688 9361 3855 5598 4018 6985 3205 8646 6236 8150 8153 9793 9043 4617 5943 7221 7365 6589 6529 8075 6981 4366 4702 2291 1946 900
27 6891 275 553 9052 8820 7668 3917 250 1888 6160 8603 9704 7150 863 2949 64 7495 875 3413 3270 8079 3800 4884 1361 5161 5284 6017
29 8561 9740 5583 3044 3620 1293 2129 6470 2937 9499 3637 8284 8821 6272 3180 5409 2419 4244 5154 9266 9901 2515 6855 3023 7601 652 6823 8151 8395
27 7256 7545 8565 6374 73 1521 2771 4174 7009 1972 539 9359 6594 7630 9647 1338 8 9319 786 8531 4468 3459 2308 9863 2306 696 2103
29 9211 476 665 7543 9761 4553 3090 383 8680 3791 9412 3846 403 1091 6060 700 7081 9717 6270 5697 2102 6592 3586 6317 2275 2448 5734 4268 6596
29 4801 7006 4807 6463 1442 3036 3091 8239 674 3185 9254 5222 7108 5198 9923 8295 5643 440 2521 4399 6081 8635 4613 5813 7518 8771 265 2215 1199
30 724 2766 6261 7191 443 1243 8793 4562 3481 3742 6191 9628 8007 6156 2034 9999 2229 9922 454 5288 7446 5364 7169 7204 3713 44 8343 4643 9869 7010
25 7760 3632 4568 6623 9754 795 7201 2136 1797 2928 2897 7740 475 7033 4328 5205 424 3217 6290 7293 4105 4762 5609 4714 1289
24 1187 5613 3312 1822 3557 9302 3871 8262 9634 2062 3241 568 9830 7064 1101 3549 1432 9379 880 3752 641 2516 4422 5044
29 4469 7487 8400 9636 8701 5188 117 2680 7078 7062 648 6773 3705 4199 2424 7893 903 5399 9626 6247 469 8676 8853 983 2721 9586 7435 2901 697
29 7609 5966 7020 9816 208 8320 771 5862 2061 4732 7076 7370 6665 4332 6282 335 2886 9518 5203 7469 9661 3995 4959 1115 7951 5591 5489 2007 3143
29 5354 1768 2418 2472 1465 6481 682 3281 5084 8289 8668 9012 933 2877 6006 5767 8362 5646 2219 7425 3433 7945 351 5011 857 6305 7856 9914 5836
28 3611 5334 1909 5207 5436 675 4524 4545 5568 8511 6927 3635 4601 8255 6741 7172 4438 1702 1075 7535 8408 7602 9579 4590 6029 8768 9296 9600
25 6190 7222 3516 7026 4697 9803 5596 8322 2722 7243 8189 6143 8095 4373 4750 5692 3263 9341 1157 1628 4741 7804 2999 8774 694
27 7735 9213 4115 9219 6844 1898 9327 6329 1226 8562 6585 6010 5330 4598 4109 505 5236 8379 8340 3200 1857 4999 3014 6881 8011 3021 9343
25 8644 1196 288 8237 9494 9675 5704 6188 4281 9677 6025 213 6540 9295 6628 5799 2676 1463 7301 5381 1594 6356 4793 5240 3595
27 4049 5492 4318 291 7603 7149 9272 2194 6276 8067 8931 8435 5993 4669 9570 3004 5957 5733 1426 5221 5792 8203 6169 6303 4353 4747 4712
31 5370 1712 1205 3264 5999 684 5435 8454 2744 4205 1326 9270 8089 7983 2033 1879 278 9598 5040 5272 631 6568 1162 7987 8788 7644 9912 6496 7852 561 4331
34 9696 6982 7574 4503 8052 2860 1923 3703 3854 8249 4264 2230 9500 2935 4667 9655 7884 1721 6398 4424 9560 6288 1950 4868 9644 4441 3115 4971 7389 5091 3930 7991 8887 4419
27 9858 4797 4870 2526 2555 8991 1917 5312 1532 4489 4818 2412 2076 1046 9729 5880 2299 5087 725 5743 1841 7977 3729 4973 5698 3870 7947
29 3562 1040 7694 3350 9115 1236 3103 6473 1610 2083 4153 310 986 5027 6846 7737 7231 2344 438 1945 7786 3223 7445 2109 4450 240 7900 8805 9932
27 6330 7539 1842 6935 421 8575 1009 743 9548 359 225 9185 9232 6924 887 3088 4475 2665 4233 3617 8888 7465 4020 7413 9164 5050 3444
26 8698 8568 3765 7698 4311 9721 385 4452 2542 8013 5292 7949 2903 7171 3677 211 5385 3754 9521 7904 2363 6932 8979 3769 1154 6202
31 8372 4949 8523 9568 3278 2633 6255 8281 9184 4251 4190 3398 3507 5974 6915 1963 9716 1567 6512 4645 6487 6939 6775 5866 4426 8922 3374 892 3796 7903 8715
32 2146 2297 1531 9251 5829 3610 7087 7299 5424 5303 9350 9619 9436 5189 972 2389 2833 3061 5718 6223 6376 5554 3916 1332 3980 3542 4407 9020 8306 9916 1638 9958
25 7313 8128 3533 5511 2003 7485 43 6186 5749 9862 237 7290 3941 9344 2593 6343 3029 8664 9503 6293 2376 2737 6266 3857 3642
30 9814 1030 910 5942 2304 7579 1985 5990 1282 8022 8076 6097 452 7873 6018 7242 7130 6100 1927 6403 4085 8198 1230 2471 8690 8742 787 1010 5432 7559
27 9328 1556 3201 5460 5654 4323 1784 1121 9818 995 3982 2416 9367 5842 6146 6649 1252 6934 1699 7892 6548 2072 882 9613 5712 6524 3006
30 9594 2335 7335 2350 9621 6123 3272 4315 8914 6296 9035 2643 9833 7005 1094 5971 5026 3805 9426 840 6140 4778 6067 6805 1331 9881 4631 7810 7805 1184
26 6956 8468 2855 5115 6382 2352 2375 6295 619 2426 4547 6291 8373 9264 398 4133 776 2932 5141 4651 3447 3510 2514 2349 9330 6614
26 2163 23 6265 7894 1429 5052 2232 9149 7709 6287 5169 3303 6228 7199 6448 2411 444 8495 5871 2621 632 9069 5261 491 4345 2149
27 5160 7708 144 5632 2906 4629 3332 7412 8518 290 7257 6354 5854 2342 388 6712 7027 6863 3509 7905 7734 8058 7791 9041 6988 9782 8683
31 9960 1271 9075 9787 3462 6563 6005 7176 2018 1998 8541 1545 3494 4696 3622 1507 7725 3657 9066 4493 5335 5620 1065 5143 9335 9508 4733 480 5430 4698 2561
28 1764 3119 1113 7552 1325 8714 3318 5857 7356 9006 4163 7091 384 5018 5817 5581 1456 8498 263 483 9171 4558 3424 3237 7396 427 3474 3554
29 1817 1807 460 9033 1260 9147 1131 7944 3651 4758 4334 9910 116 8938 5820 557 7385 6617 507 4686 5362 4928 708 5300 8555 344 3668 501 6055
27 3265 3534 2736 5724 5499 5157 5639 4003 8993 4032 3290 189 7114 4112 2341 1346 8291 9532 1026 7665 7666 6506 4840 1464 769 7850 7527
28 8267 7793 3190 8049 6444 1229 9172 9851 4888 3892 644 3174 3360 5093 3525 6930 1624 4826 9105 4234 8202 9433 9181 8779 717 1967 6663 5561
27 1938 4757 4386 4739 1689 2613 2960 5906 8976 2577 6996 5800 369 5816 5212 2650 2473 5494 2210 4908 5812 5391 9143 1727 5372 977 9799
32 2414 3025 2330 6871 6407 4834 8108 899 6128 7489 2433 5757 7745 8655 7284 4127 5869 5840 7099 8610 1616 1240 1190 9656 9834 1731 7252 2964 6920 1798 4594 3107
28 3581 8545 27 7984 9506 6410 3292 8178 3151 5439 9308 5547 3670 8956 3812 9763 5505 1918 8155 2974 3933 1355 3066 9353 2094 9505 5987 6091
30 6227 839 1066 9785 1220 1681 8569 3821 9554 9889 7536 2760 6449 5306 9959 318 9409 8758 8921 5841 2696 4725 1072 1912 4362 3438 2962 2008 9383 8360
26 5262 8073 9735 7177 1854 5457 7916 7304 7407 76 259 337 7844 4934 2047 4299 4670 5891 3861 1481 1686 4381 9018 6821 9556 4184
28 5030 1387 3099 7109 5182 4887 606 9461 2525 1083 5350 7082 8552 3124 7702 2369 7750 8313 5139 6285 1513 242 8127 2177 485 9698 2810 1791
27 5524 4766 7173 1051 1644 9241 851 6550 1427 878 2647 2014 3828 1771 1050 9587 762 3394 1970 1605 765 6907 2626 2709 3072 4256 8351
28 3968 1956 4808 6402 7742 837 53 2258 7347 3777 8593 7811 1262 9217 6220 8139 180 1291 1696 2750 6679 8188 2261 2571 3717 8270 8187 7641
30 2711 7494 3383 3987 4442 2036 6427 1735 4575 8700 3774 991 7802 6997 3246 4448 5827 9507 2087 500 9676 7506 2958 114 1782 3842 5618 8060 3436 4364
27 7132 6488 479 1197 8766 6816 6994 8469 9919 8623 1405 2576 66 112 9487 3621 4863 5004 2503 2978 1997 6887 4850 8225 5970 2565 4171
28 8502 9718 4507 4560 215 9825 4514 1194 6567 4204 881 7432 8604 6187 8279 6439 618 7808 761 6662 9775 5025 5599 1108 3943 8164 4775 4685
28 3240 1359 2693 2614 9640 9229 5105 465 2931 84 3284 57 8713 3978 6334 7889 1336 3056 2208 3365 1476 8772 7714 5677 2938 5928 6865 7534
27 2830 2496 9756 4046 2147 6622 9599 7748 2274 3229 3277 1182 8939 6174 7035 7779 3250 3204 4704 2026 9519 3070 4608 7770 4940 7839 519
30 804 2198 3681 6155 779 4355 7117 7660 9220 5238 9593 9092 2790 7696 1517 4280 1536 6884 5755 3261 1180 2347 366 267 7461 9291 3111 2911 6626 3808
27 8039 3628 8286 7724 3412 5368 7896 1411 110 7409 7672 2825 9370 376 5067 9668 5539 5150 4498 4142 5414 8965 3351 3354 4512 5845 5193
29 1660 4796 8678 6198 9130 6237 5797 1344 2531 3745 8728 3813 8214 9993 3095 5379 7075 4240 2663 2321 2742 6886 5190 5342 6828 8959 2786 946 4915
32 5645 3782 8431 6092 9817 3283 3881 2838 7915 739 3784 5314 5083 8611 2977 3152 4230 7206 884 285 8303 3690 7160 1090 8163 1232 8647 9074 5678 3168 9767 7021
28 3075 5008 457 598 7180 8257 8478 8517 5090 5384 3379 3191 3456 8020 8761 4148 2631 6725 3408 524 495 3924 2987 8032 852 6397 3202 1315
28 2563 8183 6959 9053 3953 5945 9467 3192 3304 5530 9970 822 8337 8248 2645 5956 2130 904 2447 5179 6896 269 8951 2566 7788 3958 3381 4097
27 8299 7639 8977 4217 6445 9549 3847 5170 4325 871 4243 7766 7682 6873 6453 9119 4572 2598 2073 6219 3655 7360 8068 282 2268 3957 5107
30 8085 6931 8851 3598 1250 7607 8737 7338 9415 3176 3228 868 1919 2465 143 7953 5565 3790 1623 5099 4876 5145 8428 2865 5686 3940 5725 7004 1212 6090
29 3877 1021 7643 6936 1024 8615 8992 5670 2679 2707 5355 4497 9529 3147 3251 5265 4637 5737 2256 6302 325 9511 155 9813 932 1629 4585 5666 6588
29 8579 7395 6819 6177 593 6242 3537 5348 4356 980 1120 5070 9839 1698 2944 6611 7514 8158 9709 8304 2997 7434 6391 4012 7521 8776 5471 5374 3872
27 5703 90 3579 4926 4628 1412 6361 550 9921 4440 1371 1176 4943 8630 6106 354 2726 9566 6608 1041 1183 5337 1281 7107 1288 2213 6479
29 4830 7606 8134 8854 5895 6912 4730 6286 5911 1259 569 223 58 8597 5487 5331 7079 8674 8419 5961 3307 2529 1209 2559 2104 4346 6371 4690 2367
25 8404 9166 487 2145 9719 7538 5296 5510 391 1000 6813 7404 2724 512 8982 7103 4663 8748 9652 3910 4255 6059 5418 7917 3517
28 8184 8152 7331 5574 9097 6500 6643 1525 6690 4019 5291 9007 7157 2882 1664 650 7208 549 9746 2733 1987 2162 6490 7930 6755 4674 9768 9895
27 2091 6980 417 2399 4824 8910 6866 106 4588 9274 7955 5322 8437 6993 2551 5006 2372 9471 1058 165 8467 942 3998 5002 3083 4418 470
30 1788 2803 9104 2916 1178 8924 8897 2435 8398 1849 3286 6948 3010 2837 8168 6977 17 7956 9846 4253 1982 9146 1716 6339 77 4228 4827 3985 2952 2436
28 3756 2086 1339 5156 3476 2752 4983 8834 3430 9203 3330 6707 2044 4425 559 1068 1383 8196 4143 2227 5920 9206 6141 455 6704 5667 7422 3529
26 3384 8227 9956 7986 4001 704 3669 1354 6675 1899 3020 4546 2549 5731 6387 2754 9985 3732 6165 9859 9637 978 7453 6153 8879 5486
27 9054 8434 3560 4186 9629 232 8831 8000 4388 3835 6999 7941 4081 9935 4883 2695 4555 3089 7819 8656 9048 3022 818 8043 4271 4866 2288
28 7229 6557 9136 7421 4957 6815 1994 6990 4134 841 4370 2055 6856 1023 5905 6684 844 9681 9103 6443 1733 7780 9486 7717 7544 9045 3289 3080
25 8546 7496 1862 6030 9454 4694 6854 1676 5420 2705 2682 5994 5727 5546 1117 3007 2366 4283 6848 4038 5795 2904 7731 467 2661
29 6021 5934 4214 3295 2841 791 6167 8251 7330 1402 1172 3011 9261 4743 8942 4477 1511 7236 3193 1471 3749 6254 1974 8522 4811 8916 8412 7841 3285
35 2156 280 9826 128 7864 6102 2664 1612 3804 1770 8460 5900 9093 2028 7071 8857 5661 9280 1498 6624 2245 8847 1656 104 4464 4491 6834 9449 7287 6222 9774 7166 9113 6730 531
26 1833 2864 68 5244 2840 9898 4193 7419 3546 2397 2589 1774 4276 7587 407 255 8587 6777 4206 2861 8361 6583 5445 1287 2634 3188
32 929 5241 1816 2042 6073 1588 5796 2608 9485 3803 468 2909 8813 8512 406 1401 8780 802 3068 241 4604 5977 9234 6116 7440 9886 3214 6798 2779 8484 7608 7460
31 2648 7297 7946 89 3172 2767 3680 4495 4597 8572 3604 7869 2320 5304 1244 9158 2235 9355 3067 4033 3376 9162 179 8785 7490 9582 7386 7789 3719 283 722
30 3198 3878 4091 9224 5456 6876 6766 8711 679 7880 2477 4432 168 7275 2685 6728 4776 7212 1272 3109 4056 1296 2628 7895 9061 8174 843 8660 5844 7063
25 5955 8017 780 4639 9753 974 3364 9780 5259 9160 5220 6539 9209 2231 8947 1078 7913 3087 5358 7197 3988 172 3816 7123 9577
28 5673 6001 5195 8324 2013 1042 3297 2797 2989 8652 6552 9769 3390 2666 7757 9098 5389 6788 1379 4075 4242 9036 3163 4360 3120 3530 2493 4329
26 4107 6687 8980 5263 721 4307 8581 1310 7761 2040 2316 8066 1063 6380 5825 7479 6736 1755 9574 3688 5936 4995 2544 1672 5410 7326
25 2381 2202 1410 1124 4009 5619 8828 1028 1207 4844 9311 4288 1783 3639 8643 260 1324 1086 2117 5408 9065 8792 9847 7996 5269
28 1377 9117 9685 6925 2201 7870 1944 3711 8238 4997 4064 2122 428 6508 2010 9283 6607 9427 3378 1850 6923 6840 1978 2990 6637 7858 8307 6656
31 482 7704 7031 2649 3385 1745 1210 4053 6519 2242 4083 1307 4519 5694 5290 9389 178 3137 1047 193 5614 7762 672 2579 2443 4912 5981 7542 7090 8096 9192
29 750 8983 1779 9515 4788 9665 174 6163 4958 5311 3058 4428 6486 7948 984 4700 8972 7585 5572 9000 2074 8852 4721 6673 8165 5926 824 4821 2582
30 6791 2442 3373 4156 7086 2334 420 1980 1419 301 3314 2606 5367 9091 3400 6905 5287 2723 1510 3206 1455 5019 714 5009 1800 7156 6960 1105 7134 4901
26 9194 256 4896 2395 7361 80 7392 2983 9883 2590 8591 7118 6253 4167 1571 4740 2568 8116 772 5250 2160 1112 3483 6513 7294 6480
28 1599 9820 5903 3425 4480 3177 15 6676 5390 9885 1011 2120 1988 6809 6892 361 3499 595 6476 3792 3750 2461 1586 1500 374 5344 2099 8465
27 1204 9692 6245 8841 9273 4677 8957 4550 5159 9126 6263 9703 9434 8135 6545 3886 6526 3473 4675 6401 5232 9124 1266 1079 2441 4965 7908
25 5233 523 7929 5127 8936 4309 4185 3215 6697 1002 5137 133 580 3674 6851 1450 370 1478 5518 6139 3996 4820 6709 9388 7555
28 2191 551 6168 8765 4302 6703 9892 794 261 2689 5793 38 1742 4658 6908 7310 8355 1156 7141 853 7571 9205 3909 7289 8416 788 8583 4789
29 957 5049 336 3149 3417 8266 3326 9362 2280 9368 3131 805 4779 5268 3213 8867 6045 1201 7640 6831 9369 1061 1869 7121 5569 3345 6639 1399 9481
29 7642 5130 7475 1100 1152 9777 4096 4015 5223 6331 2835 1526 8047 609 1188 5104 7126 86 4610 5056 7210 7225 9493 6803 2796 1347 7280 2467 2879
29 625 3209 534 5206 6150 9937 4703 3486 4874 6606 546 1709 3834 4749 8148 2581 2692 1632 8444 176 5094 8287 1989 4907 9962 796 8986 8290 6576
29 8607 6497 3656 5545 3 238 8285 2674 1603 431 8917 7767 4028 1128 7532 270 1713 8599 7881 5708 3245 4859 4744 1900 517 2907 3334 5851 8694
28 1568 8948 69 1059 5949 2569 2637 4089 7993 6344 1668 7525 8616 3923 3003 8475 9196 2697 1652 1720 7070 4173 8622 441 4337 621 7899 9404
32 2996 9038 6640 2459 4195 5020 6322 6262 2346 2908 3465 9425 3388 2243 7706 7377 6849 2314 8094 8329 4027 3043 8113 1335 5626 707 5932 442 1762 578 120 9418
29 4260 3720 8440 9797 8699 952 9773 2096 3429 4638 8296 1044 109 6945 3463 6451 4106 5464 6083 7832 1043 4029 7145 8838 2405 2942 7854 7371 9995
28 4581 4701 3698 8282 4200 8754 2644 3882 597 7131 6145 9068 8925 1885 3063 8534 4525 6946 307 6525 8557 9691 1538 4936 5459 9320 2296 4977
31 5325 1062 3575 8120 5333 9462 5079 4465 7390 8988 5036 3416 9618 1761 2151 9757 7700 7803 7813 5498 1357 4216 9541 7452 9496 6209 3239 2749 8402 2530 5255
30 4759 3775 8481 6003 6459 5251 7679 2710 6393 87 5687 4882 6434 865 6386 9845 9334 2278 4955 324 2270 4911 6875 3864 464 5294 7551 9071 6598 8114
27 7794 5952 5266 4415 3186 216 7379 9949 3608 6310 5808 3942 1439 3073 6965 536 9102 1814 1687 4265 8433 5685 749 9003 6810 3305 1766
30 7382 3169 7183 8733 7625 9678 9831 1865 4004 576 7472 1045 6213 339 2683 96 9387 297 1 1565 3945 5602 346 139 3224 5101 251 2828 1211 7688
28 3860 4066 6635 7351 4050 158 8791 8292 2843 400 9420 6586 2148 1952 9207 9823 14 247 7582 5563 9972 1202 5521 1685 439 6184 4605 5033
28 9246 1468 9951 1614 6869 4304 173 3905 7401 6069 1908 1695 430 3786 1391 4149 4010 4162 2641 5089 3699 5234 9667 2264 5526 3207 7417 647
28 5147 1365 736 3367 2519 7061 4454 4527 4833 1548 3127 1406 1667 2287 8764 8226 3728 8839 6549 8600 7736 3977 1527 4984 7968 9293 2956 5211
27 7613 8080 9304 3845 8526 888 5278 1680 1564 3817 4343 9902 4277 1457 1169 9046 8023 8300 6383 4536 142 6771 8110 6181 951 9971 6546
29 6257 6879 5564 5997 8471 2221 6341 3528 9324 5700 8944 3280 4401 832 1418 2540 1736 4752 4451 3248 8301 1479 4042 2537 7152 8317 3038 1954 8392
28 377 8657 2836 3919 5826 7147 970 6522 3500 1360 6224 4147 6484 5804 2658 4378 5174 3569 657 317 9305 9063 6040 8682 4872 9094 3159 2507
31 4574 726 7402 8833 5 8442 5784 4444 1370 1872 4564 4100 6612 1029 5152 3389 6075 9551 4609 6789 9783 4154 7451 9306 6917 8985 6573 6358 7806 2267 2611
27 9360 8653 2139 1558 2058 3619 6538 437 8211 1166 4266 394 680 5577 6111 2945 4847 3852 6035 2455 1381 8632 8818 617 4518 2217 960
29 3832 7855 548 5669 1241 7286 4231 2409 8004 4040 7645 334 709 1308 9588 1469 6079 2488 3178 7497 7818 4222 566 7604 1474 3148 3522 1350 6537
28 9440 5213 9891 6677 8933 4478 4385 670 9442 8318 2116 1352 6544 2939 5662 5642 8401 6724 5980 488 1922 6899 5660 2712 556 6311 2681 7690
28 9445 7720 702 8624 3405 8681 466 5301 7450 5509 2763 9855 1056 4098 3175 6432 5688 5884 9480 4781 8102 6661 9657 2776 5092 8024 8240 764
30 2517 6597 2557 493 7699 3266 3267 8790 9936 2470 4577 2629 8769 6352 673 2970 1382 5242 4070 5676 162 7391 459 8706 856 7281 5593 9645 1596 973
28 4634 9417 5136 5529 1520 7790 2154 4394 8256 8477 3262 70 7334 5411 2632 3102 6726 1013 8563 97 5902 9819 6455 8219 9030 5779 2957 5517
26 1824 1512 5756 3899 4650 3844 2401 3225 9975 194 3989 3298 3839 7623 5477 958 3927 3737 6019 423 9608 7073 4411 6667 7997 8799
33 5801 5149 8592 2234 9079 2815 2236 3479 6446 1821 3912 9317 9835 2948 9651 9694 5202 5519 649 1625 7133 8056 9226 5979 3230 1827 4326 7052 2862 8061 8062 518 7936
27 9446 4303 446 2169 4126 5351 5228 6369 1420 8036 2788 360 1754 8861 8390 1598 7994 599 797 6297 118 2476 1031 7477 3355 9463 4625
27 8246 4794 7922 8193 8726 9795 1657 5168 789 1435 2178 5219 4578 1856 8031 4800 3085 1732 342 3358 9373 5657 547 9805 9358 3664 1648
28 1752 1942 8492 7320 2769 2914 8439 5478 9133 530 1242 4431 67 799 9800 4317 4614 9630 3884 9083 5722 8570 5824 6 2329 5375 3403 1911
28 9764 4170 9522 2963 7295 7249 8201 3203 6919 1620 1082 1189 258 6719 157 2741 1057 1216 3397 4007 6281 1005 2896 5882 6136 9422 3468 124
27 9561 2524 5483 7528 3346 4069 2331 2538 2068 8808 2276 3136 7043 6904 1613 6466 2420 2580 4073 4024 4848 7505 7730 2819 3467 1778 3227
29 3288 9336 2263 1608 2768 4076 4621 1725 135 8859 8231 8826 861 6895 3129 955 5098 2112 8086 6031 7034 4462 6076 9934 4981 8272 4767 1993 3116
