2804
278 201
277 200
276 199
275 198
274 197
275 196
276 195
277 194
278 193
279 192
280 191
281 190
282 189
283 188
284 187
285 186
286 185
287 184
288 183
289 182
290 181
291 180
292 179
293 178
294 177
295 176
296 175
297 174
298 173
299 172
300 171
301 170
302 169
303 168
304 168
305 169
306 170
307 171
308 172
309 173
310 174
311 175
312 176
313 177
314 178
315 179
316 180
317 181
318 182
319 181
320 180
321 179
322 178
323 177
324 176
325 175
326 174
327 173
309 171
310 170
311 169
312 168
313 167
314 166
315 165
316 164
317 163
318 162
319 161
320 160
321 159
322 158
323 157
324 156
325 155
326 154
327 153
328 152
328 173
329 174
330 175
331 176
332 177
333 178
334 179
335 180
336 181
337 182
338 183
339 182
340 181
341 180
342 179
343 178
344 177
345 176
346 175
347 174
348 173
329 152
330 153
331 154
332 155
333 156
334 157
335 156
336 155
337 154
338 153
339 152
340 151
341 150
342 149
343 148
344 147
345 146
346 145
347 144
348 143
349 142
348 141
347 140
346 139
345 138
344 137
343 136
342 135
341 134
340 133
339 132
340 131
341 130
342 129
343 128
344 127
345 126
346 125
347 124
348 123
349 122
350 121
351 120
352 119
342 127
341 126
340 125
339 124
338 123
337 122
336 121
335 120
334 119
333 118
332 117
331 116
338 184
337 185
336 186
335 187
334 188
333 189
332 190
331 191
330 192
329 193
328 194
327 195
326 196
325 197
324 198
323 199
322 200
321 201
320 202
321 203
322 204
323 205
324 206
325 207
326 208
325 209
324 210
323 211
322 212
321 213
320 214
319 215
318 216
317 217
316 218
315 219
316 220
317 221
318 222
319 223
320 224
321 225
322 226
323 227
324 228
325 229
324 230
323 231
322 232
321 233
320 234
319 235
318 236
317 237
316 238
315 239
314 240
313 241
314 242
315 243
316 244
317 245
318 246
319 247
320 248
321 249
322 250
312 242
311 243
310 244
309 245
308 246
307 247
306 248
305 249
304 250
303 251
302 252
301 253
300 254
299 255
298 256
297 257
296 258
295 259
294 260
293 261
292 260
291 259
290 258
289 257
288 256
295 260
296 261
297 262
298 263
299 264
300 265
301 266
302 267
303 268
304 269
305 270
306 271
307 272
308 273
309 274
310 275
311 276
312 277
313 278
314 279
315 280
316 281
317 282
318 283
319 284
320 285
321 286
322 287
321 288
320 289
319 290
318 291
317 292
316 293
315 294
314 295
313 296
312 297
311 298
310 299
309 300
308 301
307 302
306 303
305 304
304 305
303 306
304 307
305 308
306 309
307 310
308 311
309 312
310 313
311 314
312 315
313 316
314 317
315 318
316 319
317 320
318 321
318 322
317 323
316 324
315 325
314 326
313 327
312 328
311 329
310 330
309 331
308 332
307 333
306 334
307 335
308 336
309 337
310 338
311 339
312 340
313 341
314 342
314 343
313 344
312 345
311 346
310 347
309 348
308 349
307 350
306 351
305 352
304 353
303 354
302 355
301 356
300 357
301 358
302 359
303 360
304 361
305 362
306 363
273 197
272 198
271 199
270 200
269 201
268 202
267 203
266 204
265 205
264 206
263 207
262 208
261 209
260 210
259 211
258 212
257 213
256 214
255 215
254 216
253 217
252 218
251 219
250 218
249 217
248 216
247 215
246 214
245 213
244 212
243 211
242 210
241 209
240 208
239 207
238 206
237 205
246 216
245 217
244 218
243 219
242 220
241 221
240 222
239 223
238 224
237 225
236 226
235 225
234 224
233 223
232 222
231 221
230 220
229 219
228 218
227 217
226 216
225 215
224 214
223 213
222 212
221 211
220 210
219 209
218 208
217 207
216 206
215 205
224 216
223 217
222 218
221 219
220 220
219 221
218 222
217 223
216 224
215 225
214 226
213 225
212 224
211 223
210 222
209 221
208 220
207 219
206 218
205 217
204 216
203 215
202 214
201 213
200 212
199 211
198 210
197 209
196 208
195 207
194 206
193 205
202 216
201 217
200 218
199 219
198 220
197 221
196 222
195 223
194 224
193 225
192 226
191 226
190 227
189 228
188 229
187 230
186 231
185 232
184 233
183 232
182 231
181 230
180 229
179 228
178 227
177 226
176 225
175 224
174 223
173 222
172 221
171 220
184 234
183 235
182 236
181 237
182 238
183 239
184 240
185 241
186 242
187 243
188 244
189 245
190 246
191 247
170 219
169 218
168 217
167 216
166 215
165 214
164 213
163 212
162 211
161 210
160 209
159 208
158 207
157 206
156 205
155 204
154 203
153 202
152 201
151 200
150 199
149 198
148 197
148 199
147 200
146 201
145 202
144 203
143 204
142 205
141 206
140 207
139 208
138 209
137 210
136 211
135 212
134 213
133 214
132 215
131 216
130 217
129 218
128 219
133 212
132 211
131 210
130 209
129 208
128 207
127 206
126 205
125 204
124 203
123 202
122 201
121 200
120 199
119 198
122 203
121 204
120 205
119 206
118 207
117 208
116 209
115 210
114 211
113 212
112 213
111 214
110 215
109 216
108 217
107 218
106 219
105 220
104 221
103 222
102 223
101 224
100 225
99 226
98 227
97 228
96 229
95 230
94 231
93 232
92 233
91 234
92 235
93 236
94 237
95 238
96 239
97 240
92 231
91 230
90 229
89 228
88 227
87 226
86 225
85 224
84 223
83 222
82 221
81 220
80 219
79 218
78 217
77 216
76 215
75 214
74 213
73 212
72 211
71 210
70 209
69 208
77 217
76 218
75 219
74 220
73 221
72 222
71 223
70 224
69 225
68 226
67 227
66 228
65 229
64 230
63 231
62 232
68 207
67 206
66 205
65 204
64 203
63 202
62 201
61 200
60 199
59 198
58 197
57 196
58 195
59 194
60 193
61 192
62 191
63 190
64 189
65 188
66 187
128 220
127 221
126 222
125 223
124 224
123 225
122 226
121 227
120 228
119 229
120 230
121 231
122 232
123 233
124 234
125 235
126 236
127 237
128 238
129 239
130 240
131 241
132 242
133 243
58 199
57 200
56 201
55 202
54 203
53 204
52 205
51 206
50 207
49 208
48 209
47 210
46 211
45 212
44 213
43 214
42 215
41 216
40 217
39 218
38 219
37 220
36 221
35 222
34 223
33 224
32 225
31 226
30 227
29 228
296 263
295 264
294 265
293 266
292 267
291 268
290 269
289 270
288 271
287 272
286 273
285 274
284 275
283 276
282 277
281 278
280 279
279 280
278 281
277 282
276 283
275 284
274 285
273 286
272 287
271 288
270 289
269 290
268 291
267 292
266 293
265 294
264 295
263 296
262 297
261 298
260 299
259 300
258 301
257 302
256 303
255 304
254 305
253 306
252 307
251 308
250 309
249 310
248 311
247 312
246 313
245 314
244 315
243 316
242 317
243 318
244 319
245 320
246 321
247 322
248 323
249 324
250 325
241 317
240 318
239 319
238 320
237 321
236 322
235 323
234 324
233 325
232 326
231 327
230 328
229 327
230 329
229 330
228 331
227 332
226 333
225 334
224 335
223 336
222 337
221 338
220 339
219 340
218 341
217 342
216 343
217 344
218 345
219 346
220 347
221 348
215 342
214 341
213 340
212 339
211 338
210 337
209 336
208 335
207 334
206 333
205 332
204 331
203 330
202 329
201 328
200 327
199 326
198 326
197 327
196 328
195 329
194 330
193 331
192 332
191 331
190 330
189 329
188 328
187 327
186 326
185 325
184 324
183 323
182 322
181 321
180 320
179 319
178 318
187 329
186 330
185 331
184 332
183 333
182 334
181 335
180 336
179 337
178 338
177 339
65 186
64 185
63 184
62 183
61 182
60 181
59 180
58 179
57 178
56 177
55 176
54 175
53 174
52 173
51 172
50 171
49 170
48 169
47 168
46 167
45 166
44 165
43 164
42 163
41 162
40 161
39 160
38 159
37 158
36 157
35 156
34 155
33 154
32 153
31 152
30 151
29 150
28 149
27 148
26 147
25 146
24 145
25 144
26 143
27 142
28 141
29 140
30 139
30 138
29 137
28 136
27 135
26 134
25 133
24 132
23 131
22 130
21 129
20 128
19 127
18 126
17 125
16 124
15 123
14 122
13 121
12 120
11 119
10 118
9 117
8 116
7 115
6 114
5 113
4 112
5 111
6 110
7 109
8 108
9 107
10 106
11 105
12 104
13 103
14 102
15 101
16 100
17 99
18 98
19 97
20 96
21 95
22 94
23 93
24 92
25 91
26 90
27 89
28 88
29 87
30 86
31 85
31 84
30 83
29 82
28 81
27 80
26 79
25 78
24 77
23 76
22 75
21 74
22 73
23 72
24 71
25 70
26 69
27 68
28 67
29 66
30 65
31 64
320 158
319 157
318 156
317 155
316 154
315 153
314 152
313 151
312 150
311 149
310 148
309 147
308 146
307 145
306 144
305 143
304 142
303 141
302 140
301 139
300 138
299 137
298 136
297 135
296 134
295 133
294 132
293 131
292 130
291 129
290 128
289 127
288 126
287 125
286 124
285 123
284 122
283 121
282 120
281 119
280 118
279 117
278 116
277 115
276 114
275 113
274 112
273 111
272 110
271 109
270 108
269 107
268 106
267 105
266 104
265 103
264 102
263 101
262 100
261 99
260 98
259 97
258 96
257 95
256 94
255 93
254 92
253 91
252 90
251 89
250 88
249 87
248 88
247 89
246 90
245 91
244 92
243 93
242 94
241 95
240 96
239 97
238 98
237 97
236 96
235 95
234 94
233 93
232 92
231 91
230 90
229 89
228 88
227 87
226 86
225 85
224 85
223 86
222 87
221 88
220 89
219 90
218 91
217 92
216 93
215 94
214 95
213 96
212 97
211 98
210 99
209 100
208 101
207 102
206 101
205 100
204 99
203 98
202 97
201 96
200 95
199 94
198 93
197 92
196 91
195 90
194 89
193 88
192 87
191 86
190 85
189 84
188 83
187 82
186 81
185 80
349 173
350 174
351 175
352 176
353 177
354 178
355 179
356 180
357 181
358 182
359 183
360 184
361 185
362 186
363 187
364 188
365 189
366 190
367 191
368 192
369 193
370 194
371 195
372 196
373 197
374 198
375 199
376 200
377 201
378 202
379 203
380 204
381 205
382 206
383 207
384 208
385 209
386 210
387 211
388 212
389 213
390 214
391 215
392 216
393 217
394 218
395 219
396 220
397 221
398 222
399 223
400 224
401 225
402 226
403 227
404 228
405 229
406 230
407 231
408 232
409 233
410 234
411 235
412 236
413 237
414 238
415 239
416 240
417 241
418 242
419 243
420 244
421 245
422 246
423 247
424 248
425 249
426 250
427 251
428 252
429 253
430 254
431 255
432 256
433 257
434 258
435 259
436 260
437 261
438 262
439 263
440 264
441 265
442 266
443 267
444 268
445 267
446 266
447 265
448 264
449 263
450 262
451 261
452 260
453 260
454 261
455 262
456 263
457 264
458 265
459 266
460 267
461 268
462 269
463 268
464 267
465 266
466 265
467 264
468 263
469 262
470 261
471 260
472 259
473 258
474 257
475 256
476 255
477 254
478 253
479 252
480 251
481 250
482 249
483 248
484 247
485 246
486 245
478 254
479 255
480 256
481 257
482 258
483 259
484 260
485 261
486 262
487 263
488 264
489 265
490 266
491 267
492 268
493 269
494 270
495 271
496 272
497 273
498 274
499 275
500 276
501 277
502 278
503 279
504 280
505 281
506 282
507 283
508 284
509 285
510 286
511 287
512 286
513 285
514 284
437 263
436 264
435 265
434 266
433 267
432 268
431 269
430 270
429 271
23 129
24 128
25 127
26 126
27 125
28 124
29 123
30 122
31 121
32 120
33 119
34 118
35 117
184 80
183 81
182 82
181 83
180 84
179 85
178 86
177 87
176 88
175 89
174 90
173 91
172 92
171 93
170 94
169 95
168 96
167 97
166 96
165 95
164 94
163 93
162 92
161 91
160 90
159 89
158 88
157 87
156 86
155 85
154 84
153 83
152 82
151 81
150 80
149 79
148 78
147 77
146 76
145 75
333 117
334 116
335 115
336 114
337 113
338 112
339 111
340 110
341 109
342 108
343 107
344 106
345 105
346 104
347 103
348 102
349 101
350 100
351 99
352 98
277 280
276 279
275 278
274 277
273 276
272 275
271 274
270 273
269 272
268 271
267 270
266 269
265 268
264 267
263 266
262 265
261 264
260 263
259 262
258 261
257 260
256 259
255 258
139 210
140 211
141 212
142 213
143 214
144 215
145 216
146 217
147 218
148 219
149 220
162 209
163 208
164 207
165 206
166 205
167 204
168 203
169 202
170 201
171 200
172 199
425 251
424 252
423 253
422 254
421 255
420 256
419 257
418 258
417 259
416 260
415 261
414 262
413 263
412 264
411 265
410 266
409 267
408 268
279 116
280 115
281 114
282 113
283 112
284 111
285 110
286 109
287 108
288 107
213 227
212 228
211 229
210 230
209 231
208 232
207 233
206 234
207 235
208 236
209 237
210 238
211 239
212 240
213 241
214 242
215 243
216 244
217 245
218 246
219 247
220 248
221 249
222 250
223 251
224 252
39 216
38 215
37 214
36 213
35 212
34 211
33 210
32 209
31 208
30 207
29 206
28 205
329 194
330 195
331 196
332 197
333 198
334 199
335 200
336 201
337 202
338 203
339 204
340 205
341 206
342 207
343 208
344 209
345 210
346 211
144 76
143 77
142 78
141 79
140 80
139 81
138 82
137 83
136 84
135 85
134 86
133 87
132 88
131 89
130 90
129 91
128 92
127 93
126 94
125 95
124 96
123 97
122 98
121 99
120 98
119 97
118 96
117 95
116 94
115 93
114 92
113 91
112 90
111 89
110 88
109 87
108 86
107 85
106 84
206 99
207 98
403 225
404 224
405 223
406 222
407 221
408 220
409 219
410 218
411 217
412 216
413 215
414 214
415 213
416 212
417 211
418 210
419 209
420 208
421 207
422 206
423 205
424 204
425 203
426 202
427 201
428 200
429 199
430 198
431 197
432 196
433 195
434 194
435 193
436 192
437 191
438 190
439 189
440 188
441 187
442 186
443 185
444 184
445 183
446 182
447 181
448 180
449 179
450 178
451 177
452 176
453 175
454 174
455 173
456 172
457 171
458 170
459 169
460 168
461 167
462 166
463 165
464 164
465 163
466 162
467 161
468 160
469 159
470 158
471 157
472 156
473 155
474 154
475 153
476 152
477 151
478 150
479 149
480 148
481 147
482 146
483 145
484 144
485 143
486 142
487 141
488 140
489 139
490 138
491 137
492 136
493 135
494 134
495 133
496 132
497 131
498 130
499 129
500 128
501 127
502 126
503 125
504 124
505 123
506 122
507 121
508 120
509 119
510 118
407 269
406 270
405 271
404 272
403 273
402 274
401 275
400 276
399 277
398 276
397 275
396 274
395 273
394 272
393 271
392 270
391 269
390 268
389 267
388 266
387 265
207 336
206 337
205 338
204 339
203 340
202 341
201 342
200 343
199 344
198 345
197 346
315 181
314 182
313 183
312 184
311 185
310 186
309 187
308 188
307 189
306 190
305 191
304 192
259 212
260 213
261 214
262 215
263 216
264 217
265 218
266 219
267 220
268 221
269 222
270 223
271 224
272 225
273 226
274 227
275 228
342 106
341 105
340 104
339 103
338 102
337 101
336 100
335 99
334 98
333 97
332 96
302 306
301 307
300 308
299 309
298 310
297 311
296 312
295 313
294 314
293 315
292 314
291 313
290 312
289 311
288 310
287 309
172 94
173 95
174 96
305 145
304 146
303 147
486 244
485 243
486 242
487 241
488 240
489 239
490 238
491 237
492 236
493 235
494 234
495 233
496 232
497 231
498 230
499 229
500 228
83 221
84 220
85 219
495 135
496 136
497 137
498 138
499 139
500 140
501 141
502 142
503 143
504 144
505 145
506 146
507 147
508 148
509 149
510 150
511 151
512 152
513 153
514 154
515 155
516 156
517 157
518 158
519 159
520 160
521 161
522 162
523 163
524 164
525 165
526 166
527 167
528 168
529 169
530 170
531 171
532 172
533 173
261 97
262 96
263 95
264 94
265 93
266 92
267 91
268 90
269 89
270 88
40 163
39 164
38 165
37 166
36 167
35 168
34 169
33 170
32 171
31 172
30 173
326 229
327 230
328 231
329 232
330 233
331 234
332 235
333 236
334 237
335 238
336 239
337 240
338 239
339 238
340 237
341 236
342 235
343 234
344 233
345 232
35 116
36 115
37 114
38 113
39 112
40 111
41 110
42 109
43 108
44 107
45 106
46 105
47 104
48 103
49 102
50 101
51 100
52 99
53 98
54 97
55 96
56 95
57 94
58 93
59 92
60 91
61 90
62 89
63 88
64 87
65 86
66 85
136 85
137 86
138 87
139 88
140 89
141 90
142 91
143 92
279 203
278 204
277 205
276 206
275 207
276 208
277 209
118 198
117 199
116 200
115 201
114 200
113 199
112 198
111 197
110 196
109 195
108 194
107 193
106 192
105 191
104 190
268 223
267 224
266 225
265 226
264 227
263 228
262 229
261 230
260 231
259 232
258 233
257 234
509 148
510 147
511 146
512 145
513 144
514 143
515 142
516 141
517 140
518 139
519 138
520 137
521 136
292 316
291 317
290 318
289 319
288 320
287 321
286 322
285 323
284 324
283 325
282 326
281 327
280 328
281 329
282 330
283 331
134 244
135 245
136 246
137 247
138 248
139 249
140 250
141 251
142 252
143 251
144 250
145 249
146 248
147 247
148 246
157 85
158 84
159 83
160 82
161 81
162 80
163 79
164 78
165 77
166 76
249 326
248 327
247 328
246 329
245 330
244 331
245 332
246 333
247 334
248 335
249 336
250 337
251 338
252 339
253 340
301 137
302 136
303 135
304 134
305 133
289 106
290 105
291 104
292 103
293 102
294 101
295 100
296 99
297 98
298 97
299 96
300 95
301 94
302 93
67 204
68 203
69 202
70 201
71 200
72 199
73 198
74 197
75 196
76 195
77 194
78 193
79 192
80 191
81 190
82 189
121 233
120 234
119 235
118 236
117 237
116 238
115 239
114 240
113 241
112 242
111 243
263 103
262 104
67 86
68 87
69 88
70 89
71 90
72 91
73 92
74 91
75 90
76 89
77 88
78 87
79 86
80 85
81 84
82 83
83 82
497 274
496 275
495 276
494 277
493 278
492 279
491 280
490 281
489 282
488 283
127 91
126 90
312 240
311 239
310 238
309 237
308 236
307 235
306 234
305 233
304 232
303 231
302 230
339 184
340 185
341 186
342 187
343 188
344 189
345 190
54 201
53 200
52 199
51 198
50 197
49 196
48 195
47 194
46 193
45 192
44 191
263 294
262 293
261 292
260 291
259 290
258 289
257 288
256 287
255 286
254 285
253 284
252 283
271 286
270 285
269 284
196 89
197 88
198 87
199 86
200 85
201 84
202 83
203 82
204 81
419 245
418 246
417 247
252 341
251 342
250 343
249 344
248 345
247 346
246 347
245 348
244 349
243 350
242 351
243 352
244 353
245 354
246 355
247 356
248 357
249 358
250 359
251 360
252 361
82 81
81 80
80 79
79 78
78 77
79 76
80 75
81 74
82 73
83 72
84 71
85 70
86 69
87 68
88 67
307 363
308 364
309 365
310 366
311 367
312 368
313 369
314 370
315 371
316 370
280 280
281 281
282 282
283 283
284 284
285 285
286 286
287 287
288 288
64 231
65 232
66 233
67 234
68 235
69 236
70 237
71 238
72 239
73 240
217 93
218 94
219 95
220 96
221 97
222 98
223 99
224 100
490 240
491 241
492 242
493 243
494 244
495 245
496 246
497 247
498 248
499 249
386 264
385 263
384 262
383 261
382 260
381 259
380 258
379 257
378 256
377 255
376 254
375 253
374 252
373 251
177 228
176 229
175 230
174 231
173 232
172 233
171 234
170 235
169 236
378 257
377 258
376 259
375 260
374 261
373 262
372 263
192 247
193 248
194 249
195 250
196 251
197 252
198 253
199 254
200 253
201 252
202 251
514 283
513 282
512 281
513 280
514 279
515 278
516 277
517 276
518 275
519 274
520 273
521 272
522 271
523 270
106 83
105 82
104 81
103 80
102 79
101 78
102 77
103 76
104 75
105 74
106 73
107 72
108 71
109 70
32 65
33 66
34 67
35 68
36 69
37 70
38 69
39 68
40 67
41 66
42 65
43 64
44 63
45 62
336 123
335 124
334 125
333 126
332 127
331 128
330 129
329 130
328 131
282 332
281 333
280 334
279 335
278 336
277 337
276 338
275 339
274 340
273 341
272 342
271 343
270 344
271 345
272 346
273 347
274 348
275 349
385 261
386 260
387 259
388 258
389 257
390 256
391 255
392 254
393 253
394 252
239 98
240 99
241 100
242 101
243 102
244 103
245 104
278 209
279 210
280 211
281 212
282 213
283 214
284 215
285 216
286 217
287 218
288 217
289 216
43 216
50 102
51 103
52 104
319 292
320 293
321 294
322 295
323 296
324 297
325 298
323 250
324 251
325 252
326 253
327 254
328 255
329 256
330 255
331 254
275 350
274 351
273 352
272 353
271 354
272 355
273 356
274 357
275 358
276 359
277 360
278 361
279 362
280 363
281 364
282 365
222 349
223 350
224 351
225 352
226 353
227 354
228 355
229 354
230 353
346 147
347 148
348 149
349 150
350 151
351 152
78 75
77 74
76 73
75 72
74 71
73 70
72 69
71 68
70 67
69 66
68 65
67 64
37 156
38 155
39 154
40 153
41 152
42 151
43 150
44 149
45 148
46 147
47 146
48 145
49 144
50 143
51 142
52 141
53 140
54 139
515 284
516 285
517 286
518 287
519 288
520 289
521 290
522 289
523 288
315 217
314 216
313 215
312 214
311 213
326 194
500 250
501 251
502 252
503 253
504 252
505 251
506 250
507 249
508 248
509 247
510 246
511 245
512 244
30 152
295 98
294 97
293 96
292 95
291 94
290 93
289 92
288 91
287 90
300 97
301 98
302 99
303 100
304 101
305 102
306 103
307 104
308 105
309 106
310 107
311 108
332 255
333 256
334 257
335 258
336 259
337 260
338 259
339 258
340 257
341 256
342 255
343 254
344 253
532 174
531 175
530 176
529 177
528 178
527 179
526 180
525 181
524 182
523 183
522 184
521 185
520 186
519 187
180 238
179 239
178 240
177 241
176 242
175 243
174 244
173 245
172 246
171 247
170 248
169 249
310 297
309 296
308 295
307 294
434 256
435 255
273 288
274 289
275 290
276 291
198 95
197 96
196 97
195 98
194 99
193 100
47 102
46 101
301 230
300 231
299 232
298 233
297 234
296 235
295 236
294 237
293 238
292 239
291 240
290 239
336 261
335 262
334 263
333 264
332 265
331 266
330 267
138 80
137 79
136 78
135 77
134 76
133 75
132 74
131 73
130 72
129 71
519 188
518 189
517 190
516 191
515 192
514 193
513 194
512 195
511 196
510 197
509 198
510 199
511 200
512 201
513 202
514 203
515 204
27 204
26 203
25 202
24 201
23 200
24 199
25 198
26 197
27 196
28 195
29 194
289 268
288 267
287 266
286 265
265 266
266 265
267 264
268 263
269 262
147 199
146 198
145 197
144 196
143 195
142 194
224 251
225 250
226 249
227 248
228 247
229 246
230 245
231 244
232 243
233 242
234 241
235 240
236 239
42 111
43 112
44 113
45 114
46 115
47 116
48 117
49 118
50 119
285 321
284 320
283 319
282 318
281 317
280 316
279 315
278 314
276 336
275 335
274 334
273 333
272 332
228 329
227 328
226 327
225 326
224 325
223 324
198 325
197 324
196 323
197 322
198 321
199 320
200 319
371 263
370 264
369 265
368 266
367 265
366 264
365 263
364 262
363 261
362 260
32 226
33 227
34 228
35 229
36 230
37 231
38 232
39 233
40 234
41 235
42 236
43 237
504 122
503 121
502 120
501 119
500 118
499 117
498 116
497 115
496 114
495 113
494 112
493 111
492 110
23 95
24 96
25 97
26 98
40 69
41 70
42 71
43 72
44 73
45 74
46 75
47 76
48 77
108 215
107 214
106 213
105 212
104 211
103 210
102 209
314 345
315 346
316 347
317 348
318 349
254 259
253 260
252 261
251 262
250 263
249 264
248 263
247 262
246 261
245 260
244 259
305 334
304 333
303 332
302 331
301 330
300 329
43 152
44 153
176 340
175 341
174 342
173 343
172 342
310 109
309 110
308 111
307 112
306 113
160 92
300 356
299 355
298 354
297 353
296 352
295 351
294 350
293 349
192 204
191 203
192 202
193 201
194 200
305 100
306 99
307 98
308 97
309 96
310 95
311 94
515 205
514 206
513 207
512 208
511 209
510 210
509 211
508 212
507 213
506 214
507 215
264 204
263 203
262 202
261 201
260 200
259 199
258 198
496 271
497 270
498 269
499 268
117 197
116 196
117 195
118 194
119 193
120 192
121 191
260 232
261 233
262 234
263 235
264 236
265 237
266 238
267 239
268 240
269 241
469 260
468 259
467 258
466 257
465 256
212 238
188
303 168
327 173
328 152
348 173
349 142
352 119
331 116
326 208
325 229
322 250
288 256
322 287
318 321
314 342
306 363
237 205
236 226
215 205
214 226
193 205
192 226
171 220
191 247
148 197
128 219
119 198
106 219
97 240
69 208
62 232
66 187
133 243
29 228
255 304
250 325
229 327
221 348
199 326
178 318
177 339
30 139
31 85
31 64
249 87
225 85
185 80
452 260
486 245
490 266
514 284
429 271
35 117
145 75
352 98
255 258
149 220
172 199
408 268
288 107
224 252
28 205
346 211
106 84
207 98
510 118
387 265
197 346
304 192
275 228
332 96
287 309
174 96
303 147
500 228
257 213
85 219
533 173
270 88
30 173
345 232
66 85
143 92
277 209
104 190
257 234
521 136
283 331
148 246
166 76
253 340
305 133
302 93
82 189
111 243
262 104
83 82
488 283
126 90
302 230
345 190
44 191
252 283
269 284
204 81
308 273
417 247
252 361
88 67
316 370
288 288
73 240
224 100
499 249
373 251
169 236
372 263
202 251
523 270
109 70
45 62
328 131
275 349
394 252
245 104
289 216
43 216
52 104
325 298
331 254
282 365
230 353
351 152
67 64
54 139
523 288
311 213
326 194
512 244
49 170
30 152
287 90
311 108
344 253
519 187
169 249
307 294
435 255
276 291
193 100
302 252
46 101
290 239
330 267
129 71
515 204
29 194
286 265
269 262
142 194
236 239
50 119
278 314
272 332
223 324
200 319
362 260
43 237
492 110
26 98
48 77
102 209
318 349
244 259
300 329
44 153
172 342
306 113
160 92
293 349
194 200
311 94
507 215
258 198
499 268
121 191
269 241
465 256
212 238
