3 0 131 248
3 296 27 47
2 180 292
2 216 283
3 167 207 250
3 85 104 93
2 54 49
2 212 22
2 249 35
2 116 143
3 168 217 228
3 75 40 123
3 108 91 266
4 87 239 253 229
2 259 151
2 80 61
4 164 299 263 257
3 103 202 30
3 41 56 109
3 275 128 139
3 184 177 20
3 294 59 211
4 148 187 163 115
3 127 196 17
4 161 44 142 173
3 13 265 77
2 162 287
3 34 201 189
3 88 155 274
2 203 293
3 95 140 262
4 260 190 166 165
3 110 197 192
2 213 291
3 159 157 251
3 72 48 86
3 276 233 279
3 62 73 78
3 133 82 178
3 290 14 97
2 285 3
3 156 126 45
3 92 219 84
3 8 160 176
4 15 24 238 183
3 4 119 268
3 63 6 53
4 136 89 120 270
4 7 261 43 130
4 273 188 138 100
3 107 141 149
3 210 295 1
4 74 237 191 169
2 150 94
3 58 10 240
3 99 50 206
2 218 12
4 134 112 122 175
2 96 267
2 282 147
3 105 225 145
4 227 129 230 117
2 271 194
3 137 83 51
3 245 71 52
4 19 38 289 186
2 125 42
3 226 254 2
3 21 152 199
3 220 236 195
2 144 288
3 224 102 76
3 246 98 264
3 68 70 46
3 185 26 66
3 121 16 55
3 18 29 31
3 214 25 182
3 244 298 69
4 60 286 256 280
3 171 101 124
3 284 223 132
3 111 135 222
3 39 106 5
3 243 269 172
3 198 232 37
3 281 277 153
4 113 32 208 231
3 11 90 9
3 200 205 247
2 258 252
3 204 67 255
3 79 28 81
2 114 23
2 57 272
4 174 209 64 118
2 242 154
4 170 193 235 278
3 241 158 215
3 146 181 297
