10572
435 488
434 489
433 490
432 489
431 488
430 487
429 486
428 485
427 484
426 483
425 482
431 490
430 491
429 492
428 493
427 494
426 495
425 496
430 492
431 493
432 494
433 495
434 496
435 497
436 498
434 498
433 499
432 500
431 501
430 502
429 503
428 504
427 505
426 506
425 507
430 503
431 504
432 505
433 506
434 507
435 508
436 509
434 509
433 510
432 511
431 512
430 513
429 514
428 515
427 516
426 517
425 518
430 514
431 515
432 516
433 517
434 518
435 519
436 520
434 520
433 521
432 522
431 523
430 524
429 525
428 526
427 527
426 528
425 529
430 525
431 526
432 527
433 528
434 529
435 530
436 531
434 531
433 532
432 533
431 534
430 535
429 536
428 537
427 538
426 539
425 540
430 536
431 537
432 538
433 539
434 540
435 541
436 542
434 542
433 543
432 544
431 545
430 546
429 547
428 548
427 549
426 550
425 551
430 547
431 548
432 549
433 550
434 551
435 552
436 553
434 553
433 554
432 555
431 556
430 557
429 558
428 559
427 560
426 561
425 562
430 558
431 559
432 560
433 561
434 562
435 563
436 564
424 482
423 483
422 484
421 485
420 486
419 487
418 486
417 485
416 484
415 483
414 482
418 488
417 489
416 490
415 491
414 492
413 493
412 494
411 495
410 496
411 493
410 492
409 491
408 490
407 489
406 488
405 487
404 486
403 485
402 484
406 489
405 490
404 491
403 492
402 493
401 494
400 495
399 496
400 493
399 492
398 491
397 490
396 489
395 488
394 487
393 486
392 485
391 484
393 488
392 489
391 490
390 491
389 492
388 493
387 494
386 495
387 492
386 491
385 490
384 489
383 488
382 487
381 486
380 485
379 484
382 489
381 490
380 491
379 492
378 493
377 494
376 495
375 496
376 493
375 492
374 491
373 490
372 489
371 488
370 487
369 486
368 485
367 484
370 489
369 490
368 491
367 492
366 493
365 494
364 495
363 496
364 493
363 492
362 491
361 490
360 489
359 488
358 487
357 486
356 485
355 484
358 489
357 490
356 491
355 492
354 493
353 494
352 495
351 496
352 493
351 492
350 491
349 490
348 489
347 488
346 487
345 486
344 485
343 484
347 490
346 491
345 492
344 493
343 494
342 495
341 496
340 497
341 494
340 493
339 492
338 491
337 490
336 489
335 488
334 487
333 486
332 485
331 484
334 489
333 490
332 491
331 492
330 493
329 494
328 495
328 496
327 497
326 498
325 499
324 500
323 501
322 502
321 503
320 504
321 505
322 506
319 504
318 503
317 502
316 501
315 500
314 499
313 498
312 497
311 496
310 495
314 501
313 502
312 503
311 504
310 505
309 506
308 505
307 504
306 503
305 502
304 501
303 500
302 499
301 498
300 497
299 496
298 495
302 501
301 502
300 503
299 504
298 505
297 506
296 505
295 504
294 503
293 502
292 501
291 500
290 499
289 498
288 497
287 496
286 495
295 505
294 506
293 507
292 508
291 509
290 510
289 511
288 512
287 513
286 514
291 511
292 512
293 513
294 514
295 515
296 516
297 517
294 516
293 517
292 518
291 519
290 520
289 521
288 522
287 523
286 524
285 525
290 522
291 523
292 524
293 525
294 526
295 527
296 528
293 527
292 528
291 529
290 530
289 531
288 532
287 533
286 534
285 535
284 536
289 533
290 534
291 535
292 536
293 537
294 538
295 539
292 538
291 539
290 540
289 541
288 542
287 543
286 544
285 545
284 546
283 547
288 544
289 545
290 546
291 547
292 548
293 549
294 550
282 546
281 545
280 544
279 543
278 542
277 541
276 540
275 539
274 538
273 537
272 536
276 542
275 543
274 544
273 545
272 546
271 547
270 546
269 545
268 544
267 543
266 542
265 541
264 540
263 539
262 538
261 537
260 536
259 535
258 534
257 533
256 532
255 531
254 530
253 529
252 528
251 527
250 526
251 525
256 530
257 529
258 528
259 527
260 526
261 525
262 524
261 523
260 522
259 521
258 520
257 519
256 518
255 517
254 516
253 515
252 514
251 513
257 517
258 516
259 515
260 514
261 513
262 512
261 511
260 510
259 509
258 508
257 507
256 506
255 505
254 504
253 503
252 502
251 501
257 505
258 504
259 503
260 502
261 501
262 500
263 525
264 526
265 525
266 524
267 523
268 522
269 521
270 520
271 519
272 518
273 517
293 551
292 552
291 553
290 554
289 555
288 556
287 557
286 558
285 559
284 560
285 561
290 555
291 556
292 557
293 558
294 559
295 560
296 561
296 559
297 558
298 557
299 556
300 555
301 554
302 553
303 552
304 551
305 550
301 555
302 556
303 557
304 558
305 559
306 560
307 561
298 517
299 518
300 519
301 520
302 521
303 522
304 521
305 520
306 519
307 518
308 517
322 507
321 508
320 509
319 510
318 511
317 512
318 513
319 514
320 515
321 516
322 517
321 518
320 519
319 520
318 521
317 522
318 523
319 524
320 525
321 526
322 527
323 528
331 483
330 482
329 481
328 480
327 479
326 478
325 477
324 476
325 475
326 474
327 473
323 475
322 474
321 473
320 472
319 471
318 470
317 469
316 468
319 469
320 468
321 467
322 466
323 465
324 464
325 463
326 462
327 461
330 480
331 479
332 478
333 477
334 476
335 475
336 474
337 473
338 472
315 468
314 469
313 468
312 467
311 466
310 465
309 464
308 463
307 462
306 461
305 460
304 460
303 461
302 462
301 463
300 464
299 465
298 464
297 463
296 462
295 461
294 460
327 460
326 459
325 458
324 457
323 456
322 455
321 454
320 453
319 452
320 451
321 450
325 456
326 455
327 454
328 453
329 452
330 451
331 450
332 449
330 452
331 453
332 454
333 455
334 456
335 457
336 458
337 459
338 460
336 456
337 455
338 454
339 453
340 452
341 451
342 450
343 449
318 453
317 452
316 451
315 450
314 449
313 448
312 447
311 446
310 445
309 444
308 443
313 446
314 445
315 444
316 443
317 442
318 441
319 440
320 439
321 438
307 442
306 441
305 440
304 439
303 438
302 437
301 436
300 435
299 434
298 433
297 432
301 438
300 439
299 440
298 441
297 442
296 443
295 442
294 441
293 440
292 439
291 438
290 437
289 436
288 435
287 434
286 433
285 432
289 438
288 439
287 440
286 441
285 442
284 443
283 442
282 441
281 440
280 439
279 438
278 437
277 436
276 435
275 434
274 433
273 432
277 438
276 439
275 440
274 441
273 442
272 443
272 431
271 430
270 429
269 428
268 427
267 426
266 425
265 424
264 423
263 422
264 421
262 421
261 420
260 419
259 418
258 417
257 416
256 415
255 414
254 413
253 412
252 411
256 417
255 418
254 419
253 420
252 421
251 422
258 415
259 414
260 413
261 412
262 411
263 410
250 421
249 420
248 419
247 418
246 417
245 416
244 415
243 414
242 413
241 412
240 411
244 417
243 418
242 419
241 420
240 421
239 422
238 422
237 423
236 422
235 421
234 420
233 419
232 418
231 417
230 416
229 415
228 414
232 420
231 421
230 422
229 423
228 424
227 425
229 424
230 425
231 426
232 427
233 428
234 429
235 430
236 431
237 432
238 433
233 430
232 431
231 432
230 433
229 434
228 435
227 436
229 435
230 436
231 437
232 438
233 439
234 440
235 441
236 442
237 443
238 444
233 441
232 442
231 443
230 444
229 445
228 446
227 447
226 436
225 437
224 438
223 439
222 438
221 437
220 436
219 435
218 434
217 433
216 432
220 438
219 439
218 440
217 441
216 442
215 443
214 444
213 445
212 446
211 447
210 448
209 449
208 450
207 449
206 448
205 447
204 446
210 449
211 450
212 451
213 452
214 453
215 454
207 451
206 452
205 453
204 454
203 455
202 456
201 457
203 456
204 457
205 458
206 459
207 460
208 461
209 462
210 463
211 464
212 465
207 462
206 463
205 464
204 465
203 466
202 467
201 468
203 467
204 468
205 469
206 470
207 471
208 472
209 473
210 474
211 475
212 476
207 473
206 474
205 475
204 476
203 477
202 478
201 479
203 478
204 479
205 480
206 481
207 482
208 483
209 484
210 485
211 486
212 487
207 484
206 485
205 486
204 487
203 488
202 489
201 490
203 489
204 490
205 491
206 492
207 493
208 494
209 495
210 496
211 497
212 498
207 495
206 496
205 497
204 498
203 499
202 500
201 501
203 500
204 501
205 502
206 503
207 504
208 505
209 506
210 507
211 508
212 509
207 506
206 507
205 508
204 509
203 510
202 511
201 512
203 511
204 512
205 513
206 514
207 515
208 516
209 517
210 518
211 519
212 520
207 517
206 518
205 519
204 520
203 521
202 522
201 523
203 522
204 523
205 524
206 525
207 526
208 527
209 528
210 529
211 530
212 531
207 528
206 529
205 530
204 531
203 532
202 533
201 534
203 533
204 534
205 535
206 536
207 537
208 538
209 539
210 540
211 541
212 542
207 539
206 540
205 541
204 542
203 543
202 544
201 545
203 544
204 545
205 546
206 547
207 548
208 549
209 550
210 551
211 552
212 553
207 550
206 551
205 552
204 553
203 554
202 555
201 556
203 555
204 556
205 557
206 558
207 559
208 560
209 561
210 562
211 563
212 564
200 502
199 501
198 500
197 499
196 498
195 497
194 496
193 495
192 494
191 493
190 492
194 498
193 499
192 500
191 501
190 502
189 503
188 504
187 505
186 506
185 507
184 508
183 509
182 510
181 509
180 508
179 507
178 506
184 509
185 510
186 511
187 512
188 513
189 514
181 511
180 512
179 513
178 514
177 515
176 516
175 517
177 516
178 517
179 518
180 519
181 520
182 521
183 522
184 523
185 524
186 525
181 522
180 523
179 524
178 525
177 526
176 527
175 528
177 527
178 528
179 529
180 530
181 531
182 532
183 533
184 534
185 535
186 536
181 533
180 534
179 535
178 536
177 537
176 538
175 539
177 538
178 539
179 540
180 541
181 542
182 543
183 544
184 545
185 546
186 547
181 544
180 545
179 546
178 547
177 548
176 549
175 550
177 549
178 550
179 551
180 552
181 553
182 554
183 555
184 556
185 557
186 558
174 517
173 518
172 519
171 518
170 517
169 516
168 515
167 514
166 513
165 512
164 511
168 517
167 518
166 519
165 520
164 521
163 522
162 521
161 520
160 519
159 518
158 517
157 516
156 515
155 514
154 513
153 512
152 511
156 517
155 518
154 519
153 520
152 521
151 522
150 521
149 520
148 519
147 518
146 517
145 516
144 515
143 514
142 513
141 512
140 511
144 517
143 518
142 519
141 520
140 521
139 522
138 521
137 520
136 519
135 518
134 517
133 516
132 515
131 514
130 513
129 512
128 511
132 517
131 518
130 519
129 520
128 521
127 522
126 521
125 520
124 519
123 518
122 517
121 516
120 515
119 514
118 513
117 512
116 511
120 517
119 518
118 519
117 520
116 521
115 522
114 521
113 520
112 519
111 518
110 517
109 516
108 515
107 514
106 513
105 512
104 511
108 517
107 518
106 519
105 520
104 521
103 522
102 521
101 520
100 519
99 518
98 517
97 516
96 515
95 514
94 513
93 512
92 511
96 517
95 518
94 519
93 520
92 521
91 522
90 521
89 520
88 519
87 518
86 517
85 516
84 515
83 514
82 513
81 512
80 511
90 523
89 524
88 525
87 526
86 527
85 528
84 529
83 530
82 531
81 532
82 533
87 527
88 528
89 529
90 530
91 531
92 532
93 533
82 534
81 535
80 536
79 537
78 538
77 539
76 540
75 541
74 542
75 543
76 544
80 537
81 538
82 539
83 540
84 541
85 542
86 543
87 544
80 510
79 509
80 508
81 507
82 506
83 505
84 504
85 503
86 502
87 501
88 500
83 503
82 502
81 501
80 500
79 499
78 498
77 497
86 545
85 546
84 547
85 548
86 549
87 550
88 551
89 552
90 553
91 554
92 555
90 552
91 551
92 550
93 549
94 548
95 547
96 546
97 545
98 544
96 548
97 549
98 550
99 551
100 552
101 553
102 554
103 555
101 551
102 550
103 549
104 548
105 547
106 546
107 545
108 544
109 543
89 501
90 502
91 503
92 504
93 503
94 502
95 501
96 500
97 499
98 498
99 497
104 510
103 509
102 508
103 507
104 506
105 505
106 504
107 503
108 502
109 501
110 500
110 543
111 542
112 541
113 540
114 539
115 538
116 537
117 536
118 535
119 534
120 533
128 510
127 509
126 508
125 507
124 506
123 505
124 504
125 503
126 502
127 501
128 500
121 533
122 534
123 535
124 536
125 537
126 538
127 537
128 536
129 535
130 534
131 533
128 499
127 498
126 497
125 496
126 495
127 494
128 493
129 492
130 491
131 490
132 489
125 494
124 493
123 492
122 491
121 490
120 489
119 488
118 487
117 486
116 485
115 484
114 483
113 482
112 481
111 480
110 479
109 478
108 477
107 476
106 475
112 479
113 478
114 477
115 476
116 475
117 474
105 474
104 473
103 472
102 471
101 470
100 469
99 468
98 467
97 466
96 465
95 464
99 470
98 471
97 472
96 473
95 474
94 475
101 468
102 467
103 466
104 465
105 464
106 463
93 476
92 477
91 476
90 475
89 474
88 473
87 472
86 471
85 470
84 469
83 468
82 468
81 469
80 470
79 471
78 472
77 473
76 474
75 475
74 474
73 473
72 472
94 463
93 462
92 461
91 460
90 459
89 458
88 457
87 456
86 455
85 454
84 453
90 457
91 456
92 455
93 454
94 453
95 452
94 451
93 450
92 449
93 448
94 447
95 446
96 445
97 444
98 443
99 442
100 441
98 444
99 445
100 446
101 447
102 448
103 449
104 450
105 451
106 452
104 448
105 447
106 446
107 445
108 444
109 443
110 442
111 441
109 444
110 445
111 446
112 447
113 448
114 449
115 450
116 451
117 452
115 448
116 447
117 446
118 445
119 444
120 443
121 442
122 441
120 444
121 445
122 446
123 447
124 448
125 449
126 450
127 451
128 452
126 448
127 447
128 446
129 445
130 444
131 443
132 442
133 441
131 444
132 445
133 446
134 447
135 448
136 449
137 450
138 451
139 452
137 448
138 447
139 446
140 445
141 444
142 443
143 442
144 441
142 444
143 445
144 446
145 447
146 448
147 449
148 450
149 451
150 452
148 448
149 447
150 446
151 445
152 444
153 443
154 442
155 441
153 444
154 445
155 446
156 447
157 448
158 449
159 450
160 451
161 452
159 448
160 447
161 446
162 445
163 444
164 443
165 442
166 441
164 444
165 445
166 446
167 447
168 448
169 449
170 450
171 451
172 452
170 448
171 447
172 446
173 445
174 444
175 443
176 442
177 441
175 444
176 445
177 446
178 447
179 448
180 449
181 450
182 451
183 452
181 448
182 447
183 446
184 445
185 444
186 443
187 442
188 441
117 473
116 472
115 471
114 470
113 469
112 468
113 467
114 466
115 465
116 464
117 463
111 440
112 439
113 438
114 437
115 436
116 435
117 434
118 433
119 432
120 431
121 430
118 473
119 472
120 471
121 470
122 469
123 468
124 467
125 466
126 465
127 464
128 463
122 431
123 432
124 433
125 432
126 431
127 430
128 429
129 428
130 427
131 426
132 425
129 463
130 464
131 465
132 466
133 467
134 468
135 467
136 466
137 465
138 464
139 463
132 533
133 534
134 535
135 536
136 537
137 538
138 537
139 536
140 535
141 534
142 533
139 537
140 538
141 539
142 540
143 541
144 542
145 543
146 544
145 541
146 540
147 539
148 538
149 537
150 536
151 535
152 534
153 533
150 537
151 538
152 539
153 540
154 541
155 542
156 543
157 544
156 541
157 540
158 539
159 538
160 537
161 536
162 535
163 534
164 533
133 425
134 426
135 427
136 428
137 427
138 426
139 425
140 424
141 423
142 422
143 421
135 469
136 470
137 471
138 472
139 473
140 474
141 475
142 476
143 477
144 478
145 479
142 474
143 473
144 472
145 471
146 470
147 469
148 468
149 467
150 466
144 421
145 422
146 423
147 424
148 423
149 422
150 421
151 420
152 419
153 418
154 417
149 423
150 424
151 425
152 426
153 427
154 428
146 479
147 480
148 481
149 482
150 483
151 484
152 485
153 484
154 483
155 482
156 481
151 467
152 468
153 469
154 470
155 469
156 468
157 467
158 466
159 465
160 464
161 463
155 417
156 418
157 419
158 420
159 419
160 418
161 417
162 416
163 415
164 414
165 413
160 419
161 420
162 421
163 422
164 423
165 424
162 463
163 464
164 465
165 466
166 467
167 468
168 467
169 466
170 465
171 464
172 463
167 469
168 470
169 471
170 472
171 473
172 474
166 413
167 414
168 415
169 416
170 415
171 414
172 413
173 412
174 411
175 410
176 409
171 415
172 416
173 417
174 418
175 419
176 420
173 473
174 472
175 471
176 470
177 469
178 468
179 467
180 466
181 465
182 464
183 463
177 410
178 411
179 412
180 413
181 412
182 411
183 410
184 409
185 408
186 407
187 406
182 412
183 413
184 414
185 415
186 416
187 417
177 420
178 421
179 422
180 423
181 424
182 425
183 426
184 427
185 428
186 429
187 428
188 407
189 408
190 409
191 410
192 409
193 408
194 407
195 406
196 405
197 404
198 403
193 409
194 410
195 411
196 412
197 413
198 414
188 429
189 430
190 431
191 432
192 431
193 430
194 429
195 428
196 427
197 426
198 425
199 404
200 405
201 406
202 407
203 406
204 405
205 404
206 403
207 402
208 401
209 400
204 406
205 407
206 408
207 409
208 410
209 411
213 475
214 474
215 473
216 472
217 471
218 470
219 469
220 468
221 467
222 466
223 465
218 471
219 472
220 473
221 474
222 475
223 476
213 497
214 496
215 495
216 494
217 493
218 492
219 491
220 490
221 489
222 488
223 487
218 493
219 494
220 495
221 496
222 497
223 498
213 519
214 518
215 517
216 516
217 515
218 514
219 513
220 512
221 511
222 510
223 509
218 515
219 516
220 517
221 518
222 519
223 520
213 541
214 540
215 539
216 538
217 537
218 536
219 535
220 534
221 533
222 532
223 531
218 537
219 538
220 539
221 540
222 541
223 542
230 445
231 446
232 447
233 448
234 449
235 450
236 451
237 452
238 453
239 454
240 455
240 453
241 452
242 451
243 450
244 449
245 448
246 447
247 446
248 445
249 444
245 449
246 450
247 451
248 452
249 453
250 454
251 455
240 456
239 457
238 458
237 459
236 460
235 461
236 462
237 463
238 464
239 465
240 466
239 443
240 442
241 441
242 440
243 439
244 438
245 437
246 436
247 435
248 434
249 433
241 466
242 467
243 468
244 469
245 470
246 471
247 470
248 469
249 468
250 467
251 466
252 466
253 467
254 468
255 469
256 470
257 469
258 468
259 467
260 466
261 465
262 464
263 465
264 466
265 467
266 468
267 469
268 470
269 471
270 472
271 471
272 470
273 469
270 473
269 474
270 475
271 476
272 477
273 478
274 479
275 480
276 481
320 437
319 436
318 435
317 434
316 433
315 432
316 431
317 430
318 429
319 428
320 427
319 426
318 425
317 424
316 423
317 422
318 421
319 420
320 419
321 418
322 417
323 416
317 420
316 419
315 418
314 417
313 416
312 415
311 414
310 413
322 418
323 419
324 420
325 421
326 422
327 423
328 424
329 425
330 426
331 427
309 412
308 411
307 410
306 409
305 408
304 407
303 406
302 405
301 404
300 403
299 402
303 408
302 409
301 410
300 411
299 412
298 413
305 406
306 405
307 404
308 403
309 402
310 401
297 412
296 411
295 410
294 409
293 408
292 407
291 406
290 405
289 404
288 403
287 402
291 408
290 409
289 410
288 411
287 412
286 413
313 414
314 413
315 412
316 411
317 410
318 409
319 408
320 407
321 406
322 405
323 404
323 518
324 519
325 520
326 521
327 520
328 519
329 518
330 517
331 516
332 515
333 514
332 517
333 518
334 519
335 520
336 521
337 522
338 523
339 524
340 525
337 520
338 519
339 518
340 517
341 516
342 515
343 514
344 513
343 516
344 517
345 518
346 519
347 520
348 521
349 522
350 523
351 524
348 519
349 518
350 517
351 516
352 515
353 514
354 513
355 512
354 515
355 516
356 517
357 518
358 519
359 520
360 521
361 522
362 523
359 518
360 517
361 516
362 515
363 514
364 513
365 512
366 511
365 514
366 515
367 516
368 517
369 518
370 519
371 520
372 521
373 522
370 517
371 516
372 515
373 514
374 513
375 512
376 511
377 510
376 513
377 514
378 515
379 516
380 517
381 518
382 519
383 520
384 521
332 428
333 429
334 430
335 431
336 430
337 429
338 428
339 427
340 426
341 425
342 424
379 483
378 482
377 481
376 480
377 479
378 478
379 477
380 476
381 475
382 474
383 473
378 476
377 475
376 474
375 473
374 472
373 471
372 470
374 470
375 469
376 468
377 467
378 466
379 465
380 464
381 463
382 462
383 461
377 465
376 464
375 463
374 462
373 461
372 460
371 459
370 458
369 457
368 456
367 455
366 454
365 453
364 452
363 451
362 450
361 449
360 448
364 454
363 455
362 456
361 457
360 458
359 459
366 452
367 451
368 450
369 449
370 448
371 447
358 460
357 461
356 462
355 463
354 464
355 465
356 466
357 467
358 468
359 469
360 470
371 446
370 445
369 444
368 443
367 442
366 441
365 440
364 439
363 438
362 437
363 436
368 441
369 440
370 439
371 438
372 437
373 436
374 435
362 435
361 434
360 433
359 432
358 431
357 430
358 429
359 428
360 427
361 426
362 425
361 424
360 423
359 422
358 421
357 420
356 419
355 418
354 417
353 416
354 415
355 414
359 420
360 419
361 418
362 417
363 416
364 415
365 414
366 413
365 416
366 417
367 418
368 419
369 420
370 421
371 422
372 423
373 424
370 419
371 418
372 417
373 416
374 415
375 414
376 413
377 412
366 412
365 411
364 410
363 409
362 408
361 407
360 406
359 405
358 404
357 403
358 402
363 407
364 406
365 405
366 404
367 403
368 402
369 401
378 413
379 412
380 411
381 410
382 409
383 408
384 407
385 406
386 405
387 404
388 403
383 409
384 410
385 411
386 412
387 413
388 414
385 522
386 523
387 524
388 523
389 522
390 521
391 520
392 519
393 518
394 517
395 516
392 521
393 522
394 523
395 524
396 525
397 526
398 527
397 524
398 523
399 522
400 521
401 520
402 519
403 518
404 517
405 516
406 515
403 520
404 521
405 522
406 523
407 524
408 525
409 526
398 528
397 529
396 530
395 531
394 532
393 533
394 534
395 535
396 536
397 537
398 538
392 534
391 535
390 536
389 537
388 538
387 539
386 540
388 540
389 541
390 542
391 543
392 544
393 545
394 546
395 547
396 548
397 549
391 545
390 546
389 547
388 548
387 549
386 550
385 551
387 551
388 552
389 553
390 554
391 555
392 556
393 557
394 558
395 559
396 560
390 556
389 557
388 558
387 559
386 560
385 561
384 562
383 561
382 560
381 559
380 558
379 557
378 556
377 555
376 554
375 553
374 552
373 551
377 557
376 558
375 559
374 560
373 561
372 562
371 561
370 560
369 559
368 558
367 557
366 556
365 555
364 554
363 553
362 552
361 551
365 557
364 558
363 559
362 560
361 561
360 562
360 550
359 549
358 548
357 547
356 546
355 545
354 544
355 543
356 542
357 541
358 540
353 545
352 546
351 547
350 546
349 545
348 544
347 543
346 542
345 541
349 547
348 548
347 549
346 550
345 551
344 552
360 549
361 548
362 547
363 546
364 545
365 544
366 543
367 542
368 541
369 540
343 551
342 550
341 549
340 548
339 547
338 546
337 545
336 544
335 543
334 542
333 541
337 547
336 548
335 549
334 550
333 551
332 552
332 550
331 549
330 548
329 547
328 546
327 545
326 544
325 543
324 542
323 541
322 540
332 553
331 554
330 555
329 556
328 557
327 558
326 559
325 560
324 561
323 562
324 563
329 557
330 558
331 559
332 560
333 561
334 562
335 563
389 414
390 413
391 412
392 411
393 410
394 409
395 408
396 407
397 406
398 405
399 404
394 410
395 411
396 412
397 413
398 414
399 415
397 560
398 561
399 562
400 563
401 564
402 565
403 564
404 563
405 562
406 561
407 560
398 559
399 558
400 557
401 556
402 555
403 554
404 553
405 552
406 551
407 550
408 549
399 539
400 540
401 541
402 542
403 543
404 542
405 541
406 540
407 539
408 538
409 537
400 414
401 413
402 412
403 411
404 410
405 409
406 408
407 407
408 406
409 405
410 404
405 410
406 411
407 412
408 413
409 414
410 415
409 416
408 417
407 418
408 419
409 420
410 421
411 422
412 423
413 424
414 425
415 426
413 422
414 421
415 420
416 419
417 418
418 417
419 416
420 415
421 414
419 418
420 419
421 420
422 421
423 422
424 423
425 424
426 425
424 421
425 420
426 419
427 418
428 417
429 416
430 415
431 414
432 413
430 417
431 418
432 419
433 420
434 421
435 422
436 423
437 424
414 427
413 428
412 429
413 430
414 431
415 432
416 433
417 434
418 435
419 436
420 437
416 434
415 435
414 436
413 437
412 438
411 439
410 440
409 441
432 412
431 411
430 410
429 409
428 408
427 407
426 406
425 405
424 404
425 403
426 402
430 408
431 407
432 406
433 405
434 404
435 403
436 402
437 401
421 438
422 439
423 440
424 441
425 442
426 441
427 440
428 439
429 438
430 437
431 436
426 442
427 443
428 444
429 445
430 446
431 447
437 488
438 489
439 490
440 489
441 488
442 487
443 486
444 485
445 484
446 483
447 482
443 487
444 488
445 489
446 490
447 491
448 492
449 493
450 494
451 495
452 496
449 491
450 490
451 489
452 488
453 487
454 486
455 485
456 484
457 483
458 482
455 487
456 488
457 489
458 490
459 491
460 492
461 493
462 494
463 495
461 491
462 490
463 489
464 488
465 487
466 486
467 485
468 484
469 483
467 487
468 488
469 489
470 490
471 491
472 492
473 493
474 494
472 491
473 490
474 489
475 488
476 487
477 486
478 485
479 484
480 483
476 488
477 489
478 490
479 491
480 492
481 493
482 494
483 495
484 496
485 497
483 496
482 497
481 498
480 499
479 500
478 501
477 502
476 503
475 504
474 505
479 502
480 503
481 504
482 505
483 506
484 507
485 508
482 507
481 508
480 509
479 510
478 511
477 512
476 513
475 514
474 515
473 516
478 513
479 514
480 515
481 516
482 517
483 518
484 519
481 518
480 519
479 520
478 521
477 522
476 523
475 524
474 525
473 526
472 527
477 524
478 525
479 526
480 527
481 528
482 529
483 530
480 529
479 530
478 531
477 532
476 533
475 534
474 535
473 536
472 537
471 538
476 535
477 536
478 537
479 538
480 539
481 540
482 541
479 540
478 541
477 542
476 543
475 544
474 545
473 546
472 547
471 548
470 549
475 546
476 547
477 548
478 549
479 550
480 551
481 552
478 551
477 552
476 553
475 554
474 555
473 556
472 557
471 558
470 559
469 560
474 557
475 558
476 559
477 560
478 561
479 562
480 563
477 562
476 563
475 564
474 565
473 566
472 567
471 568
470 569
469 570
468 571
473 568
474 569
475 570
476 571
477 572
478 573
479 574
476 573
475 574
474 575
473 576
472 577
471 578
470 579
469 580
468 581
467 582
472 579
473 580
474 581
475 582
476 583
477 584
478 585
475 584
474 585
473 586
472 587
471 588
470 589
469 590
468 591
467 592
466 593
482 492
483 491
484 490
485 489
486 488
487 487
488 486
489 485
490 484
491 483
437 554
438 555
439 556
440 557
441 558
442 557
443 556
444 555
445 554
446 553
447 552
442 558
443 559
444 560
445 561
446 562
447 563
438 402
439 403
440 404
441 405
442 406
443 405
444 404
445 403
446 402
447 401
448 400
444 405
445 406
446 407
447 408
448 409
449 410
450 411
450 409
451 408
452 407
453 406
454 405
455 404
456 403
457 402
458 401
459 400
455 405
456 406
457 407
458 408
459 409
460 410
461 411
461 409
462 408
463 407
464 406
465 405
466 404
467 403
468 402
469 401
470 400
466 405
467 406
468 407
469 408
470 409
471 410
472 411
472 409
473 408
474 407
475 406
476 405
477 404
478 403
479 402
480 401
481 400
477 405
478 406
479 407
480 408
481 409
482 410
483 411
483 409
484 408
485 407
486 406
487 405
488 404
489 403
490 402
491 401
492 400
447 564
446 565
445 566
444 567
443 568
444 569
445 570
446 571
447 572
448 573
449 574
449 575
448 576
447 577
446 578
445 579
444 580
445 581
446 582
447 583
448 584
449 585
446 584
445 585
444 586
443 587
442 588
441 589
440 590
439 591
438 592
437 593
442 590
443 591
444 592
445 593
446 594
447 595
448 596
436 594
435 595
434 596
433 597
432 598
431 599
430 598
429 597
428 596
427 595
426 594
430 600
429 601
428 602
427 603
426 604
425 605
424 605
423 604
422 603
421 602
420 601
419 600
418 599
417 598
416 597
415 596
414 595
413 595
412 596
411 597
410 598
409 599
408 600
407 601
406 600
405 599
404 598
403 597
405 601
404 602
403 603
402 604
401 605
400 606
399 607
398 608
397 609
396 610
395 611
394 612
393 613
394 614
395 615
396 616
397 617
398 618
399 619
398 620
397 621
396 622
395 623
396 624
397 625
398 626
399 627
400 628
401 629
402 630
401 627
402 626
403 625
404 624
405 623
406 622
407 621
408 620
409 619
410 618
407 623
408 624
409 625
410 626
411 627
412 628
413 629
412 626
413 625
414 624
415 623
416 622
417 621
418 620
419 619
420 618
421 617
418 622
419 623
420 624
421 625
422 626
423 627
424 628
423 625
424 624
425 623
426 622
427 621
428 620
429 619
430 618
431 617
432 616
429 621
430 622
431 623
432 624
433 625
434 626
435 627
434 624
435 623
436 622
437 621
438 620
439 619
440 618
441 617
442 616
443 615
440 620
441 621
442 622
443 623
444 624
445 625
446 626
445 623
446 622
447 621
448 620
449 619
450 618
451 617
452 616
453 615
454 614
451 619
452 620
453 621
454 622
455 623
456 624
457 625
401 631
400 632
399 633
398 634
397 635
396 636
395 637
396 638
397 639
398 640
399 641
395 639
394 640
393 641
392 642
391 643
390 644
389 645
388 646
387 647
391 645
392 646
393 647
394 648
395 649
396 650
397 651
398 652
394 650
393 651
392 652
391 653
390 654
389 655
388 656
387 657
386 658
390 656
391 657
392 658
393 659
394 660
395 661
396 662
397 663
396 664
395 665
394 666
393 667
392 668
391 669
392 670
393 671
394 672
395 673
396 674
397 674
398 675
399 676
400 677
401 678
402 679
403 678
404 677
405 676
406 675
407 674
402 680
403 681
404 682
405 683
406 684
407 685
398 673
399 672
400 671
401 670
402 669
403 668
404 667
405 666
406 665
407 664
408 663
408 684
409 683
410 682
411 681
412 680
413 679
414 678
415 677
416 676
417 675
418 674
413 680
414 681
415 682
416 683
417 684
418 685
408 686
409 687
410 688
411 689
412 690
413 691
414 692
415 693
416 694
417 695
418 696
409 663
410 664
411 663
412 662
413 661
414 660
415 659
416 658
417 657
418 656
419 655
419 674
420 675
421 674
422 673
423 672
424 671
425 670
426 669
427 668
428 667
429 666
420 676
421 677
422 678
423 679
424 680
425 681
426 682
427 683
428 684
429 685
419 696
420 697
421 698
422 699
423 700
424 701
425 700
426 699
427 698
428 697
429 696
427 699
428 700
429 701
430 702
431 703
432 704
433 705
434 706
435 707
433 703
434 702
435 701
436 700
437 699
438 698
439 697
440 696
438 699
439 700
440 701
441 702
442 703
443 704
444 705
445 706
446 707
444 703
445 702
446 701
447 700
448 699
449 698
450 697
451 696
449 699
450 700
451 701
452 702
453 703
454 704
455 705
456 706
457 707
420 654
421 653
422 652
423 651
424 650
425 649
426 648
427 647
428 646
429 645
430 644
425 650
426 651
427 652
428 653
429 654
430 655
430 686
431 687
432 688
433 689
434 688
435 687
436 686
437 685
438 684
439 683
440 682
431 644
432 645
433 646
434 645
435 644
436 643
437 642
438 641
439 640
440 639
441 638
436 644
437 645
438 646
439 647
440 648
441 649
439 681
438 680
437 679
438 678
439 677
440 676
441 675
442 674
443 673
444 672
445 671
443 674
444 675
445 676
446 677
447 678
448 679
449 680
450 681
451 682
449 678
450 677
451 676
452 675
453 674
454 673
455 672
456 671
447 399
446 398
445 397
444 396
445 395
446 394
447 393
448 392
449 391
450 390
451 389
451 388
450 387
449 386
448 385
447 384
446 383
447 382
448 381
449 380
450 379
451 378
448 379
447 378
446 377
445 376
444 375
443 374
442 373
441 372
440 371
439 370
444 373
445 372
446 371
447 370
448 369
449 368
450 367
438 371
437 372
436 371
435 370
434 369
433 368
432 367
431 366
430 365
429 364
428 363
427 363
426 364
425 365
424 366
423 367
422 368
421 367
420 366
419 365
418 364
417 363
416 362
415 361
414 360
413 359
412 358
411 357
410 356
409 355
408 354
407 353
406 352
410 358
409 359
408 360
407 361
406 362
405 363
415 359
416 358
417 357
418 356
419 355
420 354
421 353
422 352
423 351
424 350
404 364
403 365
402 366
401 365
400 364
399 363
398 362
397 361
396 360
395 359
394 358
406 351
405 350
404 349
403 348
402 347
401 346
400 345
399 344
398 343
399 342
400 341
403 346
404 345
405 344
406 343
407 342
408 341
409 340
410 339
411 338
410 337
409 336
408 335
407 334
406 333
405 332
404 331
403 330
402 329
401 328
402 327
407 332
408 331
409 330
410 329
411 328
412 327
413 326
400 327
399 326
398 325
397 324
396 323
395 322
394 321
393 320
392 319
391 318
390 318
389 319
388 320
387 321
386 320
385 319
384 318
383 317
382 316
381 315
380 314
383 315
384 314
385 313
386 312
387 311
388 310
389 309
390 308
391 307
390 306
389 305
388 304
387 303
386 302
387 301
388 300
389 299
390 298
391 297
392 296
391 295
392 294
393 293
394 292
395 291
396 290
397 289
398 288
399 287
400 286
401 285
397 290
398 291
399 292
400 293
401 294
402 295
403 296
403 294
404 293
405 292
406 291
407 290
408 289
409 288
410 287
411 286
412 285
408 290
409 291
410 292
411 293
412 294
413 295
414 296
414 294
415 293
416 292
417 291
418 290
419 289
420 288
421 287
422 286
423 285
419 290
420 291
421 292
422 293
423 294
424 295
425 296
401 284
402 283
403 282
404 281
405 280
406 279
407 278
408 277
409 276
410 275
411 274
414 297
413 298
412 299
411 300
410 301
411 302
412 303
413 304
414 305
415 306
416 307
412 274
413 275
414 274
415 273
416 272
417 271
418 270
419 269
420 268
421 267
422 266
417 307
418 308
419 309
420 310
421 311
422 312
423 311
424 310
425 309
426 308
427 307
423 349
422 348
421 347
422 346
423 345
424 344
425 343
426 342
427 341
428 340
429 339
427 342
428 343
429 344
430 345
431 346
432 347
433 348
434 349
435 350
433 346
434 345
435 344
436 343
437 342
438 341
439 340
440 339
423 266
424 267
425 266
426 265
427 264
428 263
429 262
430 261
431 260
432 259
433 258
428 264
429 265
430 266
431 267
432 268
433 269
429 338
428 337
427 336
428 335
429 334
430 333
431 332
432 331
433 330
434 329
435 328
432 270
431 271
430 272
431 273
432 274
433 275
434 276
435 277
436 278
437 279
438 280
436 276
437 275
438 274
439 273
440 272
441 271
442 270
443 269
444 268
442 272
443 273
444 274
445 275
446 276
447 277
448 278
449 279
447 275
448 274
449 273
450 272
451 271
452 270
453 269
454 268
455 267
451 273
452 274
453 275
454 276
455 277
456 278
457 279
458 280
459 281
460 282
458 281
457 282
456 283
455 284
454 285
453 286
452 287
451 288
450 289
449 290
454 287
455 288
456 289
457 290
458 291
459 292
460 293
434 258
435 259
436 260
437 259
438 258
439 257
440 256
441 255
442 254
443 253
444 252
435 327
436 326
437 325
438 324
439 323
440 322
441 321
442 320
443 319
444 318
445 317
441 323
442 324
443 325
444 326
445 327
446 328
441 339
442 340
443 341
444 342
445 343
446 344
447 343
448 342
449 341
450 340
451 339
449 412
448 413
447 414
446 415
445 416
446 417
447 418
448 419
449 420
450 421
451 422
452 497
451 498
450 499
449 500
448 501
447 502
448 503
449 504
450 505
451 506
452 507
452 508
451 509
450 510
449 511
448 512
447 513
448 514
449 515
450 516
451 517
452 518
452 519
451 520
450 521
449 522
448 523
447 524
448 525
449 526
450 527
451 528
452 529
452 530
451 531
450 532
449 533
448 534
447 535
448 536
449 537
450 538
451 539
452 540
442 639
443 640
444 641
445 642
446 643
447 642
448 641
449 640
450 639
451 638
452 637
447 643
448 644
449 645
450 646
451 647
452 648
451 649
450 650
449 651
448 652
447 653
448 654
449 655
450 656
451 657
452 658
453 659
450 423
449 424
448 425
447 426
448 427
449 428
450 429
451 430
452 431
453 432
454 433
453 431
454 430
455 429
456 428
457 427
458 426
459 425
460 424
461 423
462 422
459 427
460 428
461 429
462 430
463 431
464 432
465 433
464 431
465 430
466 429
467 428
468 427
469 426
470 425
471 424
472 423
473 422
470 427
471 428
472 429
473 430
474 431
475 432
476 433
475 431
476 430
477 429
478 428
479 427
480 426
481 425
482 424
483 423
484 422
481 427
482 428
483 429
484 430
485 431
486 432
487 433
445 253
446 254
447 255
448 254
449 253
450 252
451 251
452 250
453 249
454 248
455 247
454 434
453 435
452 436
451 437
452 438
453 439
454 440
455 441
456 442
457 443
458 444
448 553
449 554
450 555
451 556
452 557
453 556
454 555
455 554
456 553
457 552
458 551
456 708
455 709
454 710
453 711
452 712
453 713
454 714
455 715
456 716
457 717
458 718
459 294
458 295
457 296
456 297
455 298
456 299
457 300
458 301
459 302
460 303
461 304
451 368
452 369
453 368
454 367
455 366
456 365
457 364
458 363
459 362
460 361
461 360
457 366
458 367
459 368
460 369
461 370
462 371
452 339
453 340
454 341
455 342
456 343
457 344
458 345
459 346
460 345
461 344
462 343
452 390
453 391
454 390
455 389
456 388
457 387
458 386
459 385
460 384
461 383
462 382
453 638
454 639
455 640
456 641
457 642
458 641
459 640
460 639
461 638
462 637
463 636
458 642
459 643
460 644
461 645
462 646
463 647
454 660
455 661
456 662
457 663
458 664
459 663
460 662
461 661
462 660
463 659
464 658
461 663
462 664
463 665
464 666
465 667
466 668
467 669
466 666
467 665
468 664
469 663
470 662
471 661
472 660
473 659
474 658
475 657
472 662
473 663
474 664
475 665
476 666
477 667
478 668
477 665
478 664
479 663
480 662
481 661
482 660
483 659
484 658
485 657
486 656
483 661
484 662
485 663
486 664
487 665
488 666
489 667
488 664
489 663
490 662
491 661
492 660
493 659
494 658
495 657
496 656
497 655
494 660
495 661
496 662
497 663
498 664
499 665
500 666
499 663
500 662
501 661
502 660
503 659
504 658
505 657
506 656
507 655
508 654
505 659
506 660
507 661
508 662
509 663
510 664
511 665
456 247
457 248
458 249
459 250
460 249
461 248
462 247
463 246
464 245
465 244
466 243
461 249
462 250
463 251
464 252
465 253
466 254
461 305
460 306
459 307
460 308
461 309
462 310
463 311
464 312
465 313
466 314
467 315
458 626
459 627
460 628
461 629
462 628
463 627
464 626
465 625
466 624
467 623
468 622
466 625
467 626
468 627
469 628
470 629
471 630
472 631
473 632
474 633
472 629
473 628
474 627
475 626
476 625
477 624
478 623
479 622
477 625
478 626
479 627
480 628
481 629
482 630
483 631
484 632
485 633
483 629
484 628
485 627
486 626
487 625
488 624
489 623
490 622
458 708
459 709
460 710
461 711
462 710
463 709
464 708
465 707
466 706
467 705
468 704
464 710
465 711
466 712
467 713
468 714
469 715
459 444
460 445
461 446
462 447
463 448
464 449
465 448
466 447
467 446
468 445
469 444
463 450
462 451
461 452
460 453
461 454
462 455
463 456
464 457
465 458
466 459
467 460
462 457
461 458
460 459
459 460
458 461
457 462
456 463
459 481
460 480
461 479
462 478
463 477
464 476
465 475
466 474
467 473
468 472
469 471
465 255
464 256
465 257
466 258
467 259
468 260
469 261
470 262
471 263
472 264
473 265
470 260
471 259
472 258
473 257
474 256
475 255
476 254
477 253
476 256
477 257
478 258
479 259
480 260
481 261
482 262
483 263
484 264
481 259
482 258
483 257
484 256
485 255
486 254
487 253
488 252
467 316
466 317
465 318
466 319
467 320
468 321
469 322
470 323
471 324
472 325
473 326
463 383
464 384
465 383
466 382
467 381
468 380
469 379
470 378
471 377
472 376
473 375
468 381
469 382
470 383
471 384
472 385
473 386
472 266
471 267
470 268
469 269
468 270
469 271
470 272
471 273
472 274
473 275
474 276
464 648
465 649
466 650
467 651
468 650
469 649
470 648
471 647
472 646
473 645
474 644
468 703
467 702
466 701
467 700
468 699
469 698
470 697
471 696
472 695
473 694
474 693
472 697
473 698
474 699
475 700
476 701
477 702
478 703
479 704
477 700
478 699
479 698
480 697
481 696
482 695
483 694
484 693
485 692
483 696
484 697
485 698
486 699
487 700
488 701
489 702
490 703
472 327
471 328
470 329
469 330
470 331
471 332
472 333
473 334
474 335
475 336
476 337
467 244
468 245
469 246
470 247
471 246
472 245
473 244
474 243
475 242
476 241
477 240
476 338
475 339
474 340
473 341
472 342
473 343
474 344
475 345
476 346
477 347
478 348
478 346
479 345
480 344
481 343
482 342
483 341
484 340
485 339
486 338
487 337
483 342
484 343
485 344
486 345
487 346
488 347
489 348
468 470
469 469
470 468
471 467
472 466
473 465
474 464
475 463
476 462
477 461
478 460
470 444
471 445
472 446
473 447
474 448
475 449
476 448
477 447
478 446
479 445
480 444
470 715
471 716
472 717
473 718
474 719
475 720
476 719
477 718
478 717
479 716
480 715
477 719
478 720
479 721
480 722
481 723
482 724
483 725
484 726
483 723
484 722
485 721
486 720
487 719
488 718
489 717
490 716
491 715
488 719
489 720
490 721
491 722
492 723
493 724
494 725
495 726
494 723
495 722
496 721
497 720
498 719
499 718
500 717
501 716
502 715
499 719
500 720
501 721
502 722
503 723
504 724
505 725
506 726
505 723
506 722
507 721
508 720
509 719
510 718
511 717
512 716
513 715
477 669
476 670
475 671
474 672
475 673
476 674
477 675
478 676
479 677
480 678
481 679
477 349
476 350
475 351
476 352
477 353
478 354
479 355
480 356
481 357
482 358
483 359
474 376
475 377
476 378
477 379
478 380
479 379
480 378
481 377
482 376
483 375
484 374
479 380
480 381
481 382
482 383
483 384
484 385
475 277
476 278
477 279
478 280
479 281
480 280
481 279
482 278
483 277
484 276
485 275
475 644
476 645
477 646
478 647
479 648
480 649
481 648
482 647
483 646
484 645
485 644
478 241
479 242
480 243
481 244
482 243
483 242
484 241
485 240
486 239
487 238
488 237
478 282
479 283
480 284
481 285
482 286
483 287
484 288
485 289
486 290
487 291
488 292
487 293
486 294
485 295
484 296
483 297
482 298
481 299
482 300
483 301
484 302
485 303
487 294
488 295
489 296
490 297
491 298
492 299
493 300
494 301
495 302
496 303
493 298
494 297
495 296
496 295
497 294
498 293
499 292
498 294
499 295
500 296
501 297
502 298
503 299
504 300
505 301
506 302
507 303
504 298
505 297
506 296
507 295
508 294
509 293
510 292
479 461
480 462
481 463
482 464
483 465
484 466
485 465
486 464
487 463
488 462
489 461
479 585
480 586
481 587
482 588
483 589
484 590
485 589
486 588
487 587
488 586
489 585
485 590
486 591
487 592
488 593
489 594
490 595
491 596
491 594
492 593
493 592
494 591
495 590
496 589
497 588
498 587
499 586
500 585
484 304
483 305
482 306
483 307
484 308
485 309
486 310
487 311
488 312
489 313
490 314
480 584
481 583
482 582
483 581
484 580
485 579
486 578
487 577
488 576
489 575
490 574
490 597
489 598
488 599
487 600
486 601
485 602
486 603
487 604
488 605
489 606
490 607
489 573
488 572
487 571
486 570
485 569
486 568
487 567
488 566
489 565
490 564
491 563
490 562
489 561
488 560
487 559
486 558
487 557
488 556
489 555
490 554
491 553
492 552
482 680
483 681
484 682
485 683
486 684
487 683
488 682
489 681
490 680
491 679
492 678
491 551
490 550
489 549
488 548
487 547
488 546
489 545
490 544
491 543
492 542
493 541
484 359
485 360
486 361
487 362
488 363
489 364
490 363
491 362
492 361
493 360
494 359
490 365
491 366
492 367
493 368
494 369
495 370
485 385
486 386
487 387
488 388
489 387
490 386
491 385
492 384
493 383
494 382
495 381
494 383
495 384
496 385
497 386
498 387
499 388
500 389
501 390
502 391
503 392
500 387
501 386
502 385
503 384
504 383
505 382
506 381
505 383
506 384
507 385
508 386
509 387
510 388
511 389
512 390
513 391
514 392
511 387
512 386
513 385
514 384
515 383
516 382
517 381
516 383
517 384
518 385
519 386
520 387
521 388
522 389
523 390
524 391
525 392
522 387
523 386
524 385
525 384
526 383
527 382
528 381
485 519
486 520
487 521
488 522
489 523
490 524
491 523
492 522
493 521
494 520
495 519
486 276
487 277
488 278
489 279
490 280
491 279
492 278
493 277
494 276
495 275
496 274
486 644
487 645
488 646
489 645
490 644
491 643
492 642
493 641
494 640
495 639
496 638
489 237
490 238
491 239
492 240
493 241
494 242
495 241
496 240
497 239
498 238
499 237
494 243
495 244
496 245
497 246
498 247
499 248
494 358
493 357
492 356
493 355
494 354
495 353
496 352
497 351
498 350
499 349
500 348
498 352
499 353
500 354
501 355
502 356
503 357
504 358
505 359
491 314
492 315
493 316
494 317
495 318
496 319
497 318
498 317
499 316
500 315
501 314
499 584
498 583
497 582
496 581
495 580
496 579
497 578
498 577
499 576
500 575
501 574
492 483
493 484
494 485
495 486
496 487
497 488
498 487
499 486
500 485
501 484
502 483
499 488
500 489
501 490
502 491
503 492
504 493
505 494
500 573
499 572
498 571
497 570
496 569
497 568
498 567
499 566
500 565
501 564
502 563
503 393
502 394
501 395
500 396
499 397
500 398
501 399
502 400
503 401
504 402
505 403
505 404
504 405
503 406
502 407
501 408
500 409
501 410
502 411
503 412
504 413
505 414
505 415
504 416
503 417
502 418
501 419
500 420
501 421
502 422
503 423
504 424
505 425
504 426
503 427
502 428
501 429
500 430
499 431
500 432
501 433
502 434
503 435
504 436
504 437
503 438
502 439
501 440
500 441
499 442
498 443
499 444
500 445
501 446
502 447
495 520
496 521
497 522
498 523
499 524
500 525
501 526
502 527
503 528
504 529
505 530
505 531
504 532
503 533
502 534
501 535
500 536
501 537
502 538
503 539
504 540
505 541
501 562
500 561
499 560
498 559
499 558
500 557
501 556
502 555
503 554
504 553
505 552
504 554
505 555
506 556
507 557
508 558
509 559
510 560
511 561
512 562
513 563
510 558
511 557
512 556
513 555
514 554
515 553
516 552
515 554
516 555
517 556
518 557
519 558
520 559
521 560
522 561
523 562
524 563
521 558
522 557
523 556
524 555
525 554
526 553
527 552
526 554
527 555
528 556
529 557
530 558
531 559
532 560
533 561
534 562
535 563
532 558
533 557
534 556
535 555
536 554
537 553
538 552
537 554
538 555
539 556
540 557
541 558
542 559
543 560
544 561
545 562
546 563
543 558
544 557
545 556
546 555
547 554
548 553
549 552
496 380
497 379
498 378
499 377
500 376
501 375
502 374
503 373
504 372
505 371
506 370
499 249
498 250
499 251
500 252
501 253
502 254
503 255
504 256
505 257
506 258
507 259
504 254
505 253
506 252
507 251
508 250
509 249
510 248
497 274
498 275
499 276
500 277
501 276
502 275
503 274
504 273
505 272
506 271
507 270
497 639
498 640
499 641
500 642
501 643
502 642
503 641
504 640
505 639
506 638
507 637
501 714
500 713
499 712
500 711
501 710
502 709
503 708
504 707
505 706
506 705
507 704
500 247
501 246
502 245
503 244
504 243
505 242
506 241
507 240
508 239
509 238
510 237
501 666
502 667
503 668
504 669
505 670
506 671
507 672
508 673
509 674
510 675
511 676
502 574
503 575
504 576
505 577
506 578
507 579
508 578
509 577
510 576
511 575
512 574
506 703
505 702
504 701
505 700
506 699
507 698
508 697
509 696
510 695
511 694
512 693
505 438
506 439
507 440
508 441
509 442
510 441
511 440
512 439
513 438
514 437
515 436
506 360
507 361
508 362
509 363
510 362
511 361
512 360
513 359
514 358
515 357
516 356
512 362
513 363
514 364
515 365
516 366
517 367
506 413
507 412
508 411
509 410
510 409
511 408
512 407
513 406
514 405
515 404
516 403
511 409
512 410
513 411
514 412
515 413
516 414
514 435
513 434
512 433
511 432
510 431
511 430
512 429
513 428
514 427
515 426
516 425
506 531
507 532
508 533
509 534
510 533
511 532
512 531
513 530
514 529
515 528
516 527
511 533
512 534
513 535
514 536
515 537
516 538
508 271
509 272
510 273
511 274
512 273
513 272
514 271
515 270
516 269
517 268
518 267
508 637
509 638
510 637
511 636
512 635
513 634
514 633
515 632
516 631
517 630
518 629
513 635
514 636
515 637
516 638
517 639
518 640
515 355
514 354
513 353
512 352
513 351
514 350
515 349
516 348
517 347
518 346
519 345
518 347
519 348
520 349
521 350
522 351
523 352
524 353
525 354
526 355
527 356
524 351
525 350
526 349
527 348
528 347
529 346
530 345
529 347
530 348
531 349
532 350
533 351
534 352
535 353
536 354
537 355
538 356
535 351
536 350
537 349
538 348
539 347
540 346
541 345
540 347
541 348
542 349
543 350
544 351
545 352
546 353
547 354
548 355
549 356
546 351
547 350
548 349
549 348
550 347
551 346
552 345
551 347
552 348
553 349
554 350
555 351
556 352
557 353
558 354
559 355
560 356
554 348
555 347
556 346
557 345
558 344
559 343
560 342
561 341
562 340
563 339
518 344
517 343
516 342
515 341
514 340
513 339
512 338
511 337
510 336
511 335
512 334
516 340
517 339
518 338
519 337
520 336
521 335
522 334
523 333
511 292
512 293
513 294
514 295
515 296
516 295
517 294
518 293
519 292
520 291
521 290
512 666
513 667
514 668
515 669
516 668
517 667
518 666
519 665
520 664
521 663
522 662
517 668
518 669
519 670
520 671
521 672
522 673
523 332
522 331
521 330
520 329
519 328
518 327
519 326
520 325
521 324
522 323
523 322
517 628
516 627
515 626
516 625
517 624
518 623
519 622
520 621
521 620
522 619
523 618
521 621
522 622
523 623
524 624
525 625
526 626
527 627
528 628
529 629
527 625
528 624
529 623
530 622
531 621
532 620
533 619
534 618
532 621
533 622
534 623
535 624
536 625
537 626
538 627
539 628
540 629
538 625
539 624
540 623
541 622
542 621
543 620
544 619
545 618
543 621
544 622
545 623
546 624
547 625
548 626
549 627
550 628
551 629
549 625
550 624
551 623
552 622
553 621
554 620
555 619
556 618
554 621
555 622
556 623
557 624
558 625
559 626
560 627
561 628
562 629
513 694
514 693
515 692
516 691
517 690
518 689
519 688
520 687
521 686
522 685
523 684
518 690
519 691
520 692
521 693
522 694
523 695
522 617
521 616
520 615
519 614
518 613
519 612
520 611
521 610
522 609
523 608
524 607
524 606
523 605
522 604
521 603
520 602
519 601
518 600
517 599
518 598
519 597
520 596
523 603
524 602
525 601
526 600
527 599
528 598
529 597
530 596
531 595
528 599
529 600
530 601
531 602
532 603
533 604
534 605
535 606
534 603
535 602
536 601
537 600
538 599
539 598
540 597
541 596
542 595
539 599
540 600
541 601
542 602
543 603
544 604
545 605
546 606
545 603
546 602
547 601
548 600
549 599
550 598
551 597
552 596
553 595
550 599
551 600
552 601
553 602
554 603
555 604
556 605
557 606
556 603
557 602
558 601
559 600
560 599
561 598
562 597
563 596
564 595
561 599
562 600
563 601
564 602
565 603
566 604
567 605
568 606
567 603
568 602
569 601
570 600
571 599
572 598
573 597
574 596
575 595
572 599
573 600
574 601
575 602
576 603
577 604
578 605
579 606
578 603
579 602
580 601
581 600
582 599
583 598
584 597
585 596
586 595
517 413
518 412
519 411
520 410
521 409
522 408
523 407
524 406
525 405
526 404
527 403
522 409
523 410
524 411
525 412
526 413
527 414
517 425
518 426
519 427
520 428
521 429
522 430
523 429
524 428
525 427
526 426
527 425
517 538
518 539
519 540
520 541
521 540
522 539
523 538
524 537
525 536
526 535
527 534
531 594
530 593
529 592
528 591
527 590
526 589
525 588
524 587
525 586
526 585
527 584
518 367
519 368
520 369
521 370
522 371
523 372
524 371
525 370
526 369
527 368
528 367
519 268
520 269
521 270
522 271
523 272
524 273
525 272
526 271
527 270
528 269
529 268
529 270
530 271
531 272
532 273
533 274
534 275
535 276
536 277
537 278
538 279
519 640
520 641
521 642
522 643
523 644
524 645
525 644
526 643
527 642
528 641
529 640
525 646
526 647
527 648
528 649
529 650
530 651
523 321
522 320
523 319
524 318
525 317
526 316
527 315
528 314
529 313
530 312
531 311
523 672
524 671
525 670
526 669
527 668
528 667
529 666
530 665
531 664
532 663
533 662
528 668
529 669
530 670
531 671
532 672
533 673
524 695
525 696
526 697
527 698
528 697
529 696
530 695
531 694
532 693
533 692
534 691
531 310
530 309
529 308
528 307
529 306
530 305
531 304
532 303
533 302
534 301
535 300
528 403
529 404
530 405
531 404
532 403
533 402
534 401
535 400
536 399
537 398
538 397
533 403
534 404
535 405
536 406
537 407
538 408
528 425
529 426
530 427
531 426
532 425
533 424
534 423
535 422
536 421
537 420
538 419
528 535
529 536
530 537
531 538
532 539
533 538
534 537
535 536
536 535
537 534
538 533
529 367
530 368
531 369
532 370
533 371
534 372
535 371
536 370
537 369
538 368
539 367
534 373
535 374
536 375
537 376
538 377
539 378
541 594
540 593
539 592
538 591
537 590
538 589
539 588
540 587
541 586
542 585
543 584
534 673
535 674
536 675
537 676
538 677
539 676
540 675
541 674
542 673
543 672
544 671
540 677
541 678
542 679
543 680
544 681
545 682
539 279
540 280
541 281
542 280
543 279
544 278
545 277
546 276
547 275
548 274
549 273
539 408
540 409
541 410
542 409
543 408
544 407
545 406
546 405
547 404
548 403
549 402
544 408
545 409
546 410
547 411
548 412
549 413
540 377
541 376
542 375
543 374
544 373
545 372
546 371
547 370
548 369
549 368
550 367
545 373
546 374
547 375
548 376
549 377
550 378
544 584
545 585
546 586
547 585
548 584
549 583
550 582
551 581
552 580
553 579
554 578
550 412
551 411
552 410
553 409
554 408
555 407
556 406
557 405
558 404
559 403
560 402
555 408
556 409
557 410
558 411
559 412
560 413
550 552
551 553
552 554
553 555
554 556
555 555
556 554
557 553
558 552
559 551
560 550
555 556
556 557
557 558
558 559
559 560
560 561
551 377
552 376
553 375
554 374
555 373
556 372
557 371
558 370
559 369
560 368
561 367
556 373
557 374
558 375
559 376
560 377
561 378
563 338
562 337
561 336
560 335
559 334
558 333
559 332
560 331
561 330
562 329
563 328
555 578
556 579
557 580
558 579
559 578
560 577
561 576
562 575
563 574
564 573
565 572
560 578
561 579
562 580
563 581
564 582
565 583
562 630
561 631
560 632
559 633
560 634
561 635
562 636
563 637
564 638
565 639
566 640
565 637
566 636
567 635
568 634
569 633
570 632
571 631
572 630
573 629
570 633
571 634
572 635
573 636
574 637
575 638
576 639
577 640
576 637
577 636
578 635
579 634
580 633
581 632
582 631
583 630
584 629
581 633
582 634
583 635
584 636
585 637
586 638
587 639
588 640
587 637
588 636
589 635
590 634
591 633
592 632
593 631
594 630
595 629
592 633
593 634
594 635
595 636
596 637
597 638
598 639
599 640
598 637
599 636
600 635
601 634
602 633
603 632
604 631
605 630
606 629
603 633
604 634
605 635
606 636
607 637
608 638
609 639
610 640
609 637
610 636
611 635
612 634
613 633
614 632
615 631
616 630
617 629
614 633
615 634
616 635
617 636
618 637
619 638
620 639
621 640
620 637
621 636
622 635
623 634
624 633
625 632
626 631
627 630
628 629
563 327
562 326
563 325
564 324
565 323
566 322
567 321
568 320
569 319
570 318
571 317
568 322
569 323
570 324
571 325
572 326
573 327
574 328
573 325
574 324
575 323
576 322
577 321
578 320
579 319
580 318
581 317
582 316
579 321
580 322
581 323
582 324
583 325
584 326
585 327
584 324
585 323
586 322
587 321
588 320
589 319
590 318
591 317
592 316
593 315
561 412
562 411
563 410
564 409
565 408
566 407
567 406
568 405
569 404
570 403
571 402
561 562
562 563
563 564
564 563
565 562
566 561
567 560
568 559
569 558
570 557
571 556
569 560
570 561
571 562
572 563
573 564
574 565
575 566
576 567
562 367
563 368
564 369
565 368
566 367
567 366
568 365
569 364
570 363
571 362
572 361
567 367
568 368
569 369
570 370
571 371
572 372
562 379
563 380
564 381
565 382
566 383
567 384
568 385
569 386
570 385
571 384
572 383
565 641
566 642
567 643
568 644
569 645
570 646
571 647
572 648
573 649
574 650
575 651
566 584
567 585
568 586
569 585
570 584
571 583
572 582
573 581
574 580
575 579
576 578
573 329
572 330
571 331
572 332
573 333
574 334
575 335
576 336
577 337
578 338
579 339
582 315
581 314
580 313
579 312
578 311
577 310
576 309
577 308
578 307
579 306
580 305
582 313
583 312
584 311
585 310
586 309
587 308
588 307
589 306
590 305
591 304
572 402
573 403
574 404
575 405
576 406
577 407
578 406
579 405
580 404
581 403
582 402
574 652
573 653
574 654
575 655
576 656
577 657
578 658
579 659
580 660
581 661
582 662
579 658
580 657
581 656
582 655
583 654
584 653
585 652
586 651
573 372
574 373
575 374
576 375
577 374
578 373
579 372
580 371
581 370
582 369
583 368
590 303
589 302
588 301
587 300
586 299
585 298
584 297
583 296
584 295
585 294
586 293
577 568
578 569
579 568
580 567
581 566
582 565
583 564
584 563
585 562
586 561
587 560
582 566
583 567
584 568
585 569
586 570
587 571
577 578
578 579
579 580
580 581
581 582
582 583
583 584
584 585
585 584
586 583
587 582
586 292
585 291
584 290
583 289
584 288
585 287
586 286
587 285
588 284
589 283
590 282
584 628
583 627
582 626
583 625
584 624
585 623
586 622
587 621
588 620
589 619
590 618
583 403
584 402
585 401
586 400
587 399
588 398
589 397
590 396
591 395
592 394
593 393
588 399
589 400
590 401
591 402
592 403
593 404
587 595
588 596
589 597
590 598
591 599
592 598
593 597
594 596
595 595
596 594
597 593
587 651
588 652
589 653
590 654
591 655
592 656
593 655
594 654
595 653
596 652
597 651
588 572
589 573
590 574
591 573
592 572
593 571
594 570
595 569
596 568
597 567
598 566
593 572
594 573
595 574
596 575
597 576
598 577
591 618
592 619
593 620
594 619
595 618
596 617
597 616
598 615
599 614
600 613
601 612
594 392
595 391
596 390
597 389
598 388
599 387
600 386
601 385
602 384
603 383
604 382
599 388
600 389
601 390
602 391
603 392
604 393
598 594
599 595
600 596
601 595
602 594
603 593
604 592
605 591
606 590
607 589
608 588
599 567
600 566
601 565
602 564
603 563
604 562
605 561
606 560
607 559
608 558
609 557
604 563
605 564
606 565
607 566
608 567
609 568
604 394
603 395
602 396
603 397
604 398
605 399
606 400
607 401
608 402
609 403
610 404
610 402
611 401
612 400
613 399
614 398
615 397
616 396
617 395
618 394
619 393
615 398
616 399
617 400
618 401
619 402
620 403
621 404
602 612
603 613
604 614
605 613
606 612
607 611
608 610
609 609
610 608
611 607
612 606
607 612
608 613
609 614
610 615
611 616
612 617
610 556
611 555
612 554
613 553
614 552
615 551
616 550
617 549
618 548
619 547
620 546
615 552
616 553
617 554
618 555
619 556
620 557
612 552
611 551
610 550
609 549
608 548
607 547
606 546
605 545
604 544
603 543
602 542
601 541
600 540
599 539
598 538
597 537
596 536
595 535
594 534
593 533
594 532
595 531
599 537
600 536
601 535
602 534
603 533
604 532
605 531
606 530
592 533
591 534
590 535
589 536
588 537
587 538
586 539
585 540
584 541
583 542
620 405
619 406
618 407
617 408
616 409
617 410
618 411
619 412
620 413
621 414
622 415
622 416
621 417
620 418
619 419
618 420
617 421
616 422
615 423
614 424
615 425
616 426
620 419
621 420
622 421
623 422
624 423
625 424
626 425
627 426
625 422
626 421
627 420
628 419
629 418
630 417
631 416
632 415
633 414
631 418
632 419
633 420
634 421
635 422
636 423
637 424
638 425
613 618
614 619
615 618
616 617
617 616
618 615
619 614
620 613
621 612
622 611
623 610
618 392
617 391
616 390
617 389
618 388
619 387
620 386
621 385
622 384
623 383
624 382
624 381
623 380
622 379
621 378
620 377
621 376
622 375
623 374
624 373
625 372
626 371
625 370
624 369
623 368
622 367
621 366
620 365
619 364
618 363
617 362
616 361
615 360
614 359
613 358
612 357
611 356
610 355
609 354
608 353
607 352
606 351
605 350
604 349
610 353
611 352
612 351
613 350
614 349
615 348
614 347
613 346
612 345
611 344
610 343
609 342
608 341
607 340
606 339
605 338
604 337
610 341
611 340
612 339
613 338
614 337
615 336
614 335
613 334
612 333
611 332
610 331
609 330
608 329
607 328
608 327
609 326
610 325
613 332
614 331
615 330
616 329
617 328
618 327
619 326
620 325
621 324
619 328
620 329
621 330
622 331
623 332
624 333
625 334
626 335
616 348
617 349
618 350
619 351
620 352
621 351
622 350
623 349
624 348
625 347
626 346
616 427
617 428
618 429
619 430
620 431
621 432
622 433
623 434
624 435
625 436
626 437
626 438
625 439
624 440
623 441
622 442
621 443
622 444
623 445
624 446
625 447
626 448
620 444
619 445
618 446
617 447
616 448
615 449
614 450
613 451
612 452
611 453
610 454
609 455
608 454
607 453
606 452
605 451
604 450
603 449
607 455
606 456
605 457
604 458
603 459
602 460
608 456
609 457
610 458
611 459
612 460
613 461
601 459
600 458
599 457
598 456
597 455
596 454
595 453
594 452
593 451
592 450
591 449
600 460
599 461
598 462
597 463
596 464
595 465
594 466
593 467
592 468
591 469
590 450
589 449
588 448
587 447
586 446
585 445
584 444
583 443
582 442
581 441
580 440
584 442
585 441
586 440
587 439
588 438
589 437
590 436
591 435
616 449
617 450
618 451
619 452
620 453
621 454
622 455
623 456
624 457
625 458
626 459
626 460
625 461
624 462
623 463
622 464
621 465
622 466
623 467
624 468
625 469
626 470
621 467
620 468
619 469
618 470
617 471
616 472
615 473
614 474
613 475
617 472
618 473
619 474
620 475
621 476
622 477
623 478
624 479
625 480
626 481
621 478
620 479
619 480
618 481
617 482
616 483
615 484
614 485
613 486
617 483
618 484
619 485
620 486
621 487
622 488
623 489
624 490
625 491
626 492
626 493
625 494
624 495
623 496
622 497
621 498
622 499
623 500
624 501
625 502
626 503
620 498
619 499
618 500
617 501
616 502
615 503
614 504
613 504
612 505
611 506
610 507
609 508
608 509
607 508
606 507
605 506
604 505
603 504
602 503
601 502
600 501
599 500
598 499
597 498
596 497
595 496
594 495
593 494
592 493
599 502
598 503
597 504
596 505
595 506
594 507
593 508
592 509
591 510
616 504
617 505
618 506
619 507
620 508
621 509
622 510
623 511
624 512
625 513
626 514
626 515
625 516
624 517
623 518
622 519
621 520
622 521
623 522
624 523
625 524
626 525
621 546
622 545
623 544
624 543
625 542
626 541
627 540
628 539
629 538
630 537
631 536
626 542
627 543
628 544
629 545
630 546
631 547
621 558
622 559
623 560
624 561
625 562
626 563
627 562
628 561
629 560
630 559
631 558
628 563
629 564
630 565
631 566
632 567
633 568
634 569
627 336
628 337
629 338
630 337
631 336
632 335
633 334
634 333
635 332
636 331
637 330
627 447
628 446
629 445
630 444
631 443
632 442
633 441
634 440
635 439
636 438
637 437
632 443
633 444
634 445
635 446
636 447
637 448
627 469
628 468
629 467
630 466
631 465
632 464
633 463
634 462
635 461
636 460
637 459
632 465
633 466
634 467
635 468
636 469
637 470
627 491
628 490
629 489
630 488
631 487
632 486
633 485
634 484
635 483
636 482
637 481
632 487
633 488
634 489
635 490
636 491
637 492
627 513
628 512
629 511
630 510
631 509
632 508
633 507
634 506
635 505
636 504
637 503
632 509
633 510
634 511
635 512
636 513
637 514
631 535
630 534
629 533
630 532
631 531
632 530
633 529
634 528
635 527
636 526
637 525
635 529
636 530
637 531
638 532
639 533
640 534
641 535
642 536
640 532
641 531
642 530
643 529
644 528
645 527
646 526
647 525
648 524
646 528
647 529
648 530
649 531
650 532
651 533
652 534
653 535
651 531
652 530
653 529
654 528
655 527
656 526
657 525
658 524
659 523
657 527
658 528
659 529
660 530
661 531
662 532
663 533
664 534
662 530
663 529
664 528
665 527
666 526
667 525
668 524
669 523
670 522
668 526
669 527
670 528
671 529
672 530
673 531
674 532
675 533
673 529
674 528
675 527
676 526
677 525
678 524
679 523
680 522
681 521
679 525
680 526
681 527
682 528
683 529
684 530
685 531
686 532
684 528
685 527
686 526
687 525
688 524
689 523
690 522
691 521
692 520
690 524
691 525
692 526
693 527
694 528
695 529
696 530
697 531
695 528
696 527
697 526
698 525
699 524
700 523
701 522
702 521
703 520
701 524
702 525
703 526
704 527
705 528
706 529
707 530
708 531
706 527
707 526
708 525
709 524
710 523
711 522
712 521
713 520
714 519
712 523
713 524
714 525
715 526
716 527
717 528
718 529
719 530
717 526
718 525
719 524
720 523
721 522
722 521
723 520
724 519
725 518
632 557
633 556
634 555
635 554
636 553
637 552
638 551
639 550
640 549
641 548
642 547
635 570
636 571
637 572
638 573
639 572
640 571
641 570
642 569
643 568
644 567
645 566
637 331
638 332
639 333
640 334
641 335
642 336
643 337
644 338
645 339
646 340
647 341
638 438
639 439
640 440
641 441
642 442
643 441
644 440
645 439
646 438
647 437
648 436
643 442
644 443
645 444
646 445
647 446
648 447
638 460
639 461
640 462
641 463
642 464
643 463
644 462
645 461
646 460
647 459
648 458
643 464
644 465
645 466
646 467
647 468
648 469
638 482
639 483
640 484
641 485
642 486
643 485
644 484
645 483
646 482
647 481
648 480
643 486
644 487
645 488
646 489
647 490
648 491
638 504
639 505
640 506
641 507
642 508
643 507
644 506
645 505
646 504
647 503
648 502
643 508
644 509
645 510
646 511
647 512
648 513
639 425
640 426
641 425
642 424
643 423
644 422
645 421
646 420
647 419
648 418
649 417
643 548
644 549
645 550
646 551
647 552
648 551
649 550
650 549
651 548
652 547
653 546
649 436
650 437
651 436
652 435
653 434
654 433
655 432
656 431
657 430
658 429
659 428
654 434
655 435
656 436
657 437
658 438
659 439
649 458
650 459
651 458
652 457
653 456
654 455
655 454
656 453
657 452
658 451
659 450
654 456
655 457
656 458
657 459
658 460
659 461
649 480
650 481
651 480
652 479
653 478
654 477
655 476
656 475
657 474
658 473
659 472
654 478
655 479
656 480
657 481
658 482
659 483
649 502
650 503
651 502
652 501
653 500
654 499
655 498
656 497
657 496
658 495
659 494
654 500
655 501
656 502
657 503
658 504
659 505
658 427
657 426
656 425
655 424
654 423
655 422
656 421
657 420
658 419
659 418
660 417
654 547
655 548
656 549
657 550
658 551
659 550
660 549
661 548
662 547
663 546
664 545
660 438
661 437
662 436
663 435
664 434
665 433
666 432
667 431
668 430
669 429
670 428
665 434
666 435
667 436
668 437
669 438
670 439
660 460
661 459
662 458
663 457
664 456
665 455
666 454
667 453
668 452
669 451
670 450
665 456
666 457
667 458
668 459
669 460
670 461
660 482
661 481
662 480
663 479
664 478
665 477
666 476
667 475
668 474
669 473
670 472
660 506
661 507
662 508
663 507
664 506
665 505
666 504
667 503
668 502
669 501
670 500
665 506
666 507
667 508
668 509
669 510
670 511
661 418
662 419
663 420
664 421
665 422
666 421
667 420
668 419
669 418
670 417
671 416
665 546
666 547
667 548
668 549
669 550
670 549
671 548
672 547
673 546
674 545
675 544
671 429
672 430
673 431
674 432
675 433
676 432
677 431
678 430
679 429
680 428
681 427
676 433
677 434
678 435
679 436
680 437
681 438
671 451
672 452
673 453
674 454
675 455
676 454
677 453
678 452
679 451
680 450
681 449
676 545
677 546
678 547
679 548
680 549
681 548
682 547
683 546
684 545
685 544
686 543
686 545
687 546
688 547
689 548
690 549
691 550
692 551
693 552
694 553
695 554
691 548
692 547
693 546
694 545
695 544
696 543
697 542
681 426
680 425
681 424
682 423
683 422
684 421
685 420
686 419
687 418
688 417
689 416
686 421
687 422
688 423
689 424
690 425
691 426
692 427
691 424
692 423
693 422
694 421
695 420
696 419
697 418
698 417
699 416
700 415
696 420
697 421
698 422
699 423
700 424
701 425
702 426
703 427
688 415
687 414
686 413
685 412
684 411
683 410
684 409
685 408
686 407
687 406
688 405
685 406
684 405
683 404
682 403
681 402
680 401
679 400
678 399
677 398
676 397
681 400
682 399
683 398
684 397
685 396
686 395
687 394
684 395
683 394
682 393
681 392
680 391
679 390
678 389
677 388
676 387
675 386
680 389
681 388
682 387
683 386
684 385
685 384
686 383
683 384
682 383
681 382
680 381
679 380
678 379
677 378
676 377
675 376
674 375
679 378
680 377
681 376
682 375
683 374
684 373
685 372
683 373
682 372
681 371
680 370
679 369
678 368
677 367
676 366
675 365
674 364
679 367
680 366
681 365
682 364
683 363
684 362
685 361
673 376
672 377
671 378
670 379
669 380
668 381
667 382
666 383
665 384
664 383
663 382
665 385
664 386
663 387
662 388
661 389
660 390
659 391
658 392
657 393
656 394
655 395
654 396
653 397
652 398
651 399
650 398
649 397
648 396
647 395
646 394
685 360
684 359
683 358
682 357
681 356
680 355
679 354
678 353
679 352
680 351
681 350
684 357
685 356
686 355
687 354
688 353
689 352
690 351
691 350
692 349
689 353
690 354
691 355
692 356
693 357
694 358
695 359
696 360
695 357
696 356
697 355
698 354
699 353
700 352
701 351
702 350
703 349
700 353
701 354
702 355
703 356
704 357
705 358
706 359
707 360
706 357
707 356
708 355
709 354
710 353
711 352
712 351
713 350
714 349
711 353
712 354
713 355
714 356
715 357
716 358
717 359
718 360
717 357
718 356
719 355
720 354
721 353
722 352
723 351
724 350
725 349
680 349
679 348
678 347
677 346
676 345
675 344
674 343
673 342
672 341
673 340
674 339
678 345
679 344
680 343
681 342
682 341
683 340
684 339
685 338
674 338
673 337
672 336
671 335
670 334
669 333
668 332
669 331
670 330
671 329
672 328
674 336
675 335
676 334
677 333
678 332
679 331
680 330
681 329
682 328
683 327
667 331
666 330
665 329
664 328
663 327
662 326
661 325
660 324
659 323
658 322
657 321
659 321
660 320
661 319
662 318
663 317
664 316
665 315
666 314
667 313
668 312
664 314
663 313
662 312
661 311
660 310
659 309
658 308
657 307
656 306
655 305
654 304
653 303
652 302
651 301
650 300
649 299
648 298
647 297
646 296
645 295
651 299
652 298
653 297
654 296
655 295
656 294
644 294
643 293
642 292
641 291
640 290
639 289
638 288
637 287
636 286
635 285
634 284
640 288
641 287
642 286
643 285
644 284
645 283
633 283
632 282
631 281
630 280
629 279
628 278
627 277
626 276
625 275
624 274
623 273
627 279
626 280
625 281
624 282
623 283
622 284
629 277
630 276
631 275
632 274
633 273
634 272
621 283
620 282
619 281
618 280
617 279
616 278
615 277
614 276
613 275
612 274
611 273
611 272
610 271
609 270
608 269
609 268
610 267
611 266
612 265
613 264
614 263
615 262
607 268
606 267
605 266
604 265
603 264
602 263
601 262
600 261
599 260
599 259
598 258
597 257
598 256
599 255
600 254
601 253
602 252
603 251
604 250
605 249
604 248
603 247
602 246
603 245
604 244
605 243
606 242
607 241
608 240
609 239
610 238
609 237
608 236
609 235
610 234
611 233
612 232
613 231
614 230
615 229
616 228
617 227
617 226
616 225
617 224
618 223
619 222
620 221
621 220
622 219
623 218
624 217
625 216
622 221
623 222
624 223
625 224
626 225
627 226
628 227
627 224
628 223
629 222
630 221
631 220
632 219
633 218
634 217
635 216
636 215
616 262
617 263
618 262
619 261
620 260
621 259
622 258
623 257
624 256
625 255
626 254
636 214
635 213
634 212
633 211
632 210
631 209
630 208
631 207
632 206
633 205
634 204
627 254
628 255
629 254
630 253
631 252
632 251
633 250
634 249
635 248
636 247
637 246
632 252
633 253
634 254
635 255
636 256
637 257
634 203
633 202
634 201
635 200
636 199
637 198
638 197
639 196
640 195
641 194
642 193
635 272
636 273
637 274
638 275
639 274
640 273
641 272
642 271
643 270
644 269
645 268
638 257
639 258
640 257
641 256
642 255
643 254
644 253
645 252
646 251
647 250
648 249
647 251
648 252
649 253
650 254
651 255
652 256
653 257
654 258
655 259
656 260
653 255
654 254
655 253
656 252
657 251
658 250
659 249
642 192
641 191
642 190
643 189
644 188
645 187
646 186
647 185
648 184
649 183
650 182
646 283
647 284
648 285
649 284
650 283
651 282
652 281
653 280
654 279
655 278
656 277
649 181
648 180
649 179
650 178
651 177
652 176
653 175
654 174
655 173
656 172
657 171
657 170
656 169
655 168
654 167
655 166
656 165
657 164
658 163
659 162
660 161
661 160
658 248
657 247
656 246
655 245
656 244
657 243
658 242
659 241
660 240
661 239
662 238
661 237
660 236
659 235
658 234
657 233
656 232
655 231
656 230
657 229
658 228
659 227
661 235
662 234
663 233
664 232
665 231
666 230
667 229
668 228
669 227
670 226
659 226
658 225
657 224
656 223
655 222
654 221
653 220
652 219
653 218
654 217
655 216
658 223
659 222
660 221
661 220
662 219
663 218
664 217
665 216
666 215
665 214
664 213
663 212
662 211
661 210
660 209
659 208
658 207
659 206
660 205
661 204
664 211
665 210
666 209
667 208
668 207
669 206
670 205
671 204
672 203
670 207
671 208
672 209
673 210
674 211
675 212
676 213
677 214
675 210
676 209
677 208
678 207
679 206
680 205
681 204
682 203
683 202
660 159
659 158
658 157
657 156
658 155
659 154
660 153
661 152
662 151
663 150
664 149
671 202
670 201
669 200
668 199
667 198
666 197
665 196
664 195
665 194
666 193
667 192
670 199
671 198
672 197
673 196
674 195
675 194
676 193
677 192
678 191
663 148
662 147
663 146
664 145
665 144
666 143
667 142
668 141
669 140
670 139
671 138
678 190
677 189
676 188
675 187
674 186
673 185
672 184
671 183
670 182
671 181
672 180
676 186
677 185
678 184
679 183
680 182
681 181
682 180
683 179
681 182
682 183
683 184
684 185
685 186
686 187
687 188
688 189
689 190
687 186
688 185
689 184
690 183
691 182
692 181
693 180
694 179
692 182
693 183
694 184
695 185
696 186
697 187
698 188
699 189
700 190
682 178
681 177
680 176
679 175
678 174
677 173
676 172
675 171
676 170
677 169
678 168
681 175
682 174
683 173
684 172
685 171
686 170
687 169
688 168
689 167
669 313
670 314
671 315
672 316
673 317
674 318
675 317
676 316
677 315
678 314
679 313
671 137
672 136
673 135
674 134
675 133
676 132
677 131
678 130
679 129
680 128
681 127
688 166
687 165
686 164
685 163
684 162
683 161
682 160
683 159
684 158
685 157
686 156
688 164
689 163
690 162
691 161
692 160
693 159
694 158
695 157
696 156
697 155
694 160
695 161
696 162
697 163
698 164
699 165
700 166
699 163
700 162
701 161
702 160
703 159
704 158
705 157
706 156
707 155
708 154
705 159
706 160
707 161
708 162
709 163
710 164
711 165
710 162
711 161
712 160
713 159
714 158
715 157
716 156
717 155
718 154
719 153
716 158
717 159
718 160
719 161
720 162
721 163
722 164
721 161
722 160
723 159
724 158
725 157
726 156
727 155
728 154
729 153
730 152
727 157
728 158
729 159
730 160
731 161
732 162
733 163
732 160
733 159
734 158
735 157
736 156
737 155
738 154
739 153
740 152
741 151
738 156
739 157
740 158
741 159
742 160
743 161
744 162
743 159
744 158
745 157
746 156
747 155
748 154
749 153
750 152
751 151
752 150
749 155
750 156
751 157
752 158
753 159
754 160
755 161
754 158
755 157
756 156
757 155
758 154
759 153
760 152
761 151
762 150
763 149
760 154
761 155
762 156
763 157
764 158
765 159
766 160
765 157
766 156
767 155
768 154
769 153
770 152
771 151
772 150
773 149
774 148
681 126
682 125
683 124
684 123
685 122
686 121
687 120
688 119
689 118
690 117
691 116
682 448
683 447
684 446
685 445
686 444
687 443
688 442
689 441
690 440
691 439
692 438
684 203
685 204
686 205
687 206
688 207
689 206
690 205
691 204
692 203
693 202
694 201
684 327
685 326
686 325
687 324
688 323
689 322
690 321
691 320
692 319
693 318
694 317
690 322
691 323
692 324
693 325
694 326
695 327
696 328
696 326
697 325
698 324
699 323
700 322
701 321
702 320
703 319
704 318
705 317
701 322
702 323
703 324
704 325
705 326
706 327
707 328
707 326
708 325
709 324
710 323
711 322
712 321
713 320
714 319
715 318
716 317
712 322
713 323
714 324
715 325
716 326
717 327
718 328
718 326
719 325
720 324
721 323
722 322
723 321
724 320
725 319
726 318
727 317
723 322
724 323
725 324
726 325
727 326
728 327
729 328
729 326
730 325
731 324
732 323
733 322
734 321
735 320
736 319
737 318
738 317
734 322
735 323
736 324
737 325
738 326
739 327
740 328
740 326
741 325
742 324
743 323
744 322
745 321
746 320
747 319
748 318
749 317
745 322
746 323
747 324
748 325
749 326
750 327
751 328
697 154
696 153
695 152
694 151
693 150
692 149
691 148
692 147
693 146
694 145
695 144
697 152
698 151
699 150
700 149
701 148
702 147
703 146
704 145
705 144
706 143
686 373
687 374
688 375
689 376
690 377
691 376
692 375
693 374
694 373
695 372
696 371
692 377
693 378
694 379
695 380
696 381
697 382
688 395
689 396
690 397
691 398
692 399
693 398
694 397
695 396
696 395
697 394
698 393
694 399
695 400
696 401
697 402
698 403
699 404
694 555
693 556
692 557
693 558
694 559
695 560
696 561
697 562
698 563
699 564
700 565
691 558
690 559
689 560
688 561
687 562
686 563
685 564
684 565
683 566
682 566
681 567
680 568
679 569
678 570
677 571
676 572
675 573
674 572
673 571
672 570
678 572
679 573
680 574
681 575
682 576
683 577
674 574
673 575
672 576
671 577
670 578
669 579
668 580
667 581
670 580
671 581
672 582
673 583
674 584
675 585
676 586
677 587
678 588
678 589
677 590
676 591
675 592
674 593
673 594
672 595
671 596
670 597
671 598
672 599
676 592
677 593
678 594
679 595
680 596
681 597
682 598
683 599
681 596
682 595
683 594
684 593
685 592
686 591
687 590
688 589
689 588
687 592
688 593
689 594
690 595
691 596
692 597
693 598
694 599
672 600
671 601
670 602
671 603
672 604
673 605
674 606
675 607
676 608
677 609
678 610
669 603
668 604
667 605
666 606
665 607
664 608
663 609
662 610
661 611
660 610
660 612
659 613
658 614
657 615
656 616
655 617
654 618
653 619
652 620
651 621
662 608
661 607
660 606
659 605
658 604
657 603
656 602
655 601
654 600
653 599
653 598
652 597
651 596
650 595
649 594
648 593
647 592
646 591
645 590
644 589
645 588
651 622
650 623
649 624
648 625
647 626
648 627
649 628
650 629
651 630
652 631
653 632
652 633
651 634
650 635
651 636
652 637
653 638
654 639
655 640
656 641
657 642
658 643
658 644
657 645
656 646
657 647
658 648
659 649
660 650
661 651
662 652
663 653
664 654
658 650
657 651
656 652
655 653
654 654
653 655
652 656
651 657
650 658
649 659
648 660
647 661
646 662
645 663
644 664
643 665
642 666
641 667
640 668
639 669
638 668
637 667
643 666
644 667
645 668
646 669
647 670
648 671
638 670
637 671
636 672
635 673
634 674
633 675
632 676
631 677
630 678
634 675
635 676
636 677
637 678
638 679
639 680
640 681
641 682
638 681
637 682
636 683
635 684
634 685
633 686
632 687
631 688
630 689
634 686
635 687
636 688
637 689
638 690
639 691
640 692
641 693
638 692
637 693
636 694
635 695
634 696
633 697
632 698
631 699
630 700
629 688
628 687
627 686
626 685
625 684
624 683
623 682
622 681
621 680
620 679
619 678
623 684
622 685
621 686
620 687
619 688
618 689
617 690
616 691
615 692
614 693
613 692
612 691
611 690
610 689
609 688
608 687
607 686
613 694
612 695
611 696
610 697
611 698
612 699
613 700
612 701
611 702
610 703
611 704
612 705
613 706
614 707
615 708
616 709
617 710
618 711
618 712
617 713
616 714
617 715
618 716
619 717
620 718
621 719
622 720
623 721
624 722
642 692
643 691
644 690
645 689
646 688
647 687
648 686
649 685
650 684
651 683
652 682
653 683
654 684
655 685
656 684
657 683
658 682
659 681
660 680
661 679
662 678
663 677
659 645
660 644
661 643
662 642
663 641
664 640
665 639
666 638
667 637
668 636
669 635
663 655
662 656
663 657
664 658
665 659
666 660
667 661
668 662
669 663
670 664
671 665
664 678
665 679
666 680
667 681
668 682
669 681
670 680
671 679
672 678
673 677
674 676
670 635
671 636
672 637
673 636
674 635
675 634
676 633
677 632
678 631
679 630
680 629
675 635
676 636
677 637
678 638
679 639
680 640
680 641
679 642
678 643
677 644
676 645
677 646
678 647
679 648
680 649
681 650
682 651
682 649
683 648
684 647
685 646
686 645
687 644
688 643
689 642
690 641
691 640
687 645
688 646
689 647
690 648
691 649
692 650
693 651
693 649
694 648
695 647
696 646
697 645
698 644
699 643
700 642
701 641
702 640
698 645
699 646
700 647
701 648
702 649
703 650
704 651
704 649
705 648
706 647
707 646
708 645
709 644
710 643
711 642
712 641
713 640
681 652
680 653
679 654
678 655
679 656
680 657
681 658
682 659
683 660
684 661
685 662
681 629
682 630
683 631
684 630
685 629
686 628
687 627
688 626
689 625
690 624
691 623
686 662
687 663
688 664
689 665
690 666
691 667
692 666
693 665
694 664
695 663
696 662
691 115
692 114
693 113
694 112
695 111
696 110
697 109
698 108
699 107
700 106
701 105
699 566
698 567
697 568
696 569
695 570
696 571
697 572
698 573
699 574
700 575
701 576
692 623
693 624
694 625
695 624
696 623
697 622
698 621
699 620
700 619
701 618
702 617
697 623
698 624
699 625
700 626
701 627
702 628
693 438
694 439
695 440
696 441
697 442
698 443
699 442
700 441
701 440
702 439
703 438
706 142
705 141
704 140
703 139
702 138
701 137
700 136
701 135
702 134
703 133
704 132
706 140
707 139
708 138
709 137
710 136
711 135
712 134
713 133
714 132
715 131
711 136
712 137
713 138
714 139
715 140
716 141
717 142
717 140
718 139
719 138
720 137
721 136
722 135
723 134
724 133
725 132
726 131
695 201
696 202
697 203
698 204
699 205
700 206
701 205
702 204
703 203
704 202
705 201
697 381
698 380
699 379
700 378
701 377
702 376
703 375
704 374
705 373
706 372
707 371
703 377
704 378
705 379
706 380
707 381
708 382
701 577
700 578
699 579
700 580
701 581
702 582
703 583
704 584
705 585
706 586
707 587
705 583
706 582
707 581
708 580
709 579
710 578
711 577
712 576
710 579
711 580
712 581
713 582
714 583
715 584
716 585
717 586
718 587
705 316
704 315
703 314
702 313
703 312
704 311
705 310
706 309
707 308
708 307
709 306
701 191
702 192
703 193
704 194
705 193
706 192
707 191
708 190
709 189
710 188
711 187
709 191
710 192
711 193
712 194
713 195
714 196
715 197
716 198
714 194
715 193
716 192
717 191
718 190
719 189
720 188
721 187
722 186
720 190
721 191
722 192
723 193
724 194
725 195
726 196
727 197
725 193
726 192
727 191
728 190
729 189
730 188
731 187
732 186
733 185
731 189
732 190
733 191
734 192
735 193
736 194
737 195
738 196
736 192
737 191
738 190
739 189
740 188
741 187
742 186
743 185
744 184
742 188
743 189
744 190
745 191
746 192
747 193
748 194
749 195
747 191
748 190
749 189
750 188
751 187
752 186
753 185
754 184
755 183
753 187
754 188
755 189
756 190
757 191
758 192
759 193
760 194
758 190
759 189
760 188
761 187
762 186
763 185
764 184
765 183
766 182
764 186
765 187
766 188
767 189
768 190
769 191
770 192
771 193
769 189
770 188
771 187
772 186
773 185
774 184
775 183
776 182
777 181
775 185
776 186
777 187
778 188
779 189
780 190
781 191
782 192
780 188
781 187
782 186
783 185
784 184
785 183
786 182
787 181
788 180
786 184
787 185
788 186
789 187
790 188
791 189
792 190
793 191
791 187
792 186
793 185
794 184
795 183
796 182
797 181
798 180
799 179
797 183
798 184
799 185
800 186
801 187
802 188
803 189
804 190
802 186
803 185
804 184
805 183
806 182
807 181
808 180
809 179
810 178
808 182
809 183
810 184
811 185
812 186
813 187
814 188
815 189
813 185
814 184
815 183
816 182
817 181
818 180
819 179
820 178
821 177
709 305
708 304
707 303
706 302
705 301
706 300
707 299
708 298
709 297
710 296
711 295
711 297
712 298
713 299
714 300
715 301
716 302
717 303
718 304
719 305
720 306
716 300
717 299
718 298
719 297
720 296
721 295
722 294
722 296
723 297
724 298
725 299
726 300
727 301
728 302
729 303
730 304
731 305
707 588
706 589
705 590
704 591
705 592
706 593
707 594
708 595
709 596
710 597
711 598
702 106
703 105
704 104
705 103
706 102
707 101
708 100
709 99
710 98
711 97
712 96
703 617
704 618
705 617
706 616
707 615
708 614
709 613
710 612
711 611
712 610
713 609
708 615
709 616
710 617
711 618
712 619
713 620
722 293
721 292
720 291
719 290
718 289
717 288
716 287
715 286
714 285
713 284
714 283
719 288
720 287
721 286
722 285
723 284
724 283
725 282
704 439
705 440
706 439
707 438
708 437
709 436
710 435
711 434
712 433
713 432
714 431
709 437
710 438
711 439
712 440
713 441
714 442
705 202
706 203
707 204
708 205
709 206
710 207
711 208
712 209
713 210
714 211
715 212
714 213
713 214
712 215
711 216
710 217
709 218
710 219
711 220
712 221
713 222
714 223
715 130
714 129
713 128
712 127
711 126
712 125
713 124
714 123
715 122
716 121
717 120
708 381
709 380
710 379
711 378
712 377
713 376
714 375
715 374
716 373
717 372
718 371
725 281
724 280
723 279
722 278
721 277
720 276
719 275
718 274
719 273
720 272
721 271
724 278
725 277
726 276
727 275
728 274
729 273
730 272
731 271
732 270
722 185
721 184
720 183
719 182
718 181
717 180
718 179
719 178
720 177
721 176
722 175
712 608
713 607
714 606
715 605
716 604
717 603
718 602
719 601
720 600
721 599
722 598
718 603
719 604
720 605
721 606
722 607
723 608
724 609
713 97
714 96
715 95
716 94
717 93
718 92
719 91
720 90
721 89
722 88
723 87
714 620
715 621
716 622
717 623
718 624
719 625
720 624
721 623
722 622
723 621
724 620
719 626
720 627
721 628
722 629
723 630
724 631
714 640
715 641
716 642
717 643
718 644
719 645
720 646
721 645
722 644
723 643
724 642
722 646
723 647
724 648
725 649
726 650
727 651
728 652
729 653
727 649
728 648
729 647
730 646
731 645
732 644
733 643
734 642
735 641
733 645
734 646
735 647
736 648
737 649
738 650
739 651
740 652
738 648
739 647
740 646
741 645
742 644
743 643
744 642
745 641
746 640
744 644
745 645
746 646
747 647
748 648
749 649
750 650
751 651
749 647
750 646
751 645
752 644
753 643
754 642
755 641
756 640
757 639
755 643
756 644
757 645
758 646
759 647
760 648
761 649
762 650
729 654
728 655
727 656
726 657
725 658
724 659
723 660
722 661
721 662
720 663
719 664
725 659
726 660
727 661
728 662
729 663
730 664
718 665
717 666
716 667
715 668
714 669
713 670
712 671
711 672
712 673
713 674
714 675
717 667
718 668
719 669
720 670
721 671
722 672
723 673
724 674
725 675
714 676
713 677
712 678
711 679
710 680
709 681
710 682
711 683
712 684
713 685
714 686
708 681
707 682
706 683
705 684
704 685
703 686
702 687
701 688
700 689
699 690
698 691
697 691
696 692
695 693
694 694
693 693
692 692
691 691
690 690
689 689
688 688
687 687
693 695
692 696
691 697
690 698
689 699
690 700
691 701
692 702
691 703
690 704
689 705
688 706
687 707
686 708
685 709
684 710
683 711
682 712
683 713
683 709
682 708
681 707
680 706
679 705
678 704
677 703
676 702
675 701
674 700
714 687
713 688
712 689
711 690
712 691
713 692
714 693
715 694
716 695
717 696
718 697
717 694
718 693
719 692
720 691
721 690
722 689
723 688
724 687
725 686
722 690
723 691
724 692
725 693
726 694
727 695
728 696
729 697
728 694
729 693
730 692
731 691
732 690
733 689
734 688
735 687
736 686
733 690
734 691
735 692
736 693
737 694
738 695
739 696
740 697
739 694
740 693
741 692
742 691
743 690
744 689
745 688
746 687
747 686
744 690
745 691
746 692
747 693
748 694
749 695
750 696
751 697
750 694
751 693
752 692
753 691
754 690
755 689
756 688
757 687
758 686
755 690
756 691
757 692
758 693
759 694
760 695
761 696
762 697
761 694
762 693
763 692
764 691
765 690
766 689
767 688
768 687
769 686
766 690
767 691
768 692
769 693
770 694
771 695
772 696
773 697
772 694
773 693
774 692
775 691
776 690
777 689
778 688
779 687
780 686
777 690
778 691
779 692
780 693
781 694
782 695
783 696
784 697
715 223
716 224
717 225
718 226
719 227
720 228
721 227
722 226
723 225
724 224
725 223
716 226
715 227
714 228
713 229
712 230
711 231
710 232
709 233
708 234
707 235
706 236
705 237
704 238
703 239
702 240
701 241
700 242
699 243
698 244
699 245
700 246
715 441
716 440
717 439
718 438
719 437
720 436
721 435
722 434
723 433
724 432
725 431
720 437
721 438
722 439
723 440
724 441
725 442
716 213
717 214
718 215
719 216
720 215
721 214
722 213
723 212
724 211
725 210
726 209
718 120
719 121
720 120
721 119
722 118
723 117
724 116
725 115
726 114
727 113
728 112
728 114
729 115
730 116
731 117
732 118
733 119
734 120
735 121
736 122
737 123
733 117
734 116
735 115
736 114
737 113
738 112
739 111
739 113
740 114
741 115
742 116
743 117
744 118
745 119
746 120
747 121
748 122
744 116
745 115
746 114
747 113
748 112
749 111
750 110
750 112
751 113
752 114
753 115
754 116
755 117
756 118
757 119
758 120
759 121
755 115
756 114
757 113
758 112
759 111
760 110
761 109
761 111
762 112
763 113
764 114
765 115
766 116
767 117
768 118
769 119
770 120
766 114
767 113
768 112
769 111
770 110
771 109
772 108
772 110
773 111
774 112
775 113
776 114
777 115
778 116
779 117
780 118
781 119
777 113
778 112
779 111
780 110
781 109
782 108
783 107
783 109
784 110
785 111
786 112
787 113
788 114
789 115
790 116
791 117
792 118
788 112
789 111
790 110
791 109
792 108
793 107
794 106
731 269
730 268
729 267
728 266
727 265
726 264
725 263
726 262
727 261
728 260
729 259
731 267
732 266
733 265
734 264
735 263
736 262
737 261
738 260
739 259
740 258
737 263
738 264
739 265
740 266
741 267
742 268
743 269
742 266
743 265
744 264
745 263
746 262
747 261
748 260
749 259
750 258
751 257
748 262
749 263
750 264
751 265
752 266
753 267
754 268
753 265
754 264
755 263
756 262
757 261
758 260
759 259
760 258
761 257
762 256
759 261
760 262
761 263
762 264
763 265
764 266
765 267
764 264
765 263
766 262
767 261
768 260
769 259
770 258
771 257
772 256
773 255
1140
436 487
425 482
425 496
436 498
425 507
436 509
425 518
436 520
425 529
436 531
425 540
436 542
425 551
436 553
425 562
436 564
414 482
410 496
402 484
399 496
391 484
386 495
379 484
375 496
367 484
363 496
355 484
351 496
343 484
340 497
331 484
328 495
322 506
310 495
309 506
298 495
297 506
286 495
286 514
297 517
285 525
296 528
284 536
295 539
283 547
294 550
272 536
271 547
260 536
251 525
262 524
251 513
262 512
251 501
262 500
273 517
285 561
296 561
305 550
307 561
308 517
322 517
323 528
327 473
316 468
327 461
338 472
305 460
294 460
321 450
332 449
338 460
343 449
308 443
321 438
297 432
296 443
285 432
284 443
273 432
272 443
264 421
252 411
251 422
263 410
240 411
239 422
228 414
227 425
238 433
227 436
238 444
227 447
216 432
215 443
204 446
215 454
201 457
212 465
201 468
212 476
201 479
212 487
201 490
212 498
201 501
212 509
201 512
212 520
201 523
212 531
201 534
212 542
201 545
212 553
201 556
212 564
190 492
189 503
178 506
189 514
175 517
186 525
175 528
186 536
175 539
186 547
175 550
186 558
164 511
163 522
152 511
151 522
140 511
139 522
128 511
127 522
116 511
115 522
104 511
103 522
92 511
91 522
80 511
82 533
93 533
76 544
87 544
88 500
77 497
92 555
98 544
103 555
109 543
99 497
110 500
120 533
128 500
131 533
132 489
117 486
106 475
117 474
95 464
94 475
106 463
83 468
72 472
84 453
95 452
100 441
106 452
111 441
117 452
122 441
128 452
133 441
139 452
144 441
150 452
155 441
161 452
166 441
172 452
177 441
183 452
188 441
117 463
121 430
128 463
132 425
139 463
142 533
146 544
153 533
157 544
164 533
143 421
145 479
150 466
154 417
154 428
156 481
161 463
165 413
165 424
172 463
172 474
176 409
176 420
183 463
187 406
187 417
187 428
198 403
198 414
198 425
209 400
209 411
223 465
223 476
223 487
223 498
223 509
223 520
223 531
223 542
240 455
249 444
251 455
240 466
249 433
251 466
262 464
273 469
276 481
320 427
323 416
310 413
331 427
299 402
298 413
310 401
287 402
286 413
323 404
333 514
340 525
344 513
351 524
355 512
362 523
366 511
373 522
377 510
384 521
342 424
383 473
372 470
383 461
371 459
360 448
359 459
371 447
360 470
363 436
374 435
362 425
355 414
366 413
373 424
377 412
358 402
369 401
388 403
388 414
395 516
398 527
406 515
409 526
398 538
386 540
397 549
385 551
396 560
384 562
373 551
372 562
361 551
360 562
358 540
345 541
344 552
369 540
333 541
332 552
322 540
324 563
335 563
399 404
399 415
407 560
408 549
409 537
410 404
410 415
415 426
421 414
426 425
432 413
437 424
420 437
409 441
426 402
437 401
431 436
431 447
447 482
452 496
458 482
463 495
469 483
474 494
480 483
485 497
474 505
485 508
473 516
484 519
472 527
483 530
471 538
482 541
470 549
481 552
469 560
480 563
468 571
479 574
467 582
478 585
466 593
491 483
447 552
447 563
448 400
450 411
459 400
461 411
470 400
472 411
481 400
483 411
492 400
449 574
449 585
437 593
448 596
426 594
425 605
414 595
403 597
398 608
399 619
402 630
410 618
413 629
421 617
424 628
432 616
435 627
443 615
446 626
454 614
457 625
399 641
387 647
398 652
386 658
397 663
396 674
407 674
407 685
408 663
418 674
418 685
418 696
419 655
429 666
429 685
429 696
435 707
440 696
446 707
451 696
457 707
430 644
430 655
440 682
441 638
441 649
445 671
451 682
456 671
451 389
451 378
439 370
450 367
428 363
417 363
406 352
405 363
424 350
394 358
400 341
411 338
402 327
413 326
391 318
380 314
391 307
392 296
401 285
403 296
412 285
414 296
423 285
425 296
411 274
416 307
422 266
427 307
429 339
435 350
440 339
433 258
433 269
435 328
438 280
444 268
449 279
455 267
460 282
449 290
460 293
444 252
445 317
446 328
451 339
451 422
452 507
452 518
452 529
452 540
452 637
452 648
453 659
454 433
462 422
465 433
473 422
476 433
484 422
487 433
455 247
458 444
458 551
458 718
461 304
461 360
462 371
462 343
462 382
463 636
463 647
464 658
467 669
475 657
478 668
486 656
489 667
497 655
500 666
508 654
511 665
466 243
466 254
467 315
468 622
474 633
479 622
485 633
490 622
468 704
469 715
469 444
467 460
456 463
469 471
473 265
477 253
484 264
488 252
473 326
473 375
473 386
474 276
474 644
474 693
479 704
485 692
490 703
476 337
477 240
478 348
487 337
489 348
478 460
480 444
480 715
484 726
491 715
495 726
502 715
506 726
513 715
481 679
483 359
484 374
484 385
485 275
485 644
488 237
488 292
485 303
496 303
499 292
507 303
510 292
489 461
489 585
491 596
500 585
490 314
490 574
490 607
491 563
492 552
492 678
493 541
494 359
495 370
495 381
503 392
506 381
514 392
517 381
525 392
528 381
495 519
496 274
496 638
499 237
499 248
500 348
505 359
501 314
501 574
502 483
505 494
502 563
505 403
505 414
505 425
504 436
502 447
505 530
505 541
505 552
513 563
516 552
524 563
527 552
535 563
538 552
546 563
549 552
506 370
507 259
510 248
507 270
507 637
507 704
510 237
511 676
512 574
512 693
515 436
516 356
517 367
516 403
516 414
516 425
516 527
516 538
518 267
518 629
518 640
519 345
527 356
530 345
538 356
541 345
549 356
552 345
560 356
563 339
512 334
523 333
521 290
522 662
522 673
523 322
523 618
529 629
534 618
540 629
545 618
551 629
556 618
562 629
523 684
523 695
524 607
520 596
531 595
535 606
542 595
546 606
553 595
557 606
564 595
568 606
575 595
579 606
586 595
527 403
527 414
527 425
527 534
527 584
528 367
529 268
538 279
529 640
530 651
531 311
533 662
533 673
534 691
535 300
538 397
538 408
538 419
538 533
539 367
539 378
543 584
544 671
545 682
549 273
549 402
549 413
550 367
550 378
554 578
560 402
560 413
560 550
560 561
561 367
561 378
563 328
565 572
565 583
566 640
573 629
577 640
584 629
588 640
595 629
599 640
606 629
610 640
617 629
621 640
628 629
571 317
574 328
582 316
585 327
593 315
571 402
571 556
576 567
572 361
572 372
572 383
575 651
576 578
579 339
580 305
591 304
582 402
582 662
586 651
583 368
586 293
587 560
587 571
587 582
590 282
590 618
593 393
593 404
597 593
597 651
598 566
598 577
601 612
604 382
604 393
608 588
609 557
609 568
610 404
619 393
621 404
612 606
612 617
620 546
620 557
602 542
595 531
606 530
583 542
622 415
616 426
627 426
633 414
638 425
623 610
624 382
626 371
615 360
604 349
615 348
604 337
615 336
610 325
621 324
626 335
626 346
626 437
626 448
614 450
603 449
602 460
613 461
591 449
591 469
580 440
591 435
626 459
626 470
613 475
626 481
613 486
626 492
626 503
614 504
603 504
592 493
591 510
626 514
626 525
631 536
631 547
631 558
634 569
637 330
637 437
637 448
637 459
637 470
637 481
637 492
637 503
637 514
637 525
642 536
648 524
653 535
659 523
664 534
670 522
675 533
681 521
686 532
692 520
697 531
703 520
708 531
714 519
719 530
725 518
642 547
645 566
647 341
648 436
648 447
648 458
648 469
648 480
648 491
648 502
648 513
649 417
653 546
659 428
659 439
659 450
659 461
659 472
659 483
659 494
659 505
660 417
664 545
670 428
670 439
670 450
670 461
670 472
670 500
670 511
671 416
675 544
681 427
681 438
681 449
686 543
695 554
697 542
689 416
692 427
700 415
703 427
688 405
676 397
687 394
675 386
686 383
674 375
685 372
674 364
685 361
663 382
657 393
646 394
681 350
692 349
696 360
703 349
707 360
714 349
718 360
725 349
674 339
685 338
672 328
683 327
657 321
668 312
656 306
645 295
656 294
634 284
645 283
623 273
622 284
634 272
611 273
615 262
599 260
605 249
610 238
617 227
625 216
628 227
636 215
626 254
634 204
637 246
637 257
642 193
645 268
648 249
656 260
659 249
650 182
656 277
657 171
661 160
662 238
659 227
670 226
655 216
666 215
661 204
672 203
677 214
683 202
664 149
667 192
678 191
671 138
672 180
683 179
689 190
694 179
700 190
678 168
689 167
679 313
681 127
686 156
697 155
700 166
708 154
711 165
719 153
722 164
730 152
733 163
741 151
744 162
752 150
755 161
763 149
766 160
774 148
691 116
692 438
694 201
694 317
696 328
705 317
707 328
716 317
718 328
727 317
729 328
738 317
740 328
749 317
751 328
695 144
706 143
696 371
697 382
698 393
699 404
700 565
683 566
672 570
683 577
667 581
678 588
672 599
683 599
689 588
694 599
678 610
660 610
651 621
653 599
645 588
653 632
658 643
664 654
648 660
637 667
648 671
630 678
641 682
630 689
641 693
630 700
619 678
618 689
607 686
613 700
618 711
624 722
652 682
663 677
669 635
671 665
674 676
680 629
680 640
682 651
691 640
693 651
702 640
704 651
713 640
685 662
691 623
696 662
701 105
701 576
702 617
702 628
703 438
704 132
715 131
717 142
726 131
705 201
707 371
708 382
707 587
712 576
718 587
709 306
711 187
716 198
722 186
727 197
733 185
738 196
744 184
749 195
755 183
760 194
766 182
771 193
777 181
782 192
788 180
793 191
799 179
804 190
810 178
815 189
821 177
711 295
720 306
722 294
731 305
711 598
712 96
713 609
713 620
714 283
725 282
714 431
714 442
715 212
714 223
717 120
718 371
721 271
732 270
722 175
722 598
724 609
723 87
724 620
724 631
724 642
729 653
735 641
740 652
746 640
751 651
757 639
762 650
719 664
730 664
714 675
725 675
714 686
698 691
687 687
692 702
683 713
674 700
718 697
725 686
729 697
736 686
740 697
747 686
751 697
758 686
762 697
769 686
773 697
780 686
784 697
725 223
707 235
700 246
725 431
725 442
726 209
728 112
737 123
739 111
748 122
750 110
759 121
761 109
770 120
772 108
781 119
783 107
792 118
794 106
729 259
740 258
743 269
751 257
754 268
762 256
765 267
773 255
