9952
332 269
331 268
330 267
329 266
328 265
327 264
326 263
325 262
324 261
323 260
322 259
321 258
320 257
319 256
318 255
324 263
323 264
322 265
321 266
320 267
319 268
318 269
317 270
326 261
327 260
328 259
329 258
330 257
331 256
332 255
333 254
316 269
315 268
314 267
313 266
312 265
311 264
310 263
309 262
308 261
307 260
306 259
305 258
304 257
303 256
302 255
308 263
307 264
306 265
305 266
304 267
303 268
302 269
301 270
300 269
299 268
298 267
297 266
296 265
295 264
294 263
293 262
292 261
291 260
290 259
289 258
288 257
287 256
286 255
292 263
291 264
290 265
289 266
288 267
287 268
286 269
285 270
284 269
283 268
282 267
281 266
280 265
279 264
278 263
277 262
276 261
275 260
274 259
273 258
272 257
271 256
270 255
276 263
275 264
274 265
273 266
272 267
271 268
270 269
269 270
268 269
267 268
266 267
265 266
264 265
263 264
262 263
261 262
260 261
259 260
258 259
257 258
256 257
255 256
254 255
260 263
259 264
258 265
257 266
256 267
255 268
254 269
253 270
252 269
251 268
250 267
249 266
248 265
247 264
246 263
245 262
244 261
243 260
242 259
241 258
240 257
239 256
238 255
244 263
243 264
242 265
241 266
240 267
239 268
238 269
237 270
236 269
235 268
234 267
233 266
232 265
231 264
230 263
229 262
228 261
227 260
226 259
225 258
224 257
223 256
222 255
228 263
227 264
226 265
225 266
224 267
223 268
222 269
221 270
220 269
219 268
218 267
217 266
216 265
215 264
214 263
213 262
212 261
211 260
210 259
209 258
208 257
207 256
206 255
212 263
211 264
210 265
209 266
208 267
207 268
206 269
205 270
204 269
203 268
202 267
201 266
200 265
199 264
198 263
197 262
196 261
195 260
194 259
193 258
192 257
191 256
190 255
196 263
195 264
194 265
193 266
192 267
191 268
190 269
189 270
188 270
187 269
186 268
185 267
184 266
183 265
182 264
181 263
180 262
179 261
178 260
177 259
176 258
175 257
174 256
180 264
179 265
178 266
177 267
176 268
175 269
174 270
173 271
172 270
171 269
170 268
169 267
168 266
167 265
166 264
165 263
164 262
163 261
162 260
161 259
160 258
159 257
158 256
164 264
163 265
162 266
161 267
160 268
159 269
158 270
157 271
156 271
155 272
154 273
153 272
152 271
151 270
150 269
149 268
148 267
147 266
146 265
145 264
144 263
143 262
142 261
148 269
147 270
146 271
145 272
144 273
143 274
142 275
141 276
144 274
145 275
146 276
147 277
148 278
149 279
150 280
151 281
152 282
153 283
154 284
155 285
156 286
147 279
146 280
145 281
144 282
143 283
142 284
141 285
140 286
139 287
138 288
137 289
136 290
135 291
137 287
136 286
135 285
134 284
133 283
132 282
131 281
130 280
129 279
128 278
127 277
126 276
125 275
124 274
123 273
122 272
121 271
120 270
119 269
118 268
117 267
116 266
115 265
114 264
113 263
112 262
111 261
117 269
116 270
115 271
114 272
113 273
112 274
111 275
110 276
119 267
120 266
121 265
122 264
123 263
124 262
125 261
126 260
109 275
108 274
107 273
106 272
105 271
104 270
103 269
102 268
101 267
100 266
99 265
98 264
97 263
96 262
95 261
101 269
100 270
99 271
98 272
97 273
96 274
95 275
94 276
94 277
93 278
92 279
91 280
90 281
89 282
88 283
87 284
86 285
87 286
88 287
89 288
90 289
91 290
92 291
140 287
141 288
142 289
143 290
144 291
145 292
146 293
147 294
148 295
149 296
150 297
151 298
152 299
153 300
154 301
150 299
149 300
148 301
147 302
146 303
145 304
144 305
143 306
142 307
141 308
140 309
139 310
144 306
145 307
146 308
147 309
148 310
149 311
150 312
151 313
152 314
153 315
154 316
138 310
137 311
136 312
135 313
134 314
133 315
132 316
131 317
130 316
129 315
128 314
127 313
126 312
125 311
124 310
123 310
122 311
121 312
120 313
119 314
118 315
117 316
116 317
115 316
114 315
113 314
112 313
111 312
110 311
109 310
108 310
107 311
106 312
105 313
104 314
103 315
102 316
101 317
100 316
99 315
98 314
97 313
96 312
95 311
94 310
153 317
152 318
151 319
150 320
149 321
148 322
147 323
146 324
147 325
148 326
149 327
150 328
151 329
152 330
153 331
148 328
147 329
146 330
145 331
144 332
143 333
142 334
141 335
140 336
139 337
138 338
137 339
136 340
135 341
134 342
140 338
141 339
142 340
143 341
144 342
145 343
146 344
147 345
148 346
149 347
150 348
151 349
150 350
149 351
148 352
147 353
146 354
145 355
144 356
145 357
146 358
147 359
148 360
149 361
150 362
151 363
152 364
147 361
146 362
145 363
144 364
143 365
142 366
141 367
140 368
139 369
138 370
137 371
136 372
135 373
134 374
133 375
141 368
142 369
143 370
144 371
145 372
146 373
147 374
148 375
149 376
150 377
151 378
152 379
148 377
147 378
146 379
145 380
144 381
143 382
142 383
141 384
140 385
139 386
138 387
137 388
136 389
135 390
142 384
143 385
144 386
145 387
146 388
147 389
148 390
149 391
150 392
151 393
152 394
157 255
156 254
155 253
154 252
153 251
152 250
151 249
150 248
149 247
150 246
151 245
152 244
153 243
154 242
155 241
154 240
153 239
152 238
151 237
150 236
149 235
148 234
147 233
146 232
147 231
148 230
149 229
150 228
151 227
152 226
145 232
144 231
143 230
142 229
141 228
140 227
139 226
138 225
137 224
136 223
135 222
134 221
139 224
140 223
141 222
142 221
143 220
144 219
145 218
146 217
147 216
148 215
149 214
150 213
151 212
152 211
133 222
132 223
131 224
130 225
129 226
128 227
127 228
126 227
125 226
124 225
123 224
122 223
121 222
120 221
119 220
118 221
117 222
116 223
115 224
114 225
113 226
112 227
111 228
110 227
109 226
108 225
107 224
106 223
105 222
104 221
152 210
151 209
150 208
149 207
148 206
147 205
146 204
145 203
146 202
147 201
148 200
149 199
150 198
151 197
152 196
148 198
147 197
146 196
145 195
144 194
143 193
142 192
141 191
140 190
139 189
138 188
137 187
136 186
135 185
134 184
144 192
145 191
146 190
147 189
148 188
149 187
150 186
151 185
152 184
153 183
154 182
155 181
156 180
133 185
132 186
131 187
130 188
129 189
128 190
127 191
126 190
125 189
124 188
123 187
122 186
121 185
120 184
119 183
118 184
117 185
116 186
115 187
114 188
113 189
112 190
111 191
110 190
109 189
108 188
107 187
106 186
105 185
104 184
110 192
109 193
108 194
107 195
106 196
105 197
104 198
103 199
102 200
101 201
102 202
156 179
155 178
154 177
153 176
152 175
151 174
150 173
149 172
150 171
151 170
152 169
153 168
154 167
155 166
156 165
148 171
147 170
146 169
145 168
144 167
143 166
142 165
141 164
140 163
139 162
138 161
137 160
136 159
135 158
134 157
133 156
132 155
131 154
130 153
129 152
128 151
127 150
126 149
125 148
124 147
123 146
122 145
121 144
120 143
119 142
125 150
124 151
123 152
122 153
121 154
120 155
119 156
118 157
119 141
118 140
117 139
116 138
115 137
114 136
113 135
112 134
111 133
112 132
113 131
114 130
115 129
116 128
117 127
117 126
116 125
115 124
114 123
113 122
112 121
111 120
110 119
109 118
108 117
107 116
106 115
105 114
106 113
107 112
113 120
114 119
115 118
116 117
117 116
118 115
119 114
120 113
121 112
122 111
142 163
143 162
144 161
145 160
146 159
147 158
148 157
149 156
150 155
151 154
152 153
153 152
154 151
155 150
156 149
155 317
156 318
157 319
158 320
159 321
160 322
161 321
162 320
163 319
164 318
165 317
166 316
167 315
168 314
169 313
157 286
158 287
159 288
160 289
161 290
162 291
163 292
164 293
165 292
166 291
167 290
168 289
169 288
170 287
171 286
171 288
172 289
173 290
174 291
175 292
176 293
177 294
178 295
179 296
180 297
181 298
182 299
183 300
184 301
178 294
179 293
180 292
181 291
182 290
183 289
184 288
185 287
186 286
186 288
187 289
188 290
189 291
190 292
191 293
192 294
193 295
194 296
195 297
196 298
197 299
198 300
199 301
193 293
194 292
195 291
196 290
197 289
198 288
199 287
200 286
201 285
201 287
202 288
203 289
204 290
205 291
206 292
207 293
208 294
209 295
210 296
211 297
212 298
213 299
214 300
208 293
209 292
210 291
211 290
212 289
213 288
214 287
215 286
216 285
216 287
217 288
218 289
219 290
220 291
221 292
222 293
223 294
224 295
225 296
226 297
227 298
228 299
229 300
223 293
224 292
225 291
226 290
227 289
228 288
229 287
230 286
231 285
231 287
232 288
233 289
234 290
235 291
236 292
237 293
238 294
239 295
240 296
241 297
242 298
243 299
244 300
238 293
239 292
240 291
241 290
242 289
243 288
244 287
245 286
246 285
246 287
247 288
248 289
249 290
250 291
251 292
252 293
253 294
254 295
255 296
256 297
257 298
258 299
259 300
253 293
254 292
255 291
256 290
257 289
258 288
259 287
260 286
261 285
261 287
262 288
263 289
264 290
265 291
266 292
267 293
268 294
269 295
270 296
271 297
272 298
273 299
274 300
268 293
269 292
270 291
271 290
272 289
273 288
274 287
275 286
276 285
276 287
277 288
278 289
279 290
280 291
281 292
282 293
283 294
284 295
285 296
286 297
287 298
288 299
289 300
283 293
284 292
285 291
286 290
287 289
288 288
289 287
290 286
291 285
291 287
292 288
293 289
294 290
295 291
296 292
297 293
298 294
299 295
300 296
301 297
302 298
303 299
304 300
298 293
299 292
300 291
301 290
302 289
303 288
304 287
305 286
306 285
306 287
307 288
308 289
309 290
310 291
311 292
312 293
313 294
314 295
315 296
316 297
317 298
318 299
319 300
313 293
314 292
315 291
316 290
317 289
318 288
319 287
320 286
321 285
321 287
322 288
323 289
324 290
325 291
326 292
327 293
328 294
329 295
330 296
331 297
332 298
333 299
334 300
328 293
329 292
330 291
331 290
332 289
333 288
334 287
335 286
336 285
336 287
337 288
338 289
339 290
340 291
341 292
342 293
343 294
344 295
345 296
346 297
347 298
348 299
349 300
343 292
344 291
345 290
346 289
347 288
348 287
349 286
350 285
351 284
351 286
352 287
353 288
354 289
355 290
356 291
357 292
358 293
359 294
360 295
361 296
362 297
363 298
364 299
358 291
359 290
360 289
361 288
362 287
363 286
364 285
365 284
366 283
366 285
367 286
368 287
369 288
370 289
371 290
372 291
373 292
374 293
375 294
376 295
377 296
378 297
379 298
373 290
374 289
375 288
376 287
377 286
378 285
379 284
380 283
381 282
381 284
382 285
383 286
384 287
385 288
386 289
387 290
388 291
389 292
390 293
391 294
392 295
393 296
394 297
388 289
389 288
390 287
391 286
392 285
393 284
394 283
395 282
396 281
396 283
397 284
398 285
399 286
400 287
401 288
402 289
403 290
404 291
405 292
406 293
407 294
408 295
409 296
403 288
404 287
405 286
406 285
407 284
408 283
409 282
410 281
411 280
189 254
188 253
187 252
186 251
185 250
184 249
183 248
182 247
181 246
180 245
179 244
178 243
179 242
180 241
181 240
186 249
187 248
188 247
189 246
190 245
191 244
192 243
193 242
194 241
195 240
196 239
180 239
179 238
178 237
177 236
176 235
175 234
174 233
173 232
174 231
175 230
176 229
177 228
178 227
179 226
180 225
179 224
178 223
177 222
176 221
175 220
174 219
175 218
176 217
177 216
178 215
179 214
180 213
181 212
182 211
183 210
182 209
181 208
180 207
179 206
178 205
177 204
176 203
177 202
178 201
179 200
180 199
181 198
182 197
183 196
184 195
184 194
183 193
182 192
181 191
180 190
179 189
178 188
177 187
178 186
179 185
180 184
181 183
182 182
183 181
184 180
170 314
171 315
172 316
173 317
174 318
175 319
176 320
177 321
178 322
179 321
180 320
181 319
182 318
183 317
184 316
178 323
177 324
178 325
179 326
180 327
181 328
182 329
183 330
184 331
183 332
182 333
181 334
180 335
179 336
178 337
177 338
176 339
177 340
178 341
179 342
180 343
181 344
182 345
183 346
183 347
182 348
181 349
180 350
179 351
178 352
177 353
176 354
177 355
178 356
179 357
180 358
181 359
182 360
183 361
184 210
185 211
186 212
187 213
188 214
189 215
190 216
191 217
192 216
193 215
194 214
195 213
196 212
197 211
198 210
198 212
199 213
200 214
201 215
202 216
203 217
204 218
205 219
206 220
207 221
208 222
209 223
210 224
211 225
205 217
206 216
207 215
208 214
209 213
210 212
211 211
212 210
213 209
213 211
214 212
215 213
216 214
217 215
218 216
219 217
220 218
221 219
222 220
223 221
224 222
225 223
226 224
220 216
221 215
222 214
223 213
224 212
225 211
226 210
227 209
228 208
228 210
229 211
230 212
231 213
232 214
233 215
234 216
235 217
236 218
237 219
238 220
239 221
240 222
241 223
235 215
236 214
237 213
238 212
239 211
240 210
241 209
242 208
243 207
243 209
244 210
245 211
246 212
247 213
248 214
249 215
250 216
251 217
252 218
253 219
254 220
255 221
256 222
250 214
251 213
252 212
253 211
254 210
255 209
256 208
257 207
258 206
258 208
259 209
260 210
261 211
262 212
263 213
264 214
265 215
266 216
267 217
268 218
269 219
270 220
271 221
265 213
266 212
267 211
268 210
269 209
270 208
271 207
272 206
273 205
185 330
186 329
187 328
188 327
189 326
190 325
191 324
192 323
193 322
194 321
195 320
196 319
197 318
198 317
199 316
192 324
193 325
194 326
195 327
196 328
197 329
198 330
199 331
205 254
204 253
203 252
202 251
201 250
202 249
203 248
204 247
205 246
206 245
207 244
208 243
209 242
210 241
211 240
200 317
201 318
202 319
203 320
204 321
205 322
206 323
207 322
208 321
209 320
210 319
211 318
212 317
213 316
214 315
207 323
208 324
209 325
210 326
211 327
212 328
213 329
214 330
200 331
201 332
202 333
203 334
204 335
205 336
206 337
207 338
208 339
209 340
210 341
211 342
212 343
213 344
214 345
212 241
213 242
214 243
215 244
216 245
217 246
218 247
219 246
220 245
221 244
222 243
223 242
224 241
225 240
226 239
215 329
216 328
217 327
218 326
219 325
220 324
221 323
222 322
223 321
224 320
225 319
226 318
227 317
228 316
229 315
222 323
223 324
224 325
225 326
226 327
227 328
228 329
229 330
215 345
216 346
217 347
218 348
219 349
220 350
221 351
222 352
223 351
224 350
225 349
226 348
227 347
228 346
229 345
227 349
228 350
229 351
230 352
231 353
232 354
233 355
234 356
235 357
236 358
237 359
238 360
234 354
235 353
236 352
237 351
238 350
239 349
240 348
241 347
242 346
243 345
244 344
227 240
228 241
229 242
230 243
231 244
232 245
233 246
234 245
235 244
236 243
237 242
238 241
239 240
240 239
241 238
230 329
231 328
232 327
233 326
234 325
235 324
236 323
237 322
238 321
239 320
240 319
241 318
242 317
243 316
244 315
242 239
243 240
244 241
245 242
246 243
247 244
248 245
249 244
250 243
251 242
252 241
253 240
254 239
255 238
256 237
245 315
246 316
247 317
248 318
249 319
250 320
251 321
252 322
253 321
254 320
255 319
256 318
257 317
258 316
259 315
252 323
253 324
254 325
255 326
256 327
257 328
258 329
259 330
245 345
246 346
247 347
248 348
249 349
250 350
251 351
252 352
253 351
254 350
255 349
256 348
257 347
258 346
259 345
273 204
272 203
271 202
270 201
269 200
268 199
267 198
266 197
265 196
264 195
263 194
262 193
261 192
260 191
261 190
257 238
258 239
259 240
260 241
261 242
262 243
263 244
264 243
265 242
266 241
267 240
268 239
269 238
270 237
271 236
260 329
261 328
262 327
263 326
264 325
265 324
266 323
267 322
268 321
269 320
270 319
271 318
272 317
273 316
274 315
267 323
268 324
269 325
270 326
271 327
272 328
273 329
274 330
260 345
261 346
262 347
263 348
264 349
265 350
266 351
267 352
268 351
269 350
270 349
271 348
272 347
273 346
274 345
270 350
271 351
272 352
273 353
274 354
275 355
276 356
277 357
278 358
279 359
280 360
272 236
273 237
274 238
275 239
276 240
277 241
278 242
279 241
280 240
281 239
282 238
283 237
284 236
285 235
286 234
286 233
287 232
288 231
289 230
290 229
291 228
292 227
293 226
294 225
295 224
296 223
297 222
298 221
299 220
300 219
294 227
295 228
296 229
297 230
298 231
299 232
300 233
301 234
300 218
299 217
298 216
297 215
296 214
295 213
294 212
293 211
294 210
295 209
296 208
297 207
298 206
299 205
300 204
300 203
299 202
298 201
297 200
296 199
295 198
294 197
293 196
294 195
295 194
296 193
297 192
298 191
299 190
300 189
300 188
299 187
298 186
297 185
296 184
295 183
294 182
293 181
294 180
295 179
296 178
297 177
298 176
299 175
300 174
296 176
295 175
294 174
293 173
292 172
291 171
290 170
289 169
288 168
287 167
286 166
285 165
284 164
283 163
282 162
290 168
291 167
292 166
293 165
294 164
295 163
296 162
297 161
298 160
299 159
300 158
281 162
280 163
279 164
278 165
277 166
276 167
275 166
274 165
273 164
272 163
271 162
270 161
269 160
268 159
267 158
270 159
271 158
272 157
273 156
274 155
275 154
276 153
277 152
278 151
279 150
280 149
281 148
282 147
266 159
265 160
264 161
263 162
262 163
261 164
260 165
259 166
258 165
257 164
256 163
255 162
254 161
253 160
252 159
251 159
250 160
249 161
248 162
247 163
246 164
245 165
244 166
243 165
242 164
241 163
240 162
239 161
238 160
237 159
236 159
235 160
234 161
233 162
232 163
231 164
230 165
229 166
228 165
227 164
226 163
225 162
224 161
223 160
222 159
221 159
220 160
219 161
218 162
217 163
216 164
215 165
214 166
213 165
212 164
211 163
210 162
209 161
208 160
207 159
206 159
205 160
204 161
203 162
202 163
201 164
200 165
199 166
198 165
197 164
196 163
195 162
194 161
193 160
192 159
191 158
190 157
189 156
188 155
187 154
186 153
185 152
184 151
183 150
182 149
181 148
180 147
181 146
182 145
183 144
300 157
299 156
298 155
297 154
296 153
295 152
294 151
293 150
294 149
295 148
296 147
297 146
298 145
299 144
300 143
288 301
287 302
288 303
289 304
290 305
291 306
292 307
293 308
294 309
295 310
296 311
297 312
298 313
299 314
300 315
300 316
299 317
298 318
297 319
296 320
295 321
294 322
293 323
294 324
295 325
296 326
297 327
298 328
299 329
300 330
299 142
298 141
297 140
296 139
295 138
294 137
293 136
294 135
295 134
296 133
297 132
298 131
299 130
300 129
301 128
292 135
291 134
290 133
289 132
288 131
287 130
286 129
285 128
284 127
283 126
282 125
281 124
280 123
279 122
278 121
277 120
276 119
275 118
274 117
273 116
272 115
271 114
270 113
269 112
268 111
267 110
266 109
272 117
271 118
270 119
269 120
268 121
267 122
266 123
265 124
274 115
275 114
276 113
277 112
278 111
279 110
280 109
281 108
264 123
263 122
262 121
261 120
260 119
259 118
258 117
257 116
256 115
255 114
254 113
253 112
252 111
251 110
250 109
256 117
255 118
254 119
253 120
252 121
251 122
250 123
249 124
248 123
247 122
246 121
245 120
244 119
243 118
242 117
241 116
240 115
239 114
238 113
237 112
236 111
235 110
234 109
240 117
239 118
238 119
237 120
236 121
235 122
234 123
233 124
232 123
231 122
230 121
229 120
228 119
227 118
226 117
225 116
224 115
223 114
222 113
221 112
220 111
219 110
218 109
224 117
223 118
222 119
221 120
220 121
219 122
218 123
217 124
216 123
215 122
214 121
213 120
212 119
211 118
210 117
209 116
208 115
207 114
206 113
205 112
204 111
203 110
202 109
208 117
207 118
206 119
205 120
204 121
203 122
202 123
201 124
200 123
199 122
198 121
197 120
196 119
195 118
194 117
193 116
192 115
191 114
190 113
189 112
188 111
187 110
186 109
192 117
191 118
190 119
189 120
188 121
187 122
186 123
185 124
184 123
183 122
182 121
181 120
180 119
179 118
178 117
177 116
176 115
175 114
174 113
173 112
172 111
171 110
170 109
176 117
175 118
174 119
173 120
172 121
171 122
170 123
169 124
168 123
167 122
166 121
165 120
164 119
163 118
162 117
161 116
160 115
159 114
158 113
157 112
156 111
155 110
154 109
301 127
300 126
299 125
298 124
297 123
296 122
295 121
294 120
295 119
296 118
297 117
298 116
299 115
300 114
301 113
301 157
302 156
303 155
304 154
305 153
306 152
307 151
308 150
309 149
310 148
311 147
312 146
313 145
314 144
315 143
302 126
303 125
304 124
305 123
306 122
307 121
308 120
309 119
310 118
311 117
312 116
313 115
314 114
315 113
316 112
302 234
303 235
304 236
305 237
306 238
307 239
308 240
309 239
310 238
311 237
312 236
313 235
314 234
315 233
316 232
318 301
317 302
316 303
315 304
314 305
313 306
312 307
313 308
314 309
315 310
316 311
317 312
318 313
319 314
320 315
320 316
319 317
318 318
317 319
316 320
315 321
314 322
313 323
314 324
315 325
316 326
317 327
318 328
319 329
320 330
308 152
309 153
310 154
311 155
312 156
313 157
314 158
315 159
316 160
317 161
318 162
319 163
320 164
321 165
322 166
317 159
318 158
319 157
320 156
321 155
322 154
323 153
324 152
325 151
326 150
327 149
328 148
329 147
330 146
324 153
325 154
326 155
327 156
328 157
329 158
330 159
331 160
332 161
333 162
334 163
335 164
336 165
337 166
332 159
333 158
334 157
335 156
336 155
337 154
338 153
339 152
340 151
341 150
342 149
343 148
344 147
345 146
339 154
340 155
341 156
342 157
343 158
344 159
345 160
346 161
347 162
348 163
349 164
350 165
351 166
352 167
322 167
321 168
320 169
319 170
318 171
317 172
316 173
315 174
316 175
317 176
318 177
319 178
320 179
321 180
322 181
316 231
315 230
314 229
313 228
312 227
313 226
314 225
315 224
316 223
317 222
318 221
319 220
320 219
321 218
322 217
320 221
321 222
322 223
323 224
324 225
325 226
326 227
327 228
328 229
329 230
330 231
331 232
327 226
328 225
329 224
330 223
331 222
332 221
333 220
334 219
335 218
336 217
337 216
335 220
336 221
337 222
338 223
339 224
340 225
341 226
342 227
343 228
344 229
345 230
346 231
342 225
343 224
344 223
345 222
346 221
347 220
348 219
349 218
350 217
351 216
352 215
350 219
351 220
352 221
353 222
354 223
355 224
356 225
357 226
358 227
359 228
360 229
361 230
357 224
358 223
359 222
360 221
361 220
362 219
363 218
364 217
365 216
366 215
367 214
365 218
366 219
367 220
368 221
369 222
370 223
371 224
372 225
373 226
374 227
375 228
376 229
372 223
373 222
374 221
375 220
376 219
377 218
378 217
379 216
380 215
381 214
382 213
380 217
381 218
382 219
383 220
384 221
385 222
386 223
387 224
388 225
389 226
390 227
391 228
317 112
318 113
319 114
320 115
321 116
322 117
323 118
324 119
325 118
326 117
327 116
328 115
329 114
330 113
331 112
321 329
322 328
323 327
324 326
325 325
326 324
327 323
328 322
329 321
330 320
331 319
332 318
333 317
334 316
335 315
328 323
329 324
330 325
331 326
332 327
333 328
334 329
335 330
323 181
324 182
325 183
326 184
327 185
328 186
329 187
330 188
331 187
332 186
333 185
334 184
335 183
336 182
337 181
332 112
333 113
334 114
335 115
336 116
337 117
338 118
339 119
340 118
341 117
342 116
343 115
344 114
345 113
346 112
334 254
335 255
336 256
337 257
338 256
339 255
340 254
341 253
342 252
343 251
344 250
345 249
346 248
347 247
348 246
341 254
342 255
343 256
344 257
345 258
346 259
347 260
348 261
336 329
337 328
338 327
339 326
340 325
341 324
342 323
343 322
344 321
345 320
346 319
347 318
348 317
349 316
350 315
343 323
344 324
345 325
346 326
347 327
348 328
349 329
350 330
338 182
339 183
340 184
341 185
342 186
343 187
344 188
345 189
346 188
347 187
348 186
349 185
350 184
351 183
352 182
347 113
348 114
349 115
350 116
351 117
352 118
353 119
354 120
355 119
356 118
357 117
358 116
359 115
360 114
361 113
349 247
350 248
351 249
352 250
353 251
354 252
355 253
356 252
357 251
358 250
359 249
360 248
361 247
362 246
363 245
356 253
357 254
358 255
359 256
360 257
361 258
362 259
363 260
351 316
352 317
353 318
354 319
355 320
356 321
357 322
358 321
359 320
360 319
361 318
362 317
363 316
364 315
365 314
358 322
359 323
360 324
361 325
362 326
363 327
364 328
365 329
353 182
354 181
355 180
356 179
357 178
358 177
359 176
360 175
361 174
362 173
363 172
364 171
365 170
366 169
367 168
360 176
361 177
362 178
363 179
364 180
365 181
366 182
367 183
362 114
363 115
364 116
365 117
366 118
367 119
368 120
369 121
370 120
371 119
372 118
373 117
374 116
375 115
376 114
364 246
365 247
366 248
367 249
368 250
369 251
370 252
371 251
372 250
373 249
374 248
375 247
376 246
377 245
378 244
371 252
372 253
373 254
374 255
375 256
376 257
377 258
378 259
366 315
367 316
368 317
369 318
370 319
371 320
372 321
373 320
374 319
375 318
376 317
377 316
378 315
379 314
380 313
373 321
374 322
375 323
376 324
377 325
378 326
379 327
380 328
368 183
369 184
370 185
371 186
372 185
373 184
374 183
375 182
376 181
377 180
378 179
379 178
380 177
381 176
382 175
379 179
380 180
381 181
382 182
383 183
384 184
385 185
386 186
387 187
388 188
389 189
390 190
377 114
378 115
379 116
380 117
381 118
382 119
383 120
384 121
385 120
386 119
387 118
388 117
389 116
390 115
391 114
379 245
380 246
381 247
382 248
383 249
384 250
385 251
386 250
387 249
388 248
389 247
390 246
391 245
392 244
393 243
386 251
387 252
388 253
389 254
390 255
391 256
392 257
393 258
381 314
382 315
383 316
384 317
385 318
386 319
387 320
388 319
389 318
390 317
391 316
392 315
393 314
394 313
395 312
390 113
389 112
388 111
387 110
386 109
387 108
388 107
389 106
390 105
391 104
392 103
393 102
394 101
395 100
396 99
394 102
395 103
396 104
397 105
398 106
399 107
400 108
401 109
402 110
403 111
404 112
405 113
406 114
396 98
395 97
394 96
393 95
392 94
391 93
390 92
389 91
390 90
391 89
392 88
393 87
394 86
395 85
396 84
396 83
395 82
394 81
393 80
392 79
391 78
390 77
389 76
390 75
391 74
392 73
393 72
394 71
395 70
396 69
388 75
387 74
386 73
385 72
384 71
383 70
382 69
381 68
380 67
379 66
378 65
377 64
376 63
375 62
379 68
378 69
377 70
376 71
375 72
374 73
373 74
372 75
371 76
370 77
371 74
370 73
369 72
368 71
367 70
366 69
365 68
364 67
363 66
362 65
361 64
360 63
359 62
363 68
362 69
361 70
360 71
359 72
358 73
357 74
356 75
355 76
354 77
355 74
354 73
353 72
352 71
351 70
350 69
349 68
348 67
347 66
346 65
345 64
344 63
343 62
342 61
341 60
340 59
339 58
338 57
337 56
336 55
335 54
334 53
333 52
332 51
333 50
334 49
335 48
336 47
340 57
341 56
342 55
343 54
344 53
345 52
346 51
347 50
348 49
349 48
350 47
351 46
352 47
353 48
354 49
355 50
356 49
357 48
358 47
359 46
360 45
361 44
362 43
363 42
364 41
365 40
366 39
396 68
395 67
394 66
393 65
392 64
393 63
394 62
395 61
396 60
397 59
398 58
399 57
400 56
401 55
402 54
400 58
401 59
402 60
403 61
404 62
405 63
406 64
407 65
408 66
409 67
410 68
411 69
407 63
408 62
409 61
410 60
411 59
412 58
413 57
414 56
415 55
416 54
417 53
391 190
392 191
393 192
394 191
395 190
396 189
397 188
398 187
399 186
400 185
401 184
402 183
403 182
404 181
405 180
398 188
399 189
400 190
401 191
402 192
403 193
404 194
405 195
394 259
395 260
396 261
397 260
398 259
399 258
400 257
401 256
402 255
403 254
404 253
405 252
406 251
407 250
408 249
401 257
402 258
403 259
404 260
405 261
406 262
407 263
408 264
404 196
403 197
402 198
403 199
404 200
405 201
406 202
407 203
408 204
409 205
410 206
411 207
412 208
413 209
414 210
407 115
408 116
409 117
410 118
411 117
412 116
413 115
414 114
415 113
416 112
417 111
418 110
419 109
420 108
421 107
420 110
421 111
422 112
423 113
424 114
425 115
426 116
427 117
428 118
429 119
430 120
431 121
432 122
427 116
428 115
429 114
430 113
431 112
432 111
433 110
434 109
435 108
436 107
435 110
436 111
437 112
438 113
439 114
440 115
441 116
442 117
443 118
444 119
445 120
446 121
447 122
442 116
443 115
444 114
445 113
446 112
447 111
448 110
449 109
450 108
451 107
450 110
451 111
452 112
453 113
454 114
455 115
456 116
457 117
458 118
459 119
460 120
461 121
462 122
457 116
458 115
459 114
460 113
461 112
462 111
463 110
464 109
465 108
466 107
465 110
466 111
467 112
468 113
469 114
470 115
471 116
472 117
473 118
474 119
475 120
476 121
477 122
472 116
473 115
474 114
475 113
476 112
477 111
478 110
479 109
480 108
481 107
480 110
481 111
482 112
483 113
484 114
485 115
486 116
487 117
488 118
489 119
490 120
491 121
492 122
487 116
488 115
489 114
490 113
491 112
492 111
493 110
494 109
495 108
496 107
495 110
496 111
497 112
498 113
499 114
500 115
501 116
502 117
503 118
504 119
505 120
506 121
507 122
502 116
503 115
504 114
505 113
506 112
507 111
508 110
509 109
510 108
511 107
510 110
511 111
512 112
513 113
514 114
515 115
516 116
517 117
518 118
519 119
520 120
521 121
522 122
517 116
518 115
519 114
520 113
521 112
522 111
523 110
524 109
525 108
526 107
525 110
526 111
527 112
528 113
529 114
530 115
531 116
532 117
533 118
534 119
535 120
536 121
537 122
532 116
533 115
534 114
535 113
536 112
537 111
538 110
539 109
540 108
541 107
540 110
541 111
542 112
543 113
544 114
545 115
546 116
547 117
548 118
549 119
550 120
551 121
552 122
547 116
548 115
549 114
550 113
551 112
552 111
553 110
554 109
555 108
556 107
413 211
412 212
411 213
412 214
413 215
414 216
415 217
416 218
417 219
418 220
419 221
420 222
421 223
422 224
423 225
419 219
420 218
421 217
422 216
423 215
424 214
425 213
426 212
427 211
428 210
429 209
427 213
428 214
429 215
430 216
431 217
432 218
433 219
434 220
435 221
436 222
437 223
438 224
432 216
433 215
434 214
435 213
436 212
437 211
438 210
439 209
440 208
441 207
442 206
443 205
444 204
423 226
422 227
421 228
420 229
419 230
420 231
421 232
422 233
423 234
424 235
425 236
426 237
427 238
428 239
429 240
428 241
427 242
426 243
425 244
424 245
423 246
424 247
425 248
426 249
427 250
428 251
429 252
430 253
431 254
432 255
443 203
442 202
441 201
440 200
439 199
438 198
437 197
436 196
435 195
434 194
433 193
432 192
431 191
432 190
433 189
433 188
432 187
431 186
430 185
429 184
428 183
427 182
426 181
427 180
428 179
429 178
430 177
431 176
432 175
433 174
432 173
431 172
430 171
429 170
428 169
427 168
426 167
425 166
426 165
427 164
428 163
429 162
430 161
431 160
432 159
425 164
424 163
423 162
422 161
421 160
420 159
419 158
418 157
417 156
416 155
415 154
414 153
413 152
412 151
411 150
418 155
419 154
420 153
421 152
422 151
423 150
424 149
425 148
426 147
427 146
428 145
429 144
430 143
410 151
409 152
408 153
407 154
406 153
405 152
404 151
403 150
402 149
401 148
400 147
399 146
398 145
397 144
396 143
395 143
394 144
393 145
392 146
391 147
390 148
389 149
388 150
387 149
386 148
385 147
384 146
383 145
382 144
381 143
431 256
430 257
429 258
428 259
427 260
426 261
425 262
426 263
427 264
428 265
429 266
430 267
431 268
432 269
433 270
433 271
432 272
431 273
430 274
429 275
428 276
427 277
426 278
427 279
428 280
429 281
430 282
431 283
432 284
433 285
432 286
431 287
430 288
429 289
428 290
427 291
426 292
425 293
424 294
425 295
426 296
427 297
428 298
429 299
430 300
432 287
433 288
434 289
435 290
436 291
437 292
438 293
439 294
440 295
441 296
442 297
443 298
444 299
445 300
435 288
436 287
437 286
438 285
439 284
440 283
441 282
442 281
443 280
444 279
445 278
446 277
447 276
448 275
430 301
429 302
428 303
427 304
426 305
425 306
424 307
423 308
422 309
421 310
422 311
423 312
424 313
425 314
426 315
429 303
430 304
431 305
432 306
433 307
434 308
435 309
436 310
437 311
438 312
439 313
440 314
441 315
425 316
424 317
423 318
422 319
421 320
420 321
419 322
418 323
417 324
416 325
415 326
416 327
417 328
418 329
419 330
423 319
424 320
425 321
426 322
427 323
428 324
429 325
430 326
431 327
432 328
433 329
434 330
418 331
417 332
416 333
415 334
414 335
413 336
412 337
411 338
410 339
409 340
408 341
407 342
406 343
405 344
406 345
413 337
414 338
415 339
416 340
417 341
418 342
419 343
420 344
421 345
404 345
403 346
402 347
401 348
400 349
399 350
398 351
397 352
396 353
395 354
394 355
393 356
392 355
391 354
392 357
391 358
390 359
389 360
388 361
387 362
386 363
385 364
384 365
383 366
382 367
381 368
380 369
379 369
378 370
377 371
376 372
375 371
374 370
373 369
372 368
371 367
370 366
369 365
368 364
367 363
366 362
365 361
371 369
370 370
369 371
368 372
367 373
366 374
365 375
364 376
363 375
362 374
361 373
360 372
359 371
358 370
357 369
356 368
355 367
354 366
353 365
352 364
351 363
350 362
349 361
355 369
354 370
353 371
352 372
351 373
350 374
349 375
348 376
347 377
346 376
345 375
344 374
343 373
342 372
341 371
340 370
339 369
338 368
337 367
336 366
335 365
334 364
333 363
346 378
345 379
344 380
343 381
344 382
345 383
346 384
347 385
348 386
349 387
350 388
351 389
352 390
353 391
344 384
343 385
342 386
341 387
340 388
339 389
338 390
337 391
336 392
335 393
334 394
353 392
352 393
351 394
350 395
349 396
348 397
347 398
346 399
347 400
348 401
349 402
350 403
351 404
352 405
353 406
350 405
349 406
348 407
347 408
346 409
345 410
344 411
343 412
342 413
341 414
340 415
339 416
338 417
337 418
344 413
345 414
346 415
347 416
348 417
349 418
350 419
351 420
352 421
336 418
335 419
334 420
333 421
332 422
331 423
330 424
329 425
328 426
327 425
326 424
325 423
324 422
323 421
322 420
321 420
320 421
319 422
318 423
317 424
316 425
315 426
314 427
313 426
312 425
311 424
310 423
309 422
308 421
307 420
353 421
354 422
355 423
356 424
357 425
358 426
359 427
360 428
361 427
362 426
363 425
364 424
365 423
366 422
367 421
366 420
365 419
366 418
367 417
368 416
369 415
370 414
371 413
372 412
373 411
374 410
375 409
376 408
377 407
378 406
373 412
374 413
375 414
376 415
377 416
378 417
379 418
380 419
381 420
382 421
381 422
382 423
383 424
384 425
385 426
386 427
387 428
388 429
389 430
390 431
391 432
392 433
393 434
394 435
395 436
389 429
390 428
391 427
392 426
393 425
394 424
395 423
396 422
397 421
397 423
398 424
399 425
400 426
401 427
402 428
403 429
404 430
405 431
406 432
407 433
408 434
409 435
410 436
395 437
394 438
393 439
392 440
391 441
390 442
389 443
388 444
389 445
390 446
391 447
392 448
393 449
394 450
395 451
411 436
412 435
413 434
414 433
415 432
416 431
417 430
418 429
419 428
420 427
421 426
422 425
423 424
424 423
425 422
418 430
419 431
420 432
421 433
422 434
423 435
424 436
425 437
421 346
420 347
421 348
422 349
423 350
424 351
425 352
426 353
427 354
428 355
429 356
430 357
431 358
432 359
433 360
428 353
429 352
430 351
431 350
432 349
433 348
434 347
435 346
436 345
433 361
432 362
431 363
430 364
429 365
428 366
427 367
426 368
427 369
428 370
429 371
430 372
431 373
432 374
433 375
433 376
432 377
431 378
430 379
429 380
428 381
427 382
426 383
425 384
426 385
427 386
428 387
429 388
430 389
431 390
426 422
427 423
428 424
429 425
430 426
431 427
432 428
433 427
434 426
435 425
436 424
437 423
438 422
439 421
440 420
433 428
434 429
435 430
436 431
437 432
438 433
439 434
440 435
433 255
434 256
435 255
436 254
437 253
438 252
439 251
440 250
441 249
442 248
443 247
444 246
445 245
446 244
447 243
437 345
438 346
439 347
440 348
441 349
442 348
443 347
444 346
445 345
446 344
447 343
448 342
449 341
450 340
451 339
441 434
442 433
443 432
444 431
445 430
446 429
447 428
448 427
449 426
450 425
451 424
452 423
453 422
454 421
455 420
448 428
449 429
450 430
451 431
452 432
453 433
454 434
455 435
445 205
446 206
447 205
448 204
449 203
450 202
451 201
452 200
453 199
454 198
455 197
456 196
457 195
458 194
459 193
446 242
447 241
448 240
449 239
450 238
451 237
452 236
453 235
454 234
455 233
456 232
457 231
458 230
459 229
460 228
454 235
455 236
456 237
457 238
458 239
459 240
460 241
461 242
462 243
462 241
463 240
464 239
465 238
466 237
467 236
468 235
469 234
470 233
471 232
472 231
473 230
474 229
475 228
469 235
470 236
471 237
472 238
473 239
474 240
475 241
476 242
477 243
477 241
478 240
479 239
480 238
481 237
482 236
483 235
484 234
485 233
486 232
487 231
488 230
489 229
490 228
484 235
485 236
486 237
487 238
488 239
489 240
490 241
491 242
492 243
492 241
493 240
494 239
495 238
496 237
497 236
498 235
499 234
500 233
501 232
502 231
503 230
504 229
505 228
499 235
500 236
501 237
502 238
503 239
504 240
505 241
506 242
507 243
507 241
508 240
509 239
510 238
511 237
512 236
513 235
514 234
515 233
516 232
517 231
518 230
519 229
520 228
514 235
515 236
516 237
517 238
518 239
519 240
520 241
521 242
522 243
446 300
447 301
448 302
449 303
450 304
451 305
452 304
453 303
454 302
455 301
456 300
457 299
458 298
459 297
460 296
453 304
454 305
455 306
456 307
457 308
458 309
459 310
460 311
461 244
460 245
459 246
458 247
457 248
456 249
455 250
456 251
457 252
458 253
459 254
460 255
461 256
462 257
463 258
449 275
450 276
451 277
452 278
453 279
454 280
455 281
456 280
457 279
458 278
459 277
460 276
461 275
462 274
463 273
452 339
453 340
454 341
455 342
456 343
457 344
458 345
459 346
460 345
461 344
462 343
463 342
464 341
465 340
466 339
461 345
462 346
463 347
464 348
465 349
466 350
467 351
468 352
469 353
470 354
469 351
470 350
471 349
472 348
473 347
474 346
475 345
476 344
477 343
478 342
479 341
480 340
481 339
476 345
477 346
478 347
479 348
480 349
481 350
482 351
483 352
484 353
485 354
484 351
485 350
486 349
487 348
488 347
489 346
490 345
491 344
492 343
493 342
494 341
495 340
496 339
491 345
492 346
493 347
494 348
495 349
496 350
497 351
498 352
499 353
500 354
499 351
500 350
501 349
502 348
503 347
504 346
505 345
506 344
507 343
508 342
509 341
510 340
511 339
459 192
458 191
457 190
458 189
459 188
460 187
461 186
462 185
463 184
464 183
465 182
466 181
467 180
468 179
469 178
465 184
466 185
467 186
468 187
469 188
470 189
471 190
472 191
473 192
474 193
472 189
473 188
474 187
475 186
476 185
477 184
478 183
479 182
480 181
481 180
482 179
483 178
484 177
480 183
481 184
482 185
483 186
484 187
485 188
486 189
487 190
488 191
489 192
487 188
488 187
489 186
490 185
491 184
492 183
493 182
494 181
495 180
496 179
497 178
498 177
499 176
495 182
496 183
497 184
498 185
499 186
500 187
501 188
502 189
503 190
504 191
456 434
457 433
458 432
459 431
460 430
461 429
462 428
463 427
464 426
465 425
466 424
467 423
468 422
469 421
470 420
463 428
464 429
465 430
466 431
467 432
468 433
469 434
470 435
461 297
462 298
463 299
464 300
465 301
466 302
467 303
468 302
469 301
470 300
471 299
472 298
473 297
474 296
475 295
468 303
469 304
470 305
471 306
472 307
473 308
474 309
475 310
464 274
465 275
466 276
467 277
468 278
469 277
470 276
471 275
472 274
473 273
474 272
475 271
476 270
477 269
478 268
471 434
472 433
473 432
474 431
475 430
476 429
477 428
478 427
479 426
480 425
481 424
482 423
483 422
484 421
485 420
478 428
479 429
480 430
481 431
482 432
483 433
484 434
485 435
476 310
477 311
478 312
479 311
480 310
481 309
482 308
483 307
484 306
485 305
486 304
487 303
488 302
489 301
490 300
483 308
484 309
485 310
486 311
487 312
488 313
489 314
490 315
479 269
480 270
481 271
482 272
483 273
484 274
485 275
486 274
487 273
488 272
489 271
490 270
491 269
492 268
493 267
486 435
487 434
488 433
489 432
490 431
491 430
492 429
493 428
494 427
495 426
496 425
497 424
498 423
499 422
500 421
493 429
494 430
495 431
496 432
497 433
498 434
499 435
500 436
491 315
492 314
493 313
494 312
495 311
496 310
497 309
498 308
499 307
500 306
501 305
502 304
503 303
504 302
505 301
498 309
499 310
500 311
501 312
502 313
503 314
504 315
505 316
493 268
494 269
495 270
496 271
497 272
498 273
499 274
500 275
501 276
502 277
503 278
504 279
505 280
506 281
507 282
501 274
502 273
503 272
504 271
505 270
506 269
507 268
508 267
501 435
502 434
503 433
504 432
505 431
506 430
507 429
508 428
509 427
510 426
511 425
512 424
513 423
514 422
515 421
508 429
509 430
510 431
511 432
512 433
513 434
514 435
515 436
505 192
506 193
507 194
508 195
509 196
510 197
511 198
512 199
513 200
514 199
515 198
516 197
517 196
518 195
519 194
506 301
507 302
508 303
509 304
510 305
511 306
512 305
513 304
514 303
515 302
516 301
517 300
518 299
519 298
520 297
511 307
510 308
509 309
510 310
511 311
512 312
513 313
514 314
515 315
516 316
517 317
518 318
519 319
520 320
509 268
510 269
511 270
512 271
513 272
514 273
515 274
516 275
517 276
518 275
519 274
520 273
521 272
522 271
523 270
512 339
513 340
514 341
515 342
516 343
517 344
518 345
519 346
520 345
521 344
522 343
523 342
524 341
525 340
526 339
516 435
517 434
518 433
519 432
520 431
521 430
522 429
523 428
524 427
525 426
526 425
527 424
528 423
529 422
530 421
523 429
524 430
525 431
526 432
527 433
528 434
529 435
530 436
520 194
521 195
522 196
523 197
524 198
525 199
526 200
527 201
528 200
529 199
530 198
531 197
532 196
533 195
534 194
530 200
531 201
532 202
533 203
534 204
535 205
536 206
537 207
538 208
539 209
537 205
538 204
539 203
540 202
541 201
542 200
543 199
544 198
545 197
546 196
547 195
548 194
549 193
521 298
522 299
523 300
524 301
525 302
526 303
527 304
528 303
529 302
530 301
531 300
532 299
533 298
534 297
535 296
530 302
531 303
532 304
533 305
534 306
535 307
536 308
537 309
538 310
539 311
538 308
539 307
540 306
541 305
542 304
543 303
544 302
545 301
546 300
547 299
548 298
549 297
550 296
523 243
524 244
525 245
526 246
527 247
528 248
529 249
530 248
531 247
532 246
533 245
534 244
535 243
536 242
537 241
531 248
532 249
533 250
534 251
535 252
536 253
537 254
538 255
539 256
539 254
540 253
541 252
542 251
543 250
544 249
545 248
546 247
547 246
548 245
549 244
550 243
551 242
552 241
524 271
525 272
526 273
527 274
528 275
529 276
530 277
531 278
532 277
533 276
534 275
535 274
536 273
537 272
538 271
539 210
538 211
537 212
536 213
535 214
534 215
533 216
532 217
533 218
534 219
535 220
536 221
537 222
538 223
539 224
527 340
528 339
529 338
530 337
531 336
532 335
533 334
534 333
535 332
536 331
537 330
538 329
539 328
540 327
541 326
534 334
535 335
536 336
537 337
538 338
539 339
540 340
541 341
541 342
540 343
539 344
538 345
537 346
536 347
535 348
534 349
535 350
536 351
537 352
538 353
539 354
540 355
541 356
531 435
532 434
533 433
534 432
535 431
536 430
537 429
538 428
539 427
540 426
541 425
542 424
543 423
544 422
545 421
538 429
539 430
540 431
541 432
542 433
543 434
544 435
545 436
546 436
547 437
548 438
549 439
550 440
551 439
552 438
553 437
554 436
555 435
556 434
557 433
558 432
559 431
560 430
557 107
558 108
559 109
560 110
561 111
562 112
563 113
564 114
565 113
566 112
567 111
568 110
569 109
570 108
571 107
569 111
570 112
571 113
572 114
573 115
574 116
575 117
576 118
577 119
578 120
579 121
580 122
576 116
577 115
578 114
579 113
580 112
581 111
582 110
583 109
584 108
585 107
586 106
584 110
585 111
586 112
587 113
588 114
589 115
590 116
591 117
592 118
593 119
594 120
595 121
561 430
562 431
563 432
564 433
565 434
566 435
567 436
568 437
569 436
570 435
571 434
572 433
573 432
574 431
575 430
579 123
578 124
577 125
576 126
575 127
574 128
573 129
574 130
575 131
576 132
577 133
578 134
579 135
580 136
581 137
580 138
579 139
578 140
577 141
576 142
575 143
574 144
573 145
572 146
573 147
574 148
575 149
576 150
577 151
578 152
580 139
581 140
582 141
583 142
584 143
585 144
586 145
587 146
588 147
589 148
590 149
591 150
592 151
593 152
588 145
589 144
590 143
591 142
592 141
593 140
594 139
595 138
596 137
577 153
576 154
575 155
574 156
573 157
572 158
573 159
574 160
575 161
576 162
577 163
578 164
579 165
580 166
581 167
581 168
580 169
579 170
578 171
577 172
576 173
575 174
574 175
575 176
576 177
577 178
578 179
579 180
580 181
581 182
581 183
580 184
579 185
578 186
577 187
576 188
575 189
574 190
573 191
572 192
571 193
570 194
571 195
572 196
573 197
578 187
579 188
580 189
581 190
582 191
583 192
584 193
585 194
586 195
587 196
588 197
585 192
586 191
587 190
588 189
589 188
590 187
591 186
592 185
593 184
594 183
595 182
596 181
572 198
571 199
570 200
569 201
568 202
567 203
568 204
569 205
570 206
571 207
572 208
573 209
574 210
575 211
576 212
576 213
575 214
574 215
573 216
572 217
571 218
570 219
569 220
570 221
571 222
572 223
573 224
574 225
575 226
576 227
576 228
575 229
574 230
573 231
572 232
571 233
570 234
569 235
570 236
571 237
572 238
573 239
574 240
575 241
576 242
576 243
575 244
574 245
573 246
572 247
571 248
570 249
569 250
570 251
571 252
572 253
573 254
574 255
575 256
576 257
576 258
575 259
574 260
573 261
572 262
571 263
570 264
569 265
570 266
571 267
572 268
573 269
574 270
575 271
576 272
575 273
574 274
573 275
572 276
571 277
570 278
569 279
568 280
569 281
570 282
571 283
572 284
573 285
574 286
575 287
575 288
574 289
573 290
572 291
571 292
570 293
569 294
568 295
569 296
570 297
571 298
572 299
573 300
574 301
575 302
575 303
574 304
573 305
572 306
571 307
570 308
569 309
568 310
569 311
570 312
571 313
572 314
573 315
574 316
575 317
575 318
574 319
573 320
572 321
571 322
570 323
569 324
568 325
569 326
570 327
571 328
572 329
573 330
574 331
575 332
575 333
574 334
573 335
572 336
571 337
570 338
569 339
568 340
569 341
570 342
571 343
572 344
573 345
574 346
575 347
575 348
574 349
573 350
572 351
571 352
572 353
573 354
574 355
575 356
576 357
577 358
578 359
579 360
580 361
581 362
579 358
580 357
581 356
582 355
583 354
584 353
585 352
586 351
587 350
588 349
589 348
590 347
586 352
587 353
588 354
589 355
590 356
591 357
592 358
593 359
594 360
595 361
596 362
592 356
593 355
594 354
595 353
596 352
597 351
598 350
599 349
600 348
601 347
602 346
603 345
604 344
605 343
602 344
601 343
600 342
599 341
598 340
597 339
596 338
595 337
594 336
593 335
592 334
591 333
590 332
581 363
580 364
579 365
578 366
577 367
576 368
575 369
574 370
575 371
576 372
577 373
578 374
579 375
580 376
581 377
580 378
579 379
578 380
577 381
576 382
575 383
574 384
573 385
572 386
573 387
574 388
575 389
576 390
577 391
578 392
580 379
581 380
582 381
583 382
584 383
585 384
586 385
587 386
588 387
589 388
590 389
591 390
592 391
593 392
588 385
589 384
590 383
591 382
592 381
593 380
594 379
595 378
596 377
595 379
596 380
597 381
598 382
599 383
600 384
601 385
602 386
603 387
604 388
605 389
606 390
607 391
608 392
577 393
576 394
575 395
574 396
573 397
572 398
573 399
574 400
575 401
576 402
577 403
578 404
579 405
580 406
581 407
576 301
577 300
578 299
579 298
580 297
581 296
582 295
583 294
584 293
585 292
586 291
587 290
588 289
589 288
590 287
583 295
584 296
585 297
586 298
587 299
588 300
589 301
590 302
576 331
577 330
578 329
579 328
580 327
581 326
582 325
583 324
584 323
585 322
586 321
587 320
588 319
589 318
590 317
576 430
577 431
578 432
579 433
580 432
581 431
582 430
583 429
584 428
585 427
586 426
587 425
588 424
589 423
590 422
583 430
584 431
585 432
586 433
587 434
588 435
589 436
590 437
577 226
578 225
579 224
580 223
581 222
582 221
583 220
584 219
585 218
586 217
587 216
588 215
589 214
590 213
591 212
584 220
585 221
586 222
587 223
588 224
589 225
590 226
591 227
577 256
578 255
579 254
580 253
581 252
582 251
583 250
584 249
585 248
586 247
587 246
588 245
589 244
590 243
591 242
584 250
585 251
586 252
587 253
588 254
589 255
590 256
591 257
589 286
588 285
587 284
586 283
585 282
584 281
583 280
584 279
585 278
586 277
587 276
588 275
589 274
590 273
591 272
590 421
589 420
588 419
587 418
586 417
587 416
588 415
589 414
590 413
591 412
592 411
593 410
594 409
595 408
596 407
591 318
592 319
593 318
594 317
595 316
596 315
597 314
598 313
599 312
600 311
601 310
602 309
603 308
604 307
605 306
592 213
593 214
594 215
595 214
596 213
597 212
598 211
599 210
600 209
601 208
602 207
603 206
604 205
605 204
606 203
592 242
593 243
594 244
595 245
596 244
597 243
598 242
599 241
600 240
601 239
602 238
603 237
604 236
605 235
606 234
592 272
593 273
594 274
595 275
596 276
597 277
598 276
599 275
600 274
601 273
602 272
603 271
604 270
605 269
606 268
594 152
595 153
596 154
597 155
598 156
599 157
600 158
601 159
602 160
603 159
604 158
605 157
606 156
607 155
608 154
606 306
607 307
608 308
609 309
610 310
611 311
612 312
613 313
614 312
615 311
616 310
617 309
618 308
619 307
620 306
606 343
607 344
608 345
609 346
610 347
611 348
612 349
613 348
614 347
615 346
616 345
617 344
618 343
619 342
620 341
607 204
608 205
609 206
610 207
611 208
612 209
613 210
614 209
615 208
616 207
617 206
618 205
619 204
620 203
621 202
607 234
608 235
609 236
610 237
611 238
612 239
613 240
614 241
615 240
616 239
617 238
618 237
619 236
620 235
621 234
607 268
608 269
609 270
610 271
611 272
612 273
613 274
614 275
615 274
616 273
617 272
618 271
619 270
620 269
621 268
608 153
609 152
610 151
611 150
612 149
613 148
614 147
615 146
616 145
617 144
618 143
619 142
620 141
621 140
622 139
616 147
617 148
618 149
619 150
620 151
621 152
622 153
623 154
609 393
610 394
611 395
612 394
613 393
614 392
615 391
616 390
617 389
618 388
619 387
620 386
621 385
622 384
623 383
616 391
617 392
618 393
619 394
620 395
621 396
622 397
623 398
622 155
621 156
620 157
619 158
618 159
617 160
618 161
619 162
620 163
621 164
622 165
623 166
624 167
625 168
626 169
625 166
626 165
627 164
628 163
629 162
630 161
631 160
632 159
633 158
634 157
635 156
636 155
637 154
638 153
622 399
621 400
620 401
619 402
618 403
617 404
618 405
619 406
620 407
621 408
622 409
623 410
624 411
625 412
626 413
625 410
626 409
627 408
628 407
629 406
630 405
631 404
632 403
633 402
634 401
635 400
636 399
637 398
638 397
623 152
624 151
625 150
626 149
627 148
628 147
629 146
630 145
631 144
632 143
633 142
634 141
635 140
636 139
637 138
484 419
485 418
486 417
487 416
488 415
489 414
490 413
491 412
492 411
493 410
494 409
495 408
496 407
497 406
498 405
499 404
491 410
490 409
489 408
488 407
487 406
486 405
485 404
484 403
500 404
501 405
502 406
503 407
504 408
505 409
506 408
507 407
508 406
509 405
510 404
511 403
512 402
513 401
514 400
101 199
100 198
99 197
98 196
97 195
96 194
95 193
94 192
93 191
92 190
91 189
90 188
89 187
88 186
87 185
86 184
85 183
84 183
83 184
82 185
81 186
80 187
79 188
78 189
77 190
76 189
75 188
74 187
73 186
72 185
71 184
70 183
69 183
68 184
67 185
66 186
65 187
64 188
63 189
62 190
61 189
60 188
59 187
58 186
57 185
56 184
55 183
71 182
72 181
73 180
74 179
75 178
76 177
77 176
78 175
79 174
80 173
81 172
82 171
83 170
84 169
85 168
86 167
87 166
134 391
133 392
132 393
131 394
130 395
129 396
128 397
127 398
126 399
125 400
124 401
123 402
122 403
121 404
122 405
123 406
124 407
132 376
131 377
130 376
129 375
128 374
127 373
126 372
125 371
124 370
123 369
122 368
121 367
120 366
119 365
118 364
117 363
116 362
115 361
114 361
113 362
112 363
111 364
110 365
109 366
108 367
107 368
106 367
105 366
104 365
103 364
102 363
101 362
100 361
99 361
98 362
97 363
96 364
95 365
94 366
93 367
92 368
91 367
90 366
89 365
88 364
87 363
86 362
85 361
84 362
83 363
82 364
81 365
80 366
79 367
78 366
77 365
76 364
75 363
74 362
73 361
72 360
71 359
70 358
69 358
68 359
67 360
66 361
65 362
64 363
63 364
62 365
61 364
60 363
59 362
58 361
57 360
56 359
55 358
282 107
283 106
284 105
285 104
286 103
287 102
288 101
289 100
290 99
291 98
292 97
293 96
294 95
295 94
296 93
297 92
298 91
299 90
300 89
299 88
298 87
297 86
296 85
295 84
294 83
293 82
292 81
291 80
290 79
289 78
290 77
291 76
292 75
293 74
297 84
298 83
299 82
300 81
301 80
302 79
303 78
304 77
305 76
306 75
307 74
308 73
292 73
291 72
290 71
289 70
288 69
287 68
286 67
285 66
284 65
283 64
282 63
283 62
284 61
285 60
286 59
290 69
291 68
292 67
293 66
294 65
295 64
296 63
297 62
298 61
299 60
300 59
301 58
123 408
122 409
121 410
120 411
119 412
118 413
117 414
116 415
115 416
114 417
113 418
112 419
111 420
110 421
109 422
108 423
107 424
106 425
105 426
106 427
387 444
386 445
385 446
384 447
383 448
382 449
381 450
380 451
379 452
378 453
377 454
376 455
375 456
374 457
373 458
372 459
371 460
370 461
369 462
368 463
367 463
366 464
365 465
364 466
363 467
362 466
361 465
360 464
359 463
358 462
357 461
356 460
355 459
354 458
353 457
359 465
358 466
357 467
356 468
355 469
354 470
353 471
352 472
357 468
358 469
359 470
360 471
361 472
362 473
363 474
364 475
365 476
366 477
367 478
363 476
362 477
361 478
360 479
359 480
358 481
357 482
356 483
355 484
354 485
353 486
352 487
357 483
358 484
359 485
360 486
361 487
362 488
363 489
364 490
365 491
366 492
367 493
363 491
362 492
361 493
360 494
359 495
358 496
357 497
356 498
355 499
354 500
353 501
352 502
351 487
350 486
349 485
348 484
347 483
346 482
345 481
344 480
343 479
342 478
341 477
340 476
339 475
338 474
337 473
343 481
342 482
341 483
340 484
339 485
338 486
337 487
336 488
461 123
460 124
459 125
458 126
457 127
458 128
459 129
460 130
461 131
462 132
463 133
464 134
465 135
466 136
467 137
468 138
469 139
470 140
471 141
472 142
473 142
474 143
475 144
476 145
477 146
478 147
479 148
480 149
481 148
482 147
483 146
484 145
485 144
486 143
487 142
488 142
489 143
490 144
491 145
492 146
493 147
494 148
495 149
496 148
497 147
498 146
499 145
500 144
501 143
502 142
375 457
376 458
377 459
378 460
379 461
380 462
381 463
382 464
383 465
384 466
385 467
386 468
387 469
388 470
389 471
390 472
391 473
392 474
393 475
394 476
395 477
394 478
393 479
392 480
391 481
392 482
393 483
394 484
395 485
396 486
397 487
398 488
399 489
400 490
401 491
402 492
399 488
400 487
401 486
402 485
403 484
404 483
405 482
406 481
407 480
408 479
409 478
410 477
85 286
84 287
83 288
82 289
81 290
80 291
79 292
78 293
77 294
76 295
75 296
74 295
73 294
72 293
71 292
70 291
69 290
68 289
67 288
66 287
65 286
64 285
72 295
71 296
70 297
69 298
68 299
67 300
66 301
65 302
64 303
63 304
62 305
61 306
313 428
312 429
311 430
310 431
309 432
308 433
307 434
306 435
305 436
304 437
303 438
302 439
301 440
302 441
303 442
304 443
305 444
306 445
307 446
308 447
309 448
310 449
300 439
299 438
298 437
297 436
296 435
295 434
294 433
293 432
292 431
291 430
290 429
289 428
288 427
287 426
286 425
285 424
284 423
283 424
282 425
281 426
280 427
279 428
278 429
277 430
276 429
275 428
274 427
273 426
272 425
271 424
270 423
269 422
268 422
267 423
266 424
265 425
264 426
263 427
262 428
261 429
260 428
259 427
258 426
257 425
256 424
255 423
254 422
253 422
252 423
251 424
250 425
249 426
248 427
247 428
246 429
245 428
244 427
243 426
242 425
241 424
240 423
239 422
238 423
237 424
236 425
235 426
234 427
233 428
232 429
231 428
230 427
229 426
228 425
227 424
226 423
225 422
224 421
223 421
222 422
221 423
220 424
219 425
218 426
217 427
216 428
215 427
214 426
213 425
212 424
211 423
210 422
209 421
208 421
207 422
206 423
205 424
204 425
203 426
202 427
201 428
200 427
199 426
198 425
197 424
196 423
195 422
194 421
193 421
192 422
191 423
190 424
189 425
188 426
187 427
186 428
185 427
184 426
183 425
182 424
181 423
180 422
179 421
178 422
177 423
176 424
175 425
174 426
173 427
172 428
171 427
170 426
169 425
168 424
167 423
166 422
165 421
164 420
170 428
169 429
168 430
167 431
166 432
165 433
164 434
163 435
223 420
222 419
221 418
222 417
223 416
224 415
225 414
226 413
227 412
228 411
229 410
230 409
231 408
232 407
233 406
234 405
235 404
236 403
237 402
238 401
239 400
240 399
240 398
239 397
238 396
237 395
236 394
235 393
234 392
233 391
234 390
235 389
236 388
237 387
238 386
239 385
240 384
253 421
252 420
251 419
252 418
253 417
254 416
255 415
256 414
257 413
258 412
259 411
260 410
261 409
262 408
263 407
264 406
265 405
266 404
267 403
268 402
269 401
270 400
270 399
269 398
268 397
267 396
266 395
265 394
264 393
263 392
264 391
265 390
266 389
267 388
268 387
269 386
270 385
571 158
570 159
569 160
568 161
567 162
566 163
565 164
564 165
563 166
562 167
561 168
560 169
559 168
558 167
557 166
556 165
555 164
554 163
553 162
552 161
551 160
550 159
571 398
570 399
569 400
568 401
567 402
566 401
565 400
564 399
563 398
562 397
561 396
560 395
559 394
558 393
557 392
556 391
555 390
554 389
553 388
552 387
551 386
550 385
76 175
75 174
74 173
73 172
72 171
71 170
70 169
69 168
68 167
67 166
66 165
65 164
64 163
63 162
62 161
61 160
60 159
59 158
58 157
57 156
56 155
55 154
54 153
335 488
334 489
333 490
332 491
331 492
330 493
329 492
328 491
327 490
326 489
325 488
324 487
323 486
322 485
321 484
320 483
319 482
318 481
317 480
316 479
315 478
314 477
313 476
318 483
317 484
316 485
315 486
314 487
313 488
312 489
311 490
310 491
310 489
309 488
308 487
307 486
306 485
305 484
304 483
303 482
302 481
301 480
300 479
299 478
298 477
297 476
302 483
301 484
300 485
299 486
298 487
297 488
296 489
295 490
294 491
53 153
52 154
51 155
50 156
49 157
48 158
47 159
46 160
45 161
44 162
43 163
42 164
41 165
40 166
39 167
38 168
37 169
36 170
35 171
34 172
33 173
32 174
31 175
30 176
78 368
77 369
76 370
75 371
74 372
73 373
72 374
71 375
70 376
69 377
68 378
67 379
66 380
65 381
64 382
63 383
62 384
61 385
60 386
59 387
58 388
57 389
56 390
55 391
54 358
53 359
52 360
51 361
50 362
49 363
48 364
47 365
46 366
45 367
44 368
43 369
42 370
41 371
40 370
39 369
38 368
37 367
36 366
35 365
34 364
33 363
32 362
31 361
30 360
29 359
28 358
27 357
26 356
25 355
24 354
23 353
22 352
21 351
20 350
19 349
18 348
17 347
16 346
15 345
14 344
13 343
12 342
13 341
14 340
15 339
16 338
17 337
18 336
19 335
20 334
21 333
88 281
87 280
86 279
85 278
84 277
83 276
82 275
81 274
80 273
79 272
78 271
77 270
76 269
75 268
74 267
73 266
72 265
71 264
70 263
69 262
68 261
67 260
66 259
65 258
64 257
63 256
62 255
61 254
60 253
59 252
58 251
57 250
56 249
55 248
54 247
53 246
52 245
53 244
54 243
55 242
56 241
57 240
58 239
59 238
60 237
61 236
51 244
50 243
49 242
48 241
47 240
46 239
45 238
44 237
43 236
42 235
41 234
40 233
39 232
38 231
37 230
36 229
35 228
34 227
33 226
32 225
31 224
30 223
29 222
28 221
27 220
26 219
25 218
24 217
23 216
22 215
518 347
517 348
516 349
515 350
514 351
513 352
514 353
515 354
329 189
328 190
327 191
326 192
325 193
324 194
323 195
322 196
321 197
320 198
319 199
320 200
321 201
322 202
540 257
541 258
542 259
543 260
544 261
545 262
546 263
547 264
548 265
549 266
550 267
551 268
552 269
553 270
133 342
132 343
131 344
130 345
129 346
128 347
127 348
126 349
125 348
124 347
123 346
122 345
121 344
120 343
119 342
66 164
67 163
68 162
69 161
70 160
71 159
72 158
73 157
74 156
75 155
76 154
77 153
78 152
79 151
80 150
81 149
82 148
83 147
84 146
85 145
86 144
87 143
112 136
111 137
110 138
109 139
108 140
107 141
106 142
105 143
104 144
263 391
262 390
261 389
260 388
259 387
258 386
257 385
256 384
255 383
118 343
117 344
116 345
115 346
114 347
113 348
112 349
111 350
110 349
109 348
108 347
107 346
106 345
105 344
104 343
103 342
183 362
182 363
181 364
180 365
179 366
178 367
177 368
176 369
175 370
174 371
173 372
172 373
173 374
174 375
175 376
176 377
177 378
178 379
179 380
180 381
181 382
348 68
347 69
346 70
345 71
344 72
343 73
342 74
341 75
340 76
339 77
502 188
503 187
504 186
505 185
506 184
507 183
508 182
509 181
510 180
511 179
512 178
513 177
514 176
395 355
396 356
397 357
398 358
399 359
400 360
401 361
402 362
403 363
404 364
405 365
103 222
102 223
101 224
100 225
99 226
98 227
97 228
96 229
95 230
94 231
93 232
92 233
91 234
300 331
299 332
298 333
297 334
296 335
295 336
294 337
295 338
296 339
297 340
298 341
299 342
300 343
301 344
302 345
501 355
502 356
503 357
504 358
505 359
506 360
507 361
508 362
509 363
510 364
511 365
512 366
513 367
514 368
515 369
330 494
329 495
328 496
329 497
330 498
331 499
332 500
333 501
334 502
335 503
155 112
154 113
153 114
152 115
151 116
150 117
149 118
148 119
147 120
146 121
145 122
144 123
110 229
109 230
108 231
109 232
110 233
111 234
112 235
113 236
100 318
101 319
102 320
103 321
104 322
105 323
106 324
107 325
431 391
432 392
433 393
434 394
435 395
436 396
437 397
438 398
439 399
440 400
441 401
442 402
443 403
120 404
119 405
118 406
117 405
116 404
115 403
114 402
113 401
112 400
111 399
110 398
109 397
108 396
107 395
106 394
105 393
104 392
103 391
102 390
567 341
566 342
565 343
564 344
563 345
562 346
561 347
560 348
559 349
558 350
557 349
556 348
182 382
183 383
184 384
185 385
186 386
187 387
188 388
189 389
190 388
191 387
192 386
193 385
194 384
195 383
196 382
144 204
143 205
142 206
141 207
140 206
139 205
138 204
137 203
92 369
91 370
90 371
89 372
88 373
87 374
86 375
87 376
88 377
592 116
593 115
594 114
595 113
596 112
597 111
598 110
599 109
600 108
601 107
503 359
502 360
501 361
500 362
499 363
498 364
497 365
496 366
495 367
494 368
493 369
617 345
618 346
619 347
620 348
621 349
622 350
623 351
624 352
625 353
626 354
627 355
628 356
308 72
307 71
306 70
305 69
306 68
307 67
308 66
309 65
310 64
311 63
312 62
313 61
314 60
315 59
316 58
206 338
205 339
204 340
203 341
202 342
201 343
200 344
199 345
198 346
470 355
469 356
468 357
467 358
466 359
465 360
464 361
463 362
462 363
463 364
464 365
465 366
466 367
467 368
468 369
99 319
98 320
97 321
96 322
95 323
94 324
93 325
92 326
91 325
128 279
127 280
126 281
125 282
124 283
123 284
122 285
121 286
120 287
119 288
118 289
117 290
116 291
212 208
211 207
210 206
209 205
208 204
207 203
206 202
205 201
204 200
203 199
202 198
201 197
200 196
199 195
540 225
541 226
542 227
543 228
544 229
545 230
546 231
547 232
548 231
549 230
550 229
551 228
552 227
553 226
172 429
173 430
174 431
175 432
176 433
177 434
178 435
174 369
173 368
172 367
171 366
170 365
169 364
168 363
167 362
190 218
189 219
190 220
191 221
192 222
193 223
194 224
195 225
544 199
545 200
546 201
547 202
548 203
549 204
550 205
551 206
552 207
553 208
292 196
291 197
290 198
289 197
288 196
287 195
286 194
285 193
284 192
283 191
282 190
406 483
407 484
408 485
409 486
410 487
411 488
412 489
413 490
414 491
415 492
416 493
300 57
299 56
298 55
297 54
296 53
295 52
294 51
293 50
292 49
291 48
290 47
291 46
292 45
293 44
591 437
592 438
593 439
594 440
595 441
596 442
597 443
598 444
599 443
600 442
601 441
602 440
603 439
604 438
353 78
352 79
351 80
350 81
349 82
348 83
347 84
348 85
349 86
350 87
351 88
352 89
353 90
354 91
355 92
141 365
140 364
139 363
138 362
137 361
136 360
187 429
188 430
189 431
190 432
191 433
192 434
193 435
202 429
203 430
204 431
205 432
206 433
207 434
208 435
217 429
218 430
219 431
220 432
221 433
222 434
223 435
238 323
239 324
240 325
241 326
242 327
243 328
244 329
510 199
509 200
508 201
507 202
506 203
505 204
504 205
188 390
187 391
186 392
185 393
184 394
183 395
182 396
181 397
175 354
174 353
173 352
172 351
171 350
170 349
169 348
168 347
167 346
166 345
328 192
329 193
330 194
331 195
332 196
333 197
334 198
335 199
336 200
337 201
117 158
116 159
115 160
114 161
113 162
112 163
111 164
110 165
109 166
108 167
107 168
106 167
396 451
397 452
398 453
399 454
400 455
401 456
402 457
403 458
404 459
405 460
406 461
407 460
408 459
319 331
318 332
317 333
316 334
315 335
314 336
313 337
314 338
315 339
316 340
317 341
318 342
319 343
320 344
131 318
130 319
129 320
130 321
131 322
132 323
133 324
134 325
81 147
80 146
79 145
78 144
77 143
76 142
75 141
74 140
73 139
72 138
71 137
197 382
198 383
199 384
200 385
201 386
202 387
203 388
204 389
205 388
206 387
207 386
208 385
209 384
210 383
211 382
41 372
40 373
39 374
38 375
37 376
36 377
35 378
36 379
37 380
38 381
39 382
40 383
397 98
398 97
399 96
400 95
401 94
402 93
403 92
404 91
405 90
406 89
407 88
408 87
409 86
410 85
411 84
549 386
548 387
547 388
546 389
545 390
544 391
543 392
542 393
541 394
540 393
539 392
538 391
537 390
536 389
535 388
362 42
361 41
360 40
359 39
358 38
357 37
356 36
355 35
354 34
353 33
352 32
351 31
444 348
445 349
446 350
447 351
448 352
449 353
450 354
388 320
389 321
390 322
391 323
392 324
393 325
394 326
395 327
243 206
242 205
241 204
240 203
239 202
238 201
237 200
236 199
235 198
234 197
233 196
232 195
231 194
232 193
233 192
601 161
600 162
599 163
598 164
597 165
596 166
637 396
636 395
637 394
638 393
639 392
640 391
641 390
642 389
643 388
644 387
645 386
646 385
599 277
600 278
601 279
602 280
603 281
604 282
605 283
616 274
617 275
618 276
619 277
620 278
621 279
622 280
623 281
624 282
625 283
620 201
619 200
618 199
617 198
618 197
619 196
620 195
621 194
622 193
623 192
624 191
625 190
626 189
627 188
628 187
360 429
359 430
358 431
357 432
356 433
355 434
356 435
357 436
340 371
339 372
338 373
337 374
336 375
335 376
334 377
333 378
514 175
513 174
514 173
515 172
516 171
517 170
518 169
519 168
520 167
521 166
522 165
523 164
524 163
525 162
526 161
527 160
528 159
529 158
546 262
547 261
548 260
549 259
550 258
551 257
552 256
553 255
281 361
282 362
283 363
284 364
285 365
286 366
287 367
288 368
289 369
290 370
291 371
292 372
293 373
294 374
295 375
296 376
297 375
298 374
299 373
300 372
301 371
302 370
303 369
233 430
234 431
235 432
236 433
237 434
238 435
349 331
348 332
347 333
346 334
345 335
344 336
345 337
346 338
347 339
348 340
349 341
350 342
351 343
377 405
376 404
375 403
374 402
373 401
372 400
371 399
370 398
369 397
368 396
369 395
370 394
371 393
372 392
373 391
171 373
170 374
169 375
168 376
167 377
260 430
259 431
258 432
257 433
256 434
255 435
338 120
337 121
336 122
335 123
334 124
333 125
262 392
261 393
260 394
259 395
258 396
257 397
256 398
343 336
342 337
341 338
340 339
339 340
338 341
337 342
336 343
544 303
545 304
546 305
547 306
548 307
549 308
550 309
551 310
552 311
157 149
158 150
159 151
160 150
161 149
162 148
163 147
164 146
165 145
166 144
167 143
168 142
489 193
488 194
487 195
486 196
485 197
484 198
483 199
484 200
485 201
486 202
487 203
488 204
489 205
27 355
28 354
29 353
30 352
31 351
32 350
33 349
34 348
35 347
36 346
37 345
38 344
39 343
40 342
41 341
42 340
43 339
44 338
45 337
46 336
47 335
48 334
49 333
43 162
42 161
41 160
40 159
39 158
275 430
274 431
273 432
272 433
271 434
270 435
153 394
154 395
155 396
156 397
157 398
158 399
159 400
160 401
161 402
162 401
163 400
164 399
390 482
389 483
388 484
387 485
386 486
385 485
384 484
383 483
382 482
344 190
343 191
344 192
345 193
346 194
347 195
348 196
349 197
350 198
351 199
352 200
207 202
208 201
209 200
210 199
211 198
212 197
213 196
214 195
215 194
483 404
482 405
481 406
480 407
479 406
478 405
477 404
476 403
475 402
474 401
473 400
472 399
34 225
35 224
36 223
37 222
38 221
39 220
40 219
41 218
42 217
43 216
44 215
45 214
46 213
47 212
48 211
49 210
418 427
417 426
416 425
415 424
414 423
413 422
412 421
233 390
232 389
231 388
230 387
229 386
228 385
227 384
226 383
258 167
257 168
256 169
257 170
258 171
259 172
260 173
261 174
262 175
633 403
634 404
635 405
636 406
637 407
638 408
639 409
640 410
641 411
599 314
600 315
601 316
602 317
603 318
604 319
605 320
304 435
303 434
301 89
302 90
303 91
304 92
305 93
306 94
307 95
308 96
309 95
310 94
311 93
312 92
295 377
294 378
293 379
292 380
291 381
290 382
289 383
290 384
291 385
292 386
293 387
294 388
295 389
296 390
297 391
298 392
299 393
300 394
301 395
302 396
303 397
126 229
125 230
126 231
127 232
128 233
353 121
352 122
351 123
350 124
349 125
622 382
621 381
620 380
619 379
620 378
621 377
622 376
623 375
624 374
625 373
626 372
627 371
172 233
171 234
170 233
169 232
168 231
167 230
175 203
174 204
173 205
172 204
171 203
170 202
169 201
168 200
167 199
239 200
240 199
241 198
242 197
243 196
244 195
245 194
246 193
247 192
248 191
616 311
617 312
618 313
619 314
620 315
621 316
622 317
623 318
624 319
625 320
97 226
96 225
95 224
94 223
93 222
92 221
91 220
90 219
431 143
432 144
433 145
434 146
435 147
436 148
437 147
438 146
439 145
440 144
441 143
442 142
394 243
395 244
396 243
397 242
398 241
399 240
400 239
401 238
402 237
403 236
404 235
405 234
454 200
455 201
456 202
457 203
458 204
459 205
482 199
481 200
480 201
479 202
478 203
477 204
476 205
475 206
474 205
61 191
60 192
59 193
58 194
57 195
58 196
59 197
60 198
61 199
62 200
50 334
51 335
52 336
53 337
54 338
55 339
56 340
57 341
58 342
59 341
60 340
61 339
62 338
514 370
513 371
512 372
511 373
510 374
509 375
508 376
507 377
508 378
509 379
510 380
511 381
512 382
513 383
514 384
397 420
396 419
395 418
394 417
393 416
394 415
395 414
396 413
397 412
398 411
399 410
400 409
401 408
402 407
403 406
404 405
30 177
29 178
28 179
27 180
26 181
25 182
24 183
23 184
22 185
21 186
20 187
19 188
20 189
368 121
367 122
366 123
365 124
364 125
439 253
440 254
441 255
442 256
443 257
444 258
445 259
446 260
447 261
436 395
437 394
438 393
439 392
440 391
441 390
442 389
443 388
346 147
347 148
348 149
349 150
350 149
351 148
352 147
353 146
354 145
355 144
356 143
117 416
118 417
119 418
120 419
121 420
122 421
123 422
124 423
125 424
126 425
127 426
128 427
129 428
336 46
335 45
334 44
333 43
332 42
331 41
330 40
329 39
328 38
329 37
330 36
331 35
332 34
333 33
334 32
429 186
428 187
427 188
426 189
425 190
424 191
423 192
422 193
421 194
420 195
593 412
594 413
595 414
596 415
597 416
598 417
599 418
600 419
601 420
602 421
603 422
604 423
101 390
100 391
99 392
98 393
97 394
96 395
95 396
94 397
93 398
92 399
91 400
90 401
89 402
88 403
87 402
86 401
129 150
130 149
131 148
132 147
133 146
134 145
288 384
287 385
286 386
285 387
284 386
283 385
282 384
281 383
151 115
150 114
149 113
148 112
147 111
146 110
145 109
144 108
143 107
111 192
112 193
113 194
114 195
115 196
116 197
117 198
118 199
119 200
120 201
121 202
122 203
487 274
488 275
489 276
490 277
491 278
492 279
550 295
549 294
548 293
547 292
546 291
547 290
548 289
549 288
550 287
551 286
552 285
440 145
441 146
442 147
443 148
444 149
445 150
446 151
447 152
448 153
449 154
450 155
451 156
452 157
453 158
454 159
455 160
290 431
289 432
288 433
287 434
286 435
285 436
365 330
364 331
363 332
362 333
361 334
360 335
361 336
362 337
363 338
364 339
365 340
366 341
116 318
115 319
114 320
115 321
116 322
117 323
118 324
119 325
184 362
185 363
186 364
187 365
188 366
189 367
190 368
191 367
192 366
193 365
336 57
335 58
334 59
333 60
332 61
331 62
139 163
138 164
137 165
136 166
135 167
134 168
133 169
616 240
617 241
618 242
619 243
620 244
621 245
622 246
623 247
624 248
625 249
526 248
525 249
524 250
523 251
522 252
521 253
520 254
519 255
63 337
64 336
65 335
66 334
67 333
68 332
69 331
70 330
71 329
72 328
310 450
309 451
308 452
307 453
306 454
307 455
308 456
309 457
310 458
311 459
312 460
313 461
361 495
362 496
363 497
364 498
365 499
366 500
367 501
368 502
369 503
370 504
371 505
372 506
373 507
176 187
175 188
174 189
173 188
172 187
171 186
170 185
169 184
290 227
289 226
288 225
287 224
286 223
285 222
284 221
283 220
282 219
403 94
404 95
405 96
406 97
407 98
408 99
437 399
436 400
435 401
434 402
433 403
432 404
431 405
368 504
367 505
366 506
365 507
364 508
363 509
362 510
361 511
360 512
359 513
358 514
357 515
356 516
355 517
72 156
71 155
383 122
382 123
381 124
380 125
526 202
525 203
524 204
523 205
42 338
41 337
40 336
39 335
38 334
187 392
188 393
189 394
190 395
191 396
192 397
273 355
272 356
271 357
270 358
269 359
268 360
332 424
333 425
334 426
335 427
336 428
337 429
597 213
598 214
599 215
600 216
601 217
602 218
597 244
598 245
599 246
600 247
601 248
602 249
61 386
62 387
63 388
64 389
65 390
66 391
67 392
409 119
408 120
407 121
406 122
405 123
404 124
403 125
465 137
464 138
463 139
462 140
461 141
460 142
459 143
478 149
477 150
476 151
475 152
474 153
473 154
472 155
471 156
470 157
477 313
476 314
475 315
474 316
473 317
472 318
473 319
474 320
475 321
187 152
188 151
189 150
190 149
191 148
192 147
193 146
194 145
195 144
196 143
293 389
292 390
291 391
290 392
289 393
288 394
287 395
286 396
285 397
284 398
413 59
414 60
415 61
416 62
417 63
418 64
419 65
420 66
421 67
422 68
564 342
563 341
562 340
561 339
560 338
559 337
558 336
557 335
556 334
555 333
129 429
128 430
127 431
126 432
125 433
124 434
123 435
122 436
121 437
120 438
119 439
273 154
272 153
271 152
270 151
269 150
268 149
267 148
266 147
265 146
264 145
263 144
262 143
444 389
445 390
446 391
447 392
448 391
449 390
450 389
451 388
452 387
453 386
454 385
455 384
448 392
449 393
450 394
451 395
452 396
453 397
454 398
455 399
37 347
38 348
39 349
40 350
41 351
42 352
567 160
566 159
517 277
518 278
519 279
520 280
521 281
522 282
554 164
553 165
552 166
551 167
550 168
549 169
548 170
547 171
366 40
367 41
368 42
369 43
370 44
371 45
372 46
373 47
503 142
504 143
505 144
506 145
507 146
508 147
509 148
510 147
511 146
512 145
52 152
51 151
50 150
49 149
48 148
49 147
50 146
51 145
52 144
53 143
54 142
55 141
95 260
94 259
93 258
92 257
91 256
90 255
89 254
90 253
91 252
107 369
106 370
105 371
104 372
103 373
560 393
561 392
562 391
563 390
564 389
565 388
472 275
473 276
474 277
475 278
476 279
477 280
40 217
39 216
38 215
61 201
60 202
61 203
62 204
63 205
64 206
65 207
66 208
67 209
68 210
69 211
70 212
71 213
72 214
446 153
445 154
444 155
443 156
442 157
380 144
379 145
378 146
377 147
376 148
375 149
374 150
533 350
532 351
531 352
530 353
392 62
391 61
390 60
389 59
388 58
268 148
269 147
270 146
271 145
272 144
273 143
274 142
437 196
438 195
439 194
440 193
441 192
442 191
443 190
444 189
188 157
187 158
186 159
185 160
184 161
183 162
113 420
114 421
115 422
304 445
303 446
302 447
301 448
300 449
299 450
298 451
520 165
519 164
518 163
517 162
516 161
173 220
172 219
171 218
170 217
169 216
168 215
167 214
66 336
67 337
68 338
69 339
70 340
71 341
72 342
73 343
494 150
493 151
492 152
491 153
490 154
489 155
488 156
489 157
493 152
494 153
495 154
496 155
497 156
498 157
499 158
500 159
615 209
616 210
617 211
618 212
619 213
620 214
621 215
622 216
623 217
127 260
128 259
129 258
130 257
131 256
132 255
133 254
134 253
135 252
136 251
366 213
365 212
364 211
363 210
362 209
363 208
364 207
365 206
366 205
367 204
434 376
435 377
436 376
437 375
438 374
439 373
440 372
441 371
442 370
443 369
459 312
458 313
457 314
456 315
455 316
456 317
457 318
458 319
459 320
460 321
130 430
131 431
132 432
133 433
134 434
135 433
136 432
137 431
138 430
139 429
140 428
197 143
198 144
199 145
200 146
201 147
202 148
203 147
204 146
205 145
206 144
207 143
550 158
549 157
548 156
547 155
546 154
545 153
544 152
543 151
544 150
545 149
546 148
208 143
209 144
210 145
211 146
212 147
213 148
214 149
215 148
216 147
217 146
218 145
219 144
220 143
221 144
222 145
223 146
224 147
225 148
226 149
227 148
228 147
229 146
230 145
231 144
232 143
506 378
505 379
504 380
503 381
502 382
501 383
500 384
499 385
498 386
497 387
496 386
495 385
494 384
160 323
159 324
158 325
159 326
160 327
161 328
162 329
163 330
469 370
470 371
471 372
472 373
473 374
474 373
475 372
476 371
477 370
478 369
351 471
350 470
349 469
348 468
347 467
346 466
345 465
344 464
343 463
342 462
341 461
340 460
540 357
539 358
538 359
537 360
536 361
537 362
538 363
539 364
540 365
541 366
542 367
543 368
544 369
545 370
290 199
289 200
288 201
287 202
286 203
285 204
299 375
300 376
301 377
302 378
303 379
304 380
305 381
306 382
32 175
33 176
34 177
35 178
36 179
37 180
38 181
39 182
40 183
22 214
21 213
20 212
19 211
18 210
17 209
16 208
17 207
18 206
19 205
20 204
163 120
162 121
161 122
160 123
159 124
541 395
542 396
543 397
544 398
545 399
639 154
640 155
641 156
642 157
643 158
644 159
365 424
366 425
367 426
368 427
369 428
370 429
371 430
372 431
293 310
292 311
291 312
290 313
289 314
288 315
588 437
587 438
586 439
585 440
584 441
583 442
582 443
581 444
118 127
119 128
120 129
121 130
122 131
123 130
124 129
125 128
126 127
127 126
307 381
308 380
309 379
310 378
311 377
312 376
313 375
314 374
315 373
316 372
317 371
318 370
160 152
161 153
162 154
163 155
164 156
165 157
122 110
121 109
122 108
123 107
124 106
125 105
126 104
127 103
369 363
370 362
371 361
372 360
373 359
374 358
375 357
376 356
20 332
19 331
18 330
17 329
18 328
19 327
20 326
21 325
22 324
396 312
397 313
398 314
399 315
400 316
401 315
402 314
403 313
404 312
405 311
533 277
534 278
535 279
536 280
537 281
386 365
387 366
388 367
389 368
390 369
316 427
317 428
318 429
474 154
475 155
476 156
477 157
294 339
293 340
292 341
291 342
290 343
289 344
288 345
65 205
66 204
67 203
68 202
69 201
70 200
71 199
72 198
301 56
302 55
303 54
304 53
305 52
306 51
307 50
308 49
185 180
186 181
187 182
188 183
189 184
190 183
191 182
192 181
193 180
219 351
218 352
217 353
216 354
215 355
214 356
213 357
212 358
211 359
210 360
473 375
472 376
471 377
470 378
469 379
468 380
467 381
466 382
465 383
466 384
471 378
472 379
473 380
474 381
475 382
476 383
477 384
194 181
195 182
196 183
197 184
198 185
199 186
200 185
201 184
202 183
203 182
204 181
233 143
234 144
235 145
236 146
237 147
238 148
239 147
240 146
241 145
242 144
243 143
244 142
66 393
65 394
64 395
63 396
62 397
61 398
60 399
61 400
62 401
63 402
64 403
65 404
66 405
67 406
68 407
513 145
514 146
515 147
516 148
517 149
518 148
519 147
520 146
521 145
522 144
523 143
323 485
324 484
325 483
141 427
142 426
143 425
144 424
145 423
146 422
147 421
148 420
149 419
150 418
389 469
390 468
391 467
392 466
393 465
390 225
391 224
392 223
393 222
394 221
395 220
396 219
107 139
106 138
105 137
104 136
103 135
102 134
101 133
100 132
111 260
110 259
109 258
108 257
107 256
108 255
109 254
110 253
111 252
112 251
229 167
228 168
227 169
226 170
227 171
228 172
229 173
230 174
231 175
232 176
233 177
73 268
235 359
234 360
233 361
232 362
231 363
230 364
229 365
228 366
235 361
236 362
237 363
238 364
239 365
240 366
241 367
628 189
629 190
630 191
631 192
632 193
633 194
634 195
635 196
636 197
317 254
316 253
315 252
314 251
313 250
314 249
315 248
316 247
405 179
404 178
403 177
404 176
405 175
406 174
407 173
408 172
409 171
109 395
110 394
111 393
112 392
113 391
114 390
115 389
116 388
117 387
625 351
626 350
627 349
628 348
629 347
630 346
631 345
632 344
633 343
620 305
619 304
620 303
621 302
622 301
623 300
624 299
625 298
622 245
623 244
624 243
625 242
626 241
627 240
628 239
629 238
630 237
631 236
632 235
633 234
165 293
166 294
167 295
168 296
169 297
395 262
394 263
393 264
392 265
391 266
390 267
606 202
605 201
604 200
603 199
602 198
601 197
602 196
351 283
350 282
349 281
348 280
347 279
346 278
347 277
348 276
366 282
365 281
364 280
363 279
362 278
361 277
362 276
363 275
477 244
476 245
475 246
474 247
473 248
474 249
475 250
476 251
477 252
478 253
114 162
115 163
116 164
117 165
118 166
119 167
434 175
435 176
436 177
437 176
438 175
439 174
440 173
441 172
231 177
230 178
229 179
228 180
227 181
67 258
68 257
69 256
70 255
71 254
72 253
108 165
107 164
106 163
105 162
104 161
103 160
102 159
251 353
250 354
249 355
248 356
247 357
248 358
249 359
250 360
515 401
516 402
517 403
518 404
519 405
520 404
521 403
522 402
523 401
62 237
63 238
64 237
65 236
66 235
67 234
68 233
69 232
70 231
71 230
72 229
74 344
75 345
76 346
77 347
78 346
79 345
80 344
81 343
82 342
83 341
84 340
517 302
518 303
519 304
520 305
255 170
254 171
253 172
252 173
251 174
250 175
249 176
405 366
404 367
403 368
404 369
405 370
406 371
407 372
408 373
409 374
288 170
287 171
286 172
285 173
284 174
283 175
369 41
370 40
371 39
372 38
373 37
374 36
375 35
376 34
351 30
350 29
349 28
348 27
347 26
348 25
349 24
350 23
351 22
352 21
353 20
64 286
63 287
62 288
61 289
60 290
537 123
536 124
537 125
538 126
539 127
540 128
541 129
542 130
543 131
544 132
283 365
282 366
281 367
410 149
409 148
408 147
409 146
410 145
411 144
412 143
46 211
45 210
44 209
43 208
42 207
41 206
40 205
39 204
38 203
37 202
36 201
35 200
93 291
94 292
95 293
96 294
97 295
98 294
99 293
100 292
101 291
624 280
625 279
626 278
627 277
628 276
629 275
630 274
631 273
632 272
633 271
294 97
295 98
296 99
297 100
298 101
299 102
300 103
301 104
303 368
302 367
301 366
302 365
303 364
304 363
305 362
306 361
307 360
297 475
296 474
295 473
294 472
293 471
292 470
291 469
290 468
289 467
288 466
287 465
459 278
460 279
461 280
462 281
497 366
498 367
499 368
500 369
380 329
379 330
378 331
377 332
376 333
377 334
378 335
379 336
380 337
66 260
65 261
64 262
63 263
62 264
61 265
60 266
59 267
58 268
57 269
56 270
37 333
36 332
35 331
34 330
33 329
32 328
31 327
32 326
33 325
34 324
117 361
118 360
119 359
120 358
121 357
441 294
442 293
443 292
444 291
445 290
566 202
565 201
564 200
563 199
562 198
561 197
333 253
332 252
331 251
330 250
329 249
330 248
331 247
409 437
408 438
407 439
406 440
407 441
408 442
409 443
410 444
389 150
566 437
234 394
233 395
232 396
231 397
230 398
438 223
439 222
440 221
441 220
442 219
204 390
203 391
202 392
201 393
200 394
201 395
204 392
205 393
206 394
207 395
208 396
209 397
293 325
292 326
291 327
290 328
289 329
288 330
95 195
94 196
93 197
92 198
91 199
90 200
89 201
849
333 270
318 255
317 270
333 254
302 255
301 270
286 255
285 270
270 255
269 270
254 255
253 270
238 255
237 270
222 255
221 270
206 255
205 270
190 255
189 270
174 256
173 271
158 256
157 271
142 261
141 276
156 286
135 291
126 276
111 261
110 276
126 260
95 261
94 276
92 291
154 301
139 310
154 316
124 310
109 310
94 310
153 331
134 342
151 349
152 364
133 375
152 379
135 390
152 394
155 241
152 226
134 221
152 211
119 220
104 221
152 196
134 184
156 180
119 183
104 184
102 202
156 165
134 157
119 142
118 157
117 127
107 112
122 111
156 149
169 313
171 286
184 301
186 286
199 301
201 285
214 300
216 285
229 300
231 285
244 300
246 285
259 300
261 285
274 300
276 285
289 300
291 285
304 300
306 285
319 300
321 285
334 300
336 285
349 300
351 284
364 299
366 283
379 298
381 282
394 297
396 281
409 296
411 280
181 240
196 239
180 225
183 210
184 195
184 180
184 316
184 331
183 346
183 361
198 210
211 225
213 209
226 224
228 208
241 223
243 207
256 222
258 206
271 221
273 205
199 316
199 331
211 240
214 315
214 330
214 345
226 239
229 315
229 330
229 345
238 360
244 344
241 238
244 315
256 237
259 315
259 330
259 345
261 190
271 236
274 315
274 330
274 345
280 360
286 234
300 219
301 234
300 204
300 189
300 174
282 162
300 158
267 158
282 147
252 159
237 159
222 159
207 159
192 159
183 144
300 143
300 315
300 330
301 128
281 124
266 109
265 124
281 108
250 109
249 124
234 109
233 124
218 109
217 124
202 109
201 124
186 109
185 124
170 109
169 124
154 109
301 113
315 143
316 112
316 232
320 315
320 330
322 166
330 146
337 166
345 146
352 167
322 181
322 217
331 232
337 216
346 231
352 215
361 230
367 214
376 229
382 213
391 228
331 112
335 315
335 330
337 181
346 112
348 246
348 261
350 315
350 330
352 182
361 113
363 245
363 260
365 314
365 329
367 168
367 183
376 114
378 244
378 259
380 313
380 328
382 175
390 190
391 114
393 243
393 258
395 312
396 99
406 114
396 84
396 69
375 62
370 77
359 62
354 77
343 62
336 47
351 46
366 39
402 54
411 69
417 53
405 180
405 195
408 249
408 264
414 210
421 107
432 122
436 107
447 122
451 107
462 122
466 107
477 122
481 107
492 122
496 107
507 122
511 107
522 122
526 107
537 122
541 107
552 122
556 107
423 225
429 209
438 224
444 204
429 240
432 255
433 189
433 174
432 159
411 150
430 143
396 143
381 143
433 270
433 285
430 300
445 300
448 275
426 315
441 315
419 330
434 330
406 345
421 345
391 354
380 369
365 361
364 376
349 361
348 376
333 363
353 391
334 394
353 406
337 418
352 421
322 420
307 420
367 421
378 406
382 421
395 436
397 421
410 436
395 451
425 422
425 437
433 360
436 345
433 375
431 390
440 420
440 435
447 243
451 339
455 420
455 435
459 193
460 228
462 243
475 228
477 243
490 228
492 243
505 228
507 243
520 228
522 243
460 296
460 311
463 258
463 273
466 339
470 354
481 339
485 354
496 339
500 354
511 339
469 178
474 193
484 177
489 192
499 176
504 191
470 420
470 435
475 295
475 310
478 268
485 420
485 435
490 300
490 315
493 267
500 421
500 436
505 301
505 316
507 282
508 267
515 421
515 436
519 194
520 297
520 320
523 270
526 339
530 421
530 436
534 194
539 209
549 193
535 296
539 311
550 296
537 241
539 256
552 241
538 271
539 224
541 326
541 341
541 356
545 421
545 436
560 430
571 107
580 122
586 106
595 121
575 430
581 137
578 152
593 152
596 137
581 167
581 182
573 197
588 197
596 181
576 212
576 227
576 242
576 257
576 272
575 287
575 302
575 317
575 332
575 347
581 362
590 347
596 362
605 343
590 332
581 377
578 392
593 392
596 377
608 392
581 407
590 287
590 302
590 317
590 422
590 437
591 212
591 227
591 242
591 257
591 272
596 407
605 306
606 203
606 234
606 268
608 154
620 306
620 341
621 202
621 234
621 268
622 139
623 154
623 383
623 398
626 169
638 153
626 413
638 397
637 138
499 404
484 403
514 400
85 183
70 183
55 183
87 166
124 407
115 361
100 361
85 361
70 358
55 358
300 89
293 74
308 73
286 59
301 58
106 427
368 463
353 457
352 472
367 478
352 487
367 493
352 502
337 473
336 488
472 142
487 142
502 142
395 477
402 492
410 477
64 285
61 306
310 449
284 423
269 422
254 422
239 422
224 421
209 421
194 421
179 421
164 420
163 435
240 399
240 384
270 400
270 385
550 159
550 385
54 153
313 476
310 491
297 476
294 491
30 176
55 391
29 359
21 333
62 255
61 236
22 215
515 354
322 202
553 270
119 342
87 143
104 144
255 383
103 342
181 382
339 77
514 176
405 365
91 234
302 345
515 369
335 503
144 123
113 236
107 325
443 403
102 390
556 348
196 382
137 203
88 377
601 107
493 369
628 356
316 58
198 346
468 369
91 325
116 291
199 195
553 226
178 435
167 362
195 225
553 208
282 190
416 493
293 44
604 438
355 92
136 360
193 435
208 435
223 435
244 329
504 205
181 397
166 345
337 201
106 167
408 459
320 344
134 325
71 137
211 382
40 383
411 84
535 388
351 31
450 354
395 327
233 192
596 166
646 385
605 283
625 283
628 187
357 436
333 378
529 158
553 255
303 369
238 435
351 343
373 391
167 377
255 435
333 125
256 398
336 343
552 311
168 142
489 205
49 333
39 158
270 435
164 399
382 482
352 200
215 194
472 399
49 210
412 421
226 383
262 175
641 411
605 320
303 434
312 92
303 397
128 233
349 125
627 371
167 230
167 199
248 191
625 320
90 219
442 142
405 234
459 205
474 205
62 200
62 338
514 384
404 405
20 189
364 125
447 261
443 388
356 143
129 428
334 32
420 195
604 423
86 401
134 145
281 383
143 107
122 203
492 279
552 285
455 160
285 436
366 341
119 325
193 365
331 62
133 169
625 249
519 255
72 328
313 461
373 507
169 184
282 219
408 99
431 405
355 517
71 155
380 125
523 205
38 334
192 397
268 360
337 429
602 218
602 249
67 392
403 125
459 143
470 157
475 321
196 143
284 398
422 68
555 333
119 439
262 143
455 384
455 399
42 352
566 159
522 282
547 171
373 47
512 145
55 141
91 252
103 373
565 388
477 280
38 215
72 214
442 157
374 150
530 353
388 58
274 142
444 189
183 162
115 422
298 451
516 161
167 214
73 343
489 157
500 159
623 217
136 251
367 204
443 369
460 321
140 428
207 143
546 148
220 143
232 143
494 384
163 330
478 369
340 460
545 370
285 204
306 382
40 183
20 204
159 124
545 399
644 159
372 431
288 315
581 444
127 126
318 370
165 157
127 103
376 356
22 324
405 311
537 281
390 369
500 384
318 429
477 157
288 345
72 198
308 49
193 180
210 360
466 384
477 384
204 181
244 142
68 407
523 143
325 483
150 418
393 465
396 219
100 132
112 251
233 177
73 268
228 366
241 367
636 197
316 247
409 171
117 387
633 343
625 298
633 234
169 297
390 267
602 196
348 276
363 275
478 253
119 167
441 172
21 351
227 181
72 253
102 159
250 360
523 401
72 229
84 340
520 305
249 176
409 374
283 175
376 34
353 20
60 290
544 132
281 367
412 143
35 200
101 291
633 271
301 104
307 360
287 465
462 281
500 369
380 337
56 270
34 324
121 357
445 290
561 197
331 247
410 444
73 294
389 150
566 437
230 398
442 219
201 395
209 397
288 330
89 201
