900
119 91
120 92
121 93
122 94
123 95
124 96
125 97
126 98
127 99
128 100
129 101
130 102
131 103
132 104
133 105
134 106
135 107
136 108
120 89
119 88
120 87
121 86
122 85
123 84
124 83
125 82
126 81
127 80
128 79
129 78
130 77
131 76
132 75
133 74
134 73
135 72
136 71
137 72
138 73
139 74
140 73
141 72
142 71
143 70
144 69
145 68
146 67
147 66
148 65
149 64
150 63
151 62
152 61
153 60
154 59
155 58
156 57
157 56
137 108
138 109
139 110
140 111
141 112
142 113
143 114
144 115
145 116
146 117
147 118
148 117
149 116
150 115
151 114
152 113
153 112
154 111
155 110
156 109
157 108
156 55
155 54
154 53
153 52
152 51
151 50
150 49
149 48
148 47
147 46
146 45
145 44
144 43
143 42
142 41
141 40
140 39
139 38
138 37
137 36
136 35
135 34
146 44
147 43
148 42
149 41
150 40
151 39
152 38
153 37
154 36
155 35
156 34
134 34
133 35
132 36
131 37
130 38
129 39
128 40
127 41
126 42
125 43
124 44
123 43
122 42
121 41
120 40
119 39
118 38
117 37
116 36
115 35
114 34
113 34
112 35
111 36
110 37
109 38
108 39
107 40
106 41
105 42
104 43
103 44
102 43
101 42
100 41
99 40
98 39
97 38
96 37
95 36
94 35
93 34
102 45
101 46
100 47
99 48
98 49
97 50
96 51
95 52
94 53
93 54
92 55
91 56
91 54
90 53
89 52
88 51
87 50
86 49
85 48
84 47
83 46
82 45
81 44
80 43
79 42
78 41
77 40
76 39
75 38
74 37
73 36
72 35
71 34
158 57
159 58
160 59
161 60
162 61
163 62
164 63
165 62
166 61
167 60
168 59
169 58
170 57
171 56
172 55
173 54
174 53
175 52
176 51
177 50
178 49
179 48
180 47
181 46
171 57
172 58
173 59
174 60
175 61
176 62
177 63
178 64
179 65
180 66
181 67
181 68
180 69
179 70
178 71
177 72
176 73
175 74
174 75
173 76
172 77
171 78
172 79
173 80
174 81
175 82
176 83
177 84
178 85
179 86
180 87
181 88
181 89
180 90
179 91
178 92
177 93
176 94
175 95
174 96
173 97
172 98
171 99
172 100
173 101
174 102
175 103
176 104
177 105
178 106
179 107
180 108
181 109
181 110
180 111
179 112
178 113
177 114
176 115
175 116
174 117
173 118
172 119
171 120
172 121
173 122
174 123
175 124
176 125
177 126
178 127
179 128
180 129
181 130
182 68
183 69
184 70
185 71
186 70
187 69
188 68
189 67
190 66
191 65
192 64
193 63
194 62
195 61
196 60
197 59
198 58
199 57
200 56
201 55
202 54
203 53
204 52
194 63
195 64
196 65
197 66
198 67
199 68
200 69
201 70
202 71
203 72
204 73
204 74
203 75
202 76
201 77
200 78
199 79
198 80
197 81
196 82
195 83
194 84
195 85
196 86
197 87
198 88
199 89
200 90
201 91
202 92
203 93
204 94
204 95
203 96
202 97
201 98
200 99
199 100
198 101
197 102
196 103
195 104
194 105
195 106
196 107
197 108
198 109
199 110
200 111
201 112
202 113
203 114
204 115
118 91
117 92
116 93
115 94
114 95
113 96
112 97
111 98
110 99
109 100
108 101
107 102
106 103
105 104
104 105
103 106
102 107
101 108
100 109
99 110
98 111
97 112
96 111
95 110
94 109
93 108
92 108
91 109
90 110
89 111
88 112
87 113
86 114
85 115
84 116
83 117
82 118
81 117
80 116
79 115
78 114
77 113
76 112
75 111
74 110
73 109
72 108
89 53
88 54
87 55
86 56
85 57
84 58
83 59
82 60
81 61
80 62
79 63
78 64
77 65
76 66
75 67
74 68
73 69
72 70
71 71
85 116
86 117
87 118
88 119
89 120
90 121
91 122
92 123
93 124
94 125
95 126
96 127
97 128
98 129
99 130
100 131
101 132
102 133
103 134
104 135
105 136
106 137
107 138
108 139
109 140
110 141
111 142
112 143
70 71
69 72
68 73
67 74
66 75
65 76
64 77
63 78
62 79
61 80
60 81
59 82
58 83
57 84
56 85
55 86
54 87
53 88
52 87
51 86
69 70
68 69
67 68
66 67
65 66
64 65
63 64
62 63
61 62
60 61
59 60
58 59
57 58
56 57
55 56
54 55
53 54
52 53
51 52
50 51
49 50
48 49
71 109
70 110
69 111
68 112
67 113
66 114
65 115
64 116
63 117
62 118
61 119
60 120
59 121
58 122
57 123
56 124
55 125
54 126
53 127
52 128
51 129
50 130
49 129
48 128
100 133
99 134
98 135
97 136
96 137
95 138
94 139
93 140
92 141
91 142
90 143
54 128
55 129
56 130
57 131
58 132
59 133
60 134
61 135
62 136
63 137
64 138
65 139
66 140
67 141
68 142
69 143
176 127
175 128
174 129
173 130
172 131
171 132
170 133
169 134
168 135
167 136
166 137
165 138
164 139
163 140
162 141
161 142
160 143
113 143
114 144
115 145
116 146
117 147
118 148
119 149
120 150
121 151
122 152
123 153
124 152
125 151
126 150
127 149
128 148
129 147
130 146
131 145
132 144
133 143
61 117
60 116
59 115
58 114
57 113
56 112
55 111
54 110
53 109
52 108
51 107
104 106
105 107
106 108
107 109
108 110
109 111
110 112
111 113
112 114
103 46
104 47
105 48
106 49
107 50
108 51
109 52
110 53
111 54
112 55
47 50
46 51
45 52
44 53
43 54
42 55
41 56
40 57
39 58
38 59
37 60
36 61
35 62
34 63
33 62
47 127
46 126
45 125
44 124
43 123
42 122
41 121
40 120
39 119
38 118
37 117
36 116
35 115
34 114
33 113
50 86
49 87
48 88
47 89
46 90
45 91
44 92
43 93
42 92
41 91
40 90
39 89
38 88
37 87
36 86
35 85
34 84
33 83
83 61
84 62
85 63
86 64
87 65
88 66
89 67
90 68
91 69
92 70
93 71
65 117
66 118
67 119
68 120
69 121
70 122
71 123
151 64
152 65
153 66
154 67
155 68
156 69
157 70
158 71
151 116
152 117
153 118
154 119
155 120
156 121
157 122
158 123
143 43
142 44
141 45
140 46
139 47
138 48
137 49
136 50
143 116
142 117
141 118
140 119
139 120
138 121
137 122
136 123
63 62
64 61
65 60
66 59
67 58
68 57
69 56
70 55
130 79
131 80
132 81
133 82
134 83
135 84
136 85
137 86
64 78
65 79
66 80
67 81
68 82
69 83
70 84
71 85
72 86
104 103
103 102
102 101
101 100
100 99
99 98
98 97
97 96
96 95
95 94
94 93
170 78
169 79
168 80
167 81
166 82
165 83
164 84
163 85
162 86
161 87
160 86
122 83
121 82
120 81
119 80
118 79
117 78
116 77
115 76
56 59
55 60
54 61
53 62
52 63
51 64
50 65
180 45
179 44
178 43
177 42
176 41
175 40
174 39
173 38
174 37
175 36
176 35
177 34
203 116
202 117
201 118
200 119
199 120
198 121
197 122
198 123
199 124
200 125
201 126
202 127
170 134
171 135
172 136
173 137
174 138
175 139
176 140
177 141
178 142
179 143
38 120
37 121
36 122
35 123
34 124
33 125
32 126
38 57
37 56
36 55
35 54
34 53
33 52
32 51
48 48
47 47
46 46
45 45
46 44
47 43
48 42
49 41
50 40
51 39
52 38
53 37
54 36
55 35
36 88
35 89
34 90
33 91
32 92
108 138
109 137
110 136
111 135
134 144
135 145
136 146
137 145
138 144
139 143
60 136
59 137
58 138
57 139
56 140
55 141
201 53
200 52
199 51
198 50
197 49
196 48
195 47
194 46
203 127
204 126
205 125
138 87
139 86
205 51
72 34
205 72
205 93
182 130
183 131
184 132
185 133
186 134
187 133
188 132
70 108
72 71
137 123
158 55
158 107
73 86
95 92
205 114
91 143
112 134
47 129
46 130
54 142
55 143
181 44
182 43
55 34
88
136 108
136 71
157 56
157 108
135 34
156 34
114 34
93 34
91 56
71 34
181 46
181 67
181 88
181 109
181 130
204 52
204 73
204 94
204 115
93 108
72 108
71 71
112 143
51 86
48 49
48 128
116 93
90 143
69 143
160 143
133 143
51 107
112 114
112 55
33 62
33 113
33 83
93 71
71 123
158 71
158 123
92 123
136 50
136 123
70 55
137 86
72 86
94 93
160 86
115 76
50 65
177 34
202 127
179 143
32 126
32 51
55 35
32 92
111 135
139 143
55 141
194 46
205 125
93 54
139 86
205 51
72 34
205 72
205 93
188 132
93 124
137 72
70 108
72 71
137 123
158 55
158 107
73 86
95 92
45 45
205 114
91 143
112 134
46 130
55 143
182 43
55 34
46 44
